[2024-09-25T09:06:54.325+0000] {taskinstance.py:1103} INFO - Dependencies all met for dep_context=non-requeueable deps ti=<TaskInstance: Batch_api_to_csv_with_dynamic_dates.fetch_paginated_api_data manual__2024-09-25T16:06:49+07:00 [queued]>
[2024-09-25T09:06:54.329+0000] {taskinstance.py:1103} INFO - Dependencies all met for dep_context=requeueable deps ti=<TaskInstance: Batch_api_to_csv_with_dynamic_dates.fetch_paginated_api_data manual__2024-09-25T16:06:49+07:00 [queued]>
[2024-09-25T09:06:54.329+0000] {taskinstance.py:1308} INFO - Starting attempt 1 of 4
[2024-09-25T09:06:54.335+0000] {taskinstance.py:1327} INFO - Executing <Task(PythonOperator): fetch_paginated_api_data> on 2024-09-25 09:06:49+00:00
[2024-09-25T09:06:54.338+0000] {standard_task_runner.py:57} INFO - Started process 727 to run task
[2024-09-25T09:06:54.340+0000] {standard_task_runner.py:84} INFO - Running: ['***', 'tasks', 'run', 'Batch_api_to_csv_with_dynamic_dates', 'fetch_paginated_api_data', 'manual__2024-09-25T16:06:49+07:00', '--job-id', '36', '--raw', '--subdir', 'DAGS_FOLDER/common_authentication_data_pipeline.py', '--cfg-path', '/tmp/tmpaimhwzhy']
[2024-09-25T09:06:54.343+0000] {standard_task_runner.py:85} INFO - Job 36: Subtask fetch_paginated_api_data
[2024-09-25T09:06:54.385+0000] {task_command.py:410} INFO - Running <TaskInstance: Batch_api_to_csv_with_dynamic_dates.fetch_paginated_api_data manual__2024-09-25T16:06:49+07:00 [running]> on host fe5dec6acfed
[2024-09-25T09:06:54.430+0000] {taskinstance.py:1547} INFO - Exporting env vars: AIRFLOW_CTX_DAG_OWNER='***' AIRFLOW_CTX_DAG_ID='Batch_api_to_csv_with_dynamic_dates' AIRFLOW_CTX_TASK_ID='fetch_paginated_api_data' AIRFLOW_CTX_EXECUTION_DATE='2024-09-25T09:06:49+00:00' AIRFLOW_CTX_TRY_NUMBER='1' AIRFLOW_CTX_DAG_RUN_ID='manual__2024-09-25T16:06:49+07:00'
[2024-09-25T09:06:54.431+0000] {warnings.py:110} WARNING - /home/***/.local/lib/python3.7/site-packages/***/utils/context.py:313: AirflowContextDeprecationWarning: Accessing 'execution_date' from the template is deprecated and will be removed in a future version. Please use 'data_interval_start' or 'logical_date' instead.
  warnings.warn(_create_deprecation_warning(k, replacements))

[2024-09-25T09:06:54.431+0000] {logging_mixin.py:150} INFO - Start Daasaasdadte: 2024-09-24T16:01:00+00:00, End Date: 2024-09-25T16:01:00+00:00
[2024-09-25T09:06:54.431+0000] {logging_mixin.py:150} INFO - Staasdasdasdasdas: 2024-09-25 09:06:54.431529
[2024-09-25T09:06:54.431+0000] {logging_mixin.py:150} INFO - Start Date: 2024-09-24 16:01:00.000, End Date: 2024-09-25 16:01:00.000
[2024-09-25T09:06:54.577+0000] {logging_mixin.py:150} INFO - Total records to fetch: 0
[2024-09-25T09:06:54.578+0000] {logging_mixin.py:150} INFO - Total requests required: 0
[2024-09-25T09:06:54.578+0000] {python.py:183} INFO - Done. Returned value was: None
[2024-09-25T09:06:54.587+0000] {taskinstance.py:1350} INFO - Marking task as SUCCESS. dag_id=Batch_api_to_csv_with_dynamic_dates, task_id=fetch_paginated_api_data, execution_date=20240925T090649, start_date=20240925T090654, end_date=20240925T090654
[2024-09-25T09:06:54.610+0000] {local_task_job_runner.py:225} INFO - Task exited with return code 0
[2024-09-25T09:06:54.624+0000] {taskinstance.py:2653} INFO - 0 downstream tasks scheduled from follow-on schedule check
