[2024-10-01T07:34:00.936+0000] {taskinstance.py:1103} INFO - Dependencies all met for dep_context=non-requeueable deps ti=<TaskInstance: email_notification.load_data_task manual__2024-10-01T07:33:59.509306+00:00 [queued]>
[2024-10-01T07:34:00.947+0000] {taskinstance.py:1103} INFO - Dependencies all met for dep_context=requeueable deps ti=<TaskInstance: email_notification.load_data_task manual__2024-10-01T07:33:59.509306+00:00 [queued]>
[2024-10-01T07:34:00.948+0000] {taskinstance.py:1308} INFO - Starting attempt 1 of 3
[2024-10-01T07:34:00.966+0000] {taskinstance.py:1327} INFO - Executing <Task(PythonOperator): load_data_task> on 2024-10-01 07:33:59.509306+00:00
[2024-10-01T07:34:00.973+0000] {standard_task_runner.py:57} INFO - Started process 199 to run task
[2024-10-01T07:34:00.975+0000] {standard_task_runner.py:84} INFO - Running: ['***', 'tasks', 'run', 'email_notification', 'load_data_task', 'manual__2024-10-01T07:33:59.509306+00:00', '--job-id', '96', '--raw', '--subdir', 'DAGS_FOLDER/email_notification.py', '--cfg-path', '/tmp/tmpi_cvufoy']
[2024-10-01T07:34:00.976+0000] {standard_task_runner.py:85} INFO - Job 96: Subtask load_data_task
[2024-10-01T07:34:01.027+0000] {task_command.py:410} INFO - Running <TaskInstance: email_notification.load_data_task manual__2024-10-01T07:33:59.509306+00:00 [running]> on host 4658b6cf8d09
[2024-10-01T07:34:01.123+0000] {taskinstance.py:1547} INFO - Exporting env vars: AIRFLOW_CTX_DAG_EMAIL='phurinatkantapayao@gmail.com' AIRFLOW_CTX_DAG_OWNER='***' AIRFLOW_CTX_DAG_ID='email_notification' AIRFLOW_CTX_TASK_ID='load_data_task' AIRFLOW_CTX_EXECUTION_DATE='2024-10-01T07:33:59.509306+00:00' AIRFLOW_CTX_TRY_NUMBER='1' AIRFLOW_CTX_DAG_RUN_ID='manual__2024-10-01T07:33:59.509306+00:00'
[2024-10-01T07:34:01.124+0000] {taskinstance.py:1824} ERROR - Task failed with exception
Traceback (most recent call last):
  File "/home/airflow/.local/lib/python3.7/site-packages/airflow/operators/python.py", line 181, in execute
    return_value = self.execute_callable()
  File "/home/airflow/.local/lib/python3.7/site-packages/airflow/operators/python.py", line 198, in execute_callable
    return self.python_callable(*self.op_args, **self.op_kwargs)
  File "/opt/airflow/dags/email_notification.py", line 6, in load_data
    raise Exception("Python function error")
Exception: Python function error
[2024-10-01T07:34:01.136+0000] {taskinstance.py:1350} INFO - Marking task as UP_FOR_RETRY. dag_id=email_notification, task_id=load_data_task, execution_date=20241001T073359, start_date=20241001T073400, end_date=20241001T073401
[2024-10-01T07:34:01.150+0000] {standard_task_runner.py:109} ERROR - Failed to execute job 96 for task load_data_task (Python function error; 199)
[2024-10-01T07:34:01.188+0000] {local_task_job_runner.py:225} INFO - Task exited with return code 1
[2024-10-01T07:34:01.207+0000] {taskinstance.py:2653} INFO - 0 downstream tasks scheduled from follow-on schedule check
