[2024-09-25T09:16:38.075+0000] {taskinstance.py:1103} INFO - Dependencies all met for dep_context=non-requeueable deps ti=<TaskInstance: Batch_api_to_csv_with_dynamic_dates.fetch_paginated_api_data manual__2024-09-25T09:16:37.391760+00:00 [queued]>
[2024-09-25T09:16:38.080+0000] {taskinstance.py:1103} INFO - Dependencies all met for dep_context=requeueable deps ti=<TaskInstance: Batch_api_to_csv_with_dynamic_dates.fetch_paginated_api_data manual__2024-09-25T09:16:37.391760+00:00 [queued]>
[2024-09-25T09:16:38.080+0000] {taskinstance.py:1308} INFO - Starting attempt 1 of 4
[2024-09-25T09:16:38.087+0000] {taskinstance.py:1327} INFO - Executing <Task(PythonOperator): fetch_paginated_api_data> on 2024-09-25 09:16:37.391760+00:00
[2024-09-25T09:16:38.090+0000] {standard_task_runner.py:57} INFO - Started process 901 to run task
[2024-09-25T09:16:38.093+0000] {standard_task_runner.py:84} INFO - Running: ['***', 'tasks', 'run', 'Batch_api_to_csv_with_dynamic_dates', 'fetch_paginated_api_data', 'manual__2024-09-25T09:16:37.391760+00:00', '--job-id', '37', '--raw', '--subdir', 'DAGS_FOLDER/common_authentication_data_pipeline.py', '--cfg-path', '/tmp/tmp5c38r5w6']
[2024-09-25T09:16:38.095+0000] {standard_task_runner.py:85} INFO - Job 37: Subtask fetch_paginated_api_data
[2024-09-25T09:16:38.143+0000] {task_command.py:410} INFO - Running <TaskInstance: Batch_api_to_csv_with_dynamic_dates.fetch_paginated_api_data manual__2024-09-25T09:16:37.391760+00:00 [running]> on host fe5dec6acfed
[2024-09-25T09:16:38.389+0000] {taskinstance.py:1547} INFO - Exporting env vars: AIRFLOW_CTX_DAG_OWNER='***' AIRFLOW_CTX_DAG_ID='Batch_api_to_csv_with_dynamic_dates' AIRFLOW_CTX_TASK_ID='fetch_paginated_api_data' AIRFLOW_CTX_EXECUTION_DATE='2024-09-25T09:16:37.391760+00:00' AIRFLOW_CTX_TRY_NUMBER='1' AIRFLOW_CTX_DAG_RUN_ID='manual__2024-09-25T09:16:37.391760+00:00'
[2024-09-25T09:16:38.389+0000] {taskinstance.py:1824} ERROR - Task failed with exception
Traceback (most recent call last):
  File "/home/airflow/.local/lib/python3.7/site-packages/airflow/operators/python.py", line 181, in execute
    return_value = self.execute_callable()
  File "/home/airflow/.local/lib/python3.7/site-packages/airflow/operators/python.py", line 198, in execute_callable
    return self.python_callable(*self.op_args, **self.op_kwargs)
  File "/opt/airflow/dags/common_authentication_data_pipeline.py", line 46, in fetch_data_and_save
    start_date = end_date - timedelta(days=1)  # 1 day before end_date
TypeError: unsupported operand type(s) for -: 'str' and 'datetime.timedelta'
[2024-09-25T09:16:38.394+0000] {taskinstance.py:1350} INFO - Marking task as UP_FOR_RETRY. dag_id=Batch_api_to_csv_with_dynamic_dates, task_id=fetch_paginated_api_data, execution_date=20240925T091637, start_date=20240925T091638, end_date=20240925T091638
[2024-09-25T09:16:38.400+0000] {standard_task_runner.py:109} ERROR - Failed to execute job 37 for task fetch_paginated_api_data (unsupported operand type(s) for -: 'str' and 'datetime.timedelta'; 901)
[2024-09-25T09:16:38.441+0000] {local_task_job_runner.py:225} INFO - Task exited with return code 1
[2024-09-25T09:16:38.453+0000] {taskinstance.py:2653} INFO - 0 downstream tasks scheduled from follow-on schedule check
