[2024-10-02T02:00:31.718+0000] {processor.py:157} INFO - Started process (PID=31) to work on /opt/airflow/dags/batch_retry.py
[2024-10-02T02:00:31.719+0000] {processor.py:826} INFO - Processing file /opt/airflow/dags/batch_retry.py for tasks to queue
[2024-10-02T02:00:31.720+0000] {logging_mixin.py:150} INFO - [2024-10-02T02:00:31.720+0000] {dagbag.py:541} INFO - Filling up the DagBag from /opt/airflow/dags/batch_retry.py
[2024-10-02T02:00:32.884+0000] {processor.py:836} INFO - DAG(s) dict_keys(['batch_retry']) retrieved from /opt/airflow/dags/batch_retry.py
[2024-10-02T02:00:32.933+0000] {logging_mixin.py:150} INFO - [2024-10-02T02:00:32.932+0000] {dag.py:2742} INFO - Sync 1 DAGs
[2024-10-02T02:00:32.962+0000] {logging_mixin.py:150} INFO - [2024-10-02T02:00:32.962+0000] {dag.py:3508} INFO - Setting next_dagrun for batch_retry to 2024-10-01T18:00:00+00:00, run_after=2024-10-02T18:00:00+00:00
[2024-10-02T02:00:32.985+0000] {processor.py:179} INFO - Processing /opt/airflow/dags/batch_retry.py took 1.273 seconds
[2024-10-02T02:01:03.156+0000] {processor.py:157} INFO - Started process (PID=86) to work on /opt/airflow/dags/batch_retry.py
[2024-10-02T02:01:03.157+0000] {processor.py:826} INFO - Processing file /opt/airflow/dags/batch_retry.py for tasks to queue
[2024-10-02T02:01:03.158+0000] {logging_mixin.py:150} INFO - [2024-10-02T02:01:03.158+0000] {dagbag.py:541} INFO - Filling up the DagBag from /opt/airflow/dags/batch_retry.py
[2024-10-02T02:01:03.612+0000] {processor.py:836} INFO - DAG(s) dict_keys(['batch_retry']) retrieved from /opt/airflow/dags/batch_retry.py
[2024-10-02T02:01:03.638+0000] {logging_mixin.py:150} INFO - [2024-10-02T02:01:03.637+0000] {dag.py:2742} INFO - Sync 1 DAGs
[2024-10-02T02:01:03.663+0000] {logging_mixin.py:150} INFO - [2024-10-02T02:01:03.663+0000] {dag.py:3508} INFO - Setting next_dagrun for batch_retry to 2024-10-01T18:00:00+00:00, run_after=2024-10-02T18:00:00+00:00
[2024-10-02T02:01:03.696+0000] {processor.py:179} INFO - Processing /opt/airflow/dags/batch_retry.py took 0.543 seconds
[2024-10-02T02:01:34.261+0000] {processor.py:157} INFO - Started process (PID=133) to work on /opt/airflow/dags/batch_retry.py
[2024-10-02T02:01:34.262+0000] {processor.py:826} INFO - Processing file /opt/airflow/dags/batch_retry.py for tasks to queue
[2024-10-02T02:01:34.262+0000] {logging_mixin.py:150} INFO - [2024-10-02T02:01:34.262+0000] {dagbag.py:541} INFO - Filling up the DagBag from /opt/airflow/dags/batch_retry.py
[2024-10-02T02:01:34.561+0000] {processor.py:836} INFO - DAG(s) dict_keys(['batch_retry']) retrieved from /opt/airflow/dags/batch_retry.py
[2024-10-02T02:01:34.584+0000] {logging_mixin.py:150} INFO - [2024-10-02T02:01:34.584+0000] {dag.py:2742} INFO - Sync 1 DAGs
[2024-10-02T02:01:34.605+0000] {logging_mixin.py:150} INFO - [2024-10-02T02:01:34.605+0000] {dag.py:3508} INFO - Setting next_dagrun for batch_retry to 2024-10-01T18:00:00+00:00, run_after=2024-10-02T18:00:00+00:00
[2024-10-02T02:01:34.621+0000] {processor.py:179} INFO - Processing /opt/airflow/dags/batch_retry.py took 0.361 seconds
[2024-10-02T02:02:04.990+0000] {processor.py:157} INFO - Started process (PID=180) to work on /opt/airflow/dags/batch_retry.py
[2024-10-02T02:02:04.990+0000] {processor.py:826} INFO - Processing file /opt/airflow/dags/batch_retry.py for tasks to queue
[2024-10-02T02:02:04.991+0000] {logging_mixin.py:150} INFO - [2024-10-02T02:02:04.991+0000] {dagbag.py:541} INFO - Filling up the DagBag from /opt/airflow/dags/batch_retry.py
[2024-10-02T02:02:05.320+0000] {processor.py:836} INFO - DAG(s) dict_keys(['batch_retry']) retrieved from /opt/airflow/dags/batch_retry.py
[2024-10-02T02:02:05.349+0000] {logging_mixin.py:150} INFO - [2024-10-02T02:02:05.348+0000] {dag.py:2742} INFO - Sync 1 DAGs
[2024-10-02T02:02:05.376+0000] {logging_mixin.py:150} INFO - [2024-10-02T02:02:05.375+0000] {dag.py:3508} INFO - Setting next_dagrun for batch_retry to 2024-10-01T18:00:00+00:00, run_after=2024-10-02T18:00:00+00:00
[2024-10-02T02:02:05.396+0000] {processor.py:179} INFO - Processing /opt/airflow/dags/batch_retry.py took 0.408 seconds
[2024-10-02T02:02:35.767+0000] {processor.py:157} INFO - Started process (PID=227) to work on /opt/airflow/dags/batch_retry.py
[2024-10-02T02:02:35.768+0000] {processor.py:826} INFO - Processing file /opt/airflow/dags/batch_retry.py for tasks to queue
[2024-10-02T02:02:35.768+0000] {logging_mixin.py:150} INFO - [2024-10-02T02:02:35.768+0000] {dagbag.py:541} INFO - Filling up the DagBag from /opt/airflow/dags/batch_retry.py
[2024-10-02T02:02:36.150+0000] {processor.py:836} INFO - DAG(s) dict_keys(['batch_retry']) retrieved from /opt/airflow/dags/batch_retry.py
[2024-10-02T02:02:36.184+0000] {logging_mixin.py:150} INFO - [2024-10-02T02:02:36.183+0000] {dag.py:2742} INFO - Sync 1 DAGs
[2024-10-02T02:02:36.208+0000] {logging_mixin.py:150} INFO - [2024-10-02T02:02:36.208+0000] {dag.py:3508} INFO - Setting next_dagrun for batch_retry to 2024-10-01T18:00:00+00:00, run_after=2024-10-02T18:00:00+00:00
[2024-10-02T02:02:36.227+0000] {processor.py:179} INFO - Processing /opt/airflow/dags/batch_retry.py took 0.462 seconds
[2024-10-02T02:03:06.635+0000] {processor.py:157} INFO - Started process (PID=274) to work on /opt/airflow/dags/batch_retry.py
[2024-10-02T02:03:06.636+0000] {processor.py:826} INFO - Processing file /opt/airflow/dags/batch_retry.py for tasks to queue
[2024-10-02T02:03:06.637+0000] {logging_mixin.py:150} INFO - [2024-10-02T02:03:06.636+0000] {dagbag.py:541} INFO - Filling up the DagBag from /opt/airflow/dags/batch_retry.py
[2024-10-02T02:03:07.036+0000] {processor.py:836} INFO - DAG(s) dict_keys(['batch_retry']) retrieved from /opt/airflow/dags/batch_retry.py
[2024-10-02T02:03:07.066+0000] {logging_mixin.py:150} INFO - [2024-10-02T02:03:07.065+0000] {dag.py:2742} INFO - Sync 1 DAGs
[2024-10-02T02:03:07.097+0000] {logging_mixin.py:150} INFO - [2024-10-02T02:03:07.096+0000] {dag.py:3508} INFO - Setting next_dagrun for batch_retry to 2024-10-01T18:00:00+00:00, run_after=2024-10-02T18:00:00+00:00
[2024-10-02T02:03:07.117+0000] {processor.py:179} INFO - Processing /opt/airflow/dags/batch_retry.py took 0.485 seconds
[2024-10-02T02:03:37.511+0000] {processor.py:157} INFO - Started process (PID=321) to work on /opt/airflow/dags/batch_retry.py
[2024-10-02T02:03:37.511+0000] {processor.py:826} INFO - Processing file /opt/airflow/dags/batch_retry.py for tasks to queue
[2024-10-02T02:03:37.512+0000] {logging_mixin.py:150} INFO - [2024-10-02T02:03:37.512+0000] {dagbag.py:541} INFO - Filling up the DagBag from /opt/airflow/dags/batch_retry.py
[2024-10-02T02:03:37.880+0000] {processor.py:836} INFO - DAG(s) dict_keys(['batch_retry']) retrieved from /opt/airflow/dags/batch_retry.py
[2024-10-02T02:03:37.905+0000] {logging_mixin.py:150} INFO - [2024-10-02T02:03:37.905+0000] {dag.py:2742} INFO - Sync 1 DAGs
[2024-10-02T02:03:37.927+0000] {logging_mixin.py:150} INFO - [2024-10-02T02:03:37.927+0000] {dag.py:3508} INFO - Setting next_dagrun for batch_retry to 2024-10-01T18:00:00+00:00, run_after=2024-10-02T18:00:00+00:00
[2024-10-02T02:03:37.945+0000] {processor.py:179} INFO - Processing /opt/airflow/dags/batch_retry.py took 0.437 seconds
[2024-10-02T02:04:08.327+0000] {processor.py:157} INFO - Started process (PID=368) to work on /opt/airflow/dags/batch_retry.py
[2024-10-02T02:04:08.327+0000] {processor.py:826} INFO - Processing file /opt/airflow/dags/batch_retry.py for tasks to queue
[2024-10-02T02:04:08.328+0000] {logging_mixin.py:150} INFO - [2024-10-02T02:04:08.328+0000] {dagbag.py:541} INFO - Filling up the DagBag from /opt/airflow/dags/batch_retry.py
[2024-10-02T02:04:08.632+0000] {processor.py:836} INFO - DAG(s) dict_keys(['batch_retry']) retrieved from /opt/airflow/dags/batch_retry.py
[2024-10-02T02:04:08.658+0000] {logging_mixin.py:150} INFO - [2024-10-02T02:04:08.658+0000] {dag.py:2742} INFO - Sync 1 DAGs
[2024-10-02T02:04:08.680+0000] {logging_mixin.py:150} INFO - [2024-10-02T02:04:08.680+0000] {dag.py:3508} INFO - Setting next_dagrun for batch_retry to 2024-10-01T18:00:00+00:00, run_after=2024-10-02T18:00:00+00:00
[2024-10-02T02:04:08.698+0000] {processor.py:179} INFO - Processing /opt/airflow/dags/batch_retry.py took 0.373 seconds
[2024-10-02T02:04:39.067+0000] {processor.py:157} INFO - Started process (PID=415) to work on /opt/airflow/dags/batch_retry.py
[2024-10-02T02:04:39.068+0000] {processor.py:826} INFO - Processing file /opt/airflow/dags/batch_retry.py for tasks to queue
[2024-10-02T02:04:39.068+0000] {logging_mixin.py:150} INFO - [2024-10-02T02:04:39.068+0000] {dagbag.py:541} INFO - Filling up the DagBag from /opt/airflow/dags/batch_retry.py
[2024-10-02T02:04:39.383+0000] {processor.py:836} INFO - DAG(s) dict_keys(['batch_retry']) retrieved from /opt/airflow/dags/batch_retry.py
[2024-10-02T02:04:39.408+0000] {logging_mixin.py:150} INFO - [2024-10-02T02:04:39.407+0000] {dag.py:2742} INFO - Sync 1 DAGs
[2024-10-02T02:04:39.428+0000] {logging_mixin.py:150} INFO - [2024-10-02T02:04:39.428+0000] {dag.py:3508} INFO - Setting next_dagrun for batch_retry to 2024-10-01T18:00:00+00:00, run_after=2024-10-02T18:00:00+00:00
[2024-10-02T02:04:39.444+0000] {processor.py:179} INFO - Processing /opt/airflow/dags/batch_retry.py took 0.379 seconds
[2024-10-02T02:05:09.829+0000] {processor.py:157} INFO - Started process (PID=462) to work on /opt/airflow/dags/batch_retry.py
[2024-10-02T02:05:09.830+0000] {processor.py:826} INFO - Processing file /opt/airflow/dags/batch_retry.py for tasks to queue
[2024-10-02T02:05:09.830+0000] {logging_mixin.py:150} INFO - [2024-10-02T02:05:09.830+0000] {dagbag.py:541} INFO - Filling up the DagBag from /opt/airflow/dags/batch_retry.py
[2024-10-02T02:05:10.145+0000] {processor.py:836} INFO - DAG(s) dict_keys(['batch_retry']) retrieved from /opt/airflow/dags/batch_retry.py
[2024-10-02T02:05:10.170+0000] {logging_mixin.py:150} INFO - [2024-10-02T02:05:10.169+0000] {dag.py:2742} INFO - Sync 1 DAGs
[2024-10-02T02:05:10.195+0000] {logging_mixin.py:150} INFO - [2024-10-02T02:05:10.195+0000] {dag.py:3508} INFO - Setting next_dagrun for batch_retry to 2024-10-01T18:00:00+00:00, run_after=2024-10-02T18:00:00+00:00
[2024-10-02T02:05:10.216+0000] {processor.py:179} INFO - Processing /opt/airflow/dags/batch_retry.py took 0.390 seconds
