[2024-10-02T02:00:31.727+0000] {processor.py:157} INFO - Started process (PID=32) to work on /opt/airflow/dags/common_authentication_data_pipeline.py
[2024-10-02T02:00:31.728+0000] {processor.py:826} INFO - Processing file /opt/airflow/dags/common_authentication_data_pipeline.py for tasks to queue
[2024-10-02T02:00:31.729+0000] {logging_mixin.py:150} INFO - [2024-10-02T02:00:31.728+0000] {dagbag.py:541} INFO - Filling up the DagBag from /opt/airflow/dags/common_authentication_data_pipeline.py
[2024-10-02T02:00:32.884+0000] {processor.py:836} INFO - DAG(s) dict_keys(['Batch_api_to_csv_with_dynamic_dates']) retrieved from /opt/airflow/dags/common_authentication_data_pipeline.py
[2024-10-02T02:00:32.933+0000] {logging_mixin.py:150} INFO - [2024-10-02T02:00:32.932+0000] {dag.py:2742} INFO - Sync 1 DAGs
[2024-10-02T02:00:32.963+0000] {logging_mixin.py:150} INFO - [2024-10-02T02:00:32.963+0000] {dag.py:3508} INFO - Setting next_dagrun for Batch_api_to_csv_with_dynamic_dates to 2024-10-01T18:00:00+00:00, run_after=2024-10-02T18:00:00+00:00
[2024-10-02T02:00:32.984+0000] {processor.py:179} INFO - Processing /opt/airflow/dags/common_authentication_data_pipeline.py took 1.261 seconds
[2024-10-02T02:01:03.163+0000] {processor.py:157} INFO - Started process (PID=87) to work on /opt/airflow/dags/common_authentication_data_pipeline.py
[2024-10-02T02:01:03.164+0000] {processor.py:826} INFO - Processing file /opt/airflow/dags/common_authentication_data_pipeline.py for tasks to queue
[2024-10-02T02:01:03.164+0000] {logging_mixin.py:150} INFO - [2024-10-02T02:01:03.164+0000] {dagbag.py:541} INFO - Filling up the DagBag from /opt/airflow/dags/common_authentication_data_pipeline.py
[2024-10-02T02:01:03.641+0000] {processor.py:836} INFO - DAG(s) dict_keys(['Batch_api_to_csv_with_dynamic_dates']) retrieved from /opt/airflow/dags/common_authentication_data_pipeline.py
[2024-10-02T02:01:03.667+0000] {logging_mixin.py:150} INFO - [2024-10-02T02:01:03.666+0000] {dag.py:2742} INFO - Sync 1 DAGs
[2024-10-02T02:01:03.688+0000] {logging_mixin.py:150} INFO - [2024-10-02T02:01:03.688+0000] {dag.py:3508} INFO - Setting next_dagrun for Batch_api_to_csv_with_dynamic_dates to 2024-10-01T18:00:00+00:00, run_after=2024-10-02T18:00:00+00:00
[2024-10-02T02:01:03.707+0000] {processor.py:179} INFO - Processing /opt/airflow/dags/common_authentication_data_pipeline.py took 0.546 seconds
[2024-10-02T02:01:34.270+0000] {processor.py:157} INFO - Started process (PID=134) to work on /opt/airflow/dags/common_authentication_data_pipeline.py
[2024-10-02T02:01:34.271+0000] {processor.py:826} INFO - Processing file /opt/airflow/dags/common_authentication_data_pipeline.py for tasks to queue
[2024-10-02T02:01:34.272+0000] {logging_mixin.py:150} INFO - [2024-10-02T02:01:34.271+0000] {dagbag.py:541} INFO - Filling up the DagBag from /opt/airflow/dags/common_authentication_data_pipeline.py
[2024-10-02T02:01:34.597+0000] {processor.py:836} INFO - DAG(s) dict_keys(['Batch_api_to_csv_with_dynamic_dates']) retrieved from /opt/airflow/dags/common_authentication_data_pipeline.py
[2024-10-02T02:01:34.619+0000] {logging_mixin.py:150} INFO - [2024-10-02T02:01:34.618+0000] {dag.py:2742} INFO - Sync 1 DAGs
[2024-10-02T02:01:34.640+0000] {logging_mixin.py:150} INFO - [2024-10-02T02:01:34.640+0000] {dag.py:3508} INFO - Setting next_dagrun for Batch_api_to_csv_with_dynamic_dates to 2024-10-01T18:00:00+00:00, run_after=2024-10-02T18:00:00+00:00
[2024-10-02T02:01:34.662+0000] {processor.py:179} INFO - Processing /opt/airflow/dags/common_authentication_data_pipeline.py took 0.394 seconds
[2024-10-02T02:02:04.998+0000] {processor.py:157} INFO - Started process (PID=181) to work on /opt/airflow/dags/common_authentication_data_pipeline.py
[2024-10-02T02:02:04.998+0000] {processor.py:826} INFO - Processing file /opt/airflow/dags/common_authentication_data_pipeline.py for tasks to queue
[2024-10-02T02:02:04.999+0000] {logging_mixin.py:150} INFO - [2024-10-02T02:02:04.999+0000] {dagbag.py:541} INFO - Filling up the DagBag from /opt/airflow/dags/common_authentication_data_pipeline.py
[2024-10-02T02:02:05.320+0000] {processor.py:836} INFO - DAG(s) dict_keys(['Batch_api_to_csv_with_dynamic_dates']) retrieved from /opt/airflow/dags/common_authentication_data_pipeline.py
[2024-10-02T02:02:05.349+0000] {logging_mixin.py:150} INFO - [2024-10-02T02:02:05.348+0000] {dag.py:2742} INFO - Sync 1 DAGs
[2024-10-02T02:02:05.376+0000] {logging_mixin.py:150} INFO - [2024-10-02T02:02:05.375+0000] {dag.py:3508} INFO - Setting next_dagrun for Batch_api_to_csv_with_dynamic_dates to 2024-10-01T18:00:00+00:00, run_after=2024-10-02T18:00:00+00:00
[2024-10-02T02:02:05.397+0000] {processor.py:179} INFO - Processing /opt/airflow/dags/common_authentication_data_pipeline.py took 0.401 seconds
[2024-10-02T02:02:35.774+0000] {processor.py:157} INFO - Started process (PID=228) to work on /opt/airflow/dags/common_authentication_data_pipeline.py
[2024-10-02T02:02:35.775+0000] {processor.py:826} INFO - Processing file /opt/airflow/dags/common_authentication_data_pipeline.py for tasks to queue
[2024-10-02T02:02:35.775+0000] {logging_mixin.py:150} INFO - [2024-10-02T02:02:35.775+0000] {dagbag.py:541} INFO - Filling up the DagBag from /opt/airflow/dags/common_authentication_data_pipeline.py
[2024-10-02T02:02:36.149+0000] {processor.py:836} INFO - DAG(s) dict_keys(['Batch_api_to_csv_with_dynamic_dates']) retrieved from /opt/airflow/dags/common_authentication_data_pipeline.py
[2024-10-02T02:02:36.183+0000] {logging_mixin.py:150} INFO - [2024-10-02T02:02:36.183+0000] {dag.py:2742} INFO - Sync 1 DAGs
[2024-10-02T02:02:36.208+0000] {logging_mixin.py:150} INFO - [2024-10-02T02:02:36.208+0000] {dag.py:3508} INFO - Setting next_dagrun for Batch_api_to_csv_with_dynamic_dates to 2024-10-01T18:00:00+00:00, run_after=2024-10-02T18:00:00+00:00
[2024-10-02T02:02:36.228+0000] {processor.py:179} INFO - Processing /opt/airflow/dags/common_authentication_data_pipeline.py took 0.455 seconds
[2024-10-02T02:03:06.644+0000] {processor.py:157} INFO - Started process (PID=275) to work on /opt/airflow/dags/common_authentication_data_pipeline.py
[2024-10-02T02:03:06.645+0000] {processor.py:826} INFO - Processing file /opt/airflow/dags/common_authentication_data_pipeline.py for tasks to queue
[2024-10-02T02:03:06.646+0000] {logging_mixin.py:150} INFO - [2024-10-02T02:03:06.645+0000] {dagbag.py:541} INFO - Filling up the DagBag from /opt/airflow/dags/common_authentication_data_pipeline.py
[2024-10-02T02:03:07.036+0000] {processor.py:836} INFO - DAG(s) dict_keys(['Batch_api_to_csv_with_dynamic_dates']) retrieved from /opt/airflow/dags/common_authentication_data_pipeline.py
[2024-10-02T02:03:07.066+0000] {logging_mixin.py:150} INFO - [2024-10-02T02:03:07.065+0000] {dag.py:2742} INFO - Sync 1 DAGs
[2024-10-02T02:03:07.097+0000] {logging_mixin.py:150} INFO - [2024-10-02T02:03:07.096+0000] {dag.py:3508} INFO - Setting next_dagrun for Batch_api_to_csv_with_dynamic_dates to 2024-10-01T18:00:00+00:00, run_after=2024-10-02T18:00:00+00:00
[2024-10-02T02:03:07.117+0000] {processor.py:179} INFO - Processing /opt/airflow/dags/common_authentication_data_pipeline.py took 0.476 seconds
[2024-10-02T02:03:37.522+0000] {processor.py:157} INFO - Started process (PID=322) to work on /opt/airflow/dags/common_authentication_data_pipeline.py
[2024-10-02T02:03:37.522+0000] {processor.py:826} INFO - Processing file /opt/airflow/dags/common_authentication_data_pipeline.py for tasks to queue
[2024-10-02T02:03:37.523+0000] {logging_mixin.py:150} INFO - [2024-10-02T02:03:37.523+0000] {dagbag.py:541} INFO - Filling up the DagBag from /opt/airflow/dags/common_authentication_data_pipeline.py
[2024-10-02T02:03:37.913+0000] {processor.py:836} INFO - DAG(s) dict_keys(['Batch_api_to_csv_with_dynamic_dates']) retrieved from /opt/airflow/dags/common_authentication_data_pipeline.py
[2024-10-02T02:03:37.938+0000] {logging_mixin.py:150} INFO - [2024-10-02T02:03:37.937+0000] {dag.py:2742} INFO - Sync 1 DAGs
[2024-10-02T02:03:37.961+0000] {logging_mixin.py:150} INFO - [2024-10-02T02:03:37.961+0000] {dag.py:3508} INFO - Setting next_dagrun for Batch_api_to_csv_with_dynamic_dates to 2024-10-01T18:00:00+00:00, run_after=2024-10-02T18:00:00+00:00
[2024-10-02T02:03:37.980+0000] {processor.py:179} INFO - Processing /opt/airflow/dags/common_authentication_data_pipeline.py took 0.461 seconds
[2024-10-02T02:04:08.335+0000] {processor.py:157} INFO - Started process (PID=369) to work on /opt/airflow/dags/common_authentication_data_pipeline.py
[2024-10-02T02:04:08.336+0000] {processor.py:826} INFO - Processing file /opt/airflow/dags/common_authentication_data_pipeline.py for tasks to queue
[2024-10-02T02:04:08.336+0000] {logging_mixin.py:150} INFO - [2024-10-02T02:04:08.336+0000] {dagbag.py:541} INFO - Filling up the DagBag from /opt/airflow/dags/common_authentication_data_pipeline.py
[2024-10-02T02:04:08.634+0000] {processor.py:836} INFO - DAG(s) dict_keys(['Batch_api_to_csv_with_dynamic_dates']) retrieved from /opt/airflow/dags/common_authentication_data_pipeline.py
[2024-10-02T02:04:08.659+0000] {logging_mixin.py:150} INFO - [2024-10-02T02:04:08.658+0000] {dag.py:2742} INFO - Sync 1 DAGs
[2024-10-02T02:04:08.680+0000] {logging_mixin.py:150} INFO - [2024-10-02T02:04:08.680+0000] {dag.py:3508} INFO - Setting next_dagrun for Batch_api_to_csv_with_dynamic_dates to 2024-10-01T18:00:00+00:00, run_after=2024-10-02T18:00:00+00:00
[2024-10-02T02:04:08.698+0000] {processor.py:179} INFO - Processing /opt/airflow/dags/common_authentication_data_pipeline.py took 0.365 seconds
