[2024-10-02T02:00:33.022+0000] {processor.py:157} INFO - Started process (PID=61) to work on /opt/airflow/dags/email_notification.py
[2024-10-02T02:00:33.023+0000] {processor.py:826} INFO - Processing file /opt/airflow/dags/email_notification.py for tasks to queue
[2024-10-02T02:00:33.024+0000] {logging_mixin.py:150} INFO - [2024-10-02T02:00:33.024+0000] {dagbag.py:541} INFO - Filling up the DagBag from /opt/airflow/dags/email_notification.py
[2024-10-02T02:00:33.041+0000] {processor.py:836} INFO - DAG(s) dict_keys(['email_notification']) retrieved from /opt/airflow/dags/email_notification.py
[2024-10-02T02:00:33.066+0000] {logging_mixin.py:150} INFO - [2024-10-02T02:00:33.066+0000] {dag.py:2742} INFO - Sync 1 DAGs
[2024-10-02T02:00:33.088+0000] {logging_mixin.py:150} INFO - [2024-10-02T02:00:33.088+0000] {dag.py:3508} INFO - Setting next_dagrun for email_notification to None, run_after=None
[2024-10-02T02:00:33.221+0000] {processor.py:179} INFO - Processing /opt/airflow/dags/email_notification.py took 0.201 seconds
[2024-10-02T02:01:03.729+0000] {processor.py:157} INFO - Started process (PID=112) to work on /opt/airflow/dags/email_notification.py
[2024-10-02T02:01:03.730+0000] {processor.py:826} INFO - Processing file /opt/airflow/dags/email_notification.py for tasks to queue
[2024-10-02T02:01:03.731+0000] {logging_mixin.py:150} INFO - [2024-10-02T02:01:03.731+0000] {dagbag.py:541} INFO - Filling up the DagBag from /opt/airflow/dags/email_notification.py
[2024-10-02T02:01:03.745+0000] {processor.py:836} INFO - DAG(s) dict_keys(['email_notification']) retrieved from /opt/airflow/dags/email_notification.py
[2024-10-02T02:01:03.886+0000] {logging_mixin.py:150} INFO - [2024-10-02T02:01:03.885+0000] {dag.py:2742} INFO - Sync 1 DAGs
[2024-10-02T02:01:03.903+0000] {logging_mixin.py:150} INFO - [2024-10-02T02:01:03.903+0000] {dag.py:3508} INFO - Setting next_dagrun for email_notification to None, run_after=None
[2024-10-02T02:01:03.919+0000] {processor.py:179} INFO - Processing /opt/airflow/dags/email_notification.py took 0.192 seconds
[2024-10-02T02:01:34.649+0000] {processor.py:157} INFO - Started process (PID=159) to work on /opt/airflow/dags/email_notification.py
[2024-10-02T02:01:34.650+0000] {processor.py:826} INFO - Processing file /opt/airflow/dags/email_notification.py for tasks to queue
[2024-10-02T02:01:34.651+0000] {logging_mixin.py:150} INFO - [2024-10-02T02:01:34.650+0000] {dagbag.py:541} INFO - Filling up the DagBag from /opt/airflow/dags/email_notification.py
[2024-10-02T02:01:34.668+0000] {processor.py:836} INFO - DAG(s) dict_keys(['email_notification']) retrieved from /opt/airflow/dags/email_notification.py
[2024-10-02T02:01:34.692+0000] {logging_mixin.py:150} INFO - [2024-10-02T02:01:34.692+0000] {dag.py:2742} INFO - Sync 1 DAGs
[2024-10-02T02:01:34.716+0000] {logging_mixin.py:150} INFO - [2024-10-02T02:01:34.715+0000] {dag.py:3508} INFO - Setting next_dagrun for email_notification to None, run_after=None
[2024-10-02T02:01:34.734+0000] {processor.py:179} INFO - Processing /opt/airflow/dags/email_notification.py took 0.088 seconds
[2024-10-02T02:02:05.429+0000] {processor.py:157} INFO - Started process (PID=206) to work on /opt/airflow/dags/email_notification.py
[2024-10-02T02:02:05.430+0000] {processor.py:826} INFO - Processing file /opt/airflow/dags/email_notification.py for tasks to queue
[2024-10-02T02:02:05.431+0000] {logging_mixin.py:150} INFO - [2024-10-02T02:02:05.430+0000] {dagbag.py:541} INFO - Filling up the DagBag from /opt/airflow/dags/email_notification.py
[2024-10-02T02:02:05.448+0000] {processor.py:836} INFO - DAG(s) dict_keys(['email_notification']) retrieved from /opt/airflow/dags/email_notification.py
[2024-10-02T02:02:05.477+0000] {logging_mixin.py:150} INFO - [2024-10-02T02:02:05.477+0000] {dag.py:2742} INFO - Sync 1 DAGs
[2024-10-02T02:02:05.497+0000] {logging_mixin.py:150} INFO - [2024-10-02T02:02:05.496+0000] {dag.py:3508} INFO - Setting next_dagrun for email_notification to None, run_after=None
[2024-10-02T02:02:05.512+0000] {processor.py:179} INFO - Processing /opt/airflow/dags/email_notification.py took 0.085 seconds
[2024-10-02T02:02:36.263+0000] {processor.py:157} INFO - Started process (PID=253) to work on /opt/airflow/dags/email_notification.py
[2024-10-02T02:02:36.264+0000] {processor.py:826} INFO - Processing file /opt/airflow/dags/email_notification.py for tasks to queue
[2024-10-02T02:02:36.265+0000] {logging_mixin.py:150} INFO - [2024-10-02T02:02:36.265+0000] {dagbag.py:541} INFO - Filling up the DagBag from /opt/airflow/dags/email_notification.py
[2024-10-02T02:02:36.285+0000] {processor.py:836} INFO - DAG(s) dict_keys(['email_notification']) retrieved from /opt/airflow/dags/email_notification.py
[2024-10-02T02:02:36.309+0000] {logging_mixin.py:150} INFO - [2024-10-02T02:02:36.309+0000] {dag.py:2742} INFO - Sync 1 DAGs
[2024-10-02T02:02:36.332+0000] {logging_mixin.py:150} INFO - [2024-10-02T02:02:36.332+0000] {dag.py:3508} INFO - Setting next_dagrun for email_notification to None, run_after=None
[2024-10-02T02:02:36.356+0000] {processor.py:179} INFO - Processing /opt/airflow/dags/email_notification.py took 0.097 seconds
[2024-10-02T02:03:07.155+0000] {processor.py:157} INFO - Started process (PID=300) to work on /opt/airflow/dags/email_notification.py
[2024-10-02T02:03:07.156+0000] {processor.py:826} INFO - Processing file /opt/airflow/dags/email_notification.py for tasks to queue
[2024-10-02T02:03:07.157+0000] {logging_mixin.py:150} INFO - [2024-10-02T02:03:07.157+0000] {dagbag.py:541} INFO - Filling up the DagBag from /opt/airflow/dags/email_notification.py
[2024-10-02T02:03:07.177+0000] {processor.py:836} INFO - DAG(s) dict_keys(['email_notification']) retrieved from /opt/airflow/dags/email_notification.py
[2024-10-02T02:03:07.207+0000] {logging_mixin.py:150} INFO - [2024-10-02T02:03:07.207+0000] {dag.py:2742} INFO - Sync 1 DAGs
[2024-10-02T02:03:07.237+0000] {logging_mixin.py:150} INFO - [2024-10-02T02:03:07.237+0000] {dag.py:3508} INFO - Setting next_dagrun for email_notification to None, run_after=None
[2024-10-02T02:03:07.259+0000] {processor.py:179} INFO - Processing /opt/airflow/dags/email_notification.py took 0.107 seconds
[2024-10-02T02:03:37.972+0000] {processor.py:157} INFO - Started process (PID=347) to work on /opt/airflow/dags/email_notification.py
[2024-10-02T02:03:37.973+0000] {processor.py:826} INFO - Processing file /opt/airflow/dags/email_notification.py for tasks to queue
[2024-10-02T02:03:37.974+0000] {logging_mixin.py:150} INFO - [2024-10-02T02:03:37.973+0000] {dagbag.py:541} INFO - Filling up the DagBag from /opt/airflow/dags/email_notification.py
[2024-10-02T02:03:37.989+0000] {processor.py:836} INFO - DAG(s) dict_keys(['email_notification']) retrieved from /opt/airflow/dags/email_notification.py
[2024-10-02T02:03:38.012+0000] {logging_mixin.py:150} INFO - [2024-10-02T02:03:38.012+0000] {dag.py:2742} INFO - Sync 1 DAGs
[2024-10-02T02:03:38.034+0000] {logging_mixin.py:150} INFO - [2024-10-02T02:03:38.034+0000] {dag.py:3508} INFO - Setting next_dagrun for email_notification to None, run_after=None
[2024-10-02T02:03:38.067+0000] {processor.py:179} INFO - Processing /opt/airflow/dags/email_notification.py took 0.097 seconds
[2024-10-02T02:04:08.730+0000] {processor.py:157} INFO - Started process (PID=394) to work on /opt/airflow/dags/email_notification.py
[2024-10-02T02:04:08.730+0000] {processor.py:826} INFO - Processing file /opt/airflow/dags/email_notification.py for tasks to queue
[2024-10-02T02:04:08.731+0000] {logging_mixin.py:150} INFO - [2024-10-02T02:04:08.731+0000] {dagbag.py:541} INFO - Filling up the DagBag from /opt/airflow/dags/email_notification.py
[2024-10-02T02:04:08.745+0000] {processor.py:836} INFO - DAG(s) dict_keys(['email_notification']) retrieved from /opt/airflow/dags/email_notification.py
[2024-10-02T02:04:08.771+0000] {logging_mixin.py:150} INFO - [2024-10-02T02:04:08.771+0000] {dag.py:2742} INFO - Sync 1 DAGs
[2024-10-02T02:04:08.792+0000] {logging_mixin.py:150} INFO - [2024-10-02T02:04:08.792+0000] {dag.py:3508} INFO - Setting next_dagrun for email_notification to None, run_after=None
[2024-10-02T02:04:08.810+0000] {processor.py:179} INFO - Processing /opt/airflow/dags/email_notification.py took 0.082 seconds
[2024-10-02T02:04:39.473+0000] {processor.py:157} INFO - Started process (PID=441) to work on /opt/airflow/dags/email_notification.py
[2024-10-02T02:04:39.473+0000] {processor.py:826} INFO - Processing file /opt/airflow/dags/email_notification.py for tasks to queue
[2024-10-02T02:04:39.474+0000] {logging_mixin.py:150} INFO - [2024-10-02T02:04:39.474+0000] {dagbag.py:541} INFO - Filling up the DagBag from /opt/airflow/dags/email_notification.py
[2024-10-02T02:04:39.489+0000] {processor.py:836} INFO - DAG(s) dict_keys(['email_notification']) retrieved from /opt/airflow/dags/email_notification.py
[2024-10-02T02:04:39.511+0000] {logging_mixin.py:150} INFO - [2024-10-02T02:04:39.511+0000] {dag.py:2742} INFO - Sync 1 DAGs
[2024-10-02T02:04:39.545+0000] {logging_mixin.py:150} INFO - [2024-10-02T02:04:39.545+0000] {dag.py:3508} INFO - Setting next_dagrun for email_notification to None, run_after=None
[2024-10-02T02:04:39.594+0000] {processor.py:179} INFO - Processing /opt/airflow/dags/email_notification.py took 0.123 seconds
[2024-10-02T02:05:10.245+0000] {processor.py:157} INFO - Started process (PID=488) to work on /opt/airflow/dags/email_notification.py
[2024-10-02T02:05:10.246+0000] {processor.py:826} INFO - Processing file /opt/airflow/dags/email_notification.py for tasks to queue
[2024-10-02T02:05:10.247+0000] {logging_mixin.py:150} INFO - [2024-10-02T02:05:10.246+0000] {dagbag.py:541} INFO - Filling up the DagBag from /opt/airflow/dags/email_notification.py
[2024-10-02T02:05:10.261+0000] {processor.py:836} INFO - DAG(s) dict_keys(['email_notification']) retrieved from /opt/airflow/dags/email_notification.py
[2024-10-02T02:05:10.290+0000] {logging_mixin.py:150} INFO - [2024-10-02T02:05:10.290+0000] {dag.py:2742} INFO - Sync 1 DAGs
[2024-10-02T02:05:10.323+0000] {logging_mixin.py:150} INFO - [2024-10-02T02:05:10.322+0000] {dag.py:3508} INFO - Setting next_dagrun for email_notification to None, run_after=None
[2024-10-02T02:05:10.348+0000] {processor.py:179} INFO - Processing /opt/airflow/dags/email_notification.py took 0.105 seconds
