[2024-09-19T14:48:48.472+0000] {processor.py:157} INFO - Started process (PID=53) to work on /home/airflow/.local/lib/python3.7/site-packages/airflow/example_dags/example_task_group_decorator.py
[2024-09-19T14:48:48.473+0000] {processor.py:826} INFO - Processing file /home/airflow/.local/lib/python3.7/site-packages/airflow/example_dags/example_task_group_decorator.py for tasks to queue
[2024-09-19T14:48:48.475+0000] {logging_mixin.py:150} INFO - [2024-09-19T14:48:48.475+0000] {dagbag.py:541} INFO - Filling up the DagBag from /home/airflow/.local/lib/python3.7/site-packages/airflow/example_dags/example_task_group_decorator.py
[2024-09-19T14:48:48.486+0000] {processor.py:836} INFO - DAG(s) dict_keys(['example_task_group_decorator']) retrieved from /home/airflow/.local/lib/python3.7/site-packages/airflow/example_dags/example_task_group_decorator.py
[2024-09-19T14:48:48.503+0000] {logging_mixin.py:150} INFO - [2024-09-19T14:48:48.503+0000] {dag.py:2742} INFO - Sync 1 DAGs
[2024-09-19T14:48:48.522+0000] {logging_mixin.py:150} INFO - [2024-09-19T14:48:48.522+0000] {dag.py:3508} INFO - Setting next_dagrun for example_task_group_decorator to 2024-09-18T14:48:48.522352+00:00, run_after=2024-09-19T14:48:48.522352+00:00
[2024-09-19T14:48:48.545+0000] {processor.py:179} INFO - Processing /home/airflow/.local/lib/python3.7/site-packages/airflow/example_dags/example_task_group_decorator.py took 0.075 seconds
[2024-09-19T14:49:18.824+0000] {processor.py:157} INFO - Started process (PID=114) to work on /home/airflow/.local/lib/python3.7/site-packages/airflow/example_dags/example_task_group_decorator.py
[2024-09-19T14:49:18.825+0000] {processor.py:826} INFO - Processing file /home/airflow/.local/lib/python3.7/site-packages/airflow/example_dags/example_task_group_decorator.py for tasks to queue
[2024-09-19T14:49:18.827+0000] {logging_mixin.py:150} INFO - [2024-09-19T14:49:18.827+0000] {dagbag.py:541} INFO - Filling up the DagBag from /home/airflow/.local/lib/python3.7/site-packages/airflow/example_dags/example_task_group_decorator.py
[2024-09-19T14:49:18.834+0000] {processor.py:836} INFO - DAG(s) dict_keys(['example_task_group_decorator']) retrieved from /home/airflow/.local/lib/python3.7/site-packages/airflow/example_dags/example_task_group_decorator.py
[2024-09-19T14:49:18.850+0000] {logging_mixin.py:150} INFO - [2024-09-19T14:49:18.850+0000] {dag.py:2742} INFO - Sync 1 DAGs
[2024-09-19T14:49:18.863+0000] {logging_mixin.py:150} INFO - [2024-09-19T14:49:18.863+0000] {dag.py:3508} INFO - Setting next_dagrun for example_task_group_decorator to 2024-09-18T14:49:18.863332+00:00, run_after=2024-09-19T14:49:18.863332+00:00
[2024-09-19T14:49:18.880+0000] {processor.py:179} INFO - Processing /home/airflow/.local/lib/python3.7/site-packages/airflow/example_dags/example_task_group_decorator.py took 0.058 seconds
[2024-09-19T14:49:49.644+0000] {processor.py:157} INFO - Started process (PID=175) to work on /home/airflow/.local/lib/python3.7/site-packages/airflow/example_dags/example_task_group_decorator.py
[2024-09-19T14:49:49.645+0000] {processor.py:826} INFO - Processing file /home/airflow/.local/lib/python3.7/site-packages/airflow/example_dags/example_task_group_decorator.py for tasks to queue
[2024-09-19T14:49:49.645+0000] {logging_mixin.py:150} INFO - [2024-09-19T14:49:49.645+0000] {dagbag.py:541} INFO - Filling up the DagBag from /home/airflow/.local/lib/python3.7/site-packages/airflow/example_dags/example_task_group_decorator.py
[2024-09-19T14:49:49.652+0000] {processor.py:836} INFO - DAG(s) dict_keys(['example_task_group_decorator']) retrieved from /home/airflow/.local/lib/python3.7/site-packages/airflow/example_dags/example_task_group_decorator.py
[2024-09-19T14:49:49.674+0000] {logging_mixin.py:150} INFO - [2024-09-19T14:49:49.674+0000] {dag.py:2742} INFO - Sync 1 DAGs
[2024-09-19T14:49:49.685+0000] {logging_mixin.py:150} INFO - [2024-09-19T14:49:49.685+0000] {dag.py:3508} INFO - Setting next_dagrun for example_task_group_decorator to 2024-09-18T14:49:49.685286+00:00, run_after=2024-09-19T14:49:49.685286+00:00
[2024-09-19T14:49:49.693+0000] {processor.py:179} INFO - Processing /home/airflow/.local/lib/python3.7/site-packages/airflow/example_dags/example_task_group_decorator.py took 0.051 seconds
[2024-09-19T14:50:20.430+0000] {processor.py:157} INFO - Started process (PID=236) to work on /home/airflow/.local/lib/python3.7/site-packages/airflow/example_dags/example_task_group_decorator.py
[2024-09-19T14:50:20.431+0000] {processor.py:826} INFO - Processing file /home/airflow/.local/lib/python3.7/site-packages/airflow/example_dags/example_task_group_decorator.py for tasks to queue
[2024-09-19T14:50:20.431+0000] {logging_mixin.py:150} INFO - [2024-09-19T14:50:20.431+0000] {dagbag.py:541} INFO - Filling up the DagBag from /home/airflow/.local/lib/python3.7/site-packages/airflow/example_dags/example_task_group_decorator.py
[2024-09-19T14:50:20.438+0000] {processor.py:836} INFO - DAG(s) dict_keys(['example_task_group_decorator']) retrieved from /home/airflow/.local/lib/python3.7/site-packages/airflow/example_dags/example_task_group_decorator.py
[2024-09-19T14:50:20.464+0000] {logging_mixin.py:150} INFO - [2024-09-19T14:50:20.464+0000] {dag.py:2742} INFO - Sync 1 DAGs
[2024-09-19T14:50:20.479+0000] {logging_mixin.py:150} INFO - [2024-09-19T14:50:20.478+0000] {dag.py:3508} INFO - Setting next_dagrun for example_task_group_decorator to 2024-09-18T14:50:20.478858+00:00, run_after=2024-09-19T14:50:20.478858+00:00
[2024-09-19T14:50:20.486+0000] {processor.py:179} INFO - Processing /home/airflow/.local/lib/python3.7/site-packages/airflow/example_dags/example_task_group_decorator.py took 0.058 seconds
[2024-09-19T14:50:51.347+0000] {processor.py:157} INFO - Started process (PID=297) to work on /home/airflow/.local/lib/python3.7/site-packages/airflow/example_dags/example_task_group_decorator.py
[2024-09-19T14:50:51.347+0000] {processor.py:826} INFO - Processing file /home/airflow/.local/lib/python3.7/site-packages/airflow/example_dags/example_task_group_decorator.py for tasks to queue
[2024-09-19T14:50:51.348+0000] {logging_mixin.py:150} INFO - [2024-09-19T14:50:51.347+0000] {dagbag.py:541} INFO - Filling up the DagBag from /home/airflow/.local/lib/python3.7/site-packages/airflow/example_dags/example_task_group_decorator.py
[2024-09-19T14:50:51.355+0000] {processor.py:836} INFO - DAG(s) dict_keys(['example_task_group_decorator']) retrieved from /home/airflow/.local/lib/python3.7/site-packages/airflow/example_dags/example_task_group_decorator.py
[2024-09-19T14:50:51.371+0000] {logging_mixin.py:150} INFO - [2024-09-19T14:50:51.371+0000] {dag.py:2742} INFO - Sync 1 DAGs
[2024-09-19T14:50:51.384+0000] {logging_mixin.py:150} INFO - [2024-09-19T14:50:51.384+0000] {dag.py:3508} INFO - Setting next_dagrun for example_task_group_decorator to 2024-09-18T14:50:51.384664+00:00, run_after=2024-09-19T14:50:51.384664+00:00
[2024-09-19T14:50:51.398+0000] {processor.py:179} INFO - Processing /home/airflow/.local/lib/python3.7/site-packages/airflow/example_dags/example_task_group_decorator.py took 0.053 seconds
[2024-09-19T14:51:21.576+0000] {processor.py:157} INFO - Started process (PID=358) to work on /home/airflow/.local/lib/python3.7/site-packages/airflow/example_dags/example_task_group_decorator.py
[2024-09-19T14:51:21.576+0000] {processor.py:826} INFO - Processing file /home/airflow/.local/lib/python3.7/site-packages/airflow/example_dags/example_task_group_decorator.py for tasks to queue
[2024-09-19T14:51:21.577+0000] {logging_mixin.py:150} INFO - [2024-09-19T14:51:21.576+0000] {dagbag.py:541} INFO - Filling up the DagBag from /home/airflow/.local/lib/python3.7/site-packages/airflow/example_dags/example_task_group_decorator.py
[2024-09-19T14:51:21.584+0000] {processor.py:836} INFO - DAG(s) dict_keys(['example_task_group_decorator']) retrieved from /home/airflow/.local/lib/python3.7/site-packages/airflow/example_dags/example_task_group_decorator.py
[2024-09-19T14:51:21.604+0000] {logging_mixin.py:150} INFO - [2024-09-19T14:51:21.604+0000] {dag.py:2742} INFO - Sync 1 DAGs
[2024-09-19T14:51:21.618+0000] {logging_mixin.py:150} INFO - [2024-09-19T14:51:21.618+0000] {dag.py:3508} INFO - Setting next_dagrun for example_task_group_decorator to 2024-09-18T14:51:21.618698+00:00, run_after=2024-09-19T14:51:21.618698+00:00
[2024-09-19T14:51:21.626+0000] {processor.py:179} INFO - Processing /home/airflow/.local/lib/python3.7/site-packages/airflow/example_dags/example_task_group_decorator.py took 0.052 seconds
[2024-09-19T14:51:51.781+0000] {processor.py:157} INFO - Started process (PID=419) to work on /home/airflow/.local/lib/python3.7/site-packages/airflow/example_dags/example_task_group_decorator.py
[2024-09-19T14:51:51.782+0000] {processor.py:826} INFO - Processing file /home/airflow/.local/lib/python3.7/site-packages/airflow/example_dags/example_task_group_decorator.py for tasks to queue
[2024-09-19T14:51:51.782+0000] {logging_mixin.py:150} INFO - [2024-09-19T14:51:51.782+0000] {dagbag.py:541} INFO - Filling up the DagBag from /home/airflow/.local/lib/python3.7/site-packages/airflow/example_dags/example_task_group_decorator.py
[2024-09-19T14:51:51.790+0000] {processor.py:836} INFO - DAG(s) dict_keys(['example_task_group_decorator']) retrieved from /home/airflow/.local/lib/python3.7/site-packages/airflow/example_dags/example_task_group_decorator.py
[2024-09-19T14:51:51.807+0000] {logging_mixin.py:150} INFO - [2024-09-19T14:51:51.807+0000] {dag.py:2742} INFO - Sync 1 DAGs
[2024-09-19T14:51:51.818+0000] {logging_mixin.py:150} INFO - [2024-09-19T14:51:51.818+0000] {dag.py:3508} INFO - Setting next_dagrun for example_task_group_decorator to 2024-09-18T14:51:51.818578+00:00, run_after=2024-09-19T14:51:51.818578+00:00
[2024-09-19T14:51:51.826+0000] {processor.py:179} INFO - Processing /home/airflow/.local/lib/python3.7/site-packages/airflow/example_dags/example_task_group_decorator.py took 0.046 seconds
[2024-09-19T14:52:22.581+0000] {processor.py:157} INFO - Started process (PID=480) to work on /home/airflow/.local/lib/python3.7/site-packages/airflow/example_dags/example_task_group_decorator.py
[2024-09-19T14:52:22.582+0000] {processor.py:826} INFO - Processing file /home/airflow/.local/lib/python3.7/site-packages/airflow/example_dags/example_task_group_decorator.py for tasks to queue
[2024-09-19T14:52:22.582+0000] {logging_mixin.py:150} INFO - [2024-09-19T14:52:22.582+0000] {dagbag.py:541} INFO - Filling up the DagBag from /home/airflow/.local/lib/python3.7/site-packages/airflow/example_dags/example_task_group_decorator.py
[2024-09-19T14:52:22.589+0000] {processor.py:836} INFO - DAG(s) dict_keys(['example_task_group_decorator']) retrieved from /home/airflow/.local/lib/python3.7/site-packages/airflow/example_dags/example_task_group_decorator.py
[2024-09-19T14:52:22.606+0000] {logging_mixin.py:150} INFO - [2024-09-19T14:52:22.606+0000] {dag.py:2742} INFO - Sync 1 DAGs
[2024-09-19T14:52:22.619+0000] {logging_mixin.py:150} INFO - [2024-09-19T14:52:22.619+0000] {dag.py:3508} INFO - Setting next_dagrun for example_task_group_decorator to 2024-09-18T14:52:22.619345+00:00, run_after=2024-09-19T14:52:22.619345+00:00
[2024-09-19T14:52:22.628+0000] {processor.py:179} INFO - Processing /home/airflow/.local/lib/python3.7/site-packages/airflow/example_dags/example_task_group_decorator.py took 0.049 seconds
[2024-09-19T14:52:53.459+0000] {processor.py:157} INFO - Started process (PID=541) to work on /home/airflow/.local/lib/python3.7/site-packages/airflow/example_dags/example_task_group_decorator.py
[2024-09-19T14:52:53.459+0000] {processor.py:826} INFO - Processing file /home/airflow/.local/lib/python3.7/site-packages/airflow/example_dags/example_task_group_decorator.py for tasks to queue
[2024-09-19T14:52:53.459+0000] {logging_mixin.py:150} INFO - [2024-09-19T14:52:53.459+0000] {dagbag.py:541} INFO - Filling up the DagBag from /home/airflow/.local/lib/python3.7/site-packages/airflow/example_dags/example_task_group_decorator.py
[2024-09-19T14:52:53.466+0000] {processor.py:836} INFO - DAG(s) dict_keys(['example_task_group_decorator']) retrieved from /home/airflow/.local/lib/python3.7/site-packages/airflow/example_dags/example_task_group_decorator.py
[2024-09-19T14:52:53.478+0000] {logging_mixin.py:150} INFO - [2024-09-19T14:52:53.478+0000] {dag.py:2742} INFO - Sync 1 DAGs
[2024-09-19T14:52:53.490+0000] {logging_mixin.py:150} INFO - [2024-09-19T14:52:53.490+0000] {dag.py:3508} INFO - Setting next_dagrun for example_task_group_decorator to 2024-09-18T14:52:53.489905+00:00, run_after=2024-09-19T14:52:53.489905+00:00
[2024-09-19T14:52:53.498+0000] {processor.py:179} INFO - Processing /home/airflow/.local/lib/python3.7/site-packages/airflow/example_dags/example_task_group_decorator.py took 0.041 seconds
[2024-09-19T14:53:24.367+0000] {processor.py:157} INFO - Started process (PID=602) to work on /home/airflow/.local/lib/python3.7/site-packages/airflow/example_dags/example_task_group_decorator.py
[2024-09-19T14:53:24.367+0000] {processor.py:826} INFO - Processing file /home/airflow/.local/lib/python3.7/site-packages/airflow/example_dags/example_task_group_decorator.py for tasks to queue
[2024-09-19T14:53:24.368+0000] {logging_mixin.py:150} INFO - [2024-09-19T14:53:24.368+0000] {dagbag.py:541} INFO - Filling up the DagBag from /home/airflow/.local/lib/python3.7/site-packages/airflow/example_dags/example_task_group_decorator.py
[2024-09-19T14:53:24.377+0000] {processor.py:836} INFO - DAG(s) dict_keys(['example_task_group_decorator']) retrieved from /home/airflow/.local/lib/python3.7/site-packages/airflow/example_dags/example_task_group_decorator.py
[2024-09-19T14:53:24.391+0000] {logging_mixin.py:150} INFO - [2024-09-19T14:53:24.391+0000] {dag.py:2742} INFO - Sync 1 DAGs
[2024-09-19T14:53:24.403+0000] {logging_mixin.py:150} INFO - [2024-09-19T14:53:24.403+0000] {dag.py:3508} INFO - Setting next_dagrun for example_task_group_decorator to 2024-09-18T14:53:24.403094+00:00, run_after=2024-09-19T14:53:24.403094+00:00
[2024-09-19T14:53:24.414+0000] {processor.py:179} INFO - Processing /home/airflow/.local/lib/python3.7/site-packages/airflow/example_dags/example_task_group_decorator.py took 0.049 seconds
[2024-09-19T14:53:55.072+0000] {processor.py:157} INFO - Started process (PID=663) to work on /home/airflow/.local/lib/python3.7/site-packages/airflow/example_dags/example_task_group_decorator.py
[2024-09-19T14:53:55.073+0000] {processor.py:826} INFO - Processing file /home/airflow/.local/lib/python3.7/site-packages/airflow/example_dags/example_task_group_decorator.py for tasks to queue
[2024-09-19T14:53:55.073+0000] {logging_mixin.py:150} INFO - [2024-09-19T14:53:55.073+0000] {dagbag.py:541} INFO - Filling up the DagBag from /home/airflow/.local/lib/python3.7/site-packages/airflow/example_dags/example_task_group_decorator.py
[2024-09-19T14:53:55.080+0000] {processor.py:836} INFO - DAG(s) dict_keys(['example_task_group_decorator']) retrieved from /home/airflow/.local/lib/python3.7/site-packages/airflow/example_dags/example_task_group_decorator.py
[2024-09-19T14:53:55.096+0000] {logging_mixin.py:150} INFO - [2024-09-19T14:53:55.096+0000] {dag.py:2742} INFO - Sync 1 DAGs
[2024-09-19T14:53:55.109+0000] {logging_mixin.py:150} INFO - [2024-09-19T14:53:55.109+0000] {dag.py:3508} INFO - Setting next_dagrun for example_task_group_decorator to 2024-09-18T14:53:55.109790+00:00, run_after=2024-09-19T14:53:55.109790+00:00
[2024-09-19T14:53:55.118+0000] {processor.py:179} INFO - Processing /home/airflow/.local/lib/python3.7/site-packages/airflow/example_dags/example_task_group_decorator.py took 0.048 seconds
[2024-09-19T14:54:25.868+0000] {processor.py:157} INFO - Started process (PID=724) to work on /home/airflow/.local/lib/python3.7/site-packages/airflow/example_dags/example_task_group_decorator.py
[2024-09-19T14:54:25.869+0000] {processor.py:826} INFO - Processing file /home/airflow/.local/lib/python3.7/site-packages/airflow/example_dags/example_task_group_decorator.py for tasks to queue
[2024-09-19T14:54:25.870+0000] {logging_mixin.py:150} INFO - [2024-09-19T14:54:25.870+0000] {dagbag.py:541} INFO - Filling up the DagBag from /home/airflow/.local/lib/python3.7/site-packages/airflow/example_dags/example_task_group_decorator.py
[2024-09-19T14:54:25.880+0000] {processor.py:836} INFO - DAG(s) dict_keys(['example_task_group_decorator']) retrieved from /home/airflow/.local/lib/python3.7/site-packages/airflow/example_dags/example_task_group_decorator.py
[2024-09-19T14:54:25.894+0000] {logging_mixin.py:150} INFO - [2024-09-19T14:54:25.894+0000] {dag.py:2742} INFO - Sync 1 DAGs
[2024-09-19T14:54:25.907+0000] {logging_mixin.py:150} INFO - [2024-09-19T14:54:25.907+0000] {dag.py:3508} INFO - Setting next_dagrun for example_task_group_decorator to 2024-09-18T14:54:25.907643+00:00, run_after=2024-09-19T14:54:25.907643+00:00
[2024-09-19T14:54:25.916+0000] {processor.py:179} INFO - Processing /home/airflow/.local/lib/python3.7/site-packages/airflow/example_dags/example_task_group_decorator.py took 0.049 seconds
[2024-09-19T14:54:56.588+0000] {processor.py:157} INFO - Started process (PID=785) to work on /home/airflow/.local/lib/python3.7/site-packages/airflow/example_dags/example_task_group_decorator.py
[2024-09-19T14:54:56.590+0000] {processor.py:826} INFO - Processing file /home/airflow/.local/lib/python3.7/site-packages/airflow/example_dags/example_task_group_decorator.py for tasks to queue
[2024-09-19T14:54:56.590+0000] {logging_mixin.py:150} INFO - [2024-09-19T14:54:56.590+0000] {dagbag.py:541} INFO - Filling up the DagBag from /home/airflow/.local/lib/python3.7/site-packages/airflow/example_dags/example_task_group_decorator.py
[2024-09-19T14:54:56.598+0000] {processor.py:836} INFO - DAG(s) dict_keys(['example_task_group_decorator']) retrieved from /home/airflow/.local/lib/python3.7/site-packages/airflow/example_dags/example_task_group_decorator.py
[2024-09-19T14:54:56.613+0000] {logging_mixin.py:150} INFO - [2024-09-19T14:54:56.613+0000] {dag.py:2742} INFO - Sync 1 DAGs
[2024-09-19T14:54:56.626+0000] {logging_mixin.py:150} INFO - [2024-09-19T14:54:56.626+0000] {dag.py:3508} INFO - Setting next_dagrun for example_task_group_decorator to 2024-09-18T14:54:56.625988+00:00, run_after=2024-09-19T14:54:56.625988+00:00
[2024-09-19T14:54:56.639+0000] {processor.py:179} INFO - Processing /home/airflow/.local/lib/python3.7/site-packages/airflow/example_dags/example_task_group_decorator.py took 0.053 seconds
