[2024-09-19T14:48:47.881+0000] {processor.py:157} INFO - Started process (PID=41) to work on /home/airflow/.local/lib/python3.7/site-packages/airflow/example_dags/example_branch_datetime_operator.py
[2024-09-19T14:48:47.882+0000] {processor.py:826} INFO - Processing file /home/airflow/.local/lib/python3.7/site-packages/airflow/example_dags/example_branch_datetime_operator.py for tasks to queue
[2024-09-19T14:48:47.883+0000] {logging_mixin.py:150} INFO - [2024-09-19T14:48:47.883+0000] {dagbag.py:541} INFO - Filling up the DagBag from /home/airflow/.local/lib/python3.7/site-packages/airflow/example_dags/example_branch_datetime_operator.py
[2024-09-19T14:48:47.890+0000] {processor.py:836} INFO - DAG(s) dict_keys(['example_branch_datetime_operator_2', 'example_branch_datetime_operator', 'example_branch_datetime_operator_3']) retrieved from /home/airflow/.local/lib/python3.7/site-packages/airflow/example_dags/example_branch_datetime_operator.py
[2024-09-19T14:48:47.908+0000] {logging_mixin.py:150} INFO - [2024-09-19T14:48:47.908+0000] {dag.py:2742} INFO - Sync 3 DAGs
[2024-09-19T14:48:47.934+0000] {logging_mixin.py:150} INFO - [2024-09-19T14:48:47.933+0000] {dag.py:3508} INFO - Setting next_dagrun for example_branch_datetime_operator to 2024-09-18T00:00:00+00:00, run_after=2024-09-19T00:00:00+00:00
[2024-09-19T14:48:47.951+0000] {logging_mixin.py:150} INFO - [2024-09-19T14:48:47.951+0000] {dag.py:3508} INFO - Setting next_dagrun for example_branch_datetime_operator_2 to 2024-09-18T00:00:00+00:00, run_after=2024-09-19T00:00:00+00:00
[2024-09-19T14:48:47.966+0000] {logging_mixin.py:150} INFO - [2024-09-19T14:48:47.965+0000] {dag.py:3508} INFO - Setting next_dagrun for example_branch_datetime_operator_3 to 2024-09-18T00:00:00+00:00, run_after=2024-09-19T00:00:00+00:00
[2024-09-19T14:48:47.993+0000] {processor.py:179} INFO - Processing /home/airflow/.local/lib/python3.7/site-packages/airflow/example_dags/example_branch_datetime_operator.py took 0.113 seconds
[2024-09-19T14:49:18.392+0000] {processor.py:157} INFO - Started process (PID=102) to work on /home/airflow/.local/lib/python3.7/site-packages/airflow/example_dags/example_branch_datetime_operator.py
[2024-09-19T14:49:18.394+0000] {processor.py:826} INFO - Processing file /home/airflow/.local/lib/python3.7/site-packages/airflow/example_dags/example_branch_datetime_operator.py for tasks to queue
[2024-09-19T14:49:18.394+0000] {logging_mixin.py:150} INFO - [2024-09-19T14:49:18.394+0000] {dagbag.py:541} INFO - Filling up the DagBag from /home/airflow/.local/lib/python3.7/site-packages/airflow/example_dags/example_branch_datetime_operator.py
[2024-09-19T14:49:18.400+0000] {processor.py:836} INFO - DAG(s) dict_keys(['example_branch_datetime_operator_3', 'example_branch_datetime_operator', 'example_branch_datetime_operator_2']) retrieved from /home/airflow/.local/lib/python3.7/site-packages/airflow/example_dags/example_branch_datetime_operator.py
[2024-09-19T14:49:18.422+0000] {logging_mixin.py:150} INFO - [2024-09-19T14:49:18.422+0000] {dag.py:2742} INFO - Sync 3 DAGs
[2024-09-19T14:49:18.435+0000] {logging_mixin.py:150} INFO - [2024-09-19T14:49:18.435+0000] {dag.py:3508} INFO - Setting next_dagrun for example_branch_datetime_operator to 2024-09-18T00:00:00+00:00, run_after=2024-09-19T00:00:00+00:00
[2024-09-19T14:49:18.439+0000] {logging_mixin.py:150} INFO - [2024-09-19T14:49:18.439+0000] {dag.py:3508} INFO - Setting next_dagrun for example_branch_datetime_operator_2 to 2024-09-18T00:00:00+00:00, run_after=2024-09-19T00:00:00+00:00
[2024-09-19T14:49:18.440+0000] {logging_mixin.py:150} INFO - [2024-09-19T14:49:18.440+0000] {dag.py:3508} INFO - Setting next_dagrun for example_branch_datetime_operator_3 to 2024-09-18T00:00:00+00:00, run_after=2024-09-19T00:00:00+00:00
[2024-09-19T14:49:18.450+0000] {processor.py:179} INFO - Processing /home/airflow/.local/lib/python3.7/site-packages/airflow/example_dags/example_branch_datetime_operator.py took 0.060 seconds
[2024-09-19T14:49:49.234+0000] {processor.py:157} INFO - Started process (PID=163) to work on /home/airflow/.local/lib/python3.7/site-packages/airflow/example_dags/example_branch_datetime_operator.py
[2024-09-19T14:49:49.236+0000] {processor.py:826} INFO - Processing file /home/airflow/.local/lib/python3.7/site-packages/airflow/example_dags/example_branch_datetime_operator.py for tasks to queue
[2024-09-19T14:49:49.236+0000] {logging_mixin.py:150} INFO - [2024-09-19T14:49:49.236+0000] {dagbag.py:541} INFO - Filling up the DagBag from /home/airflow/.local/lib/python3.7/site-packages/airflow/example_dags/example_branch_datetime_operator.py
[2024-09-19T14:49:49.241+0000] {processor.py:836} INFO - DAG(s) dict_keys(['example_branch_datetime_operator_2', 'example_branch_datetime_operator', 'example_branch_datetime_operator_3']) retrieved from /home/airflow/.local/lib/python3.7/site-packages/airflow/example_dags/example_branch_datetime_operator.py
[2024-09-19T14:49:49.258+0000] {logging_mixin.py:150} INFO - [2024-09-19T14:49:49.257+0000] {dag.py:2742} INFO - Sync 3 DAGs
[2024-09-19T14:49:49.270+0000] {logging_mixin.py:150} INFO - [2024-09-19T14:49:49.270+0000] {dag.py:3508} INFO - Setting next_dagrun for example_branch_datetime_operator to 2024-09-18T00:00:00+00:00, run_after=2024-09-19T00:00:00+00:00
[2024-09-19T14:49:49.272+0000] {logging_mixin.py:150} INFO - [2024-09-19T14:49:49.272+0000] {dag.py:3508} INFO - Setting next_dagrun for example_branch_datetime_operator_2 to 2024-09-18T00:00:00+00:00, run_after=2024-09-19T00:00:00+00:00
[2024-09-19T14:49:49.275+0000] {logging_mixin.py:150} INFO - [2024-09-19T14:49:49.275+0000] {dag.py:3508} INFO - Setting next_dagrun for example_branch_datetime_operator_3 to 2024-09-18T00:00:00+00:00, run_after=2024-09-19T00:00:00+00:00
[2024-09-19T14:49:49.286+0000] {processor.py:179} INFO - Processing /home/airflow/.local/lib/python3.7/site-packages/airflow/example_dags/example_branch_datetime_operator.py took 0.054 seconds
[2024-09-19T14:50:20.062+0000] {processor.py:157} INFO - Started process (PID=224) to work on /home/airflow/.local/lib/python3.7/site-packages/airflow/example_dags/example_branch_datetime_operator.py
[2024-09-19T14:50:20.063+0000] {processor.py:826} INFO - Processing file /home/airflow/.local/lib/python3.7/site-packages/airflow/example_dags/example_branch_datetime_operator.py for tasks to queue
[2024-09-19T14:50:20.064+0000] {logging_mixin.py:150} INFO - [2024-09-19T14:50:20.064+0000] {dagbag.py:541} INFO - Filling up the DagBag from /home/airflow/.local/lib/python3.7/site-packages/airflow/example_dags/example_branch_datetime_operator.py
[2024-09-19T14:50:20.069+0000] {processor.py:836} INFO - DAG(s) dict_keys(['example_branch_datetime_operator_2', 'example_branch_datetime_operator_3', 'example_branch_datetime_operator']) retrieved from /home/airflow/.local/lib/python3.7/site-packages/airflow/example_dags/example_branch_datetime_operator.py
[2024-09-19T14:50:20.088+0000] {logging_mixin.py:150} INFO - [2024-09-19T14:50:20.088+0000] {dag.py:2742} INFO - Sync 3 DAGs
[2024-09-19T14:50:20.102+0000] {logging_mixin.py:150} INFO - [2024-09-19T14:50:20.102+0000] {dag.py:3508} INFO - Setting next_dagrun for example_branch_datetime_operator to 2024-09-18T00:00:00+00:00, run_after=2024-09-19T00:00:00+00:00
[2024-09-19T14:50:20.105+0000] {logging_mixin.py:150} INFO - [2024-09-19T14:50:20.105+0000] {dag.py:3508} INFO - Setting next_dagrun for example_branch_datetime_operator_2 to 2024-09-18T00:00:00+00:00, run_after=2024-09-19T00:00:00+00:00
[2024-09-19T14:50:20.107+0000] {logging_mixin.py:150} INFO - [2024-09-19T14:50:20.107+0000] {dag.py:3508} INFO - Setting next_dagrun for example_branch_datetime_operator_3 to 2024-09-18T00:00:00+00:00, run_after=2024-09-19T00:00:00+00:00
[2024-09-19T14:50:20.119+0000] {processor.py:179} INFO - Processing /home/airflow/.local/lib/python3.7/site-packages/airflow/example_dags/example_branch_datetime_operator.py took 0.059 seconds
[2024-09-19T14:50:50.931+0000] {processor.py:157} INFO - Started process (PID=285) to work on /home/airflow/.local/lib/python3.7/site-packages/airflow/example_dags/example_branch_datetime_operator.py
[2024-09-19T14:50:50.932+0000] {processor.py:826} INFO - Processing file /home/airflow/.local/lib/python3.7/site-packages/airflow/example_dags/example_branch_datetime_operator.py for tasks to queue
[2024-09-19T14:50:50.933+0000] {logging_mixin.py:150} INFO - [2024-09-19T14:50:50.933+0000] {dagbag.py:541} INFO - Filling up the DagBag from /home/airflow/.local/lib/python3.7/site-packages/airflow/example_dags/example_branch_datetime_operator.py
[2024-09-19T14:50:50.940+0000] {processor.py:836} INFO - DAG(s) dict_keys(['example_branch_datetime_operator', 'example_branch_datetime_operator_2', 'example_branch_datetime_operator_3']) retrieved from /home/airflow/.local/lib/python3.7/site-packages/airflow/example_dags/example_branch_datetime_operator.py
[2024-09-19T14:50:50.963+0000] {logging_mixin.py:150} INFO - [2024-09-19T14:50:50.963+0000] {dag.py:2742} INFO - Sync 3 DAGs
[2024-09-19T14:50:50.982+0000] {logging_mixin.py:150} INFO - [2024-09-19T14:50:50.982+0000] {dag.py:3508} INFO - Setting next_dagrun for example_branch_datetime_operator to 2024-09-18T00:00:00+00:00, run_after=2024-09-19T00:00:00+00:00
[2024-09-19T14:50:50.984+0000] {logging_mixin.py:150} INFO - [2024-09-19T14:50:50.984+0000] {dag.py:3508} INFO - Setting next_dagrun for example_branch_datetime_operator_2 to 2024-09-18T00:00:00+00:00, run_after=2024-09-19T00:00:00+00:00
[2024-09-19T14:50:50.986+0000] {logging_mixin.py:150} INFO - [2024-09-19T14:50:50.986+0000] {dag.py:3508} INFO - Setting next_dagrun for example_branch_datetime_operator_3 to 2024-09-18T00:00:00+00:00, run_after=2024-09-19T00:00:00+00:00
[2024-09-19T14:50:50.998+0000] {processor.py:179} INFO - Processing /home/airflow/.local/lib/python3.7/site-packages/airflow/example_dags/example_branch_datetime_operator.py took 0.070 seconds
[2024-09-19T14:51:21.187+0000] {processor.py:157} INFO - Started process (PID=346) to work on /home/airflow/.local/lib/python3.7/site-packages/airflow/example_dags/example_branch_datetime_operator.py
[2024-09-19T14:51:21.188+0000] {processor.py:826} INFO - Processing file /home/airflow/.local/lib/python3.7/site-packages/airflow/example_dags/example_branch_datetime_operator.py for tasks to queue
[2024-09-19T14:51:21.189+0000] {logging_mixin.py:150} INFO - [2024-09-19T14:51:21.189+0000] {dagbag.py:541} INFO - Filling up the DagBag from /home/airflow/.local/lib/python3.7/site-packages/airflow/example_dags/example_branch_datetime_operator.py
[2024-09-19T14:51:21.195+0000] {processor.py:836} INFO - DAG(s) dict_keys(['example_branch_datetime_operator_2', 'example_branch_datetime_operator_3', 'example_branch_datetime_operator']) retrieved from /home/airflow/.local/lib/python3.7/site-packages/airflow/example_dags/example_branch_datetime_operator.py
[2024-09-19T14:51:21.215+0000] {logging_mixin.py:150} INFO - [2024-09-19T14:51:21.215+0000] {dag.py:2742} INFO - Sync 3 DAGs
[2024-09-19T14:51:21.228+0000] {logging_mixin.py:150} INFO - [2024-09-19T14:51:21.228+0000] {dag.py:3508} INFO - Setting next_dagrun for example_branch_datetime_operator to 2024-09-18T00:00:00+00:00, run_after=2024-09-19T00:00:00+00:00
[2024-09-19T14:51:21.231+0000] {logging_mixin.py:150} INFO - [2024-09-19T14:51:21.231+0000] {dag.py:3508} INFO - Setting next_dagrun for example_branch_datetime_operator_2 to 2024-09-18T00:00:00+00:00, run_after=2024-09-19T00:00:00+00:00
[2024-09-19T14:51:21.232+0000] {logging_mixin.py:150} INFO - [2024-09-19T14:51:21.232+0000] {dag.py:3508} INFO - Setting next_dagrun for example_branch_datetime_operator_3 to 2024-09-18T00:00:00+00:00, run_after=2024-09-19T00:00:00+00:00
[2024-09-19T14:51:21.241+0000] {processor.py:179} INFO - Processing /home/airflow/.local/lib/python3.7/site-packages/airflow/example_dags/example_branch_datetime_operator.py took 0.057 seconds
[2024-09-19T14:51:51.338+0000] {processor.py:157} INFO - Started process (PID=408) to work on /home/airflow/.local/lib/python3.7/site-packages/airflow/example_dags/example_branch_datetime_operator.py
[2024-09-19T14:51:51.339+0000] {processor.py:826} INFO - Processing file /home/airflow/.local/lib/python3.7/site-packages/airflow/example_dags/example_branch_datetime_operator.py for tasks to queue
[2024-09-19T14:51:51.339+0000] {logging_mixin.py:150} INFO - [2024-09-19T14:51:51.339+0000] {dagbag.py:541} INFO - Filling up the DagBag from /home/airflow/.local/lib/python3.7/site-packages/airflow/example_dags/example_branch_datetime_operator.py
[2024-09-19T14:51:51.345+0000] {processor.py:836} INFO - DAG(s) dict_keys(['example_branch_datetime_operator', 'example_branch_datetime_operator_3', 'example_branch_datetime_operator_2']) retrieved from /home/airflow/.local/lib/python3.7/site-packages/airflow/example_dags/example_branch_datetime_operator.py
[2024-09-19T14:51:51.367+0000] {logging_mixin.py:150} INFO - [2024-09-19T14:51:51.367+0000] {dag.py:2742} INFO - Sync 3 DAGs
[2024-09-19T14:51:51.381+0000] {logging_mixin.py:150} INFO - [2024-09-19T14:51:51.381+0000] {dag.py:3508} INFO - Setting next_dagrun for example_branch_datetime_operator to 2024-09-18T00:00:00+00:00, run_after=2024-09-19T00:00:00+00:00
[2024-09-19T14:51:51.384+0000] {logging_mixin.py:150} INFO - [2024-09-19T14:51:51.384+0000] {dag.py:3508} INFO - Setting next_dagrun for example_branch_datetime_operator_2 to 2024-09-18T00:00:00+00:00, run_after=2024-09-19T00:00:00+00:00
[2024-09-19T14:51:51.387+0000] {logging_mixin.py:150} INFO - [2024-09-19T14:51:51.387+0000] {dag.py:3508} INFO - Setting next_dagrun for example_branch_datetime_operator_3 to 2024-09-18T00:00:00+00:00, run_after=2024-09-19T00:00:00+00:00
[2024-09-19T14:51:51.402+0000] {processor.py:179} INFO - Processing /home/airflow/.local/lib/python3.7/site-packages/airflow/example_dags/example_branch_datetime_operator.py took 0.066 seconds
[2024-09-19T14:52:22.189+0000] {processor.py:157} INFO - Started process (PID=468) to work on /home/airflow/.local/lib/python3.7/site-packages/airflow/example_dags/example_branch_datetime_operator.py
[2024-09-19T14:52:22.190+0000] {processor.py:826} INFO - Processing file /home/airflow/.local/lib/python3.7/site-packages/airflow/example_dags/example_branch_datetime_operator.py for tasks to queue
[2024-09-19T14:52:22.190+0000] {logging_mixin.py:150} INFO - [2024-09-19T14:52:22.190+0000] {dagbag.py:541} INFO - Filling up the DagBag from /home/airflow/.local/lib/python3.7/site-packages/airflow/example_dags/example_branch_datetime_operator.py
[2024-09-19T14:52:22.195+0000] {processor.py:836} INFO - DAG(s) dict_keys(['example_branch_datetime_operator_3', 'example_branch_datetime_operator_2', 'example_branch_datetime_operator']) retrieved from /home/airflow/.local/lib/python3.7/site-packages/airflow/example_dags/example_branch_datetime_operator.py
[2024-09-19T14:52:22.209+0000] {logging_mixin.py:150} INFO - [2024-09-19T14:52:22.209+0000] {dag.py:2742} INFO - Sync 3 DAGs
[2024-09-19T14:52:22.222+0000] {logging_mixin.py:150} INFO - [2024-09-19T14:52:22.222+0000] {dag.py:3508} INFO - Setting next_dagrun for example_branch_datetime_operator to 2024-09-18T00:00:00+00:00, run_after=2024-09-19T00:00:00+00:00
[2024-09-19T14:52:22.225+0000] {logging_mixin.py:150} INFO - [2024-09-19T14:52:22.225+0000] {dag.py:3508} INFO - Setting next_dagrun for example_branch_datetime_operator_2 to 2024-09-18T00:00:00+00:00, run_after=2024-09-19T00:00:00+00:00
[2024-09-19T14:52:22.226+0000] {logging_mixin.py:150} INFO - [2024-09-19T14:52:22.226+0000] {dag.py:3508} INFO - Setting next_dagrun for example_branch_datetime_operator_3 to 2024-09-18T00:00:00+00:00, run_after=2024-09-19T00:00:00+00:00
[2024-09-19T14:52:22.235+0000] {processor.py:179} INFO - Processing /home/airflow/.local/lib/python3.7/site-packages/airflow/example_dags/example_branch_datetime_operator.py took 0.048 seconds
[2024-09-19T14:52:53.067+0000] {processor.py:157} INFO - Started process (PID=529) to work on /home/airflow/.local/lib/python3.7/site-packages/airflow/example_dags/example_branch_datetime_operator.py
[2024-09-19T14:52:53.068+0000] {processor.py:826} INFO - Processing file /home/airflow/.local/lib/python3.7/site-packages/airflow/example_dags/example_branch_datetime_operator.py for tasks to queue
[2024-09-19T14:52:53.069+0000] {logging_mixin.py:150} INFO - [2024-09-19T14:52:53.069+0000] {dagbag.py:541} INFO - Filling up the DagBag from /home/airflow/.local/lib/python3.7/site-packages/airflow/example_dags/example_branch_datetime_operator.py
[2024-09-19T14:52:53.075+0000] {processor.py:836} INFO - DAG(s) dict_keys(['example_branch_datetime_operator_3', 'example_branch_datetime_operator_2', 'example_branch_datetime_operator']) retrieved from /home/airflow/.local/lib/python3.7/site-packages/airflow/example_dags/example_branch_datetime_operator.py
[2024-09-19T14:52:53.095+0000] {logging_mixin.py:150} INFO - [2024-09-19T14:52:53.095+0000] {dag.py:2742} INFO - Sync 3 DAGs
[2024-09-19T14:52:53.111+0000] {logging_mixin.py:150} INFO - [2024-09-19T14:52:53.111+0000] {dag.py:3508} INFO - Setting next_dagrun for example_branch_datetime_operator to 2024-09-18T00:00:00+00:00, run_after=2024-09-19T00:00:00+00:00
[2024-09-19T14:52:53.116+0000] {logging_mixin.py:150} INFO - [2024-09-19T14:52:53.116+0000] {dag.py:3508} INFO - Setting next_dagrun for example_branch_datetime_operator_2 to 2024-09-18T00:00:00+00:00, run_after=2024-09-19T00:00:00+00:00
[2024-09-19T14:52:53.118+0000] {logging_mixin.py:150} INFO - [2024-09-19T14:52:53.117+0000] {dag.py:3508} INFO - Setting next_dagrun for example_branch_datetime_operator_3 to 2024-09-18T00:00:00+00:00, run_after=2024-09-19T00:00:00+00:00
[2024-09-19T14:52:53.129+0000] {processor.py:179} INFO - Processing /home/airflow/.local/lib/python3.7/site-packages/airflow/example_dags/example_branch_datetime_operator.py took 0.064 seconds
[2024-09-19T14:53:23.981+0000] {processor.py:157} INFO - Started process (PID=590) to work on /home/airflow/.local/lib/python3.7/site-packages/airflow/example_dags/example_branch_datetime_operator.py
[2024-09-19T14:53:23.981+0000] {processor.py:826} INFO - Processing file /home/airflow/.local/lib/python3.7/site-packages/airflow/example_dags/example_branch_datetime_operator.py for tasks to queue
[2024-09-19T14:53:23.981+0000] {logging_mixin.py:150} INFO - [2024-09-19T14:53:23.981+0000] {dagbag.py:541} INFO - Filling up the DagBag from /home/airflow/.local/lib/python3.7/site-packages/airflow/example_dags/example_branch_datetime_operator.py
[2024-09-19T14:53:23.988+0000] {processor.py:836} INFO - DAG(s) dict_keys(['example_branch_datetime_operator', 'example_branch_datetime_operator_3', 'example_branch_datetime_operator_2']) retrieved from /home/airflow/.local/lib/python3.7/site-packages/airflow/example_dags/example_branch_datetime_operator.py
[2024-09-19T14:53:24.006+0000] {logging_mixin.py:150} INFO - [2024-09-19T14:53:24.006+0000] {dag.py:2742} INFO - Sync 3 DAGs
[2024-09-19T14:53:24.020+0000] {logging_mixin.py:150} INFO - [2024-09-19T14:53:24.020+0000] {dag.py:3508} INFO - Setting next_dagrun for example_branch_datetime_operator to 2024-09-18T00:00:00+00:00, run_after=2024-09-19T00:00:00+00:00
[2024-09-19T14:53:24.022+0000] {logging_mixin.py:150} INFO - [2024-09-19T14:53:24.022+0000] {dag.py:3508} INFO - Setting next_dagrun for example_branch_datetime_operator_2 to 2024-09-18T00:00:00+00:00, run_after=2024-09-19T00:00:00+00:00
[2024-09-19T14:53:24.025+0000] {logging_mixin.py:150} INFO - [2024-09-19T14:53:24.025+0000] {dag.py:3508} INFO - Setting next_dagrun for example_branch_datetime_operator_3 to 2024-09-18T00:00:00+00:00, run_after=2024-09-19T00:00:00+00:00
[2024-09-19T14:53:24.036+0000] {processor.py:179} INFO - Processing /home/airflow/.local/lib/python3.7/site-packages/airflow/example_dags/example_branch_datetime_operator.py took 0.059 seconds
[2024-09-19T14:53:54.727+0000] {processor.py:157} INFO - Started process (PID=651) to work on /home/airflow/.local/lib/python3.7/site-packages/airflow/example_dags/example_branch_datetime_operator.py
[2024-09-19T14:53:54.728+0000] {processor.py:826} INFO - Processing file /home/airflow/.local/lib/python3.7/site-packages/airflow/example_dags/example_branch_datetime_operator.py for tasks to queue
[2024-09-19T14:53:54.728+0000] {logging_mixin.py:150} INFO - [2024-09-19T14:53:54.728+0000] {dagbag.py:541} INFO - Filling up the DagBag from /home/airflow/.local/lib/python3.7/site-packages/airflow/example_dags/example_branch_datetime_operator.py
[2024-09-19T14:53:54.733+0000] {processor.py:836} INFO - DAG(s) dict_keys(['example_branch_datetime_operator', 'example_branch_datetime_operator_3', 'example_branch_datetime_operator_2']) retrieved from /home/airflow/.local/lib/python3.7/site-packages/airflow/example_dags/example_branch_datetime_operator.py
[2024-09-19T14:53:54.748+0000] {logging_mixin.py:150} INFO - [2024-09-19T14:53:54.748+0000] {dag.py:2742} INFO - Sync 3 DAGs
[2024-09-19T14:53:54.761+0000] {logging_mixin.py:150} INFO - [2024-09-19T14:53:54.760+0000] {dag.py:3508} INFO - Setting next_dagrun for example_branch_datetime_operator to 2024-09-18T00:00:00+00:00, run_after=2024-09-19T00:00:00+00:00
[2024-09-19T14:53:54.764+0000] {logging_mixin.py:150} INFO - [2024-09-19T14:53:54.764+0000] {dag.py:3508} INFO - Setting next_dagrun for example_branch_datetime_operator_2 to 2024-09-18T00:00:00+00:00, run_after=2024-09-19T00:00:00+00:00
[2024-09-19T14:53:54.765+0000] {logging_mixin.py:150} INFO - [2024-09-19T14:53:54.765+0000] {dag.py:3508} INFO - Setting next_dagrun for example_branch_datetime_operator_3 to 2024-09-18T00:00:00+00:00, run_after=2024-09-19T00:00:00+00:00
[2024-09-19T14:53:54.772+0000] {processor.py:179} INFO - Processing /home/airflow/.local/lib/python3.7/site-packages/airflow/example_dags/example_branch_datetime_operator.py took 0.046 seconds
[2024-09-19T14:54:25.505+0000] {processor.py:157} INFO - Started process (PID=712) to work on /home/airflow/.local/lib/python3.7/site-packages/airflow/example_dags/example_branch_datetime_operator.py
[2024-09-19T14:54:25.506+0000] {processor.py:826} INFO - Processing file /home/airflow/.local/lib/python3.7/site-packages/airflow/example_dags/example_branch_datetime_operator.py for tasks to queue
[2024-09-19T14:54:25.506+0000] {logging_mixin.py:150} INFO - [2024-09-19T14:54:25.506+0000] {dagbag.py:541} INFO - Filling up the DagBag from /home/airflow/.local/lib/python3.7/site-packages/airflow/example_dags/example_branch_datetime_operator.py
[2024-09-19T14:54:25.512+0000] {processor.py:836} INFO - DAG(s) dict_keys(['example_branch_datetime_operator_2', 'example_branch_datetime_operator_3', 'example_branch_datetime_operator']) retrieved from /home/airflow/.local/lib/python3.7/site-packages/airflow/example_dags/example_branch_datetime_operator.py
[2024-09-19T14:54:25.529+0000] {logging_mixin.py:150} INFO - [2024-09-19T14:54:25.529+0000] {dag.py:2742} INFO - Sync 3 DAGs
[2024-09-19T14:54:25.542+0000] {logging_mixin.py:150} INFO - [2024-09-19T14:54:25.542+0000] {dag.py:3508} INFO - Setting next_dagrun for example_branch_datetime_operator to 2024-09-18T00:00:00+00:00, run_after=2024-09-19T00:00:00+00:00
[2024-09-19T14:54:25.545+0000] {logging_mixin.py:150} INFO - [2024-09-19T14:54:25.545+0000] {dag.py:3508} INFO - Setting next_dagrun for example_branch_datetime_operator_2 to 2024-09-18T00:00:00+00:00, run_after=2024-09-19T00:00:00+00:00
[2024-09-19T14:54:25.546+0000] {logging_mixin.py:150} INFO - [2024-09-19T14:54:25.546+0000] {dag.py:3508} INFO - Setting next_dagrun for example_branch_datetime_operator_3 to 2024-09-18T00:00:00+00:00, run_after=2024-09-19T00:00:00+00:00
[2024-09-19T14:54:25.557+0000] {processor.py:179} INFO - Processing /home/airflow/.local/lib/python3.7/site-packages/airflow/example_dags/example_branch_datetime_operator.py took 0.053 seconds
[2024-09-19T14:54:56.236+0000] {processor.py:157} INFO - Started process (PID=773) to work on /home/airflow/.local/lib/python3.7/site-packages/airflow/example_dags/example_branch_datetime_operator.py
[2024-09-19T14:54:56.237+0000] {processor.py:826} INFO - Processing file /home/airflow/.local/lib/python3.7/site-packages/airflow/example_dags/example_branch_datetime_operator.py for tasks to queue
[2024-09-19T14:54:56.238+0000] {logging_mixin.py:150} INFO - [2024-09-19T14:54:56.238+0000] {dagbag.py:541} INFO - Filling up the DagBag from /home/airflow/.local/lib/python3.7/site-packages/airflow/example_dags/example_branch_datetime_operator.py
[2024-09-19T14:54:56.245+0000] {processor.py:836} INFO - DAG(s) dict_keys(['example_branch_datetime_operator_2', 'example_branch_datetime_operator_3', 'example_branch_datetime_operator']) retrieved from /home/airflow/.local/lib/python3.7/site-packages/airflow/example_dags/example_branch_datetime_operator.py
[2024-09-19T14:54:56.263+0000] {logging_mixin.py:150} INFO - [2024-09-19T14:54:56.263+0000] {dag.py:2742} INFO - Sync 3 DAGs
[2024-09-19T14:54:56.277+0000] {logging_mixin.py:150} INFO - [2024-09-19T14:54:56.277+0000] {dag.py:3508} INFO - Setting next_dagrun for example_branch_datetime_operator to 2024-09-18T00:00:00+00:00, run_after=2024-09-19T00:00:00+00:00
[2024-09-19T14:54:56.281+0000] {logging_mixin.py:150} INFO - [2024-09-19T14:54:56.281+0000] {dag.py:3508} INFO - Setting next_dagrun for example_branch_datetime_operator_2 to 2024-09-18T00:00:00+00:00, run_after=2024-09-19T00:00:00+00:00
[2024-09-19T14:54:56.283+0000] {logging_mixin.py:150} INFO - [2024-09-19T14:54:56.283+0000] {dag.py:3508} INFO - Setting next_dagrun for example_branch_datetime_operator_3 to 2024-09-18T00:00:00+00:00, run_after=2024-09-19T00:00:00+00:00
[2024-09-19T14:54:56.293+0000] {processor.py:179} INFO - Processing /home/airflow/.local/lib/python3.7/site-packages/airflow/example_dags/example_branch_datetime_operator.py took 0.060 seconds
