[2024-09-19T14:48:49.059+0000] {processor.py:157} INFO - Started process (PID=67) to work on /home/airflow/.local/lib/python3.7/site-packages/airflow/example_dags/example_short_circuit_operator.py
[2024-09-19T14:48:49.060+0000] {processor.py:826} INFO - Processing file /home/airflow/.local/lib/python3.7/site-packages/airflow/example_dags/example_short_circuit_operator.py for tasks to queue
[2024-09-19T14:48:49.061+0000] {logging_mixin.py:150} INFO - [2024-09-19T14:48:49.061+0000] {dagbag.py:541} INFO - Filling up the DagBag from /home/airflow/.local/lib/python3.7/site-packages/airflow/example_dags/example_short_circuit_operator.py
[2024-09-19T14:48:49.071+0000] {processor.py:836} INFO - DAG(s) dict_keys(['example_short_circuit_operator']) retrieved from /home/airflow/.local/lib/python3.7/site-packages/airflow/example_dags/example_short_circuit_operator.py
[2024-09-19T14:48:49.084+0000] {logging_mixin.py:150} INFO - [2024-09-19T14:48:49.084+0000] {dag.py:2742} INFO - Sync 1 DAGs
[2024-09-19T14:48:49.103+0000] {logging_mixin.py:150} INFO - [2024-09-19T14:48:49.103+0000] {dag.py:3508} INFO - Setting next_dagrun for example_short_circuit_operator to 2024-09-18T14:48:49.102974+00:00, run_after=2024-09-19T14:48:49.102974+00:00
[2024-09-19T14:48:49.122+0000] {processor.py:179} INFO - Processing /home/airflow/.local/lib/python3.7/site-packages/airflow/example_dags/example_short_circuit_operator.py took 0.065 seconds
[2024-09-19T14:49:19.219+0000] {processor.py:157} INFO - Started process (PID=128) to work on /home/airflow/.local/lib/python3.7/site-packages/airflow/example_dags/example_short_circuit_operator.py
[2024-09-19T14:49:19.220+0000] {processor.py:826} INFO - Processing file /home/airflow/.local/lib/python3.7/site-packages/airflow/example_dags/example_short_circuit_operator.py for tasks to queue
[2024-09-19T14:49:19.220+0000] {logging_mixin.py:150} INFO - [2024-09-19T14:49:19.220+0000] {dagbag.py:541} INFO - Filling up the DagBag from /home/airflow/.local/lib/python3.7/site-packages/airflow/example_dags/example_short_circuit_operator.py
[2024-09-19T14:49:19.225+0000] {processor.py:836} INFO - DAG(s) dict_keys(['example_short_circuit_operator']) retrieved from /home/airflow/.local/lib/python3.7/site-packages/airflow/example_dags/example_short_circuit_operator.py
[2024-09-19T14:49:19.240+0000] {logging_mixin.py:150} INFO - [2024-09-19T14:49:19.240+0000] {dag.py:2742} INFO - Sync 1 DAGs
[2024-09-19T14:49:19.251+0000] {logging_mixin.py:150} INFO - [2024-09-19T14:49:19.251+0000] {dag.py:3508} INFO - Setting next_dagrun for example_short_circuit_operator to 2024-09-18T14:49:19.251572+00:00, run_after=2024-09-19T14:49:19.251572+00:00
[2024-09-19T14:49:19.261+0000] {processor.py:179} INFO - Processing /home/airflow/.local/lib/python3.7/site-packages/airflow/example_dags/example_short_circuit_operator.py took 0.044 seconds
[2024-09-19T14:49:50.033+0000] {processor.py:157} INFO - Started process (PID=189) to work on /home/airflow/.local/lib/python3.7/site-packages/airflow/example_dags/example_short_circuit_operator.py
[2024-09-19T14:49:50.034+0000] {processor.py:826} INFO - Processing file /home/airflow/.local/lib/python3.7/site-packages/airflow/example_dags/example_short_circuit_operator.py for tasks to queue
[2024-09-19T14:49:50.035+0000] {logging_mixin.py:150} INFO - [2024-09-19T14:49:50.035+0000] {dagbag.py:541} INFO - Filling up the DagBag from /home/airflow/.local/lib/python3.7/site-packages/airflow/example_dags/example_short_circuit_operator.py
[2024-09-19T14:49:50.038+0000] {processor.py:836} INFO - DAG(s) dict_keys(['example_short_circuit_operator']) retrieved from /home/airflow/.local/lib/python3.7/site-packages/airflow/example_dags/example_short_circuit_operator.py
[2024-09-19T14:49:50.055+0000] {logging_mixin.py:150} INFO - [2024-09-19T14:49:50.054+0000] {dag.py:2742} INFO - Sync 1 DAGs
[2024-09-19T14:49:50.066+0000] {logging_mixin.py:150} INFO - [2024-09-19T14:49:50.066+0000] {dag.py:3508} INFO - Setting next_dagrun for example_short_circuit_operator to 2024-09-18T14:49:50.066649+00:00, run_after=2024-09-19T14:49:50.066649+00:00
[2024-09-19T14:49:50.077+0000] {processor.py:179} INFO - Processing /home/airflow/.local/lib/python3.7/site-packages/airflow/example_dags/example_short_circuit_operator.py took 0.046 seconds
[2024-09-19T14:50:20.846+0000] {processor.py:157} INFO - Started process (PID=250) to work on /home/airflow/.local/lib/python3.7/site-packages/airflow/example_dags/example_short_circuit_operator.py
[2024-09-19T14:50:20.847+0000] {processor.py:826} INFO - Processing file /home/airflow/.local/lib/python3.7/site-packages/airflow/example_dags/example_short_circuit_operator.py for tasks to queue
[2024-09-19T14:50:20.847+0000] {logging_mixin.py:150} INFO - [2024-09-19T14:50:20.847+0000] {dagbag.py:541} INFO - Filling up the DagBag from /home/airflow/.local/lib/python3.7/site-packages/airflow/example_dags/example_short_circuit_operator.py
[2024-09-19T14:50:20.851+0000] {processor.py:836} INFO - DAG(s) dict_keys(['example_short_circuit_operator']) retrieved from /home/airflow/.local/lib/python3.7/site-packages/airflow/example_dags/example_short_circuit_operator.py
[2024-09-19T14:50:20.862+0000] {logging_mixin.py:150} INFO - [2024-09-19T14:50:20.862+0000] {dag.py:2742} INFO - Sync 1 DAGs
[2024-09-19T14:50:20.873+0000] {logging_mixin.py:150} INFO - [2024-09-19T14:50:20.873+0000] {dag.py:3508} INFO - Setting next_dagrun for example_short_circuit_operator to 2024-09-18T14:50:20.873204+00:00, run_after=2024-09-19T14:50:20.873204+00:00
[2024-09-19T14:50:20.881+0000] {processor.py:179} INFO - Processing /home/airflow/.local/lib/python3.7/site-packages/airflow/example_dags/example_short_circuit_operator.py took 0.036 seconds
[2024-09-19T14:50:51.780+0000] {processor.py:157} INFO - Started process (PID=311) to work on /home/airflow/.local/lib/python3.7/site-packages/airflow/example_dags/example_short_circuit_operator.py
[2024-09-19T14:50:51.780+0000] {processor.py:826} INFO - Processing file /home/airflow/.local/lib/python3.7/site-packages/airflow/example_dags/example_short_circuit_operator.py for tasks to queue
[2024-09-19T14:50:51.781+0000] {logging_mixin.py:150} INFO - [2024-09-19T14:50:51.781+0000] {dagbag.py:541} INFO - Filling up the DagBag from /home/airflow/.local/lib/python3.7/site-packages/airflow/example_dags/example_short_circuit_operator.py
[2024-09-19T14:50:51.785+0000] {processor.py:836} INFO - DAG(s) dict_keys(['example_short_circuit_operator']) retrieved from /home/airflow/.local/lib/python3.7/site-packages/airflow/example_dags/example_short_circuit_operator.py
[2024-09-19T14:50:51.804+0000] {logging_mixin.py:150} INFO - [2024-09-19T14:50:51.804+0000] {dag.py:2742} INFO - Sync 1 DAGs
[2024-09-19T14:50:51.815+0000] {logging_mixin.py:150} INFO - [2024-09-19T14:50:51.815+0000] {dag.py:3508} INFO - Setting next_dagrun for example_short_circuit_operator to 2024-09-18T14:50:51.815365+00:00, run_after=2024-09-19T14:50:51.815365+00:00
[2024-09-19T14:50:51.823+0000] {processor.py:179} INFO - Processing /home/airflow/.local/lib/python3.7/site-packages/airflow/example_dags/example_short_circuit_operator.py took 0.045 seconds
[2024-09-19T14:51:21.966+0000] {processor.py:157} INFO - Started process (PID=372) to work on /home/airflow/.local/lib/python3.7/site-packages/airflow/example_dags/example_short_circuit_operator.py
[2024-09-19T14:51:21.966+0000] {processor.py:826} INFO - Processing file /home/airflow/.local/lib/python3.7/site-packages/airflow/example_dags/example_short_circuit_operator.py for tasks to queue
[2024-09-19T14:51:21.967+0000] {logging_mixin.py:150} INFO - [2024-09-19T14:51:21.967+0000] {dagbag.py:541} INFO - Filling up the DagBag from /home/airflow/.local/lib/python3.7/site-packages/airflow/example_dags/example_short_circuit_operator.py
[2024-09-19T14:51:21.971+0000] {processor.py:836} INFO - DAG(s) dict_keys(['example_short_circuit_operator']) retrieved from /home/airflow/.local/lib/python3.7/site-packages/airflow/example_dags/example_short_circuit_operator.py
[2024-09-19T14:51:21.983+0000] {logging_mixin.py:150} INFO - [2024-09-19T14:51:21.982+0000] {dag.py:2742} INFO - Sync 1 DAGs
[2024-09-19T14:51:21.994+0000] {logging_mixin.py:150} INFO - [2024-09-19T14:51:21.993+0000] {dag.py:3508} INFO - Setting next_dagrun for example_short_circuit_operator to 2024-09-18T14:51:21.993861+00:00, run_after=2024-09-19T14:51:21.993861+00:00
[2024-09-19T14:51:22.002+0000] {processor.py:179} INFO - Processing /home/airflow/.local/lib/python3.7/site-packages/airflow/example_dags/example_short_circuit_operator.py took 0.037 seconds
[2024-09-19T14:51:52.151+0000] {processor.py:157} INFO - Started process (PID=433) to work on /home/airflow/.local/lib/python3.7/site-packages/airflow/example_dags/example_short_circuit_operator.py
[2024-09-19T14:51:52.154+0000] {processor.py:826} INFO - Processing file /home/airflow/.local/lib/python3.7/site-packages/airflow/example_dags/example_short_circuit_operator.py for tasks to queue
[2024-09-19T14:51:52.154+0000] {logging_mixin.py:150} INFO - [2024-09-19T14:51:52.154+0000] {dagbag.py:541} INFO - Filling up the DagBag from /home/airflow/.local/lib/python3.7/site-packages/airflow/example_dags/example_short_circuit_operator.py
[2024-09-19T14:51:52.159+0000] {processor.py:836} INFO - DAG(s) dict_keys(['example_short_circuit_operator']) retrieved from /home/airflow/.local/lib/python3.7/site-packages/airflow/example_dags/example_short_circuit_operator.py
[2024-09-19T14:51:52.174+0000] {logging_mixin.py:150} INFO - [2024-09-19T14:51:52.174+0000] {dag.py:2742} INFO - Sync 1 DAGs
[2024-09-19T14:51:52.187+0000] {logging_mixin.py:150} INFO - [2024-09-19T14:51:52.186+0000] {dag.py:3508} INFO - Setting next_dagrun for example_short_circuit_operator to 2024-09-18T14:51:52.186874+00:00, run_after=2024-09-19T14:51:52.186874+00:00
[2024-09-19T14:51:52.195+0000] {processor.py:179} INFO - Processing /home/airflow/.local/lib/python3.7/site-packages/airflow/example_dags/example_short_circuit_operator.py took 0.046 seconds
[2024-09-19T14:52:23.039+0000] {processor.py:157} INFO - Started process (PID=494) to work on /home/airflow/.local/lib/python3.7/site-packages/airflow/example_dags/example_short_circuit_operator.py
[2024-09-19T14:52:23.039+0000] {processor.py:826} INFO - Processing file /home/airflow/.local/lib/python3.7/site-packages/airflow/example_dags/example_short_circuit_operator.py for tasks to queue
[2024-09-19T14:52:23.040+0000] {logging_mixin.py:150} INFO - [2024-09-19T14:52:23.040+0000] {dagbag.py:541} INFO - Filling up the DagBag from /home/airflow/.local/lib/python3.7/site-packages/airflow/example_dags/example_short_circuit_operator.py
[2024-09-19T14:52:23.045+0000] {processor.py:836} INFO - DAG(s) dict_keys(['example_short_circuit_operator']) retrieved from /home/airflow/.local/lib/python3.7/site-packages/airflow/example_dags/example_short_circuit_operator.py
[2024-09-19T14:52:23.062+0000] {logging_mixin.py:150} INFO - [2024-09-19T14:52:23.062+0000] {dag.py:2742} INFO - Sync 1 DAGs
[2024-09-19T14:52:23.075+0000] {logging_mixin.py:150} INFO - [2024-09-19T14:52:23.075+0000] {dag.py:3508} INFO - Setting next_dagrun for example_short_circuit_operator to 2024-09-18T14:52:23.074915+00:00, run_after=2024-09-19T14:52:23.074915+00:00
[2024-09-19T14:52:23.087+0000] {processor.py:179} INFO - Processing /home/airflow/.local/lib/python3.7/site-packages/airflow/example_dags/example_short_circuit_operator.py took 0.049 seconds
[2024-09-19T14:52:53.903+0000] {processor.py:157} INFO - Started process (PID=555) to work on /home/airflow/.local/lib/python3.7/site-packages/airflow/example_dags/example_short_circuit_operator.py
[2024-09-19T14:52:53.903+0000] {processor.py:826} INFO - Processing file /home/airflow/.local/lib/python3.7/site-packages/airflow/example_dags/example_short_circuit_operator.py for tasks to queue
[2024-09-19T14:52:53.904+0000] {logging_mixin.py:150} INFO - [2024-09-19T14:52:53.904+0000] {dagbag.py:541} INFO - Filling up the DagBag from /home/airflow/.local/lib/python3.7/site-packages/airflow/example_dags/example_short_circuit_operator.py
[2024-09-19T14:52:53.908+0000] {processor.py:836} INFO - DAG(s) dict_keys(['example_short_circuit_operator']) retrieved from /home/airflow/.local/lib/python3.7/site-packages/airflow/example_dags/example_short_circuit_operator.py
[2024-09-19T14:52:53.920+0000] {logging_mixin.py:150} INFO - [2024-09-19T14:52:53.919+0000] {dag.py:2742} INFO - Sync 1 DAGs
[2024-09-19T14:52:53.930+0000] {logging_mixin.py:150} INFO - [2024-09-19T14:52:53.930+0000] {dag.py:3508} INFO - Setting next_dagrun for example_short_circuit_operator to 2024-09-18T14:52:53.930751+00:00, run_after=2024-09-19T14:52:53.930751+00:00
[2024-09-19T14:52:53.938+0000] {processor.py:179} INFO - Processing /home/airflow/.local/lib/python3.7/site-packages/airflow/example_dags/example_short_circuit_operator.py took 0.037 seconds
[2024-09-19T14:53:24.784+0000] {processor.py:157} INFO - Started process (PID=616) to work on /home/airflow/.local/lib/python3.7/site-packages/airflow/example_dags/example_short_circuit_operator.py
[2024-09-19T14:53:24.785+0000] {processor.py:826} INFO - Processing file /home/airflow/.local/lib/python3.7/site-packages/airflow/example_dags/example_short_circuit_operator.py for tasks to queue
[2024-09-19T14:53:24.785+0000] {logging_mixin.py:150} INFO - [2024-09-19T14:53:24.785+0000] {dagbag.py:541} INFO - Filling up the DagBag from /home/airflow/.local/lib/python3.7/site-packages/airflow/example_dags/example_short_circuit_operator.py
[2024-09-19T14:53:24.789+0000] {processor.py:836} INFO - DAG(s) dict_keys(['example_short_circuit_operator']) retrieved from /home/airflow/.local/lib/python3.7/site-packages/airflow/example_dags/example_short_circuit_operator.py
[2024-09-19T14:53:24.803+0000] {logging_mixin.py:150} INFO - [2024-09-19T14:53:24.803+0000] {dag.py:2742} INFO - Sync 1 DAGs
[2024-09-19T14:53:24.814+0000] {logging_mixin.py:150} INFO - [2024-09-19T14:53:24.814+0000] {dag.py:3508} INFO - Setting next_dagrun for example_short_circuit_operator to 2024-09-18T14:53:24.814251+00:00, run_after=2024-09-19T14:53:24.814251+00:00
[2024-09-19T14:53:24.822+0000] {processor.py:179} INFO - Processing /home/airflow/.local/lib/python3.7/site-packages/airflow/example_dags/example_short_circuit_operator.py took 0.039 seconds
[2024-09-19T14:53:55.496+0000] {processor.py:157} INFO - Started process (PID=677) to work on /home/airflow/.local/lib/python3.7/site-packages/airflow/example_dags/example_short_circuit_operator.py
[2024-09-19T14:53:55.496+0000] {processor.py:826} INFO - Processing file /home/airflow/.local/lib/python3.7/site-packages/airflow/example_dags/example_short_circuit_operator.py for tasks to queue
[2024-09-19T14:53:55.497+0000] {logging_mixin.py:150} INFO - [2024-09-19T14:53:55.497+0000] {dagbag.py:541} INFO - Filling up the DagBag from /home/airflow/.local/lib/python3.7/site-packages/airflow/example_dags/example_short_circuit_operator.py
[2024-09-19T14:53:55.502+0000] {processor.py:836} INFO - DAG(s) dict_keys(['example_short_circuit_operator']) retrieved from /home/airflow/.local/lib/python3.7/site-packages/airflow/example_dags/example_short_circuit_operator.py
[2024-09-19T14:53:55.515+0000] {logging_mixin.py:150} INFO - [2024-09-19T14:53:55.515+0000] {dag.py:2742} INFO - Sync 1 DAGs
[2024-09-19T14:53:55.526+0000] {logging_mixin.py:150} INFO - [2024-09-19T14:53:55.526+0000] {dag.py:3508} INFO - Setting next_dagrun for example_short_circuit_operator to 2024-09-18T14:53:55.526772+00:00, run_after=2024-09-19T14:53:55.526772+00:00
[2024-09-19T14:53:55.537+0000] {processor.py:179} INFO - Processing /home/airflow/.local/lib/python3.7/site-packages/airflow/example_dags/example_short_circuit_operator.py took 0.043 seconds
[2024-09-19T14:54:26.241+0000] {processor.py:157} INFO - Started process (PID=738) to work on /home/airflow/.local/lib/python3.7/site-packages/airflow/example_dags/example_short_circuit_operator.py
[2024-09-19T14:54:26.242+0000] {processor.py:826} INFO - Processing file /home/airflow/.local/lib/python3.7/site-packages/airflow/example_dags/example_short_circuit_operator.py for tasks to queue
[2024-09-19T14:54:26.242+0000] {logging_mixin.py:150} INFO - [2024-09-19T14:54:26.242+0000] {dagbag.py:541} INFO - Filling up the DagBag from /home/airflow/.local/lib/python3.7/site-packages/airflow/example_dags/example_short_circuit_operator.py
[2024-09-19T14:54:26.246+0000] {processor.py:836} INFO - DAG(s) dict_keys(['example_short_circuit_operator']) retrieved from /home/airflow/.local/lib/python3.7/site-packages/airflow/example_dags/example_short_circuit_operator.py
[2024-09-19T14:54:26.257+0000] {logging_mixin.py:150} INFO - [2024-09-19T14:54:26.257+0000] {dag.py:2742} INFO - Sync 1 DAGs
[2024-09-19T14:54:26.269+0000] {logging_mixin.py:150} INFO - [2024-09-19T14:54:26.269+0000] {dag.py:3508} INFO - Setting next_dagrun for example_short_circuit_operator to 2024-09-18T14:54:26.268904+00:00, run_after=2024-09-19T14:54:26.268904+00:00
[2024-09-19T14:54:26.276+0000] {processor.py:179} INFO - Processing /home/airflow/.local/lib/python3.7/site-packages/airflow/example_dags/example_short_circuit_operator.py took 0.037 seconds
[2024-09-19T14:54:56.996+0000] {processor.py:157} INFO - Started process (PID=799) to work on /home/airflow/.local/lib/python3.7/site-packages/airflow/example_dags/example_short_circuit_operator.py
[2024-09-19T14:54:56.996+0000] {processor.py:826} INFO - Processing file /home/airflow/.local/lib/python3.7/site-packages/airflow/example_dags/example_short_circuit_operator.py for tasks to queue
[2024-09-19T14:54:56.996+0000] {logging_mixin.py:150} INFO - [2024-09-19T14:54:56.996+0000] {dagbag.py:541} INFO - Filling up the DagBag from /home/airflow/.local/lib/python3.7/site-packages/airflow/example_dags/example_short_circuit_operator.py
[2024-09-19T14:54:57.003+0000] {processor.py:836} INFO - DAG(s) dict_keys(['example_short_circuit_operator']) retrieved from /home/airflow/.local/lib/python3.7/site-packages/airflow/example_dags/example_short_circuit_operator.py
[2024-09-19T14:54:57.020+0000] {logging_mixin.py:150} INFO - [2024-09-19T14:54:57.020+0000] {dag.py:2742} INFO - Sync 1 DAGs
[2024-09-19T14:54:57.031+0000] {logging_mixin.py:150} INFO - [2024-09-19T14:54:57.031+0000] {dag.py:3508} INFO - Setting next_dagrun for example_short_circuit_operator to 2024-09-18T14:54:57.031182+00:00, run_after=2024-09-19T14:54:57.031182+00:00
[2024-09-19T14:54:57.042+0000] {processor.py:179} INFO - Processing /home/airflow/.local/lib/python3.7/site-packages/airflow/example_dags/example_short_circuit_operator.py took 0.048 seconds
