[2024-09-19T14:48:48.813+0000] {processor.py:157} INFO - Started process (PID=62) to work on /home/airflow/.local/lib/python3.7/site-packages/airflow/example_dags/example_nested_branch_dag.py
[2024-09-19T14:48:48.815+0000] {processor.py:826} INFO - Processing file /home/airflow/.local/lib/python3.7/site-packages/airflow/example_dags/example_nested_branch_dag.py for tasks to queue
[2024-09-19T14:48:48.816+0000] {logging_mixin.py:150} INFO - [2024-09-19T14:48:48.816+0000] {dagbag.py:541} INFO - Filling up the DagBag from /home/airflow/.local/lib/python3.7/site-packages/airflow/example_dags/example_nested_branch_dag.py
[2024-09-19T14:48:48.827+0000] {processor.py:836} INFO - DAG(s) dict_keys(['example_nested_branch_dag']) retrieved from /home/airflow/.local/lib/python3.7/site-packages/airflow/example_dags/example_nested_branch_dag.py
[2024-09-19T14:48:48.841+0000] {logging_mixin.py:150} INFO - [2024-09-19T14:48:48.840+0000] {dag.py:2742} INFO - Sync 1 DAGs
[2024-09-19T14:48:48.867+0000] {logging_mixin.py:150} INFO - [2024-09-19T14:48:48.867+0000] {dag.py:3508} INFO - Setting next_dagrun for example_nested_branch_dag to 2024-09-18T00:00:00+00:00, run_after=2024-09-19T00:00:00+00:00
[2024-09-19T14:48:48.896+0000] {processor.py:179} INFO - Processing /home/airflow/.local/lib/python3.7/site-packages/airflow/example_dags/example_nested_branch_dag.py took 0.087 seconds
[2024-09-19T14:49:19.102+0000] {processor.py:157} INFO - Started process (PID=123) to work on /home/airflow/.local/lib/python3.7/site-packages/airflow/example_dags/example_nested_branch_dag.py
[2024-09-19T14:49:19.103+0000] {processor.py:826} INFO - Processing file /home/airflow/.local/lib/python3.7/site-packages/airflow/example_dags/example_nested_branch_dag.py for tasks to queue
[2024-09-19T14:49:19.104+0000] {logging_mixin.py:150} INFO - [2024-09-19T14:49:19.104+0000] {dagbag.py:541} INFO - Filling up the DagBag from /home/airflow/.local/lib/python3.7/site-packages/airflow/example_dags/example_nested_branch_dag.py
[2024-09-19T14:49:19.109+0000] {processor.py:836} INFO - DAG(s) dict_keys(['example_nested_branch_dag']) retrieved from /home/airflow/.local/lib/python3.7/site-packages/airflow/example_dags/example_nested_branch_dag.py
[2024-09-19T14:49:19.122+0000] {logging_mixin.py:150} INFO - [2024-09-19T14:49:19.122+0000] {dag.py:2742} INFO - Sync 1 DAGs
[2024-09-19T14:49:19.134+0000] {logging_mixin.py:150} INFO - [2024-09-19T14:49:19.134+0000] {dag.py:3508} INFO - Setting next_dagrun for example_nested_branch_dag to 2024-09-18T00:00:00+00:00, run_after=2024-09-19T00:00:00+00:00
[2024-09-19T14:49:19.144+0000] {processor.py:179} INFO - Processing /home/airflow/.local/lib/python3.7/site-packages/airflow/example_dags/example_nested_branch_dag.py took 0.044 seconds
[2024-09-19T14:49:49.889+0000] {processor.py:157} INFO - Started process (PID=184) to work on /home/airflow/.local/lib/python3.7/site-packages/airflow/example_dags/example_nested_branch_dag.py
[2024-09-19T14:49:49.889+0000] {processor.py:826} INFO - Processing file /home/airflow/.local/lib/python3.7/site-packages/airflow/example_dags/example_nested_branch_dag.py for tasks to queue
[2024-09-19T14:49:49.890+0000] {logging_mixin.py:150} INFO - [2024-09-19T14:49:49.890+0000] {dagbag.py:541} INFO - Filling up the DagBag from /home/airflow/.local/lib/python3.7/site-packages/airflow/example_dags/example_nested_branch_dag.py
[2024-09-19T14:49:49.894+0000] {processor.py:836} INFO - DAG(s) dict_keys(['example_nested_branch_dag']) retrieved from /home/airflow/.local/lib/python3.7/site-packages/airflow/example_dags/example_nested_branch_dag.py
[2024-09-19T14:49:49.909+0000] {logging_mixin.py:150} INFO - [2024-09-19T14:49:49.909+0000] {dag.py:2742} INFO - Sync 1 DAGs
[2024-09-19T14:49:49.922+0000] {logging_mixin.py:150} INFO - [2024-09-19T14:49:49.922+0000] {dag.py:3508} INFO - Setting next_dagrun for example_nested_branch_dag to 2024-09-18T00:00:00+00:00, run_after=2024-09-19T00:00:00+00:00
[2024-09-19T14:49:49.934+0000] {processor.py:179} INFO - Processing /home/airflow/.local/lib/python3.7/site-packages/airflow/example_dags/example_nested_branch_dag.py took 0.047 seconds
[2024-09-19T14:50:20.692+0000] {processor.py:157} INFO - Started process (PID=245) to work on /home/airflow/.local/lib/python3.7/site-packages/airflow/example_dags/example_nested_branch_dag.py
[2024-09-19T14:50:20.693+0000] {processor.py:826} INFO - Processing file /home/airflow/.local/lib/python3.7/site-packages/airflow/example_dags/example_nested_branch_dag.py for tasks to queue
[2024-09-19T14:50:20.693+0000] {logging_mixin.py:150} INFO - [2024-09-19T14:50:20.693+0000] {dagbag.py:541} INFO - Filling up the DagBag from /home/airflow/.local/lib/python3.7/site-packages/airflow/example_dags/example_nested_branch_dag.py
[2024-09-19T14:50:20.700+0000] {processor.py:836} INFO - DAG(s) dict_keys(['example_nested_branch_dag']) retrieved from /home/airflow/.local/lib/python3.7/site-packages/airflow/example_dags/example_nested_branch_dag.py
[2024-09-19T14:50:20.717+0000] {logging_mixin.py:150} INFO - [2024-09-19T14:50:20.717+0000] {dag.py:2742} INFO - Sync 1 DAGs
[2024-09-19T14:50:20.735+0000] {logging_mixin.py:150} INFO - [2024-09-19T14:50:20.735+0000] {dag.py:3508} INFO - Setting next_dagrun for example_nested_branch_dag to 2024-09-18T00:00:00+00:00, run_after=2024-09-19T00:00:00+00:00
[2024-09-19T14:50:20.743+0000] {processor.py:179} INFO - Processing /home/airflow/.local/lib/python3.7/site-packages/airflow/example_dags/example_nested_branch_dag.py took 0.053 seconds
[2024-09-19T14:50:51.625+0000] {processor.py:157} INFO - Started process (PID=306) to work on /home/airflow/.local/lib/python3.7/site-packages/airflow/example_dags/example_nested_branch_dag.py
[2024-09-19T14:50:51.625+0000] {processor.py:826} INFO - Processing file /home/airflow/.local/lib/python3.7/site-packages/airflow/example_dags/example_nested_branch_dag.py for tasks to queue
[2024-09-19T14:50:51.625+0000] {logging_mixin.py:150} INFO - [2024-09-19T14:50:51.625+0000] {dagbag.py:541} INFO - Filling up the DagBag from /home/airflow/.local/lib/python3.7/site-packages/airflow/example_dags/example_nested_branch_dag.py
[2024-09-19T14:50:51.630+0000] {processor.py:836} INFO - DAG(s) dict_keys(['example_nested_branch_dag']) retrieved from /home/airflow/.local/lib/python3.7/site-packages/airflow/example_dags/example_nested_branch_dag.py
[2024-09-19T14:50:51.641+0000] {logging_mixin.py:150} INFO - [2024-09-19T14:50:51.641+0000] {dag.py:2742} INFO - Sync 1 DAGs
[2024-09-19T14:50:51.652+0000] {logging_mixin.py:150} INFO - [2024-09-19T14:50:51.652+0000] {dag.py:3508} INFO - Setting next_dagrun for example_nested_branch_dag to 2024-09-18T00:00:00+00:00, run_after=2024-09-19T00:00:00+00:00
[2024-09-19T14:50:51.660+0000] {processor.py:179} INFO - Processing /home/airflow/.local/lib/python3.7/site-packages/airflow/example_dags/example_nested_branch_dag.py took 0.037 seconds
[2024-09-19T14:51:21.799+0000] {processor.py:157} INFO - Started process (PID=367) to work on /home/airflow/.local/lib/python3.7/site-packages/airflow/example_dags/example_nested_branch_dag.py
[2024-09-19T14:51:21.799+0000] {processor.py:826} INFO - Processing file /home/airflow/.local/lib/python3.7/site-packages/airflow/example_dags/example_nested_branch_dag.py for tasks to queue
[2024-09-19T14:51:21.800+0000] {logging_mixin.py:150} INFO - [2024-09-19T14:51:21.800+0000] {dagbag.py:541} INFO - Filling up the DagBag from /home/airflow/.local/lib/python3.7/site-packages/airflow/example_dags/example_nested_branch_dag.py
[2024-09-19T14:51:21.804+0000] {processor.py:836} INFO - DAG(s) dict_keys(['example_nested_branch_dag']) retrieved from /home/airflow/.local/lib/python3.7/site-packages/airflow/example_dags/example_nested_branch_dag.py
[2024-09-19T14:51:21.821+0000] {logging_mixin.py:150} INFO - [2024-09-19T14:51:21.821+0000] {dag.py:2742} INFO - Sync 1 DAGs
[2024-09-19T14:51:21.835+0000] {logging_mixin.py:150} INFO - [2024-09-19T14:51:21.835+0000] {dag.py:3508} INFO - Setting next_dagrun for example_nested_branch_dag to 2024-09-18T00:00:00+00:00, run_after=2024-09-19T00:00:00+00:00
[2024-09-19T14:51:21.845+0000] {processor.py:179} INFO - Processing /home/airflow/.local/lib/python3.7/site-packages/airflow/example_dags/example_nested_branch_dag.py took 0.048 seconds
[2024-09-19T14:51:52.030+0000] {processor.py:157} INFO - Started process (PID=428) to work on /home/airflow/.local/lib/python3.7/site-packages/airflow/example_dags/example_nested_branch_dag.py
[2024-09-19T14:51:52.031+0000] {processor.py:826} INFO - Processing file /home/airflow/.local/lib/python3.7/site-packages/airflow/example_dags/example_nested_branch_dag.py for tasks to queue
[2024-09-19T14:51:52.031+0000] {logging_mixin.py:150} INFO - [2024-09-19T14:51:52.031+0000] {dagbag.py:541} INFO - Filling up the DagBag from /home/airflow/.local/lib/python3.7/site-packages/airflow/example_dags/example_nested_branch_dag.py
[2024-09-19T14:51:52.036+0000] {processor.py:836} INFO - DAG(s) dict_keys(['example_nested_branch_dag']) retrieved from /home/airflow/.local/lib/python3.7/site-packages/airflow/example_dags/example_nested_branch_dag.py
[2024-09-19T14:51:52.050+0000] {logging_mixin.py:150} INFO - [2024-09-19T14:51:52.050+0000] {dag.py:2742} INFO - Sync 1 DAGs
[2024-09-19T14:51:52.062+0000] {logging_mixin.py:150} INFO - [2024-09-19T14:51:52.062+0000] {dag.py:3508} INFO - Setting next_dagrun for example_nested_branch_dag to 2024-09-18T00:00:00+00:00, run_after=2024-09-19T00:00:00+00:00
[2024-09-19T14:51:52.072+0000] {processor.py:179} INFO - Processing /home/airflow/.local/lib/python3.7/site-packages/airflow/example_dags/example_nested_branch_dag.py took 0.043 seconds
[2024-09-19T14:52:22.864+0000] {processor.py:157} INFO - Started process (PID=489) to work on /home/airflow/.local/lib/python3.7/site-packages/airflow/example_dags/example_nested_branch_dag.py
[2024-09-19T14:52:22.865+0000] {processor.py:826} INFO - Processing file /home/airflow/.local/lib/python3.7/site-packages/airflow/example_dags/example_nested_branch_dag.py for tasks to queue
[2024-09-19T14:52:22.865+0000] {logging_mixin.py:150} INFO - [2024-09-19T14:52:22.865+0000] {dagbag.py:541} INFO - Filling up the DagBag from /home/airflow/.local/lib/python3.7/site-packages/airflow/example_dags/example_nested_branch_dag.py
[2024-09-19T14:52:22.869+0000] {processor.py:836} INFO - DAG(s) dict_keys(['example_nested_branch_dag']) retrieved from /home/airflow/.local/lib/python3.7/site-packages/airflow/example_dags/example_nested_branch_dag.py
[2024-09-19T14:52:22.880+0000] {logging_mixin.py:150} INFO - [2024-09-19T14:52:22.880+0000] {dag.py:2742} INFO - Sync 1 DAGs
[2024-09-19T14:52:22.891+0000] {logging_mixin.py:150} INFO - [2024-09-19T14:52:22.891+0000] {dag.py:3508} INFO - Setting next_dagrun for example_nested_branch_dag to 2024-09-18T00:00:00+00:00, run_after=2024-09-19T00:00:00+00:00
[2024-09-19T14:52:22.899+0000] {processor.py:179} INFO - Processing /home/airflow/.local/lib/python3.7/site-packages/airflow/example_dags/example_nested_branch_dag.py took 0.036 seconds
[2024-09-19T14:52:53.752+0000] {processor.py:157} INFO - Started process (PID=550) to work on /home/airflow/.local/lib/python3.7/site-packages/airflow/example_dags/example_nested_branch_dag.py
[2024-09-19T14:52:53.752+0000] {processor.py:826} INFO - Processing file /home/airflow/.local/lib/python3.7/site-packages/airflow/example_dags/example_nested_branch_dag.py for tasks to queue
[2024-09-19T14:52:53.753+0000] {logging_mixin.py:150} INFO - [2024-09-19T14:52:53.752+0000] {dagbag.py:541} INFO - Filling up the DagBag from /home/airflow/.local/lib/python3.7/site-packages/airflow/example_dags/example_nested_branch_dag.py
[2024-09-19T14:52:53.758+0000] {processor.py:836} INFO - DAG(s) dict_keys(['example_nested_branch_dag']) retrieved from /home/airflow/.local/lib/python3.7/site-packages/airflow/example_dags/example_nested_branch_dag.py
[2024-09-19T14:52:53.772+0000] {logging_mixin.py:150} INFO - [2024-09-19T14:52:53.772+0000] {dag.py:2742} INFO - Sync 1 DAGs
[2024-09-19T14:52:53.787+0000] {logging_mixin.py:150} INFO - [2024-09-19T14:52:53.786+0000] {dag.py:3508} INFO - Setting next_dagrun for example_nested_branch_dag to 2024-09-18T00:00:00+00:00, run_after=2024-09-19T00:00:00+00:00
[2024-09-19T14:52:53.798+0000] {processor.py:179} INFO - Processing /home/airflow/.local/lib/python3.7/site-packages/airflow/example_dags/example_nested_branch_dag.py took 0.048 seconds
[2024-09-19T14:53:24.639+0000] {processor.py:157} INFO - Started process (PID=611) to work on /home/airflow/.local/lib/python3.7/site-packages/airflow/example_dags/example_nested_branch_dag.py
[2024-09-19T14:53:24.640+0000] {processor.py:826} INFO - Processing file /home/airflow/.local/lib/python3.7/site-packages/airflow/example_dags/example_nested_branch_dag.py for tasks to queue
[2024-09-19T14:53:24.640+0000] {logging_mixin.py:150} INFO - [2024-09-19T14:53:24.640+0000] {dagbag.py:541} INFO - Filling up the DagBag from /home/airflow/.local/lib/python3.7/site-packages/airflow/example_dags/example_nested_branch_dag.py
[2024-09-19T14:53:24.645+0000] {processor.py:836} INFO - DAG(s) dict_keys(['example_nested_branch_dag']) retrieved from /home/airflow/.local/lib/python3.7/site-packages/airflow/example_dags/example_nested_branch_dag.py
[2024-09-19T14:53:24.657+0000] {logging_mixin.py:150} INFO - [2024-09-19T14:53:24.657+0000] {dag.py:2742} INFO - Sync 1 DAGs
[2024-09-19T14:53:24.671+0000] {logging_mixin.py:150} INFO - [2024-09-19T14:53:24.671+0000] {dag.py:3508} INFO - Setting next_dagrun for example_nested_branch_dag to 2024-09-18T00:00:00+00:00, run_after=2024-09-19T00:00:00+00:00
[2024-09-19T14:53:24.680+0000] {processor.py:179} INFO - Processing /home/airflow/.local/lib/python3.7/site-packages/airflow/example_dags/example_nested_branch_dag.py took 0.042 seconds
[2024-09-19T14:53:55.344+0000] {processor.py:157} INFO - Started process (PID=672) to work on /home/airflow/.local/lib/python3.7/site-packages/airflow/example_dags/example_nested_branch_dag.py
[2024-09-19T14:53:55.345+0000] {processor.py:826} INFO - Processing file /home/airflow/.local/lib/python3.7/site-packages/airflow/example_dags/example_nested_branch_dag.py for tasks to queue
[2024-09-19T14:53:55.345+0000] {logging_mixin.py:150} INFO - [2024-09-19T14:53:55.345+0000] {dagbag.py:541} INFO - Filling up the DagBag from /home/airflow/.local/lib/python3.7/site-packages/airflow/example_dags/example_nested_branch_dag.py
[2024-09-19T14:53:55.351+0000] {processor.py:836} INFO - DAG(s) dict_keys(['example_nested_branch_dag']) retrieved from /home/airflow/.local/lib/python3.7/site-packages/airflow/example_dags/example_nested_branch_dag.py
[2024-09-19T14:53:55.363+0000] {logging_mixin.py:150} INFO - [2024-09-19T14:53:55.363+0000] {dag.py:2742} INFO - Sync 1 DAGs
[2024-09-19T14:53:55.376+0000] {logging_mixin.py:150} INFO - [2024-09-19T14:53:55.375+0000] {dag.py:3508} INFO - Setting next_dagrun for example_nested_branch_dag to 2024-09-18T00:00:00+00:00, run_after=2024-09-19T00:00:00+00:00
[2024-09-19T14:53:55.385+0000] {processor.py:179} INFO - Processing /home/airflow/.local/lib/python3.7/site-packages/airflow/example_dags/example_nested_branch_dag.py took 0.043 seconds
[2024-09-19T14:54:26.099+0000] {processor.py:157} INFO - Started process (PID=733) to work on /home/airflow/.local/lib/python3.7/site-packages/airflow/example_dags/example_nested_branch_dag.py
[2024-09-19T14:54:26.099+0000] {processor.py:826} INFO - Processing file /home/airflow/.local/lib/python3.7/site-packages/airflow/example_dags/example_nested_branch_dag.py for tasks to queue
[2024-09-19T14:54:26.100+0000] {logging_mixin.py:150} INFO - [2024-09-19T14:54:26.100+0000] {dagbag.py:541} INFO - Filling up the DagBag from /home/airflow/.local/lib/python3.7/site-packages/airflow/example_dags/example_nested_branch_dag.py
[2024-09-19T14:54:26.105+0000] {processor.py:836} INFO - DAG(s) dict_keys(['example_nested_branch_dag']) retrieved from /home/airflow/.local/lib/python3.7/site-packages/airflow/example_dags/example_nested_branch_dag.py
[2024-09-19T14:54:26.117+0000] {logging_mixin.py:150} INFO - [2024-09-19T14:54:26.117+0000] {dag.py:2742} INFO - Sync 1 DAGs
[2024-09-19T14:54:26.133+0000] {logging_mixin.py:150} INFO - [2024-09-19T14:54:26.133+0000] {dag.py:3508} INFO - Setting next_dagrun for example_nested_branch_dag to 2024-09-18T00:00:00+00:00, run_after=2024-09-19T00:00:00+00:00
[2024-09-19T14:54:26.142+0000] {processor.py:179} INFO - Processing /home/airflow/.local/lib/python3.7/site-packages/airflow/example_dags/example_nested_branch_dag.py took 0.044 seconds
[2024-09-19T14:54:56.855+0000] {processor.py:157} INFO - Started process (PID=794) to work on /home/airflow/.local/lib/python3.7/site-packages/airflow/example_dags/example_nested_branch_dag.py
[2024-09-19T14:54:56.855+0000] {processor.py:826} INFO - Processing file /home/airflow/.local/lib/python3.7/site-packages/airflow/example_dags/example_nested_branch_dag.py for tasks to queue
[2024-09-19T14:54:56.855+0000] {logging_mixin.py:150} INFO - [2024-09-19T14:54:56.855+0000] {dagbag.py:541} INFO - Filling up the DagBag from /home/airflow/.local/lib/python3.7/site-packages/airflow/example_dags/example_nested_branch_dag.py
[2024-09-19T14:54:56.860+0000] {processor.py:836} INFO - DAG(s) dict_keys(['example_nested_branch_dag']) retrieved from /home/airflow/.local/lib/python3.7/site-packages/airflow/example_dags/example_nested_branch_dag.py
[2024-09-19T14:54:56.871+0000] {logging_mixin.py:150} INFO - [2024-09-19T14:54:56.871+0000] {dag.py:2742} INFO - Sync 1 DAGs
[2024-09-19T14:54:56.882+0000] {logging_mixin.py:150} INFO - [2024-09-19T14:54:56.882+0000] {dag.py:3508} INFO - Setting next_dagrun for example_nested_branch_dag to 2024-09-18T00:00:00+00:00, run_after=2024-09-19T00:00:00+00:00
[2024-09-19T14:54:56.890+0000] {processor.py:179} INFO - Processing /home/airflow/.local/lib/python3.7/site-packages/airflow/example_dags/example_nested_branch_dag.py took 0.037 seconds
