[2024-09-19T14:48:48.967+0000] {processor.py:157} INFO - Started process (PID=65) to work on /home/airflow/.local/lib/python3.7/site-packages/airflow/example_dags/example_branch_operator_decorator.py
[2024-09-19T14:48:48.972+0000] {processor.py:826} INFO - Processing file /home/airflow/.local/lib/python3.7/site-packages/airflow/example_dags/example_branch_operator_decorator.py for tasks to queue
[2024-09-19T14:48:48.974+0000] {logging_mixin.py:150} INFO - [2024-09-19T14:48:48.974+0000] {dagbag.py:541} INFO - Filling up the DagBag from /home/airflow/.local/lib/python3.7/site-packages/airflow/example_dags/example_branch_operator_decorator.py
[2024-09-19T14:48:48.987+0000] {processor.py:836} INFO - DAG(s) dict_keys(['example_branch_python_operator_decorator']) retrieved from /home/airflow/.local/lib/python3.7/site-packages/airflow/example_dags/example_branch_operator_decorator.py
[2024-09-19T14:48:49.000+0000] {logging_mixin.py:150} INFO - [2024-09-19T14:48:48.999+0000] {dag.py:2742} INFO - Sync 1 DAGs
[2024-09-19T14:48:49.021+0000] {logging_mixin.py:150} INFO - [2024-09-19T14:48:49.021+0000] {dag.py:3508} INFO - Setting next_dagrun for example_branch_python_operator_decorator to 2024-09-18T00:00:00+00:00, run_after=2024-09-19T00:00:00+00:00
[2024-09-19T14:48:49.037+0000] {processor.py:179} INFO - Processing /home/airflow/.local/lib/python3.7/site-packages/airflow/example_dags/example_branch_operator_decorator.py took 0.075 seconds
[2024-09-19T14:49:19.161+0000] {processor.py:157} INFO - Started process (PID=126) to work on /home/airflow/.local/lib/python3.7/site-packages/airflow/example_dags/example_branch_operator_decorator.py
[2024-09-19T14:49:19.161+0000] {processor.py:826} INFO - Processing file /home/airflow/.local/lib/python3.7/site-packages/airflow/example_dags/example_branch_operator_decorator.py for tasks to queue
[2024-09-19T14:49:19.162+0000] {logging_mixin.py:150} INFO - [2024-09-19T14:49:19.162+0000] {dagbag.py:541} INFO - Filling up the DagBag from /home/airflow/.local/lib/python3.7/site-packages/airflow/example_dags/example_branch_operator_decorator.py
[2024-09-19T14:49:19.166+0000] {processor.py:836} INFO - DAG(s) dict_keys(['example_branch_python_operator_decorator']) retrieved from /home/airflow/.local/lib/python3.7/site-packages/airflow/example_dags/example_branch_operator_decorator.py
[2024-09-19T14:49:19.187+0000] {logging_mixin.py:150} INFO - [2024-09-19T14:49:19.187+0000] {dag.py:2742} INFO - Sync 1 DAGs
[2024-09-19T14:49:19.202+0000] {logging_mixin.py:150} INFO - [2024-09-19T14:49:19.202+0000] {dag.py:3508} INFO - Setting next_dagrun for example_branch_python_operator_decorator to 2024-09-18T00:00:00+00:00, run_after=2024-09-19T00:00:00+00:00
[2024-09-19T14:49:19.210+0000] {processor.py:179} INFO - Processing /home/airflow/.local/lib/python3.7/site-packages/airflow/example_dags/example_branch_operator_decorator.py took 0.051 seconds
[2024-09-19T14:49:49.973+0000] {processor.py:157} INFO - Started process (PID=187) to work on /home/airflow/.local/lib/python3.7/site-packages/airflow/example_dags/example_branch_operator_decorator.py
[2024-09-19T14:49:49.974+0000] {processor.py:826} INFO - Processing file /home/airflow/.local/lib/python3.7/site-packages/airflow/example_dags/example_branch_operator_decorator.py for tasks to queue
[2024-09-19T14:49:49.974+0000] {logging_mixin.py:150} INFO - [2024-09-19T14:49:49.974+0000] {dagbag.py:541} INFO - Filling up the DagBag from /home/airflow/.local/lib/python3.7/site-packages/airflow/example_dags/example_branch_operator_decorator.py
[2024-09-19T14:49:49.979+0000] {processor.py:836} INFO - DAG(s) dict_keys(['example_branch_python_operator_decorator']) retrieved from /home/airflow/.local/lib/python3.7/site-packages/airflow/example_dags/example_branch_operator_decorator.py
[2024-09-19T14:49:49.997+0000] {logging_mixin.py:150} INFO - [2024-09-19T14:49:49.997+0000] {dag.py:2742} INFO - Sync 1 DAGs
[2024-09-19T14:49:50.011+0000] {logging_mixin.py:150} INFO - [2024-09-19T14:49:50.011+0000] {dag.py:3508} INFO - Setting next_dagrun for example_branch_python_operator_decorator to 2024-09-18T00:00:00+00:00, run_after=2024-09-19T00:00:00+00:00
[2024-09-19T14:49:50.021+0000] {processor.py:179} INFO - Processing /home/airflow/.local/lib/python3.7/site-packages/airflow/example_dags/example_branch_operator_decorator.py took 0.050 seconds
[2024-09-19T14:50:20.789+0000] {processor.py:157} INFO - Started process (PID=248) to work on /home/airflow/.local/lib/python3.7/site-packages/airflow/example_dags/example_branch_operator_decorator.py
[2024-09-19T14:50:20.790+0000] {processor.py:826} INFO - Processing file /home/airflow/.local/lib/python3.7/site-packages/airflow/example_dags/example_branch_operator_decorator.py for tasks to queue
[2024-09-19T14:50:20.790+0000] {logging_mixin.py:150} INFO - [2024-09-19T14:50:20.790+0000] {dagbag.py:541} INFO - Filling up the DagBag from /home/airflow/.local/lib/python3.7/site-packages/airflow/example_dags/example_branch_operator_decorator.py
[2024-09-19T14:50:20.796+0000] {processor.py:836} INFO - DAG(s) dict_keys(['example_branch_python_operator_decorator']) retrieved from /home/airflow/.local/lib/python3.7/site-packages/airflow/example_dags/example_branch_operator_decorator.py
[2024-09-19T14:50:20.808+0000] {logging_mixin.py:150} INFO - [2024-09-19T14:50:20.808+0000] {dag.py:2742} INFO - Sync 1 DAGs
[2024-09-19T14:50:20.826+0000] {logging_mixin.py:150} INFO - [2024-09-19T14:50:20.826+0000] {dag.py:3508} INFO - Setting next_dagrun for example_branch_python_operator_decorator to 2024-09-18T00:00:00+00:00, run_after=2024-09-19T00:00:00+00:00
[2024-09-19T14:50:20.839+0000] {processor.py:179} INFO - Processing /home/airflow/.local/lib/python3.7/site-packages/airflow/example_dags/example_branch_operator_decorator.py took 0.052 seconds
[2024-09-19T14:50:51.719+0000] {processor.py:157} INFO - Started process (PID=309) to work on /home/airflow/.local/lib/python3.7/site-packages/airflow/example_dags/example_branch_operator_decorator.py
[2024-09-19T14:50:51.719+0000] {processor.py:826} INFO - Processing file /home/airflow/.local/lib/python3.7/site-packages/airflow/example_dags/example_branch_operator_decorator.py for tasks to queue
[2024-09-19T14:50:51.720+0000] {logging_mixin.py:150} INFO - [2024-09-19T14:50:51.719+0000] {dagbag.py:541} INFO - Filling up the DagBag from /home/airflow/.local/lib/python3.7/site-packages/airflow/example_dags/example_branch_operator_decorator.py
[2024-09-19T14:50:51.725+0000] {processor.py:836} INFO - DAG(s) dict_keys(['example_branch_python_operator_decorator']) retrieved from /home/airflow/.local/lib/python3.7/site-packages/airflow/example_dags/example_branch_operator_decorator.py
[2024-09-19T14:50:51.742+0000] {logging_mixin.py:150} INFO - [2024-09-19T14:50:51.742+0000] {dag.py:2742} INFO - Sync 1 DAGs
[2024-09-19T14:50:51.758+0000] {logging_mixin.py:150} INFO - [2024-09-19T14:50:51.757+0000] {dag.py:3508} INFO - Setting next_dagrun for example_branch_python_operator_decorator to 2024-09-18T00:00:00+00:00, run_after=2024-09-19T00:00:00+00:00
[2024-09-19T14:50:51.770+0000] {processor.py:179} INFO - Processing /home/airflow/.local/lib/python3.7/site-packages/airflow/example_dags/example_branch_operator_decorator.py took 0.053 seconds
[2024-09-19T14:51:21.896+0000] {processor.py:157} INFO - Started process (PID=370) to work on /home/airflow/.local/lib/python3.7/site-packages/airflow/example_dags/example_branch_operator_decorator.py
[2024-09-19T14:51:21.897+0000] {processor.py:826} INFO - Processing file /home/airflow/.local/lib/python3.7/site-packages/airflow/example_dags/example_branch_operator_decorator.py for tasks to queue
[2024-09-19T14:51:21.897+0000] {logging_mixin.py:150} INFO - [2024-09-19T14:51:21.897+0000] {dagbag.py:541} INFO - Filling up the DagBag from /home/airflow/.local/lib/python3.7/site-packages/airflow/example_dags/example_branch_operator_decorator.py
[2024-09-19T14:51:21.902+0000] {processor.py:836} INFO - DAG(s) dict_keys(['example_branch_python_operator_decorator']) retrieved from /home/airflow/.local/lib/python3.7/site-packages/airflow/example_dags/example_branch_operator_decorator.py
[2024-09-19T14:51:21.921+0000] {logging_mixin.py:150} INFO - [2024-09-19T14:51:21.921+0000] {dag.py:2742} INFO - Sync 1 DAGs
[2024-09-19T14:51:21.935+0000] {logging_mixin.py:150} INFO - [2024-09-19T14:51:21.934+0000] {dag.py:3508} INFO - Setting next_dagrun for example_branch_python_operator_decorator to 2024-09-18T00:00:00+00:00, run_after=2024-09-19T00:00:00+00:00
[2024-09-19T14:51:21.955+0000] {processor.py:179} INFO - Processing /home/airflow/.local/lib/python3.7/site-packages/airflow/example_dags/example_branch_operator_decorator.py took 0.060 seconds
[2024-09-19T14:51:52.090+0000] {processor.py:157} INFO - Started process (PID=431) to work on /home/airflow/.local/lib/python3.7/site-packages/airflow/example_dags/example_branch_operator_decorator.py
[2024-09-19T14:51:52.091+0000] {processor.py:826} INFO - Processing file /home/airflow/.local/lib/python3.7/site-packages/airflow/example_dags/example_branch_operator_decorator.py for tasks to queue
[2024-09-19T14:51:52.091+0000] {logging_mixin.py:150} INFO - [2024-09-19T14:51:52.091+0000] {dagbag.py:541} INFO - Filling up the DagBag from /home/airflow/.local/lib/python3.7/site-packages/airflow/example_dags/example_branch_operator_decorator.py
[2024-09-19T14:51:52.100+0000] {processor.py:836} INFO - DAG(s) dict_keys(['example_branch_python_operator_decorator']) retrieved from /home/airflow/.local/lib/python3.7/site-packages/airflow/example_dags/example_branch_operator_decorator.py
[2024-09-19T14:51:52.117+0000] {logging_mixin.py:150} INFO - [2024-09-19T14:51:52.117+0000] {dag.py:2742} INFO - Sync 1 DAGs
[2024-09-19T14:51:52.128+0000] {logging_mixin.py:150} INFO - [2024-09-19T14:51:52.128+0000] {dag.py:3508} INFO - Setting next_dagrun for example_branch_python_operator_decorator to 2024-09-18T00:00:00+00:00, run_after=2024-09-19T00:00:00+00:00
[2024-09-19T14:51:52.136+0000] {processor.py:179} INFO - Processing /home/airflow/.local/lib/python3.7/site-packages/airflow/example_dags/example_branch_operator_decorator.py took 0.048 seconds
[2024-09-19T14:52:22.948+0000] {processor.py:157} INFO - Started process (PID=492) to work on /home/airflow/.local/lib/python3.7/site-packages/airflow/example_dags/example_branch_operator_decorator.py
[2024-09-19T14:52:22.950+0000] {processor.py:826} INFO - Processing file /home/airflow/.local/lib/python3.7/site-packages/airflow/example_dags/example_branch_operator_decorator.py for tasks to queue
[2024-09-19T14:52:22.950+0000] {logging_mixin.py:150} INFO - [2024-09-19T14:52:22.950+0000] {dagbag.py:541} INFO - Filling up the DagBag from /home/airflow/.local/lib/python3.7/site-packages/airflow/example_dags/example_branch_operator_decorator.py
[2024-09-19T14:52:22.956+0000] {processor.py:836} INFO - DAG(s) dict_keys(['example_branch_python_operator_decorator']) retrieved from /home/airflow/.local/lib/python3.7/site-packages/airflow/example_dags/example_branch_operator_decorator.py
[2024-09-19T14:52:22.970+0000] {logging_mixin.py:150} INFO - [2024-09-19T14:52:22.970+0000] {dag.py:2742} INFO - Sync 1 DAGs
[2024-09-19T14:52:22.982+0000] {logging_mixin.py:150} INFO - [2024-09-19T14:52:22.982+0000] {dag.py:3508} INFO - Setting next_dagrun for example_branch_python_operator_decorator to 2024-09-18T00:00:00+00:00, run_after=2024-09-19T00:00:00+00:00
[2024-09-19T14:52:22.993+0000] {processor.py:179} INFO - Processing /home/airflow/.local/lib/python3.7/site-packages/airflow/example_dags/example_branch_operator_decorator.py took 0.047 seconds
[2024-09-19T14:52:53.849+0000] {processor.py:157} INFO - Started process (PID=553) to work on /home/airflow/.local/lib/python3.7/site-packages/airflow/example_dags/example_branch_operator_decorator.py
[2024-09-19T14:52:53.850+0000] {processor.py:826} INFO - Processing file /home/airflow/.local/lib/python3.7/site-packages/airflow/example_dags/example_branch_operator_decorator.py for tasks to queue
[2024-09-19T14:52:53.850+0000] {logging_mixin.py:150} INFO - [2024-09-19T14:52:53.850+0000] {dagbag.py:541} INFO - Filling up the DagBag from /home/airflow/.local/lib/python3.7/site-packages/airflow/example_dags/example_branch_operator_decorator.py
[2024-09-19T14:52:53.858+0000] {processor.py:836} INFO - DAG(s) dict_keys(['example_branch_python_operator_decorator']) retrieved from /home/airflow/.local/lib/python3.7/site-packages/airflow/example_dags/example_branch_operator_decorator.py
[2024-09-19T14:52:53.872+0000] {logging_mixin.py:150} INFO - [2024-09-19T14:52:53.871+0000] {dag.py:2742} INFO - Sync 1 DAGs
[2024-09-19T14:52:53.884+0000] {logging_mixin.py:150} INFO - [2024-09-19T14:52:53.884+0000] {dag.py:3508} INFO - Setting next_dagrun for example_branch_python_operator_decorator to 2024-09-18T00:00:00+00:00, run_after=2024-09-19T00:00:00+00:00
[2024-09-19T14:52:53.894+0000] {processor.py:179} INFO - Processing /home/airflow/.local/lib/python3.7/site-packages/airflow/example_dags/example_branch_operator_decorator.py took 0.047 seconds
[2024-09-19T14:53:24.729+0000] {processor.py:157} INFO - Started process (PID=614) to work on /home/airflow/.local/lib/python3.7/site-packages/airflow/example_dags/example_branch_operator_decorator.py
[2024-09-19T14:53:24.730+0000] {processor.py:826} INFO - Processing file /home/airflow/.local/lib/python3.7/site-packages/airflow/example_dags/example_branch_operator_decorator.py for tasks to queue
[2024-09-19T14:53:24.730+0000] {logging_mixin.py:150} INFO - [2024-09-19T14:53:24.730+0000] {dagbag.py:541} INFO - Filling up the DagBag from /home/airflow/.local/lib/python3.7/site-packages/airflow/example_dags/example_branch_operator_decorator.py
[2024-09-19T14:53:24.735+0000] {processor.py:836} INFO - DAG(s) dict_keys(['example_branch_python_operator_decorator']) retrieved from /home/airflow/.local/lib/python3.7/site-packages/airflow/example_dags/example_branch_operator_decorator.py
[2024-09-19T14:53:24.749+0000] {logging_mixin.py:150} INFO - [2024-09-19T14:53:24.749+0000] {dag.py:2742} INFO - Sync 1 DAGs
[2024-09-19T14:53:24.765+0000] {logging_mixin.py:150} INFO - [2024-09-19T14:53:24.765+0000] {dag.py:3508} INFO - Setting next_dagrun for example_branch_python_operator_decorator to 2024-09-18T00:00:00+00:00, run_after=2024-09-19T00:00:00+00:00
[2024-09-19T14:53:24.775+0000] {processor.py:179} INFO - Processing /home/airflow/.local/lib/python3.7/site-packages/airflow/example_dags/example_branch_operator_decorator.py took 0.047 seconds
[2024-09-19T14:53:55.450+0000] {processor.py:157} INFO - Started process (PID=675) to work on /home/airflow/.local/lib/python3.7/site-packages/airflow/example_dags/example_branch_operator_decorator.py
[2024-09-19T14:53:55.451+0000] {processor.py:826} INFO - Processing file /home/airflow/.local/lib/python3.7/site-packages/airflow/example_dags/example_branch_operator_decorator.py for tasks to queue
[2024-09-19T14:53:55.451+0000] {logging_mixin.py:150} INFO - [2024-09-19T14:53:55.451+0000] {dagbag.py:541} INFO - Filling up the DagBag from /home/airflow/.local/lib/python3.7/site-packages/airflow/example_dags/example_branch_operator_decorator.py
[2024-09-19T14:53:55.456+0000] {processor.py:836} INFO - DAG(s) dict_keys(['example_branch_python_operator_decorator']) retrieved from /home/airflow/.local/lib/python3.7/site-packages/airflow/example_dags/example_branch_operator_decorator.py
[2024-09-19T14:53:55.467+0000] {logging_mixin.py:150} INFO - [2024-09-19T14:53:55.467+0000] {dag.py:2742} INFO - Sync 1 DAGs
[2024-09-19T14:53:55.478+0000] {logging_mixin.py:150} INFO - [2024-09-19T14:53:55.478+0000] {dag.py:3508} INFO - Setting next_dagrun for example_branch_python_operator_decorator to 2024-09-18T00:00:00+00:00, run_after=2024-09-19T00:00:00+00:00
[2024-09-19T14:53:55.486+0000] {processor.py:179} INFO - Processing /home/airflow/.local/lib/python3.7/site-packages/airflow/example_dags/example_branch_operator_decorator.py took 0.037 seconds
[2024-09-19T14:54:26.187+0000] {processor.py:157} INFO - Started process (PID=736) to work on /home/airflow/.local/lib/python3.7/site-packages/airflow/example_dags/example_branch_operator_decorator.py
[2024-09-19T14:54:26.189+0000] {processor.py:826} INFO - Processing file /home/airflow/.local/lib/python3.7/site-packages/airflow/example_dags/example_branch_operator_decorator.py for tasks to queue
[2024-09-19T14:54:26.189+0000] {logging_mixin.py:150} INFO - [2024-09-19T14:54:26.189+0000] {dagbag.py:541} INFO - Filling up the DagBag from /home/airflow/.local/lib/python3.7/site-packages/airflow/example_dags/example_branch_operator_decorator.py
[2024-09-19T14:54:26.194+0000] {processor.py:836} INFO - DAG(s) dict_keys(['example_branch_python_operator_decorator']) retrieved from /home/airflow/.local/lib/python3.7/site-packages/airflow/example_dags/example_branch_operator_decorator.py
[2024-09-19T14:54:26.207+0000] {logging_mixin.py:150} INFO - [2024-09-19T14:54:26.207+0000] {dag.py:2742} INFO - Sync 1 DAGs
[2024-09-19T14:54:26.222+0000] {logging_mixin.py:150} INFO - [2024-09-19T14:54:26.222+0000] {dag.py:3508} INFO - Setting next_dagrun for example_branch_python_operator_decorator to 2024-09-18T00:00:00+00:00, run_after=2024-09-19T00:00:00+00:00
[2024-09-19T14:54:26.233+0000] {processor.py:179} INFO - Processing /home/airflow/.local/lib/python3.7/site-packages/airflow/example_dags/example_branch_operator_decorator.py took 0.047 seconds
[2024-09-19T14:54:56.949+0000] {processor.py:157} INFO - Started process (PID=797) to work on /home/airflow/.local/lib/python3.7/site-packages/airflow/example_dags/example_branch_operator_decorator.py
[2024-09-19T14:54:56.949+0000] {processor.py:826} INFO - Processing file /home/airflow/.local/lib/python3.7/site-packages/airflow/example_dags/example_branch_operator_decorator.py for tasks to queue
[2024-09-19T14:54:56.950+0000] {logging_mixin.py:150} INFO - [2024-09-19T14:54:56.950+0000] {dagbag.py:541} INFO - Filling up the DagBag from /home/airflow/.local/lib/python3.7/site-packages/airflow/example_dags/example_branch_operator_decorator.py
[2024-09-19T14:54:56.954+0000] {processor.py:836} INFO - DAG(s) dict_keys(['example_branch_python_operator_decorator']) retrieved from /home/airflow/.local/lib/python3.7/site-packages/airflow/example_dags/example_branch_operator_decorator.py
[2024-09-19T14:54:56.966+0000] {logging_mixin.py:150} INFO - [2024-09-19T14:54:56.966+0000] {dag.py:2742} INFO - Sync 1 DAGs
[2024-09-19T14:54:56.977+0000] {logging_mixin.py:150} INFO - [2024-09-19T14:54:56.977+0000] {dag.py:3508} INFO - Setting next_dagrun for example_branch_python_operator_decorator to 2024-09-18T00:00:00+00:00, run_after=2024-09-19T00:00:00+00:00
[2024-09-19T14:54:56.985+0000] {processor.py:179} INFO - Processing /home/airflow/.local/lib/python3.7/site-packages/airflow/example_dags/example_branch_operator_decorator.py took 0.038 seconds
