[2024-09-19T14:48:48.610+0000] {processor.py:157} INFO - Started process (PID=56) to work on /home/airflow/.local/lib/python3.7/site-packages/airflow/example_dags/example_setup_teardown_taskflow.py
[2024-09-19T14:48:48.611+0000] {processor.py:826} INFO - Processing file /home/airflow/.local/lib/python3.7/site-packages/airflow/example_dags/example_setup_teardown_taskflow.py for tasks to queue
[2024-09-19T14:48:48.612+0000] {logging_mixin.py:150} INFO - [2024-09-19T14:48:48.612+0000] {dagbag.py:541} INFO - Filling up the DagBag from /home/airflow/.local/lib/python3.7/site-packages/airflow/example_dags/example_setup_teardown_taskflow.py
[2024-09-19T14:48:48.614+0000] {processor.py:838} WARNING - No viable dags retrieved from /home/airflow/.local/lib/python3.7/site-packages/airflow/example_dags/example_setup_teardown_taskflow.py
[2024-09-19T14:48:48.624+0000] {processor.py:179} INFO - Processing /home/airflow/.local/lib/python3.7/site-packages/airflow/example_dags/example_setup_teardown_taskflow.py took 0.017 seconds
[2024-09-19T14:49:18.936+0000] {processor.py:157} INFO - Started process (PID=117) to work on /home/airflow/.local/lib/python3.7/site-packages/airflow/example_dags/example_setup_teardown_taskflow.py
[2024-09-19T14:49:18.936+0000] {processor.py:826} INFO - Processing file /home/airflow/.local/lib/python3.7/site-packages/airflow/example_dags/example_setup_teardown_taskflow.py for tasks to queue
[2024-09-19T14:49:18.937+0000] {logging_mixin.py:150} INFO - [2024-09-19T14:49:18.937+0000] {dagbag.py:541} INFO - Filling up the DagBag from /home/airflow/.local/lib/python3.7/site-packages/airflow/example_dags/example_setup_teardown_taskflow.py
[2024-09-19T14:49:18.937+0000] {processor.py:838} WARNING - No viable dags retrieved from /home/airflow/.local/lib/python3.7/site-packages/airflow/example_dags/example_setup_teardown_taskflow.py
[2024-09-19T14:49:18.943+0000] {processor.py:179} INFO - Processing /home/airflow/.local/lib/python3.7/site-packages/airflow/example_dags/example_setup_teardown_taskflow.py took 0.009 seconds
[2024-09-19T14:49:49.748+0000] {processor.py:157} INFO - Started process (PID=178) to work on /home/airflow/.local/lib/python3.7/site-packages/airflow/example_dags/example_setup_teardown_taskflow.py
[2024-09-19T14:49:49.749+0000] {processor.py:826} INFO - Processing file /home/airflow/.local/lib/python3.7/site-packages/airflow/example_dags/example_setup_teardown_taskflow.py for tasks to queue
[2024-09-19T14:49:49.749+0000] {logging_mixin.py:150} INFO - [2024-09-19T14:49:49.749+0000] {dagbag.py:541} INFO - Filling up the DagBag from /home/airflow/.local/lib/python3.7/site-packages/airflow/example_dags/example_setup_teardown_taskflow.py
[2024-09-19T14:49:49.750+0000] {processor.py:838} WARNING - No viable dags retrieved from /home/airflow/.local/lib/python3.7/site-packages/airflow/example_dags/example_setup_teardown_taskflow.py
[2024-09-19T14:49:49.757+0000] {processor.py:179} INFO - Processing /home/airflow/.local/lib/python3.7/site-packages/airflow/example_dags/example_setup_teardown_taskflow.py took 0.010 seconds
[2024-09-19T14:50:20.529+0000] {processor.py:157} INFO - Started process (PID=239) to work on /home/airflow/.local/lib/python3.7/site-packages/airflow/example_dags/example_setup_teardown_taskflow.py
[2024-09-19T14:50:20.530+0000] {processor.py:826} INFO - Processing file /home/airflow/.local/lib/python3.7/site-packages/airflow/example_dags/example_setup_teardown_taskflow.py for tasks to queue
[2024-09-19T14:50:20.531+0000] {logging_mixin.py:150} INFO - [2024-09-19T14:50:20.531+0000] {dagbag.py:541} INFO - Filling up the DagBag from /home/airflow/.local/lib/python3.7/site-packages/airflow/example_dags/example_setup_teardown_taskflow.py
[2024-09-19T14:50:20.532+0000] {processor.py:838} WARNING - No viable dags retrieved from /home/airflow/.local/lib/python3.7/site-packages/airflow/example_dags/example_setup_teardown_taskflow.py
[2024-09-19T14:50:20.541+0000] {processor.py:179} INFO - Processing /home/airflow/.local/lib/python3.7/site-packages/airflow/example_dags/example_setup_teardown_taskflow.py took 0.013 seconds
[2024-09-19T14:50:51.457+0000] {processor.py:157} INFO - Started process (PID=300) to work on /home/airflow/.local/lib/python3.7/site-packages/airflow/example_dags/example_setup_teardown_taskflow.py
[2024-09-19T14:50:51.458+0000] {processor.py:826} INFO - Processing file /home/airflow/.local/lib/python3.7/site-packages/airflow/example_dags/example_setup_teardown_taskflow.py for tasks to queue
[2024-09-19T14:50:51.459+0000] {logging_mixin.py:150} INFO - [2024-09-19T14:50:51.459+0000] {dagbag.py:541} INFO - Filling up the DagBag from /home/airflow/.local/lib/python3.7/site-packages/airflow/example_dags/example_setup_teardown_taskflow.py
[2024-09-19T14:50:51.461+0000] {processor.py:838} WARNING - No viable dags retrieved from /home/airflow/.local/lib/python3.7/site-packages/airflow/example_dags/example_setup_teardown_taskflow.py
[2024-09-19T14:50:51.467+0000] {processor.py:179} INFO - Processing /home/airflow/.local/lib/python3.7/site-packages/airflow/example_dags/example_setup_teardown_taskflow.py took 0.011 seconds
[2024-09-19T14:51:21.672+0000] {processor.py:157} INFO - Started process (PID=361) to work on /home/airflow/.local/lib/python3.7/site-packages/airflow/example_dags/example_setup_teardown_taskflow.py
[2024-09-19T14:51:21.672+0000] {processor.py:826} INFO - Processing file /home/airflow/.local/lib/python3.7/site-packages/airflow/example_dags/example_setup_teardown_taskflow.py for tasks to queue
[2024-09-19T14:51:21.673+0000] {logging_mixin.py:150} INFO - [2024-09-19T14:51:21.673+0000] {dagbag.py:541} INFO - Filling up the DagBag from /home/airflow/.local/lib/python3.7/site-packages/airflow/example_dags/example_setup_teardown_taskflow.py
[2024-09-19T14:51:21.674+0000] {processor.py:838} WARNING - No viable dags retrieved from /home/airflow/.local/lib/python3.7/site-packages/airflow/example_dags/example_setup_teardown_taskflow.py
[2024-09-19T14:51:21.682+0000] {processor.py:179} INFO - Processing /home/airflow/.local/lib/python3.7/site-packages/airflow/example_dags/example_setup_teardown_taskflow.py took 0.012 seconds
[2024-09-19T14:51:51.874+0000] {processor.py:157} INFO - Started process (PID=422) to work on /home/airflow/.local/lib/python3.7/site-packages/airflow/example_dags/example_setup_teardown_taskflow.py
[2024-09-19T14:51:51.877+0000] {processor.py:826} INFO - Processing file /home/airflow/.local/lib/python3.7/site-packages/airflow/example_dags/example_setup_teardown_taskflow.py for tasks to queue
[2024-09-19T14:51:51.877+0000] {logging_mixin.py:150} INFO - [2024-09-19T14:51:51.877+0000] {dagbag.py:541} INFO - Filling up the DagBag from /home/airflow/.local/lib/python3.7/site-packages/airflow/example_dags/example_setup_teardown_taskflow.py
[2024-09-19T14:51:51.878+0000] {processor.py:838} WARNING - No viable dags retrieved from /home/airflow/.local/lib/python3.7/site-packages/airflow/example_dags/example_setup_teardown_taskflow.py
[2024-09-19T14:51:51.885+0000] {processor.py:179} INFO - Processing /home/airflow/.local/lib/python3.7/site-packages/airflow/example_dags/example_setup_teardown_taskflow.py took 0.013 seconds
[2024-09-19T14:52:22.690+0000] {processor.py:157} INFO - Started process (PID=483) to work on /home/airflow/.local/lib/python3.7/site-packages/airflow/example_dags/example_setup_teardown_taskflow.py
[2024-09-19T14:52:22.692+0000] {processor.py:826} INFO - Processing file /home/airflow/.local/lib/python3.7/site-packages/airflow/example_dags/example_setup_teardown_taskflow.py for tasks to queue
[2024-09-19T14:52:22.692+0000] {logging_mixin.py:150} INFO - [2024-09-19T14:52:22.692+0000] {dagbag.py:541} INFO - Filling up the DagBag from /home/airflow/.local/lib/python3.7/site-packages/airflow/example_dags/example_setup_teardown_taskflow.py
[2024-09-19T14:52:22.696+0000] {processor.py:838} WARNING - No viable dags retrieved from /home/airflow/.local/lib/python3.7/site-packages/airflow/example_dags/example_setup_teardown_taskflow.py
[2024-09-19T14:52:22.704+0000] {processor.py:179} INFO - Processing /home/airflow/.local/lib/python3.7/site-packages/airflow/example_dags/example_setup_teardown_taskflow.py took 0.016 seconds
[2024-09-19T14:52:53.573+0000] {processor.py:157} INFO - Started process (PID=544) to work on /home/airflow/.local/lib/python3.7/site-packages/airflow/example_dags/example_setup_teardown_taskflow.py
[2024-09-19T14:52:53.574+0000] {processor.py:826} INFO - Processing file /home/airflow/.local/lib/python3.7/site-packages/airflow/example_dags/example_setup_teardown_taskflow.py for tasks to queue
[2024-09-19T14:52:53.574+0000] {logging_mixin.py:150} INFO - [2024-09-19T14:52:53.574+0000] {dagbag.py:541} INFO - Filling up the DagBag from /home/airflow/.local/lib/python3.7/site-packages/airflow/example_dags/example_setup_teardown_taskflow.py
[2024-09-19T14:52:53.576+0000] {processor.py:838} WARNING - No viable dags retrieved from /home/airflow/.local/lib/python3.7/site-packages/airflow/example_dags/example_setup_teardown_taskflow.py
[2024-09-19T14:52:53.586+0000] {processor.py:179} INFO - Processing /home/airflow/.local/lib/python3.7/site-packages/airflow/example_dags/example_setup_teardown_taskflow.py took 0.015 seconds
[2024-09-19T14:53:24.471+0000] {processor.py:157} INFO - Started process (PID=605) to work on /home/airflow/.local/lib/python3.7/site-packages/airflow/example_dags/example_setup_teardown_taskflow.py
[2024-09-19T14:53:24.472+0000] {processor.py:826} INFO - Processing file /home/airflow/.local/lib/python3.7/site-packages/airflow/example_dags/example_setup_teardown_taskflow.py for tasks to queue
[2024-09-19T14:53:24.473+0000] {logging_mixin.py:150} INFO - [2024-09-19T14:53:24.473+0000] {dagbag.py:541} INFO - Filling up the DagBag from /home/airflow/.local/lib/python3.7/site-packages/airflow/example_dags/example_setup_teardown_taskflow.py
[2024-09-19T14:53:24.474+0000] {processor.py:838} WARNING - No viable dags retrieved from /home/airflow/.local/lib/python3.7/site-packages/airflow/example_dags/example_setup_teardown_taskflow.py
[2024-09-19T14:53:24.480+0000] {processor.py:179} INFO - Processing /home/airflow/.local/lib/python3.7/site-packages/airflow/example_dags/example_setup_teardown_taskflow.py took 0.011 seconds
[2024-09-19T14:53:55.180+0000] {processor.py:157} INFO - Started process (PID=666) to work on /home/airflow/.local/lib/python3.7/site-packages/airflow/example_dags/example_setup_teardown_taskflow.py
[2024-09-19T14:53:55.181+0000] {processor.py:826} INFO - Processing file /home/airflow/.local/lib/python3.7/site-packages/airflow/example_dags/example_setup_teardown_taskflow.py for tasks to queue
[2024-09-19T14:53:55.182+0000] {logging_mixin.py:150} INFO - [2024-09-19T14:53:55.182+0000] {dagbag.py:541} INFO - Filling up the DagBag from /home/airflow/.local/lib/python3.7/site-packages/airflow/example_dags/example_setup_teardown_taskflow.py
[2024-09-19T14:53:55.183+0000] {processor.py:838} WARNING - No viable dags retrieved from /home/airflow/.local/lib/python3.7/site-packages/airflow/example_dags/example_setup_teardown_taskflow.py
[2024-09-19T14:53:55.192+0000] {processor.py:179} INFO - Processing /home/airflow/.local/lib/python3.7/site-packages/airflow/example_dags/example_setup_teardown_taskflow.py took 0.014 seconds
[2024-09-19T14:54:25.980+0000] {processor.py:157} INFO - Started process (PID=727) to work on /home/airflow/.local/lib/python3.7/site-packages/airflow/example_dags/example_setup_teardown_taskflow.py
[2024-09-19T14:54:25.980+0000] {processor.py:826} INFO - Processing file /home/airflow/.local/lib/python3.7/site-packages/airflow/example_dags/example_setup_teardown_taskflow.py for tasks to queue
[2024-09-19T14:54:25.981+0000] {logging_mixin.py:150} INFO - [2024-09-19T14:54:25.981+0000] {dagbag.py:541} INFO - Filling up the DagBag from /home/airflow/.local/lib/python3.7/site-packages/airflow/example_dags/example_setup_teardown_taskflow.py
[2024-09-19T14:54:25.982+0000] {processor.py:838} WARNING - No viable dags retrieved from /home/airflow/.local/lib/python3.7/site-packages/airflow/example_dags/example_setup_teardown_taskflow.py
[2024-09-19T14:54:25.988+0000] {processor.py:179} INFO - Processing /home/airflow/.local/lib/python3.7/site-packages/airflow/example_dags/example_setup_teardown_taskflow.py took 0.010 seconds
[2024-09-19T14:54:56.694+0000] {processor.py:157} INFO - Started process (PID=788) to work on /home/airflow/.local/lib/python3.7/site-packages/airflow/example_dags/example_setup_teardown_taskflow.py
[2024-09-19T14:54:56.695+0000] {processor.py:826} INFO - Processing file /home/airflow/.local/lib/python3.7/site-packages/airflow/example_dags/example_setup_teardown_taskflow.py for tasks to queue
[2024-09-19T14:54:56.696+0000] {logging_mixin.py:150} INFO - [2024-09-19T14:54:56.696+0000] {dagbag.py:541} INFO - Filling up the DagBag from /home/airflow/.local/lib/python3.7/site-packages/airflow/example_dags/example_setup_teardown_taskflow.py
[2024-09-19T14:54:56.698+0000] {processor.py:838} WARNING - No viable dags retrieved from /home/airflow/.local/lib/python3.7/site-packages/airflow/example_dags/example_setup_teardown_taskflow.py
[2024-09-19T14:54:56.705+0000] {processor.py:179} INFO - Processing /home/airflow/.local/lib/python3.7/site-packages/airflow/example_dags/example_setup_teardown_taskflow.py took 0.013 seconds
