[2024-09-19T14:48:48.724+0000] {processor.py:157} INFO - Started process (PID=60) to work on /home/airflow/.local/lib/python3.7/site-packages/airflow/example_dags/example_trigger_target_dag.py
[2024-09-19T14:48:48.726+0000] {processor.py:826} INFO - Processing file /home/airflow/.local/lib/python3.7/site-packages/airflow/example_dags/example_trigger_target_dag.py for tasks to queue
[2024-09-19T14:48:48.727+0000] {logging_mixin.py:150} INFO - [2024-09-19T14:48:48.727+0000] {dagbag.py:541} INFO - Filling up the DagBag from /home/airflow/.local/lib/python3.7/site-packages/airflow/example_dags/example_trigger_target_dag.py
[2024-09-19T14:48:48.734+0000] {processor.py:836} INFO - DAG(s) dict_keys(['example_trigger_target_dag']) retrieved from /home/airflow/.local/lib/python3.7/site-packages/airflow/example_dags/example_trigger_target_dag.py
[2024-09-19T14:48:48.753+0000] {logging_mixin.py:150} INFO - [2024-09-19T14:48:48.753+0000] {dag.py:2742} INFO - Sync 1 DAGs
[2024-09-19T14:48:48.774+0000] {logging_mixin.py:150} INFO - [2024-09-19T14:48:48.773+0000] {dag.py:3508} INFO - Setting next_dagrun for example_trigger_target_dag to None, run_after=None
[2024-09-19T14:48:48.795+0000] {processor.py:179} INFO - Processing /home/airflow/.local/lib/python3.7/site-packages/airflow/example_dags/example_trigger_target_dag.py took 0.074 seconds
[2024-09-19T14:49:19.012+0000] {processor.py:157} INFO - Started process (PID=121) to work on /home/airflow/.local/lib/python3.7/site-packages/airflow/example_dags/example_trigger_target_dag.py
[2024-09-19T14:49:19.012+0000] {processor.py:826} INFO - Processing file /home/airflow/.local/lib/python3.7/site-packages/airflow/example_dags/example_trigger_target_dag.py for tasks to queue
[2024-09-19T14:49:19.013+0000] {logging_mixin.py:150} INFO - [2024-09-19T14:49:19.013+0000] {dagbag.py:541} INFO - Filling up the DagBag from /home/airflow/.local/lib/python3.7/site-packages/airflow/example_dags/example_trigger_target_dag.py
[2024-09-19T14:49:19.015+0000] {processor.py:836} INFO - DAG(s) dict_keys(['example_trigger_target_dag']) retrieved from /home/airflow/.local/lib/python3.7/site-packages/airflow/example_dags/example_trigger_target_dag.py
[2024-09-19T14:49:19.031+0000] {logging_mixin.py:150} INFO - [2024-09-19T14:49:19.031+0000] {dag.py:2742} INFO - Sync 1 DAGs
[2024-09-19T14:49:19.042+0000] {logging_mixin.py:150} INFO - [2024-09-19T14:49:19.042+0000] {dag.py:3508} INFO - Setting next_dagrun for example_trigger_target_dag to None, run_after=None
[2024-09-19T14:49:19.055+0000] {processor.py:179} INFO - Processing /home/airflow/.local/lib/python3.7/site-packages/airflow/example_dags/example_trigger_target_dag.py took 0.044 seconds
[2024-09-19T14:49:49.832+0000] {processor.py:157} INFO - Started process (PID=182) to work on /home/airflow/.local/lib/python3.7/site-packages/airflow/example_dags/example_trigger_target_dag.py
[2024-09-19T14:49:49.835+0000] {processor.py:826} INFO - Processing file /home/airflow/.local/lib/python3.7/site-packages/airflow/example_dags/example_trigger_target_dag.py for tasks to queue
[2024-09-19T14:49:49.835+0000] {logging_mixin.py:150} INFO - [2024-09-19T14:49:49.835+0000] {dagbag.py:541} INFO - Filling up the DagBag from /home/airflow/.local/lib/python3.7/site-packages/airflow/example_dags/example_trigger_target_dag.py
[2024-09-19T14:49:49.839+0000] {processor.py:836} INFO - DAG(s) dict_keys(['example_trigger_target_dag']) retrieved from /home/airflow/.local/lib/python3.7/site-packages/airflow/example_dags/example_trigger_target_dag.py
[2024-09-19T14:49:49.851+0000] {logging_mixin.py:150} INFO - [2024-09-19T14:49:49.851+0000] {dag.py:2742} INFO - Sync 1 DAGs
[2024-09-19T14:49:49.864+0000] {logging_mixin.py:150} INFO - [2024-09-19T14:49:49.864+0000] {dag.py:3508} INFO - Setting next_dagrun for example_trigger_target_dag to None, run_after=None
[2024-09-19T14:49:49.873+0000] {processor.py:179} INFO - Processing /home/airflow/.local/lib/python3.7/site-packages/airflow/example_dags/example_trigger_target_dag.py took 0.042 seconds
[2024-09-19T14:50:20.651+0000] {processor.py:157} INFO - Started process (PID=243) to work on /home/airflow/.local/lib/python3.7/site-packages/airflow/example_dags/example_trigger_target_dag.py
[2024-09-19T14:50:20.651+0000] {processor.py:826} INFO - Processing file /home/airflow/.local/lib/python3.7/site-packages/airflow/example_dags/example_trigger_target_dag.py for tasks to queue
[2024-09-19T14:50:20.651+0000] {logging_mixin.py:150} INFO - [2024-09-19T14:50:20.651+0000] {dagbag.py:541} INFO - Filling up the DagBag from /home/airflow/.local/lib/python3.7/site-packages/airflow/example_dags/example_trigger_target_dag.py
[2024-09-19T14:50:20.654+0000] {processor.py:836} INFO - DAG(s) dict_keys(['example_trigger_target_dag']) retrieved from /home/airflow/.local/lib/python3.7/site-packages/airflow/example_dags/example_trigger_target_dag.py
[2024-09-19T14:50:20.664+0000] {logging_mixin.py:150} INFO - [2024-09-19T14:50:20.664+0000] {dag.py:2742} INFO - Sync 1 DAGs
[2024-09-19T14:50:20.675+0000] {logging_mixin.py:150} INFO - [2024-09-19T14:50:20.675+0000] {dag.py:3508} INFO - Setting next_dagrun for example_trigger_target_dag to None, run_after=None
[2024-09-19T14:50:20.682+0000] {processor.py:179} INFO - Processing /home/airflow/.local/lib/python3.7/site-packages/airflow/example_dags/example_trigger_target_dag.py took 0.033 seconds
[2024-09-19T14:50:51.536+0000] {processor.py:157} INFO - Started process (PID=304) to work on /home/airflow/.local/lib/python3.7/site-packages/airflow/example_dags/example_trigger_target_dag.py
[2024-09-19T14:50:51.537+0000] {processor.py:826} INFO - Processing file /home/airflow/.local/lib/python3.7/site-packages/airflow/example_dags/example_trigger_target_dag.py for tasks to queue
[2024-09-19T14:50:51.537+0000] {logging_mixin.py:150} INFO - [2024-09-19T14:50:51.537+0000] {dagbag.py:541} INFO - Filling up the DagBag from /home/airflow/.local/lib/python3.7/site-packages/airflow/example_dags/example_trigger_target_dag.py
[2024-09-19T14:50:51.540+0000] {processor.py:836} INFO - DAG(s) dict_keys(['example_trigger_target_dag']) retrieved from /home/airflow/.local/lib/python3.7/site-packages/airflow/example_dags/example_trigger_target_dag.py
[2024-09-19T14:50:51.554+0000] {logging_mixin.py:150} INFO - [2024-09-19T14:50:51.554+0000] {dag.py:2742} INFO - Sync 1 DAGs
[2024-09-19T14:50:51.566+0000] {logging_mixin.py:150} INFO - [2024-09-19T14:50:51.566+0000] {dag.py:3508} INFO - Setting next_dagrun for example_trigger_target_dag to None, run_after=None
[2024-09-19T14:50:51.577+0000] {processor.py:179} INFO - Processing /home/airflow/.local/lib/python3.7/site-packages/airflow/example_dags/example_trigger_target_dag.py took 0.043 seconds
[2024-09-19T14:51:21.749+0000] {processor.py:157} INFO - Started process (PID=365) to work on /home/airflow/.local/lib/python3.7/site-packages/airflow/example_dags/example_trigger_target_dag.py
[2024-09-19T14:51:21.750+0000] {processor.py:826} INFO - Processing file /home/airflow/.local/lib/python3.7/site-packages/airflow/example_dags/example_trigger_target_dag.py for tasks to queue
[2024-09-19T14:51:21.750+0000] {logging_mixin.py:150} INFO - [2024-09-19T14:51:21.750+0000] {dagbag.py:541} INFO - Filling up the DagBag from /home/airflow/.local/lib/python3.7/site-packages/airflow/example_dags/example_trigger_target_dag.py
[2024-09-19T14:51:21.753+0000] {processor.py:836} INFO - DAG(s) dict_keys(['example_trigger_target_dag']) retrieved from /home/airflow/.local/lib/python3.7/site-packages/airflow/example_dags/example_trigger_target_dag.py
[2024-09-19T14:51:21.765+0000] {logging_mixin.py:150} INFO - [2024-09-19T14:51:21.765+0000] {dag.py:2742} INFO - Sync 1 DAGs
[2024-09-19T14:51:21.776+0000] {logging_mixin.py:150} INFO - [2024-09-19T14:51:21.776+0000] {dag.py:3508} INFO - Setting next_dagrun for example_trigger_target_dag to None, run_after=None
[2024-09-19T14:51:21.788+0000] {processor.py:179} INFO - Processing /home/airflow/.local/lib/python3.7/site-packages/airflow/example_dags/example_trigger_target_dag.py took 0.041 seconds
[2024-09-19T14:51:51.981+0000] {processor.py:157} INFO - Started process (PID=426) to work on /home/airflow/.local/lib/python3.7/site-packages/airflow/example_dags/example_trigger_target_dag.py
[2024-09-19T14:51:51.983+0000] {processor.py:826} INFO - Processing file /home/airflow/.local/lib/python3.7/site-packages/airflow/example_dags/example_trigger_target_dag.py for tasks to queue
[2024-09-19T14:51:51.983+0000] {logging_mixin.py:150} INFO - [2024-09-19T14:51:51.983+0000] {dagbag.py:541} INFO - Filling up the DagBag from /home/airflow/.local/lib/python3.7/site-packages/airflow/example_dags/example_trigger_target_dag.py
[2024-09-19T14:51:51.985+0000] {processor.py:836} INFO - DAG(s) dict_keys(['example_trigger_target_dag']) retrieved from /home/airflow/.local/lib/python3.7/site-packages/airflow/example_dags/example_trigger_target_dag.py
[2024-09-19T14:51:51.998+0000] {logging_mixin.py:150} INFO - [2024-09-19T14:51:51.998+0000] {dag.py:2742} INFO - Sync 1 DAGs
[2024-09-19T14:51:52.010+0000] {logging_mixin.py:150} INFO - [2024-09-19T14:51:52.010+0000] {dag.py:3508} INFO - Setting next_dagrun for example_trigger_target_dag to None, run_after=None
[2024-09-19T14:51:52.022+0000] {processor.py:179} INFO - Processing /home/airflow/.local/lib/python3.7/site-packages/airflow/example_dags/example_trigger_target_dag.py took 0.043 seconds
[2024-09-19T14:52:22.814+0000] {processor.py:157} INFO - Started process (PID=487) to work on /home/airflow/.local/lib/python3.7/site-packages/airflow/example_dags/example_trigger_target_dag.py
[2024-09-19T14:52:22.814+0000] {processor.py:826} INFO - Processing file /home/airflow/.local/lib/python3.7/site-packages/airflow/example_dags/example_trigger_target_dag.py for tasks to queue
[2024-09-19T14:52:22.815+0000] {logging_mixin.py:150} INFO - [2024-09-19T14:52:22.815+0000] {dagbag.py:541} INFO - Filling up the DagBag from /home/airflow/.local/lib/python3.7/site-packages/airflow/example_dags/example_trigger_target_dag.py
[2024-09-19T14:52:22.817+0000] {processor.py:836} INFO - DAG(s) dict_keys(['example_trigger_target_dag']) retrieved from /home/airflow/.local/lib/python3.7/site-packages/airflow/example_dags/example_trigger_target_dag.py
[2024-09-19T14:52:22.831+0000] {logging_mixin.py:150} INFO - [2024-09-19T14:52:22.831+0000] {dag.py:2742} INFO - Sync 1 DAGs
[2024-09-19T14:52:22.845+0000] {logging_mixin.py:150} INFO - [2024-09-19T14:52:22.845+0000] {dag.py:3508} INFO - Setting next_dagrun for example_trigger_target_dag to None, run_after=None
[2024-09-19T14:52:22.856+0000] {processor.py:179} INFO - Processing /home/airflow/.local/lib/python3.7/site-packages/airflow/example_dags/example_trigger_target_dag.py took 0.043 seconds
[2024-09-19T14:52:53.693+0000] {processor.py:157} INFO - Started process (PID=548) to work on /home/airflow/.local/lib/python3.7/site-packages/airflow/example_dags/example_trigger_target_dag.py
[2024-09-19T14:52:53.695+0000] {processor.py:826} INFO - Processing file /home/airflow/.local/lib/python3.7/site-packages/airflow/example_dags/example_trigger_target_dag.py for tasks to queue
[2024-09-19T14:52:53.696+0000] {logging_mixin.py:150} INFO - [2024-09-19T14:52:53.695+0000] {dagbag.py:541} INFO - Filling up the DagBag from /home/airflow/.local/lib/python3.7/site-packages/airflow/example_dags/example_trigger_target_dag.py
[2024-09-19T14:52:53.698+0000] {processor.py:836} INFO - DAG(s) dict_keys(['example_trigger_target_dag']) retrieved from /home/airflow/.local/lib/python3.7/site-packages/airflow/example_dags/example_trigger_target_dag.py
[2024-09-19T14:52:53.713+0000] {logging_mixin.py:150} INFO - [2024-09-19T14:52:53.713+0000] {dag.py:2742} INFO - Sync 1 DAGs
[2024-09-19T14:52:53.733+0000] {logging_mixin.py:150} INFO - [2024-09-19T14:52:53.733+0000] {dag.py:3508} INFO - Setting next_dagrun for example_trigger_target_dag to None, run_after=None
[2024-09-19T14:52:53.747+0000] {processor.py:179} INFO - Processing /home/airflow/.local/lib/python3.7/site-packages/airflow/example_dags/example_trigger_target_dag.py took 0.055 seconds
[2024-09-19T14:53:24.590+0000] {processor.py:157} INFO - Started process (PID=609) to work on /home/airflow/.local/lib/python3.7/site-packages/airflow/example_dags/example_trigger_target_dag.py
[2024-09-19T14:53:24.590+0000] {processor.py:826} INFO - Processing file /home/airflow/.local/lib/python3.7/site-packages/airflow/example_dags/example_trigger_target_dag.py for tasks to queue
[2024-09-19T14:53:24.591+0000] {logging_mixin.py:150} INFO - [2024-09-19T14:53:24.591+0000] {dagbag.py:541} INFO - Filling up the DagBag from /home/airflow/.local/lib/python3.7/site-packages/airflow/example_dags/example_trigger_target_dag.py
[2024-09-19T14:53:24.594+0000] {processor.py:836} INFO - DAG(s) dict_keys(['example_trigger_target_dag']) retrieved from /home/airflow/.local/lib/python3.7/site-packages/airflow/example_dags/example_trigger_target_dag.py
[2024-09-19T14:53:24.605+0000] {logging_mixin.py:150} INFO - [2024-09-19T14:53:24.605+0000] {dag.py:2742} INFO - Sync 1 DAGs
[2024-09-19T14:53:24.616+0000] {logging_mixin.py:150} INFO - [2024-09-19T14:53:24.616+0000] {dag.py:3508} INFO - Setting next_dagrun for example_trigger_target_dag to None, run_after=None
[2024-09-19T14:53:24.623+0000] {processor.py:179} INFO - Processing /home/airflow/.local/lib/python3.7/site-packages/airflow/example_dags/example_trigger_target_dag.py took 0.036 seconds
[2024-09-19T14:53:55.298+0000] {processor.py:157} INFO - Started process (PID=670) to work on /home/airflow/.local/lib/python3.7/site-packages/airflow/example_dags/example_trigger_target_dag.py
[2024-09-19T14:53:55.298+0000] {processor.py:826} INFO - Processing file /home/airflow/.local/lib/python3.7/site-packages/airflow/example_dags/example_trigger_target_dag.py for tasks to queue
[2024-09-19T14:53:55.298+0000] {logging_mixin.py:150} INFO - [2024-09-19T14:53:55.298+0000] {dagbag.py:541} INFO - Filling up the DagBag from /home/airflow/.local/lib/python3.7/site-packages/airflow/example_dags/example_trigger_target_dag.py
[2024-09-19T14:53:55.301+0000] {processor.py:836} INFO - DAG(s) dict_keys(['example_trigger_target_dag']) retrieved from /home/airflow/.local/lib/python3.7/site-packages/airflow/example_dags/example_trigger_target_dag.py
[2024-09-19T14:53:55.314+0000] {logging_mixin.py:150} INFO - [2024-09-19T14:53:55.314+0000] {dag.py:2742} INFO - Sync 1 DAGs
[2024-09-19T14:53:55.325+0000] {logging_mixin.py:150} INFO - [2024-09-19T14:53:55.325+0000] {dag.py:3508} INFO - Setting next_dagrun for example_trigger_target_dag to None, run_after=None
[2024-09-19T14:53:55.332+0000] {processor.py:179} INFO - Processing /home/airflow/.local/lib/python3.7/site-packages/airflow/example_dags/example_trigger_target_dag.py took 0.036 seconds
[2024-09-19T14:54:26.049+0000] {processor.py:157} INFO - Started process (PID=731) to work on /home/airflow/.local/lib/python3.7/site-packages/airflow/example_dags/example_trigger_target_dag.py
[2024-09-19T14:54:26.050+0000] {processor.py:826} INFO - Processing file /home/airflow/.local/lib/python3.7/site-packages/airflow/example_dags/example_trigger_target_dag.py for tasks to queue
[2024-09-19T14:54:26.050+0000] {logging_mixin.py:150} INFO - [2024-09-19T14:54:26.050+0000] {dagbag.py:541} INFO - Filling up the DagBag from /home/airflow/.local/lib/python3.7/site-packages/airflow/example_dags/example_trigger_target_dag.py
[2024-09-19T14:54:26.053+0000] {processor.py:836} INFO - DAG(s) dict_keys(['example_trigger_target_dag']) retrieved from /home/airflow/.local/lib/python3.7/site-packages/airflow/example_dags/example_trigger_target_dag.py
[2024-09-19T14:54:26.066+0000] {logging_mixin.py:150} INFO - [2024-09-19T14:54:26.066+0000] {dag.py:2742} INFO - Sync 1 DAGs
[2024-09-19T14:54:26.081+0000] {logging_mixin.py:150} INFO - [2024-09-19T14:54:26.081+0000] {dag.py:3508} INFO - Setting next_dagrun for example_trigger_target_dag to None, run_after=None
[2024-09-19T14:54:26.090+0000] {processor.py:179} INFO - Processing /home/airflow/.local/lib/python3.7/site-packages/airflow/example_dags/example_trigger_target_dag.py took 0.043 seconds
[2024-09-19T14:54:56.805+0000] {processor.py:157} INFO - Started process (PID=792) to work on /home/airflow/.local/lib/python3.7/site-packages/airflow/example_dags/example_trigger_target_dag.py
[2024-09-19T14:54:56.807+0000] {processor.py:826} INFO - Processing file /home/airflow/.local/lib/python3.7/site-packages/airflow/example_dags/example_trigger_target_dag.py for tasks to queue
[2024-09-19T14:54:56.808+0000] {logging_mixin.py:150} INFO - [2024-09-19T14:54:56.808+0000] {dagbag.py:541} INFO - Filling up the DagBag from /home/airflow/.local/lib/python3.7/site-packages/airflow/example_dags/example_trigger_target_dag.py
[2024-09-19T14:54:56.811+0000] {processor.py:836} INFO - DAG(s) dict_keys(['example_trigger_target_dag']) retrieved from /home/airflow/.local/lib/python3.7/site-packages/airflow/example_dags/example_trigger_target_dag.py
[2024-09-19T14:54:56.823+0000] {logging_mixin.py:150} INFO - [2024-09-19T14:54:56.823+0000] {dag.py:2742} INFO - Sync 1 DAGs
[2024-09-19T14:54:56.835+0000] {logging_mixin.py:150} INFO - [2024-09-19T14:54:56.835+0000] {dag.py:3508} INFO - Setting next_dagrun for example_trigger_target_dag to None, run_after=None
[2024-09-19T14:54:56.846+0000] {processor.py:179} INFO - Processing /home/airflow/.local/lib/python3.7/site-packages/airflow/example_dags/example_trigger_target_dag.py took 0.042 seconds
