[2024-09-19T14:48:48.934+0000] {processor.py:157} INFO - Started process (PID=64) to work on /home/airflow/.local/lib/python3.7/site-packages/airflow/example_dags/example_dynamic_task_mapping_with_no_taskflow_operators.py
[2024-09-19T14:48:48.935+0000] {processor.py:826} INFO - Processing file /home/airflow/.local/lib/python3.7/site-packages/airflow/example_dags/example_dynamic_task_mapping_with_no_taskflow_operators.py for tasks to queue
[2024-09-19T14:48:48.937+0000] {logging_mixin.py:150} INFO - [2024-09-19T14:48:48.936+0000] {dagbag.py:541} INFO - Filling up the DagBag from /home/airflow/.local/lib/python3.7/site-packages/airflow/example_dags/example_dynamic_task_mapping_with_no_taskflow_operators.py
[2024-09-19T14:48:48.947+0000] {processor.py:836} INFO - DAG(s) dict_keys(['example_dynamic_task_mapping_with_no_taskflow_operators']) retrieved from /home/airflow/.local/lib/python3.7/site-packages/airflow/example_dags/example_dynamic_task_mapping_with_no_taskflow_operators.py
[2024-09-19T14:48:48.967+0000] {logging_mixin.py:150} INFO - [2024-09-19T14:48:48.967+0000] {dag.py:2742} INFO - Sync 1 DAGs
[2024-09-19T14:48:48.987+0000] {logging_mixin.py:150} INFO - [2024-09-19T14:48:48.987+0000] {dag.py:3508} INFO - Setting next_dagrun for example_dynamic_task_mapping_with_no_taskflow_operators to 2024-09-18T14:48:48.987639+00:00, run_after=2024-09-19T14:48:48.987639+00:00
[2024-09-19T14:48:49.007+0000] {processor.py:179} INFO - Processing /home/airflow/.local/lib/python3.7/site-packages/airflow/example_dags/example_dynamic_task_mapping_with_no_taskflow_operators.py took 0.076 seconds
[2024-09-19T14:49:19.154+0000] {processor.py:157} INFO - Started process (PID=125) to work on /home/airflow/.local/lib/python3.7/site-packages/airflow/example_dags/example_dynamic_task_mapping_with_no_taskflow_operators.py
[2024-09-19T14:49:19.154+0000] {processor.py:826} INFO - Processing file /home/airflow/.local/lib/python3.7/site-packages/airflow/example_dags/example_dynamic_task_mapping_with_no_taskflow_operators.py for tasks to queue
[2024-09-19T14:49:19.155+0000] {logging_mixin.py:150} INFO - [2024-09-19T14:49:19.155+0000] {dagbag.py:541} INFO - Filling up the DagBag from /home/airflow/.local/lib/python3.7/site-packages/airflow/example_dags/example_dynamic_task_mapping_with_no_taskflow_operators.py
[2024-09-19T14:49:19.158+0000] {processor.py:836} INFO - DAG(s) dict_keys(['example_dynamic_task_mapping_with_no_taskflow_operators']) retrieved from /home/airflow/.local/lib/python3.7/site-packages/airflow/example_dags/example_dynamic_task_mapping_with_no_taskflow_operators.py
[2024-09-19T14:49:19.173+0000] {logging_mixin.py:150} INFO - [2024-09-19T14:49:19.173+0000] {dag.py:2742} INFO - Sync 1 DAGs
[2024-09-19T14:49:19.188+0000] {logging_mixin.py:150} INFO - [2024-09-19T14:49:19.188+0000] {dag.py:3508} INFO - Setting next_dagrun for example_dynamic_task_mapping_with_no_taskflow_operators to 2024-09-18T14:49:19.187888+00:00, run_after=2024-09-19T14:49:19.187888+00:00
[2024-09-19T14:49:19.200+0000] {processor.py:179} INFO - Processing /home/airflow/.local/lib/python3.7/site-packages/airflow/example_dags/example_dynamic_task_mapping_with_no_taskflow_operators.py took 0.048 seconds
[2024-09-19T14:49:49.943+0000] {processor.py:157} INFO - Started process (PID=186) to work on /home/airflow/.local/lib/python3.7/site-packages/airflow/example_dags/example_dynamic_task_mapping_with_no_taskflow_operators.py
[2024-09-19T14:49:49.945+0000] {processor.py:826} INFO - Processing file /home/airflow/.local/lib/python3.7/site-packages/airflow/example_dags/example_dynamic_task_mapping_with_no_taskflow_operators.py for tasks to queue
[2024-09-19T14:49:49.946+0000] {logging_mixin.py:150} INFO - [2024-09-19T14:49:49.946+0000] {dagbag.py:541} INFO - Filling up the DagBag from /home/airflow/.local/lib/python3.7/site-packages/airflow/example_dags/example_dynamic_task_mapping_with_no_taskflow_operators.py
[2024-09-19T14:49:49.950+0000] {processor.py:836} INFO - DAG(s) dict_keys(['example_dynamic_task_mapping_with_no_taskflow_operators']) retrieved from /home/airflow/.local/lib/python3.7/site-packages/airflow/example_dags/example_dynamic_task_mapping_with_no_taskflow_operators.py
[2024-09-19T14:49:49.960+0000] {logging_mixin.py:150} INFO - [2024-09-19T14:49:49.960+0000] {dag.py:2742} INFO - Sync 1 DAGs
[2024-09-19T14:49:49.974+0000] {logging_mixin.py:150} INFO - [2024-09-19T14:49:49.974+0000] {dag.py:3508} INFO - Setting next_dagrun for example_dynamic_task_mapping_with_no_taskflow_operators to 2024-09-18T14:49:49.974253+00:00, run_after=2024-09-19T14:49:49.974253+00:00
[2024-09-19T14:49:49.993+0000] {processor.py:179} INFO - Processing /home/airflow/.local/lib/python3.7/site-packages/airflow/example_dags/example_dynamic_task_mapping_with_no_taskflow_operators.py took 0.052 seconds
[2024-09-19T14:50:20.753+0000] {processor.py:157} INFO - Started process (PID=247) to work on /home/airflow/.local/lib/python3.7/site-packages/airflow/example_dags/example_dynamic_task_mapping_with_no_taskflow_operators.py
[2024-09-19T14:50:20.754+0000] {processor.py:826} INFO - Processing file /home/airflow/.local/lib/python3.7/site-packages/airflow/example_dags/example_dynamic_task_mapping_with_no_taskflow_operators.py for tasks to queue
[2024-09-19T14:50:20.754+0000] {logging_mixin.py:150} INFO - [2024-09-19T14:50:20.754+0000] {dagbag.py:541} INFO - Filling up the DagBag from /home/airflow/.local/lib/python3.7/site-packages/airflow/example_dags/example_dynamic_task_mapping_with_no_taskflow_operators.py
[2024-09-19T14:50:20.758+0000] {processor.py:836} INFO - DAG(s) dict_keys(['example_dynamic_task_mapping_with_no_taskflow_operators']) retrieved from /home/airflow/.local/lib/python3.7/site-packages/airflow/example_dags/example_dynamic_task_mapping_with_no_taskflow_operators.py
[2024-09-19T14:50:20.768+0000] {logging_mixin.py:150} INFO - [2024-09-19T14:50:20.768+0000] {dag.py:2742} INFO - Sync 1 DAGs
[2024-09-19T14:50:20.781+0000] {logging_mixin.py:150} INFO - [2024-09-19T14:50:20.781+0000] {dag.py:3508} INFO - Setting next_dagrun for example_dynamic_task_mapping_with_no_taskflow_operators to 2024-09-18T14:50:20.780904+00:00, run_after=2024-09-19T14:50:20.780904+00:00
[2024-09-19T14:50:20.788+0000] {processor.py:179} INFO - Processing /home/airflow/.local/lib/python3.7/site-packages/airflow/example_dags/example_dynamic_task_mapping_with_no_taskflow_operators.py took 0.037 seconds
[2024-09-19T14:50:51.670+0000] {processor.py:157} INFO - Started process (PID=308) to work on /home/airflow/.local/lib/python3.7/site-packages/airflow/example_dags/example_dynamic_task_mapping_with_no_taskflow_operators.py
[2024-09-19T14:50:51.671+0000] {processor.py:826} INFO - Processing file /home/airflow/.local/lib/python3.7/site-packages/airflow/example_dags/example_dynamic_task_mapping_with_no_taskflow_operators.py for tasks to queue
[2024-09-19T14:50:51.671+0000] {logging_mixin.py:150} INFO - [2024-09-19T14:50:51.671+0000] {dagbag.py:541} INFO - Filling up the DagBag from /home/airflow/.local/lib/python3.7/site-packages/airflow/example_dags/example_dynamic_task_mapping_with_no_taskflow_operators.py
[2024-09-19T14:50:51.675+0000] {processor.py:836} INFO - DAG(s) dict_keys(['example_dynamic_task_mapping_with_no_taskflow_operators']) retrieved from /home/airflow/.local/lib/python3.7/site-packages/airflow/example_dags/example_dynamic_task_mapping_with_no_taskflow_operators.py
[2024-09-19T14:50:51.690+0000] {logging_mixin.py:150} INFO - [2024-09-19T14:50:51.690+0000] {dag.py:2742} INFO - Sync 1 DAGs
[2024-09-19T14:50:51.704+0000] {logging_mixin.py:150} INFO - [2024-09-19T14:50:51.703+0000] {dag.py:3508} INFO - Setting next_dagrun for example_dynamic_task_mapping_with_no_taskflow_operators to 2024-09-18T14:50:51.703831+00:00, run_after=2024-09-19T14:50:51.703831+00:00
[2024-09-19T14:50:51.714+0000] {processor.py:179} INFO - Processing /home/airflow/.local/lib/python3.7/site-packages/airflow/example_dags/example_dynamic_task_mapping_with_no_taskflow_operators.py took 0.045 seconds
[2024-09-19T14:51:21.855+0000] {processor.py:157} INFO - Started process (PID=369) to work on /home/airflow/.local/lib/python3.7/site-packages/airflow/example_dags/example_dynamic_task_mapping_with_no_taskflow_operators.py
[2024-09-19T14:51:21.856+0000] {processor.py:826} INFO - Processing file /home/airflow/.local/lib/python3.7/site-packages/airflow/example_dags/example_dynamic_task_mapping_with_no_taskflow_operators.py for tasks to queue
[2024-09-19T14:51:21.856+0000] {logging_mixin.py:150} INFO - [2024-09-19T14:51:21.856+0000] {dagbag.py:541} INFO - Filling up the DagBag from /home/airflow/.local/lib/python3.7/site-packages/airflow/example_dags/example_dynamic_task_mapping_with_no_taskflow_operators.py
[2024-09-19T14:51:21.859+0000] {processor.py:836} INFO - DAG(s) dict_keys(['example_dynamic_task_mapping_with_no_taskflow_operators']) retrieved from /home/airflow/.local/lib/python3.7/site-packages/airflow/example_dags/example_dynamic_task_mapping_with_no_taskflow_operators.py
[2024-09-19T14:51:21.869+0000] {logging_mixin.py:150} INFO - [2024-09-19T14:51:21.869+0000] {dag.py:2742} INFO - Sync 1 DAGs
[2024-09-19T14:51:21.885+0000] {logging_mixin.py:150} INFO - [2024-09-19T14:51:21.885+0000] {dag.py:3508} INFO - Setting next_dagrun for example_dynamic_task_mapping_with_no_taskflow_operators to 2024-09-18T14:51:21.885176+00:00, run_after=2024-09-19T14:51:21.885176+00:00
[2024-09-19T14:51:21.892+0000] {processor.py:179} INFO - Processing /home/airflow/.local/lib/python3.7/site-packages/airflow/example_dags/example_dynamic_task_mapping_with_no_taskflow_operators.py took 0.039 seconds
[2024-09-19T14:51:52.082+0000] {processor.py:157} INFO - Started process (PID=430) to work on /home/airflow/.local/lib/python3.7/site-packages/airflow/example_dags/example_dynamic_task_mapping_with_no_taskflow_operators.py
[2024-09-19T14:51:52.082+0000] {processor.py:826} INFO - Processing file /home/airflow/.local/lib/python3.7/site-packages/airflow/example_dags/example_dynamic_task_mapping_with_no_taskflow_operators.py for tasks to queue
[2024-09-19T14:51:52.082+0000] {logging_mixin.py:150} INFO - [2024-09-19T14:51:52.082+0000] {dagbag.py:541} INFO - Filling up the DagBag from /home/airflow/.local/lib/python3.7/site-packages/airflow/example_dags/example_dynamic_task_mapping_with_no_taskflow_operators.py
[2024-09-19T14:51:52.086+0000] {processor.py:836} INFO - DAG(s) dict_keys(['example_dynamic_task_mapping_with_no_taskflow_operators']) retrieved from /home/airflow/.local/lib/python3.7/site-packages/airflow/example_dags/example_dynamic_task_mapping_with_no_taskflow_operators.py
[2024-09-19T14:51:52.096+0000] {logging_mixin.py:150} INFO - [2024-09-19T14:51:52.096+0000] {dag.py:2742} INFO - Sync 1 DAGs
[2024-09-19T14:51:52.109+0000] {logging_mixin.py:150} INFO - [2024-09-19T14:51:52.109+0000] {dag.py:3508} INFO - Setting next_dagrun for example_dynamic_task_mapping_with_no_taskflow_operators to 2024-09-18T14:51:52.109365+00:00, run_after=2024-09-19T14:51:52.109365+00:00
[2024-09-19T14:51:52.124+0000] {processor.py:179} INFO - Processing /home/airflow/.local/lib/python3.7/site-packages/airflow/example_dags/example_dynamic_task_mapping_with_no_taskflow_operators.py took 0.044 seconds
[2024-09-19T14:52:22.946+0000] {processor.py:157} INFO - Started process (PID=491) to work on /home/airflow/.local/lib/python3.7/site-packages/airflow/example_dags/example_dynamic_task_mapping_with_no_taskflow_operators.py
[2024-09-19T14:52:22.946+0000] {processor.py:826} INFO - Processing file /home/airflow/.local/lib/python3.7/site-packages/airflow/example_dags/example_dynamic_task_mapping_with_no_taskflow_operators.py for tasks to queue
[2024-09-19T14:52:22.946+0000] {logging_mixin.py:150} INFO - [2024-09-19T14:52:22.946+0000] {dagbag.py:541} INFO - Filling up the DagBag from /home/airflow/.local/lib/python3.7/site-packages/airflow/example_dags/example_dynamic_task_mapping_with_no_taskflow_operators.py
[2024-09-19T14:52:22.949+0000] {processor.py:836} INFO - DAG(s) dict_keys(['example_dynamic_task_mapping_with_no_taskflow_operators']) retrieved from /home/airflow/.local/lib/python3.7/site-packages/airflow/example_dags/example_dynamic_task_mapping_with_no_taskflow_operators.py
[2024-09-19T14:52:22.964+0000] {logging_mixin.py:150} INFO - [2024-09-19T14:52:22.964+0000] {dag.py:2742} INFO - Sync 1 DAGs
[2024-09-19T14:52:22.978+0000] {logging_mixin.py:150} INFO - [2024-09-19T14:52:22.978+0000] {dag.py:3508} INFO - Setting next_dagrun for example_dynamic_task_mapping_with_no_taskflow_operators to 2024-09-18T14:52:22.978451+00:00, run_after=2024-09-19T14:52:22.978451+00:00
[2024-09-19T14:52:22.991+0000] {processor.py:179} INFO - Processing /home/airflow/.local/lib/python3.7/site-packages/airflow/example_dags/example_dynamic_task_mapping_with_no_taskflow_operators.py took 0.047 seconds
[2024-09-19T14:52:53.808+0000] {processor.py:157} INFO - Started process (PID=552) to work on /home/airflow/.local/lib/python3.7/site-packages/airflow/example_dags/example_dynamic_task_mapping_with_no_taskflow_operators.py
[2024-09-19T14:52:53.809+0000] {processor.py:826} INFO - Processing file /home/airflow/.local/lib/python3.7/site-packages/airflow/example_dags/example_dynamic_task_mapping_with_no_taskflow_operators.py for tasks to queue
[2024-09-19T14:52:53.809+0000] {logging_mixin.py:150} INFO - [2024-09-19T14:52:53.809+0000] {dagbag.py:541} INFO - Filling up the DagBag from /home/airflow/.local/lib/python3.7/site-packages/airflow/example_dags/example_dynamic_task_mapping_with_no_taskflow_operators.py
[2024-09-19T14:52:53.812+0000] {processor.py:836} INFO - DAG(s) dict_keys(['example_dynamic_task_mapping_with_no_taskflow_operators']) retrieved from /home/airflow/.local/lib/python3.7/site-packages/airflow/example_dags/example_dynamic_task_mapping_with_no_taskflow_operators.py
[2024-09-19T14:52:53.822+0000] {logging_mixin.py:150} INFO - [2024-09-19T14:52:53.822+0000] {dag.py:2742} INFO - Sync 1 DAGs
[2024-09-19T14:52:53.833+0000] {logging_mixin.py:150} INFO - [2024-09-19T14:52:53.833+0000] {dag.py:3508} INFO - Setting next_dagrun for example_dynamic_task_mapping_with_no_taskflow_operators to 2024-09-18T14:52:53.833373+00:00, run_after=2024-09-19T14:52:53.833373+00:00
[2024-09-19T14:52:53.840+0000] {processor.py:179} INFO - Processing /home/airflow/.local/lib/python3.7/site-packages/airflow/example_dags/example_dynamic_task_mapping_with_no_taskflow_operators.py took 0.034 seconds
[2024-09-19T14:53:24.689+0000] {processor.py:157} INFO - Started process (PID=613) to work on /home/airflow/.local/lib/python3.7/site-packages/airflow/example_dags/example_dynamic_task_mapping_with_no_taskflow_operators.py
[2024-09-19T14:53:24.690+0000] {processor.py:826} INFO - Processing file /home/airflow/.local/lib/python3.7/site-packages/airflow/example_dags/example_dynamic_task_mapping_with_no_taskflow_operators.py for tasks to queue
[2024-09-19T14:53:24.690+0000] {logging_mixin.py:150} INFO - [2024-09-19T14:53:24.690+0000] {dagbag.py:541} INFO - Filling up the DagBag from /home/airflow/.local/lib/python3.7/site-packages/airflow/example_dags/example_dynamic_task_mapping_with_no_taskflow_operators.py
[2024-09-19T14:53:24.694+0000] {processor.py:836} INFO - DAG(s) dict_keys(['example_dynamic_task_mapping_with_no_taskflow_operators']) retrieved from /home/airflow/.local/lib/python3.7/site-packages/airflow/example_dags/example_dynamic_task_mapping_with_no_taskflow_operators.py
[2024-09-19T14:53:24.704+0000] {logging_mixin.py:150} INFO - [2024-09-19T14:53:24.704+0000] {dag.py:2742} INFO - Sync 1 DAGs
[2024-09-19T14:53:24.718+0000] {logging_mixin.py:150} INFO - [2024-09-19T14:53:24.718+0000] {dag.py:3508} INFO - Setting next_dagrun for example_dynamic_task_mapping_with_no_taskflow_operators to 2024-09-18T14:53:24.717972+00:00, run_after=2024-09-19T14:53:24.717972+00:00
[2024-09-19T14:53:24.727+0000] {processor.py:179} INFO - Processing /home/airflow/.local/lib/python3.7/site-packages/airflow/example_dags/example_dynamic_task_mapping_with_no_taskflow_operators.py took 0.040 seconds
[2024-09-19T14:53:55.395+0000] {processor.py:157} INFO - Started process (PID=674) to work on /home/airflow/.local/lib/python3.7/site-packages/airflow/example_dags/example_dynamic_task_mapping_with_no_taskflow_operators.py
[2024-09-19T14:53:55.395+0000] {processor.py:826} INFO - Processing file /home/airflow/.local/lib/python3.7/site-packages/airflow/example_dags/example_dynamic_task_mapping_with_no_taskflow_operators.py for tasks to queue
[2024-09-19T14:53:55.396+0000] {logging_mixin.py:150} INFO - [2024-09-19T14:53:55.395+0000] {dagbag.py:541} INFO - Filling up the DagBag from /home/airflow/.local/lib/python3.7/site-packages/airflow/example_dags/example_dynamic_task_mapping_with_no_taskflow_operators.py
[2024-09-19T14:53:55.403+0000] {processor.py:836} INFO - DAG(s) dict_keys(['example_dynamic_task_mapping_with_no_taskflow_operators']) retrieved from /home/airflow/.local/lib/python3.7/site-packages/airflow/example_dags/example_dynamic_task_mapping_with_no_taskflow_operators.py
[2024-09-19T14:53:55.417+0000] {logging_mixin.py:150} INFO - [2024-09-19T14:53:55.417+0000] {dag.py:2742} INFO - Sync 1 DAGs
[2024-09-19T14:53:55.431+0000] {logging_mixin.py:150} INFO - [2024-09-19T14:53:55.431+0000] {dag.py:3508} INFO - Setting next_dagrun for example_dynamic_task_mapping_with_no_taskflow_operators to 2024-09-18T14:53:55.431549+00:00, run_after=2024-09-19T14:53:55.431549+00:00
[2024-09-19T14:53:55.442+0000] {processor.py:179} INFO - Processing /home/airflow/.local/lib/python3.7/site-packages/airflow/example_dags/example_dynamic_task_mapping_with_no_taskflow_operators.py took 0.049 seconds
[2024-09-19T14:54:26.151+0000] {processor.py:157} INFO - Started process (PID=735) to work on /home/airflow/.local/lib/python3.7/site-packages/airflow/example_dags/example_dynamic_task_mapping_with_no_taskflow_operators.py
[2024-09-19T14:54:26.152+0000] {processor.py:826} INFO - Processing file /home/airflow/.local/lib/python3.7/site-packages/airflow/example_dags/example_dynamic_task_mapping_with_no_taskflow_operators.py for tasks to queue
[2024-09-19T14:54:26.152+0000] {logging_mixin.py:150} INFO - [2024-09-19T14:54:26.152+0000] {dagbag.py:541} INFO - Filling up the DagBag from /home/airflow/.local/lib/python3.7/site-packages/airflow/example_dags/example_dynamic_task_mapping_with_no_taskflow_operators.py
[2024-09-19T14:54:26.155+0000] {processor.py:836} INFO - DAG(s) dict_keys(['example_dynamic_task_mapping_with_no_taskflow_operators']) retrieved from /home/airflow/.local/lib/python3.7/site-packages/airflow/example_dags/example_dynamic_task_mapping_with_no_taskflow_operators.py
[2024-09-19T14:54:26.165+0000] {logging_mixin.py:150} INFO - [2024-09-19T14:54:26.165+0000] {dag.py:2742} INFO - Sync 1 DAGs
[2024-09-19T14:54:26.178+0000] {logging_mixin.py:150} INFO - [2024-09-19T14:54:26.178+0000] {dag.py:3508} INFO - Setting next_dagrun for example_dynamic_task_mapping_with_no_taskflow_operators to 2024-09-18T14:54:26.178724+00:00, run_after=2024-09-19T14:54:26.178724+00:00
[2024-09-19T14:54:26.186+0000] {processor.py:179} INFO - Processing /home/airflow/.local/lib/python3.7/site-packages/airflow/example_dags/example_dynamic_task_mapping_with_no_taskflow_operators.py took 0.037 seconds
[2024-09-19T14:54:56.901+0000] {processor.py:157} INFO - Started process (PID=796) to work on /home/airflow/.local/lib/python3.7/site-packages/airflow/example_dags/example_dynamic_task_mapping_with_no_taskflow_operators.py
[2024-09-19T14:54:56.903+0000] {processor.py:826} INFO - Processing file /home/airflow/.local/lib/python3.7/site-packages/airflow/example_dags/example_dynamic_task_mapping_with_no_taskflow_operators.py for tasks to queue
[2024-09-19T14:54:56.904+0000] {logging_mixin.py:150} INFO - [2024-09-19T14:54:56.904+0000] {dagbag.py:541} INFO - Filling up the DagBag from /home/airflow/.local/lib/python3.7/site-packages/airflow/example_dags/example_dynamic_task_mapping_with_no_taskflow_operators.py
[2024-09-19T14:54:56.907+0000] {processor.py:836} INFO - DAG(s) dict_keys(['example_dynamic_task_mapping_with_no_taskflow_operators']) retrieved from /home/airflow/.local/lib/python3.7/site-packages/airflow/example_dags/example_dynamic_task_mapping_with_no_taskflow_operators.py
[2024-09-19T14:54:56.918+0000] {logging_mixin.py:150} INFO - [2024-09-19T14:54:56.918+0000] {dag.py:2742} INFO - Sync 1 DAGs
[2024-09-19T14:54:56.930+0000] {logging_mixin.py:150} INFO - [2024-09-19T14:54:56.930+0000] {dag.py:3508} INFO - Setting next_dagrun for example_dynamic_task_mapping_with_no_taskflow_operators to 2024-09-18T14:54:56.930002+00:00, run_after=2024-09-19T14:54:56.930002+00:00
[2024-09-19T14:54:56.940+0000] {processor.py:179} INFO - Processing /home/airflow/.local/lib/python3.7/site-packages/airflow/example_dags/example_dynamic_task_mapping_with_no_taskflow_operators.py took 0.040 seconds
