[2024-09-19T14:48:47.719+0000] {processor.py:157} INFO - Started process (PID=31) to work on /home/airflow/.local/lib/python3.7/site-packages/airflow/example_dags/example_short_circuit_decorator.py
[2024-09-19T14:48:47.720+0000] {processor.py:826} INFO - Processing file /home/airflow/.local/lib/python3.7/site-packages/airflow/example_dags/example_short_circuit_decorator.py for tasks to queue
[2024-09-19T14:48:47.720+0000] {logging_mixin.py:150} INFO - [2024-09-19T14:48:47.720+0000] {dagbag.py:541} INFO - Filling up the DagBag from /home/airflow/.local/lib/python3.7/site-packages/airflow/example_dags/example_short_circuit_decorator.py
[2024-09-19T14:48:47.731+0000] {processor.py:836} INFO - DAG(s) dict_keys(['example_short_circuit_decorator']) retrieved from /home/airflow/.local/lib/python3.7/site-packages/airflow/example_dags/example_short_circuit_decorator.py
[2024-09-19T14:48:47.758+0000] {logging_mixin.py:150} INFO - [2024-09-19T14:48:47.757+0000] {dag.py:2742} INFO - Sync 1 DAGs
[2024-09-19T14:48:47.776+0000] {logging_mixin.py:150} INFO - [2024-09-19T14:48:47.775+0000] {dag.py:3508} INFO - Setting next_dagrun for example_short_circuit_decorator to 2024-09-18T14:48:47.775796+00:00, run_after=2024-09-19T14:48:47.775796+00:00
[2024-09-19T14:48:47.794+0000] {processor.py:179} INFO - Processing /home/airflow/.local/lib/python3.7/site-packages/airflow/example_dags/example_short_circuit_decorator.py took 0.079 seconds
[2024-09-19T14:49:18.262+0000] {processor.py:157} INFO - Started process (PID=99) to work on /home/airflow/.local/lib/python3.7/site-packages/airflow/example_dags/example_short_circuit_decorator.py
[2024-09-19T14:49:18.264+0000] {processor.py:826} INFO - Processing file /home/airflow/.local/lib/python3.7/site-packages/airflow/example_dags/example_short_circuit_decorator.py for tasks to queue
[2024-09-19T14:49:18.266+0000] {logging_mixin.py:150} INFO - [2024-09-19T14:49:18.266+0000] {dagbag.py:541} INFO - Filling up the DagBag from /home/airflow/.local/lib/python3.7/site-packages/airflow/example_dags/example_short_circuit_decorator.py
[2024-09-19T14:49:18.280+0000] {processor.py:836} INFO - DAG(s) dict_keys(['example_short_circuit_decorator']) retrieved from /home/airflow/.local/lib/python3.7/site-packages/airflow/example_dags/example_short_circuit_decorator.py
[2024-09-19T14:49:18.305+0000] {logging_mixin.py:150} INFO - [2024-09-19T14:49:18.305+0000] {dag.py:2742} INFO - Sync 1 DAGs
[2024-09-19T14:49:18.321+0000] {logging_mixin.py:150} INFO - [2024-09-19T14:49:18.321+0000] {dag.py:3508} INFO - Setting next_dagrun for example_short_circuit_decorator to 2024-09-18T14:49:18.321514+00:00, run_after=2024-09-19T14:49:18.321514+00:00
[2024-09-19T14:49:18.336+0000] {processor.py:179} INFO - Processing /home/airflow/.local/lib/python3.7/site-packages/airflow/example_dags/example_short_circuit_decorator.py took 0.080 seconds
[2024-09-19T14:49:49.119+0000] {processor.py:157} INFO - Started process (PID=160) to work on /home/airflow/.local/lib/python3.7/site-packages/airflow/example_dags/example_short_circuit_decorator.py
[2024-09-19T14:49:49.120+0000] {processor.py:826} INFO - Processing file /home/airflow/.local/lib/python3.7/site-packages/airflow/example_dags/example_short_circuit_decorator.py for tasks to queue
[2024-09-19T14:49:49.121+0000] {logging_mixin.py:150} INFO - [2024-09-19T14:49:49.120+0000] {dagbag.py:541} INFO - Filling up the DagBag from /home/airflow/.local/lib/python3.7/site-packages/airflow/example_dags/example_short_circuit_decorator.py
[2024-09-19T14:49:49.130+0000] {processor.py:836} INFO - DAG(s) dict_keys(['example_short_circuit_decorator']) retrieved from /home/airflow/.local/lib/python3.7/site-packages/airflow/example_dags/example_short_circuit_decorator.py
[2024-09-19T14:49:49.151+0000] {logging_mixin.py:150} INFO - [2024-09-19T14:49:49.151+0000] {dag.py:2742} INFO - Sync 1 DAGs
[2024-09-19T14:49:49.168+0000] {logging_mixin.py:150} INFO - [2024-09-19T14:49:49.168+0000] {dag.py:3508} INFO - Setting next_dagrun for example_short_circuit_decorator to 2024-09-18T14:49:49.167927+00:00, run_after=2024-09-19T14:49:49.167927+00:00
[2024-09-19T14:49:49.182+0000] {processor.py:179} INFO - Processing /home/airflow/.local/lib/python3.7/site-packages/airflow/example_dags/example_short_circuit_decorator.py took 0.067 seconds
[2024-09-19T14:50:19.937+0000] {processor.py:157} INFO - Started process (PID=221) to work on /home/airflow/.local/lib/python3.7/site-packages/airflow/example_dags/example_short_circuit_decorator.py
[2024-09-19T14:50:19.938+0000] {processor.py:826} INFO - Processing file /home/airflow/.local/lib/python3.7/site-packages/airflow/example_dags/example_short_circuit_decorator.py for tasks to queue
[2024-09-19T14:50:19.939+0000] {logging_mixin.py:150} INFO - [2024-09-19T14:50:19.939+0000] {dagbag.py:541} INFO - Filling up the DagBag from /home/airflow/.local/lib/python3.7/site-packages/airflow/example_dags/example_short_circuit_decorator.py
[2024-09-19T14:50:19.955+0000] {processor.py:836} INFO - DAG(s) dict_keys(['example_short_circuit_decorator']) retrieved from /home/airflow/.local/lib/python3.7/site-packages/airflow/example_dags/example_short_circuit_decorator.py
[2024-09-19T14:50:19.979+0000] {logging_mixin.py:150} INFO - [2024-09-19T14:50:19.979+0000] {dag.py:2742} INFO - Sync 1 DAGs
[2024-09-19T14:50:19.996+0000] {logging_mixin.py:150} INFO - [2024-09-19T14:50:19.996+0000] {dag.py:3508} INFO - Setting next_dagrun for example_short_circuit_decorator to 2024-09-18T14:50:19.996556+00:00, run_after=2024-09-19T14:50:19.996556+00:00
[2024-09-19T14:50:20.009+0000] {processor.py:179} INFO - Processing /home/airflow/.local/lib/python3.7/site-packages/airflow/example_dags/example_short_circuit_decorator.py took 0.080 seconds
[2024-09-19T14:50:50.799+0000] {processor.py:157} INFO - Started process (PID=282) to work on /home/airflow/.local/lib/python3.7/site-packages/airflow/example_dags/example_short_circuit_decorator.py
[2024-09-19T14:50:50.800+0000] {processor.py:826} INFO - Processing file /home/airflow/.local/lib/python3.7/site-packages/airflow/example_dags/example_short_circuit_decorator.py for tasks to queue
[2024-09-19T14:50:50.801+0000] {logging_mixin.py:150} INFO - [2024-09-19T14:50:50.801+0000] {dagbag.py:541} INFO - Filling up the DagBag from /home/airflow/.local/lib/python3.7/site-packages/airflow/example_dags/example_short_circuit_decorator.py
[2024-09-19T14:50:50.814+0000] {processor.py:836} INFO - DAG(s) dict_keys(['example_short_circuit_decorator']) retrieved from /home/airflow/.local/lib/python3.7/site-packages/airflow/example_dags/example_short_circuit_decorator.py
[2024-09-19T14:50:50.845+0000] {logging_mixin.py:150} INFO - [2024-09-19T14:50:50.845+0000] {dag.py:2742} INFO - Sync 1 DAGs
[2024-09-19T14:50:50.865+0000] {logging_mixin.py:150} INFO - [2024-09-19T14:50:50.865+0000] {dag.py:3508} INFO - Setting next_dagrun for example_short_circuit_decorator to 2024-09-18T14:50:50.865681+00:00, run_after=2024-09-19T14:50:50.865681+00:00
[2024-09-19T14:50:50.878+0000] {processor.py:179} INFO - Processing /home/airflow/.local/lib/python3.7/site-packages/airflow/example_dags/example_short_circuit_decorator.py took 0.086 seconds
[2024-09-19T14:51:21.054+0000] {processor.py:157} INFO - Started process (PID=343) to work on /home/airflow/.local/lib/python3.7/site-packages/airflow/example_dags/example_short_circuit_decorator.py
[2024-09-19T14:51:21.056+0000] {processor.py:826} INFO - Processing file /home/airflow/.local/lib/python3.7/site-packages/airflow/example_dags/example_short_circuit_decorator.py for tasks to queue
[2024-09-19T14:51:21.057+0000] {logging_mixin.py:150} INFO - [2024-09-19T14:51:21.057+0000] {dagbag.py:541} INFO - Filling up the DagBag from /home/airflow/.local/lib/python3.7/site-packages/airflow/example_dags/example_short_circuit_decorator.py
[2024-09-19T14:51:21.076+0000] {processor.py:836} INFO - DAG(s) dict_keys(['example_short_circuit_decorator']) retrieved from /home/airflow/.local/lib/python3.7/site-packages/airflow/example_dags/example_short_circuit_decorator.py
[2024-09-19T14:51:21.098+0000] {logging_mixin.py:150} INFO - [2024-09-19T14:51:21.098+0000] {dag.py:2742} INFO - Sync 1 DAGs
[2024-09-19T14:51:21.119+0000] {logging_mixin.py:150} INFO - [2024-09-19T14:51:21.119+0000] {dag.py:3508} INFO - Setting next_dagrun for example_short_circuit_decorator to 2024-09-18T14:51:21.119481+00:00, run_after=2024-09-19T14:51:21.119481+00:00
[2024-09-19T14:51:21.134+0000] {processor.py:179} INFO - Processing /home/airflow/.local/lib/python3.7/site-packages/airflow/example_dags/example_short_circuit_decorator.py took 0.087 seconds
[2024-09-19T14:51:51.175+0000] {processor.py:157} INFO - Started process (PID=404) to work on /home/airflow/.local/lib/python3.7/site-packages/airflow/example_dags/example_short_circuit_decorator.py
[2024-09-19T14:51:51.176+0000] {processor.py:826} INFO - Processing file /home/airflow/.local/lib/python3.7/site-packages/airflow/example_dags/example_short_circuit_decorator.py for tasks to queue
[2024-09-19T14:51:51.177+0000] {logging_mixin.py:150} INFO - [2024-09-19T14:51:51.177+0000] {dagbag.py:541} INFO - Filling up the DagBag from /home/airflow/.local/lib/python3.7/site-packages/airflow/example_dags/example_short_circuit_decorator.py
[2024-09-19T14:51:51.191+0000] {processor.py:836} INFO - DAG(s) dict_keys(['example_short_circuit_decorator']) retrieved from /home/airflow/.local/lib/python3.7/site-packages/airflow/example_dags/example_short_circuit_decorator.py
[2024-09-19T14:51:51.211+0000] {logging_mixin.py:150} INFO - [2024-09-19T14:51:51.211+0000] {dag.py:2742} INFO - Sync 1 DAGs
[2024-09-19T14:51:51.226+0000] {logging_mixin.py:150} INFO - [2024-09-19T14:51:51.226+0000] {dag.py:3508} INFO - Setting next_dagrun for example_short_circuit_decorator to 2024-09-18T14:51:51.226384+00:00, run_after=2024-09-19T14:51:51.226384+00:00
[2024-09-19T14:51:51.240+0000] {processor.py:179} INFO - Processing /home/airflow/.local/lib/python3.7/site-packages/airflow/example_dags/example_short_circuit_decorator.py took 0.072 seconds
[2024-09-19T14:52:22.112+0000] {processor.py:157} INFO - Started process (PID=465) to work on /home/airflow/.local/lib/python3.7/site-packages/airflow/example_dags/example_short_circuit_decorator.py
[2024-09-19T14:52:22.114+0000] {processor.py:826} INFO - Processing file /home/airflow/.local/lib/python3.7/site-packages/airflow/example_dags/example_short_circuit_decorator.py for tasks to queue
[2024-09-19T14:52:22.115+0000] {logging_mixin.py:150} INFO - [2024-09-19T14:52:22.114+0000] {dagbag.py:541} INFO - Filling up the DagBag from /home/airflow/.local/lib/python3.7/site-packages/airflow/example_dags/example_short_circuit_decorator.py
[2024-09-19T14:52:22.125+0000] {processor.py:836} INFO - DAG(s) dict_keys(['example_short_circuit_decorator']) retrieved from /home/airflow/.local/lib/python3.7/site-packages/airflow/example_dags/example_short_circuit_decorator.py
[2024-09-19T14:52:22.149+0000] {logging_mixin.py:150} INFO - [2024-09-19T14:52:22.148+0000] {dag.py:2742} INFO - Sync 1 DAGs
[2024-09-19T14:52:22.168+0000] {logging_mixin.py:150} INFO - [2024-09-19T14:52:22.168+0000] {dag.py:3508} INFO - Setting next_dagrun for example_short_circuit_decorator to 2024-09-18T14:52:22.168230+00:00, run_after=2024-09-19T14:52:22.168230+00:00
[2024-09-19T14:52:22.178+0000] {processor.py:179} INFO - Processing /home/airflow/.local/lib/python3.7/site-packages/airflow/example_dags/example_short_circuit_decorator.py took 0.072 seconds
[2024-09-19T14:52:52.943+0000] {processor.py:157} INFO - Started process (PID=526) to work on /home/airflow/.local/lib/python3.7/site-packages/airflow/example_dags/example_short_circuit_decorator.py
[2024-09-19T14:52:52.945+0000] {processor.py:826} INFO - Processing file /home/airflow/.local/lib/python3.7/site-packages/airflow/example_dags/example_short_circuit_decorator.py for tasks to queue
[2024-09-19T14:52:52.946+0000] {logging_mixin.py:150} INFO - [2024-09-19T14:52:52.945+0000] {dagbag.py:541} INFO - Filling up the DagBag from /home/airflow/.local/lib/python3.7/site-packages/airflow/example_dags/example_short_circuit_decorator.py
[2024-09-19T14:52:52.957+0000] {processor.py:836} INFO - DAG(s) dict_keys(['example_short_circuit_decorator']) retrieved from /home/airflow/.local/lib/python3.7/site-packages/airflow/example_dags/example_short_circuit_decorator.py
[2024-09-19T14:52:52.980+0000] {logging_mixin.py:150} INFO - [2024-09-19T14:52:52.980+0000] {dag.py:2742} INFO - Sync 1 DAGs
[2024-09-19T14:52:52.997+0000] {logging_mixin.py:150} INFO - [2024-09-19T14:52:52.997+0000] {dag.py:3508} INFO - Setting next_dagrun for example_short_circuit_decorator to 2024-09-18T14:52:52.997434+00:00, run_after=2024-09-19T14:52:52.997434+00:00
[2024-09-19T14:52:53.011+0000] {processor.py:179} INFO - Processing /home/airflow/.local/lib/python3.7/site-packages/airflow/example_dags/example_short_circuit_decorator.py took 0.073 seconds
[2024-09-19T14:53:23.854+0000] {processor.py:157} INFO - Started process (PID=587) to work on /home/airflow/.local/lib/python3.7/site-packages/airflow/example_dags/example_short_circuit_decorator.py
[2024-09-19T14:53:23.855+0000] {processor.py:826} INFO - Processing file /home/airflow/.local/lib/python3.7/site-packages/airflow/example_dags/example_short_circuit_decorator.py for tasks to queue
[2024-09-19T14:53:23.856+0000] {logging_mixin.py:150} INFO - [2024-09-19T14:53:23.856+0000] {dagbag.py:541} INFO - Filling up the DagBag from /home/airflow/.local/lib/python3.7/site-packages/airflow/example_dags/example_short_circuit_decorator.py
[2024-09-19T14:53:23.869+0000] {processor.py:836} INFO - DAG(s) dict_keys(['example_short_circuit_decorator']) retrieved from /home/airflow/.local/lib/python3.7/site-packages/airflow/example_dags/example_short_circuit_decorator.py
[2024-09-19T14:53:23.894+0000] {logging_mixin.py:150} INFO - [2024-09-19T14:53:23.894+0000] {dag.py:2742} INFO - Sync 1 DAGs
[2024-09-19T14:53:23.914+0000] {logging_mixin.py:150} INFO - [2024-09-19T14:53:23.914+0000] {dag.py:3508} INFO - Setting next_dagrun for example_short_circuit_decorator to 2024-09-18T14:53:23.914280+00:00, run_after=2024-09-19T14:53:23.914280+00:00
[2024-09-19T14:53:23.926+0000] {processor.py:179} INFO - Processing /home/airflow/.local/lib/python3.7/site-packages/airflow/example_dags/example_short_circuit_decorator.py took 0.077 seconds
[2024-09-19T14:53:54.646+0000] {processor.py:157} INFO - Started process (PID=648) to work on /home/airflow/.local/lib/python3.7/site-packages/airflow/example_dags/example_short_circuit_decorator.py
[2024-09-19T14:53:54.648+0000] {processor.py:826} INFO - Processing file /home/airflow/.local/lib/python3.7/site-packages/airflow/example_dags/example_short_circuit_decorator.py for tasks to queue
[2024-09-19T14:53:54.649+0000] {logging_mixin.py:150} INFO - [2024-09-19T14:53:54.649+0000] {dagbag.py:541} INFO - Filling up the DagBag from /home/airflow/.local/lib/python3.7/site-packages/airflow/example_dags/example_short_circuit_decorator.py
[2024-09-19T14:53:54.658+0000] {processor.py:836} INFO - DAG(s) dict_keys(['example_short_circuit_decorator']) retrieved from /home/airflow/.local/lib/python3.7/site-packages/airflow/example_dags/example_short_circuit_decorator.py
[2024-09-19T14:53:54.681+0000] {logging_mixin.py:150} INFO - [2024-09-19T14:53:54.680+0000] {dag.py:2742} INFO - Sync 1 DAGs
[2024-09-19T14:53:54.701+0000] {logging_mixin.py:150} INFO - [2024-09-19T14:53:54.701+0000] {dag.py:3508} INFO - Setting next_dagrun for example_short_circuit_decorator to 2024-09-18T14:53:54.701524+00:00, run_after=2024-09-19T14:53:54.701524+00:00
[2024-09-19T14:53:54.716+0000] {processor.py:179} INFO - Processing /home/airflow/.local/lib/python3.7/site-packages/airflow/example_dags/example_short_circuit_decorator.py took 0.072 seconds
[2024-09-19T14:54:25.397+0000] {processor.py:157} INFO - Started process (PID=709) to work on /home/airflow/.local/lib/python3.7/site-packages/airflow/example_dags/example_short_circuit_decorator.py
[2024-09-19T14:54:25.398+0000] {processor.py:826} INFO - Processing file /home/airflow/.local/lib/python3.7/site-packages/airflow/example_dags/example_short_circuit_decorator.py for tasks to queue
[2024-09-19T14:54:25.399+0000] {logging_mixin.py:150} INFO - [2024-09-19T14:54:25.399+0000] {dagbag.py:541} INFO - Filling up the DagBag from /home/airflow/.local/lib/python3.7/site-packages/airflow/example_dags/example_short_circuit_decorator.py
[2024-09-19T14:54:25.409+0000] {processor.py:836} INFO - DAG(s) dict_keys(['example_short_circuit_decorator']) retrieved from /home/airflow/.local/lib/python3.7/site-packages/airflow/example_dags/example_short_circuit_decorator.py
[2024-09-19T14:54:25.429+0000] {logging_mixin.py:150} INFO - [2024-09-19T14:54:25.429+0000] {dag.py:2742} INFO - Sync 1 DAGs
[2024-09-19T14:54:25.444+0000] {logging_mixin.py:150} INFO - [2024-09-19T14:54:25.444+0000] {dag.py:3508} INFO - Setting next_dagrun for example_short_circuit_decorator to 2024-09-18T14:54:25.444540+00:00, run_after=2024-09-19T14:54:25.444540+00:00
[2024-09-19T14:54:25.454+0000] {processor.py:179} INFO - Processing /home/airflow/.local/lib/python3.7/site-packages/airflow/example_dags/example_short_circuit_decorator.py took 0.063 seconds
[2024-09-19T14:54:56.113+0000] {processor.py:157} INFO - Started process (PID=770) to work on /home/airflow/.local/lib/python3.7/site-packages/airflow/example_dags/example_short_circuit_decorator.py
[2024-09-19T14:54:56.114+0000] {processor.py:826} INFO - Processing file /home/airflow/.local/lib/python3.7/site-packages/airflow/example_dags/example_short_circuit_decorator.py for tasks to queue
[2024-09-19T14:54:56.115+0000] {logging_mixin.py:150} INFO - [2024-09-19T14:54:56.115+0000] {dagbag.py:541} INFO - Filling up the DagBag from /home/airflow/.local/lib/python3.7/site-packages/airflow/example_dags/example_short_circuit_decorator.py
[2024-09-19T14:54:56.125+0000] {processor.py:836} INFO - DAG(s) dict_keys(['example_short_circuit_decorator']) retrieved from /home/airflow/.local/lib/python3.7/site-packages/airflow/example_dags/example_short_circuit_decorator.py
[2024-09-19T14:54:56.146+0000] {logging_mixin.py:150} INFO - [2024-09-19T14:54:56.146+0000] {dag.py:2742} INFO - Sync 1 DAGs
[2024-09-19T14:54:56.163+0000] {logging_mixin.py:150} INFO - [2024-09-19T14:54:56.163+0000] {dag.py:3508} INFO - Setting next_dagrun for example_short_circuit_decorator to 2024-09-18T14:54:56.163133+00:00, run_after=2024-09-19T14:54:56.163133+00:00
[2024-09-19T14:54:56.176+0000] {processor.py:179} INFO - Processing /home/airflow/.local/lib/python3.7/site-packages/airflow/example_dags/example_short_circuit_decorator.py took 0.066 seconds
