[2024-09-19T14:48:48.641+0000] {processor.py:157} INFO - Started process (PID=58) to work on /home/airflow/.local/lib/python3.7/site-packages/airflow/example_dags/example_latest_only_with_trigger.py
[2024-09-19T14:48:48.643+0000] {processor.py:826} INFO - Processing file /home/airflow/.local/lib/python3.7/site-packages/airflow/example_dags/example_latest_only_with_trigger.py for tasks to queue
[2024-09-19T14:48:48.643+0000] {logging_mixin.py:150} INFO - [2024-09-19T14:48:48.643+0000] {dagbag.py:541} INFO - Filling up the DagBag from /home/airflow/.local/lib/python3.7/site-packages/airflow/example_dags/example_latest_only_with_trigger.py
[2024-09-19T14:48:48.654+0000] {processor.py:836} INFO - DAG(s) dict_keys(['latest_only_with_trigger']) retrieved from /home/airflow/.local/lib/python3.7/site-packages/airflow/example_dags/example_latest_only_with_trigger.py
[2024-09-19T14:48:48.672+0000] {logging_mixin.py:150} INFO - [2024-09-19T14:48:48.672+0000] {dag.py:2742} INFO - Sync 1 DAGs
[2024-09-19T14:48:48.688+0000] {logging_mixin.py:150} INFO - [2024-09-19T14:48:48.688+0000] {dag.py:3508} INFO - Setting next_dagrun for latest_only_with_trigger to 2024-09-19T10:48:48.688071+00:00, run_after=2024-09-19T14:48:48.688071+00:00
[2024-09-19T14:48:48.703+0000] {processor.py:179} INFO - Processing /home/airflow/.local/lib/python3.7/site-packages/airflow/example_dags/example_latest_only_with_trigger.py took 0.065 seconds
[2024-09-19T14:49:18.954+0000] {processor.py:157} INFO - Started process (PID=119) to work on /home/airflow/.local/lib/python3.7/site-packages/airflow/example_dags/example_latest_only_with_trigger.py
[2024-09-19T14:49:18.956+0000] {processor.py:826} INFO - Processing file /home/airflow/.local/lib/python3.7/site-packages/airflow/example_dags/example_latest_only_with_trigger.py for tasks to queue
[2024-09-19T14:49:18.956+0000] {logging_mixin.py:150} INFO - [2024-09-19T14:49:18.956+0000] {dagbag.py:541} INFO - Filling up the DagBag from /home/airflow/.local/lib/python3.7/site-packages/airflow/example_dags/example_latest_only_with_trigger.py
[2024-09-19T14:49:18.959+0000] {processor.py:836} INFO - DAG(s) dict_keys(['latest_only_with_trigger']) retrieved from /home/airflow/.local/lib/python3.7/site-packages/airflow/example_dags/example_latest_only_with_trigger.py
[2024-09-19T14:49:18.973+0000] {logging_mixin.py:150} INFO - [2024-09-19T14:49:18.973+0000] {dag.py:2742} INFO - Sync 1 DAGs
[2024-09-19T14:49:18.985+0000] {logging_mixin.py:150} INFO - [2024-09-19T14:49:18.985+0000] {dag.py:3508} INFO - Setting next_dagrun for latest_only_with_trigger to 2024-09-19T10:49:18.984957+00:00, run_after=2024-09-19T14:49:18.984957+00:00
[2024-09-19T14:49:18.997+0000] {processor.py:179} INFO - Processing /home/airflow/.local/lib/python3.7/site-packages/airflow/example_dags/example_latest_only_with_trigger.py took 0.044 seconds
[2024-09-19T14:49:49.772+0000] {processor.py:157} INFO - Started process (PID=180) to work on /home/airflow/.local/lib/python3.7/site-packages/airflow/example_dags/example_latest_only_with_trigger.py
[2024-09-19T14:49:49.773+0000] {processor.py:826} INFO - Processing file /home/airflow/.local/lib/python3.7/site-packages/airflow/example_dags/example_latest_only_with_trigger.py for tasks to queue
[2024-09-19T14:49:49.774+0000] {logging_mixin.py:150} INFO - [2024-09-19T14:49:49.774+0000] {dagbag.py:541} INFO - Filling up the DagBag from /home/airflow/.local/lib/python3.7/site-packages/airflow/example_dags/example_latest_only_with_trigger.py
[2024-09-19T14:49:49.778+0000] {processor.py:836} INFO - DAG(s) dict_keys(['latest_only_with_trigger']) retrieved from /home/airflow/.local/lib/python3.7/site-packages/airflow/example_dags/example_latest_only_with_trigger.py
[2024-09-19T14:49:49.797+0000] {logging_mixin.py:150} INFO - [2024-09-19T14:49:49.797+0000] {dag.py:2742} INFO - Sync 1 DAGs
[2024-09-19T14:49:49.809+0000] {logging_mixin.py:150} INFO - [2024-09-19T14:49:49.809+0000] {dag.py:3508} INFO - Setting next_dagrun for latest_only_with_trigger to 2024-09-19T10:49:49.808990+00:00, run_after=2024-09-19T14:49:49.808990+00:00
[2024-09-19T14:49:49.822+0000] {processor.py:179} INFO - Processing /home/airflow/.local/lib/python3.7/site-packages/airflow/example_dags/example_latest_only_with_trigger.py took 0.051 seconds
[2024-09-19T14:50:20.598+0000] {processor.py:157} INFO - Started process (PID=241) to work on /home/airflow/.local/lib/python3.7/site-packages/airflow/example_dags/example_latest_only_with_trigger.py
[2024-09-19T14:50:20.599+0000] {processor.py:826} INFO - Processing file /home/airflow/.local/lib/python3.7/site-packages/airflow/example_dags/example_latest_only_with_trigger.py for tasks to queue
[2024-09-19T14:50:20.599+0000] {logging_mixin.py:150} INFO - [2024-09-19T14:50:20.599+0000] {dagbag.py:541} INFO - Filling up the DagBag from /home/airflow/.local/lib/python3.7/site-packages/airflow/example_dags/example_latest_only_with_trigger.py
[2024-09-19T14:50:20.602+0000] {processor.py:836} INFO - DAG(s) dict_keys(['latest_only_with_trigger']) retrieved from /home/airflow/.local/lib/python3.7/site-packages/airflow/example_dags/example_latest_only_with_trigger.py
[2024-09-19T14:50:20.617+0000] {logging_mixin.py:150} INFO - [2024-09-19T14:50:20.617+0000] {dag.py:2742} INFO - Sync 1 DAGs
[2024-09-19T14:50:20.631+0000] {logging_mixin.py:150} INFO - [2024-09-19T14:50:20.631+0000] {dag.py:3508} INFO - Setting next_dagrun for latest_only_with_trigger to 2024-09-19T10:50:20.631243+00:00, run_after=2024-09-19T14:50:20.631243+00:00
[2024-09-19T14:50:20.642+0000] {processor.py:179} INFO - Processing /home/airflow/.local/lib/python3.7/site-packages/airflow/example_dags/example_latest_only_with_trigger.py took 0.046 seconds
[2024-09-19T14:50:51.478+0000] {processor.py:157} INFO - Started process (PID=302) to work on /home/airflow/.local/lib/python3.7/site-packages/airflow/example_dags/example_latest_only_with_trigger.py
[2024-09-19T14:50:51.479+0000] {processor.py:826} INFO - Processing file /home/airflow/.local/lib/python3.7/site-packages/airflow/example_dags/example_latest_only_with_trigger.py for tasks to queue
[2024-09-19T14:50:51.479+0000] {logging_mixin.py:150} INFO - [2024-09-19T14:50:51.479+0000] {dagbag.py:541} INFO - Filling up the DagBag from /home/airflow/.local/lib/python3.7/site-packages/airflow/example_dags/example_latest_only_with_trigger.py
[2024-09-19T14:50:51.482+0000] {processor.py:836} INFO - DAG(s) dict_keys(['latest_only_with_trigger']) retrieved from /home/airflow/.local/lib/python3.7/site-packages/airflow/example_dags/example_latest_only_with_trigger.py
[2024-09-19T14:50:51.497+0000] {logging_mixin.py:150} INFO - [2024-09-19T14:50:51.497+0000] {dag.py:2742} INFO - Sync 1 DAGs
[2024-09-19T14:50:51.512+0000] {logging_mixin.py:150} INFO - [2024-09-19T14:50:51.512+0000] {dag.py:3508} INFO - Setting next_dagrun for latest_only_with_trigger to 2024-09-19T10:50:51.512347+00:00, run_after=2024-09-19T14:50:51.512347+00:00
[2024-09-19T14:50:51.525+0000] {processor.py:179} INFO - Processing /home/airflow/.local/lib/python3.7/site-packages/airflow/example_dags/example_latest_only_with_trigger.py took 0.048 seconds
[2024-09-19T14:51:21.695+0000] {processor.py:157} INFO - Started process (PID=363) to work on /home/airflow/.local/lib/python3.7/site-packages/airflow/example_dags/example_latest_only_with_trigger.py
[2024-09-19T14:51:21.696+0000] {processor.py:826} INFO - Processing file /home/airflow/.local/lib/python3.7/site-packages/airflow/example_dags/example_latest_only_with_trigger.py for tasks to queue
[2024-09-19T14:51:21.697+0000] {logging_mixin.py:150} INFO - [2024-09-19T14:51:21.697+0000] {dagbag.py:541} INFO - Filling up the DagBag from /home/airflow/.local/lib/python3.7/site-packages/airflow/example_dags/example_latest_only_with_trigger.py
[2024-09-19T14:51:21.700+0000] {processor.py:836} INFO - DAG(s) dict_keys(['latest_only_with_trigger']) retrieved from /home/airflow/.local/lib/python3.7/site-packages/airflow/example_dags/example_latest_only_with_trigger.py
[2024-09-19T14:51:21.711+0000] {logging_mixin.py:150} INFO - [2024-09-19T14:51:21.710+0000] {dag.py:2742} INFO - Sync 1 DAGs
[2024-09-19T14:51:21.722+0000] {logging_mixin.py:150} INFO - [2024-09-19T14:51:21.722+0000] {dag.py:3508} INFO - Setting next_dagrun for latest_only_with_trigger to 2024-09-19T10:51:21.722250+00:00, run_after=2024-09-19T14:51:21.722250+00:00
[2024-09-19T14:51:21.734+0000] {processor.py:179} INFO - Processing /home/airflow/.local/lib/python3.7/site-packages/airflow/example_dags/example_latest_only_with_trigger.py took 0.041 seconds
[2024-09-19T14:51:51.896+0000] {processor.py:157} INFO - Started process (PID=424) to work on /home/airflow/.local/lib/python3.7/site-packages/airflow/example_dags/example_latest_only_with_trigger.py
[2024-09-19T14:51:51.897+0000] {processor.py:826} INFO - Processing file /home/airflow/.local/lib/python3.7/site-packages/airflow/example_dags/example_latest_only_with_trigger.py for tasks to queue
[2024-09-19T14:51:51.897+0000] {logging_mixin.py:150} INFO - [2024-09-19T14:51:51.897+0000] {dagbag.py:541} INFO - Filling up the DagBag from /home/airflow/.local/lib/python3.7/site-packages/airflow/example_dags/example_latest_only_with_trigger.py
[2024-09-19T14:51:51.900+0000] {processor.py:836} INFO - DAG(s) dict_keys(['latest_only_with_trigger']) retrieved from /home/airflow/.local/lib/python3.7/site-packages/airflow/example_dags/example_latest_only_with_trigger.py
[2024-09-19T14:51:51.911+0000] {logging_mixin.py:150} INFO - [2024-09-19T14:51:51.911+0000] {dag.py:2742} INFO - Sync 1 DAGs
[2024-09-19T14:51:51.923+0000] {logging_mixin.py:150} INFO - [2024-09-19T14:51:51.923+0000] {dag.py:3508} INFO - Setting next_dagrun for latest_only_with_trigger to 2024-09-19T10:51:51.923447+00:00, run_after=2024-09-19T14:51:51.923447+00:00
[2024-09-19T14:51:51.935+0000] {processor.py:179} INFO - Processing /home/airflow/.local/lib/python3.7/site-packages/airflow/example_dags/example_latest_only_with_trigger.py took 0.041 seconds
[2024-09-19T14:52:22.759+0000] {processor.py:157} INFO - Started process (PID=485) to work on /home/airflow/.local/lib/python3.7/site-packages/airflow/example_dags/example_latest_only_with_trigger.py
[2024-09-19T14:52:22.760+0000] {processor.py:826} INFO - Processing file /home/airflow/.local/lib/python3.7/site-packages/airflow/example_dags/example_latest_only_with_trigger.py for tasks to queue
[2024-09-19T14:52:22.760+0000] {logging_mixin.py:150} INFO - [2024-09-19T14:52:22.760+0000] {dagbag.py:541} INFO - Filling up the DagBag from /home/airflow/.local/lib/python3.7/site-packages/airflow/example_dags/example_latest_only_with_trigger.py
[2024-09-19T14:52:22.763+0000] {processor.py:836} INFO - DAG(s) dict_keys(['latest_only_with_trigger']) retrieved from /home/airflow/.local/lib/python3.7/site-packages/airflow/example_dags/example_latest_only_with_trigger.py
[2024-09-19T14:52:22.783+0000] {logging_mixin.py:150} INFO - [2024-09-19T14:52:22.783+0000] {dag.py:2742} INFO - Sync 1 DAGs
[2024-09-19T14:52:22.800+0000] {logging_mixin.py:150} INFO - [2024-09-19T14:52:22.800+0000] {dag.py:3508} INFO - Setting next_dagrun for latest_only_with_trigger to 2024-09-19T10:52:22.800177+00:00, run_after=2024-09-19T14:52:22.800177+00:00
[2024-09-19T14:52:22.810+0000] {processor.py:179} INFO - Processing /home/airflow/.local/lib/python3.7/site-packages/airflow/example_dags/example_latest_only_with_trigger.py took 0.052 seconds
[2024-09-19T14:52:53.602+0000] {processor.py:157} INFO - Started process (PID=546) to work on /home/airflow/.local/lib/python3.7/site-packages/airflow/example_dags/example_latest_only_with_trigger.py
[2024-09-19T14:52:53.602+0000] {processor.py:826} INFO - Processing file /home/airflow/.local/lib/python3.7/site-packages/airflow/example_dags/example_latest_only_with_trigger.py for tasks to queue
[2024-09-19T14:52:53.604+0000] {logging_mixin.py:150} INFO - [2024-09-19T14:52:53.604+0000] {dagbag.py:541} INFO - Filling up the DagBag from /home/airflow/.local/lib/python3.7/site-packages/airflow/example_dags/example_latest_only_with_trigger.py
[2024-09-19T14:52:53.607+0000] {processor.py:836} INFO - DAG(s) dict_keys(['latest_only_with_trigger']) retrieved from /home/airflow/.local/lib/python3.7/site-packages/airflow/example_dags/example_latest_only_with_trigger.py
[2024-09-19T14:52:53.618+0000] {logging_mixin.py:150} INFO - [2024-09-19T14:52:53.618+0000] {dag.py:2742} INFO - Sync 1 DAGs
[2024-09-19T14:52:53.631+0000] {logging_mixin.py:150} INFO - [2024-09-19T14:52:53.631+0000] {dag.py:3508} INFO - Setting next_dagrun for latest_only_with_trigger to 2024-09-19T10:52:53.631093+00:00, run_after=2024-09-19T14:52:53.631093+00:00
[2024-09-19T14:52:53.641+0000] {processor.py:179} INFO - Processing /home/airflow/.local/lib/python3.7/site-packages/airflow/example_dags/example_latest_only_with_trigger.py took 0.041 seconds
[2024-09-19T14:53:24.536+0000] {processor.py:157} INFO - Started process (PID=607) to work on /home/airflow/.local/lib/python3.7/site-packages/airflow/example_dags/example_latest_only_with_trigger.py
[2024-09-19T14:53:24.536+0000] {processor.py:826} INFO - Processing file /home/airflow/.local/lib/python3.7/site-packages/airflow/example_dags/example_latest_only_with_trigger.py for tasks to queue
[2024-09-19T14:53:24.536+0000] {logging_mixin.py:150} INFO - [2024-09-19T14:53:24.536+0000] {dagbag.py:541} INFO - Filling up the DagBag from /home/airflow/.local/lib/python3.7/site-packages/airflow/example_dags/example_latest_only_with_trigger.py
[2024-09-19T14:53:24.540+0000] {processor.py:836} INFO - DAG(s) dict_keys(['latest_only_with_trigger']) retrieved from /home/airflow/.local/lib/python3.7/site-packages/airflow/example_dags/example_latest_only_with_trigger.py
[2024-09-19T14:53:24.555+0000] {logging_mixin.py:150} INFO - [2024-09-19T14:53:24.555+0000] {dag.py:2742} INFO - Sync 1 DAGs
[2024-09-19T14:53:24.568+0000] {logging_mixin.py:150} INFO - [2024-09-19T14:53:24.568+0000] {dag.py:3508} INFO - Setting next_dagrun for latest_only_with_trigger to 2024-09-19T10:53:24.567907+00:00, run_after=2024-09-19T14:53:24.567907+00:00
[2024-09-19T14:53:24.578+0000] {processor.py:179} INFO - Processing /home/airflow/.local/lib/python3.7/site-packages/airflow/example_dags/example_latest_only_with_trigger.py took 0.045 seconds
[2024-09-19T14:53:55.211+0000] {processor.py:157} INFO - Started process (PID=668) to work on /home/airflow/.local/lib/python3.7/site-packages/airflow/example_dags/example_latest_only_with_trigger.py
[2024-09-19T14:53:55.211+0000] {processor.py:826} INFO - Processing file /home/airflow/.local/lib/python3.7/site-packages/airflow/example_dags/example_latest_only_with_trigger.py for tasks to queue
[2024-09-19T14:53:55.212+0000] {logging_mixin.py:150} INFO - [2024-09-19T14:53:55.212+0000] {dagbag.py:541} INFO - Filling up the DagBag from /home/airflow/.local/lib/python3.7/site-packages/airflow/example_dags/example_latest_only_with_trigger.py
[2024-09-19T14:53:55.216+0000] {processor.py:836} INFO - DAG(s) dict_keys(['latest_only_with_trigger']) retrieved from /home/airflow/.local/lib/python3.7/site-packages/airflow/example_dags/example_latest_only_with_trigger.py
[2024-09-19T14:53:55.228+0000] {logging_mixin.py:150} INFO - [2024-09-19T14:53:55.228+0000] {dag.py:2742} INFO - Sync 1 DAGs
[2024-09-19T14:53:55.239+0000] {logging_mixin.py:150} INFO - [2024-09-19T14:53:55.239+0000] {dag.py:3508} INFO - Setting next_dagrun for latest_only_with_trigger to 2024-09-19T10:53:55.239228+00:00, run_after=2024-09-19T14:53:55.239228+00:00
[2024-09-19T14:53:55.247+0000] {processor.py:179} INFO - Processing /home/airflow/.local/lib/python3.7/site-packages/airflow/example_dags/example_latest_only_with_trigger.py took 0.039 seconds
[2024-09-19T14:54:26.003+0000] {processor.py:157} INFO - Started process (PID=729) to work on /home/airflow/.local/lib/python3.7/site-packages/airflow/example_dags/example_latest_only_with_trigger.py
[2024-09-19T14:54:26.003+0000] {processor.py:826} INFO - Processing file /home/airflow/.local/lib/python3.7/site-packages/airflow/example_dags/example_latest_only_with_trigger.py for tasks to queue
[2024-09-19T14:54:26.004+0000] {logging_mixin.py:150} INFO - [2024-09-19T14:54:26.004+0000] {dagbag.py:541} INFO - Filling up the DagBag from /home/airflow/.local/lib/python3.7/site-packages/airflow/example_dags/example_latest_only_with_trigger.py
[2024-09-19T14:54:26.008+0000] {processor.py:836} INFO - DAG(s) dict_keys(['latest_only_with_trigger']) retrieved from /home/airflow/.local/lib/python3.7/site-packages/airflow/example_dags/example_latest_only_with_trigger.py
[2024-09-19T14:54:26.019+0000] {logging_mixin.py:150} INFO - [2024-09-19T14:54:26.019+0000] {dag.py:2742} INFO - Sync 1 DAGs
[2024-09-19T14:54:26.031+0000] {logging_mixin.py:150} INFO - [2024-09-19T14:54:26.030+0000] {dag.py:3508} INFO - Setting next_dagrun for latest_only_with_trigger to 2024-09-19T10:54:26.030802+00:00, run_after=2024-09-19T14:54:26.030802+00:00
[2024-09-19T14:54:26.039+0000] {processor.py:179} INFO - Processing /home/airflow/.local/lib/python3.7/site-packages/airflow/example_dags/example_latest_only_with_trigger.py took 0.038 seconds
[2024-09-19T14:54:56.715+0000] {processor.py:157} INFO - Started process (PID=790) to work on /home/airflow/.local/lib/python3.7/site-packages/airflow/example_dags/example_latest_only_with_trigger.py
[2024-09-19T14:54:56.715+0000] {processor.py:826} INFO - Processing file /home/airflow/.local/lib/python3.7/site-packages/airflow/example_dags/example_latest_only_with_trigger.py for tasks to queue
[2024-09-19T14:54:56.716+0000] {logging_mixin.py:150} INFO - [2024-09-19T14:54:56.715+0000] {dagbag.py:541} INFO - Filling up the DagBag from /home/airflow/.local/lib/python3.7/site-packages/airflow/example_dags/example_latest_only_with_trigger.py
[2024-09-19T14:54:56.720+0000] {processor.py:836} INFO - DAG(s) dict_keys(['latest_only_with_trigger']) retrieved from /home/airflow/.local/lib/python3.7/site-packages/airflow/example_dags/example_latest_only_with_trigger.py
[2024-09-19T14:54:56.731+0000] {logging_mixin.py:150} INFO - [2024-09-19T14:54:56.731+0000] {dag.py:2742} INFO - Sync 1 DAGs
[2024-09-19T14:54:56.743+0000] {logging_mixin.py:150} INFO - [2024-09-19T14:54:56.743+0000] {dag.py:3508} INFO - Setting next_dagrun for latest_only_with_trigger to 2024-09-19T10:54:56.743813+00:00, run_after=2024-09-19T14:54:56.743813+00:00
[2024-09-19T14:54:56.756+0000] {processor.py:179} INFO - Processing /home/airflow/.local/lib/python3.7/site-packages/airflow/example_dags/example_latest_only_with_trigger.py took 0.042 seconds
