[2024-09-19T14:48:48.328+0000] {processor.py:157} INFO - Started process (PID=50) to work on /home/airflow/.local/lib/python3.7/site-packages/airflow/example_dags/example_python_operator.py
[2024-09-19T14:48:48.329+0000] {processor.py:826} INFO - Processing file /home/airflow/.local/lib/python3.7/site-packages/airflow/example_dags/example_python_operator.py for tasks to queue
[2024-09-19T14:48:48.330+0000] {logging_mixin.py:150} INFO - [2024-09-19T14:48:48.330+0000] {dagbag.py:541} INFO - Filling up the DagBag from /home/airflow/.local/lib/python3.7/site-packages/airflow/example_dags/example_python_operator.py
[2024-09-19T14:48:48.340+0000] {processor.py:836} INFO - DAG(s) dict_keys(['example_python_operator']) retrieved from /home/airflow/.local/lib/python3.7/site-packages/airflow/example_dags/example_python_operator.py
[2024-09-19T14:48:48.356+0000] {logging_mixin.py:150} INFO - [2024-09-19T14:48:48.355+0000] {dag.py:2742} INFO - Sync 1 DAGs
[2024-09-19T14:48:48.376+0000] {logging_mixin.py:150} INFO - [2024-09-19T14:48:48.376+0000] {dag.py:3508} INFO - Setting next_dagrun for example_python_operator to None, run_after=None
[2024-09-19T14:48:48.395+0000] {processor.py:179} INFO - Processing /home/airflow/.local/lib/python3.7/site-packages/airflow/example_dags/example_python_operator.py took 0.068 seconds
[2024-09-19T14:49:18.708+0000] {processor.py:157} INFO - Started process (PID=111) to work on /home/airflow/.local/lib/python3.7/site-packages/airflow/example_dags/example_python_operator.py
[2024-09-19T14:49:18.709+0000] {processor.py:826} INFO - Processing file /home/airflow/.local/lib/python3.7/site-packages/airflow/example_dags/example_python_operator.py for tasks to queue
[2024-09-19T14:49:18.709+0000] {logging_mixin.py:150} INFO - [2024-09-19T14:49:18.709+0000] {dagbag.py:541} INFO - Filling up the DagBag from /home/airflow/.local/lib/python3.7/site-packages/airflow/example_dags/example_python_operator.py
[2024-09-19T14:49:18.715+0000] {processor.py:836} INFO - DAG(s) dict_keys(['example_python_operator']) retrieved from /home/airflow/.local/lib/python3.7/site-packages/airflow/example_dags/example_python_operator.py
[2024-09-19T14:49:18.783+0000] {logging_mixin.py:150} INFO - [2024-09-19T14:49:18.783+0000] {dag.py:2742} INFO - Sync 1 DAGs
[2024-09-19T14:49:18.797+0000] {logging_mixin.py:150} INFO - [2024-09-19T14:49:18.797+0000] {dag.py:3508} INFO - Setting next_dagrun for example_python_operator to None, run_after=None
[2024-09-19T14:49:18.813+0000] {processor.py:179} INFO - Processing /home/airflow/.local/lib/python3.7/site-packages/airflow/example_dags/example_python_operator.py took 0.109 seconds
[2024-09-19T14:49:49.542+0000] {processor.py:157} INFO - Started process (PID=172) to work on /home/airflow/.local/lib/python3.7/site-packages/airflow/example_dags/example_python_operator.py
[2024-09-19T14:49:49.542+0000] {processor.py:826} INFO - Processing file /home/airflow/.local/lib/python3.7/site-packages/airflow/example_dags/example_python_operator.py for tasks to queue
[2024-09-19T14:49:49.543+0000] {logging_mixin.py:150} INFO - [2024-09-19T14:49:49.543+0000] {dagbag.py:541} INFO - Filling up the DagBag from /home/airflow/.local/lib/python3.7/site-packages/airflow/example_dags/example_python_operator.py
[2024-09-19T14:49:49.547+0000] {processor.py:836} INFO - DAG(s) dict_keys(['example_python_operator']) retrieved from /home/airflow/.local/lib/python3.7/site-packages/airflow/example_dags/example_python_operator.py
[2024-09-19T14:49:49.559+0000] {logging_mixin.py:150} INFO - [2024-09-19T14:49:49.559+0000] {dag.py:2742} INFO - Sync 1 DAGs
[2024-09-19T14:49:49.570+0000] {logging_mixin.py:150} INFO - [2024-09-19T14:49:49.570+0000] {dag.py:3508} INFO - Setting next_dagrun for example_python_operator to None, run_after=None
[2024-09-19T14:49:49.577+0000] {processor.py:179} INFO - Processing /home/airflow/.local/lib/python3.7/site-packages/airflow/example_dags/example_python_operator.py took 0.037 seconds
[2024-09-19T14:50:20.331+0000] {processor.py:157} INFO - Started process (PID=233) to work on /home/airflow/.local/lib/python3.7/site-packages/airflow/example_dags/example_python_operator.py
[2024-09-19T14:50:20.332+0000] {processor.py:826} INFO - Processing file /home/airflow/.local/lib/python3.7/site-packages/airflow/example_dags/example_python_operator.py for tasks to queue
[2024-09-19T14:50:20.332+0000] {logging_mixin.py:150} INFO - [2024-09-19T14:50:20.332+0000] {dagbag.py:541} INFO - Filling up the DagBag from /home/airflow/.local/lib/python3.7/site-packages/airflow/example_dags/example_python_operator.py
[2024-09-19T14:50:20.337+0000] {processor.py:836} INFO - DAG(s) dict_keys(['example_python_operator']) retrieved from /home/airflow/.local/lib/python3.7/site-packages/airflow/example_dags/example_python_operator.py
[2024-09-19T14:50:20.349+0000] {logging_mixin.py:150} INFO - [2024-09-19T14:50:20.349+0000] {dag.py:2742} INFO - Sync 1 DAGs
[2024-09-19T14:50:20.359+0000] {logging_mixin.py:150} INFO - [2024-09-19T14:50:20.359+0000] {dag.py:3508} INFO - Setting next_dagrun for example_python_operator to None, run_after=None
[2024-09-19T14:50:20.367+0000] {processor.py:179} INFO - Processing /home/airflow/.local/lib/python3.7/site-packages/airflow/example_dags/example_python_operator.py took 0.037 seconds
[2024-09-19T14:50:51.256+0000] {processor.py:157} INFO - Started process (PID=294) to work on /home/airflow/.local/lib/python3.7/site-packages/airflow/example_dags/example_python_operator.py
[2024-09-19T14:50:51.258+0000] {processor.py:826} INFO - Processing file /home/airflow/.local/lib/python3.7/site-packages/airflow/example_dags/example_python_operator.py for tasks to queue
[2024-09-19T14:50:51.260+0000] {logging_mixin.py:150} INFO - [2024-09-19T14:50:51.260+0000] {dagbag.py:541} INFO - Filling up the DagBag from /home/airflow/.local/lib/python3.7/site-packages/airflow/example_dags/example_python_operator.py
[2024-09-19T14:50:51.266+0000] {processor.py:836} INFO - DAG(s) dict_keys(['example_python_operator']) retrieved from /home/airflow/.local/lib/python3.7/site-packages/airflow/example_dags/example_python_operator.py
[2024-09-19T14:50:51.281+0000] {logging_mixin.py:150} INFO - [2024-09-19T14:50:51.280+0000] {dag.py:2742} INFO - Sync 1 DAGs
[2024-09-19T14:50:51.293+0000] {logging_mixin.py:150} INFO - [2024-09-19T14:50:51.293+0000] {dag.py:3508} INFO - Setting next_dagrun for example_python_operator to None, run_after=None
[2024-09-19T14:50:51.304+0000] {processor.py:179} INFO - Processing /home/airflow/.local/lib/python3.7/site-packages/airflow/example_dags/example_python_operator.py took 0.050 seconds
[2024-09-19T14:51:21.476+0000] {processor.py:157} INFO - Started process (PID=355) to work on /home/airflow/.local/lib/python3.7/site-packages/airflow/example_dags/example_python_operator.py
[2024-09-19T14:51:21.477+0000] {processor.py:826} INFO - Processing file /home/airflow/.local/lib/python3.7/site-packages/airflow/example_dags/example_python_operator.py for tasks to queue
[2024-09-19T14:51:21.477+0000] {logging_mixin.py:150} INFO - [2024-09-19T14:51:21.477+0000] {dagbag.py:541} INFO - Filling up the DagBag from /home/airflow/.local/lib/python3.7/site-packages/airflow/example_dags/example_python_operator.py
[2024-09-19T14:51:21.482+0000] {processor.py:836} INFO - DAG(s) dict_keys(['example_python_operator']) retrieved from /home/airflow/.local/lib/python3.7/site-packages/airflow/example_dags/example_python_operator.py
[2024-09-19T14:51:21.494+0000] {logging_mixin.py:150} INFO - [2024-09-19T14:51:21.494+0000] {dag.py:2742} INFO - Sync 1 DAGs
[2024-09-19T14:51:21.504+0000] {logging_mixin.py:150} INFO - [2024-09-19T14:51:21.504+0000] {dag.py:3508} INFO - Setting next_dagrun for example_python_operator to None, run_after=None
[2024-09-19T14:51:21.511+0000] {processor.py:179} INFO - Processing /home/airflow/.local/lib/python3.7/site-packages/airflow/example_dags/example_python_operator.py took 0.037 seconds
[2024-09-19T14:51:51.680+0000] {processor.py:157} INFO - Started process (PID=416) to work on /home/airflow/.local/lib/python3.7/site-packages/airflow/example_dags/example_python_operator.py
[2024-09-19T14:51:51.680+0000] {processor.py:826} INFO - Processing file /home/airflow/.local/lib/python3.7/site-packages/airflow/example_dags/example_python_operator.py for tasks to queue
[2024-09-19T14:51:51.680+0000] {logging_mixin.py:150} INFO - [2024-09-19T14:51:51.680+0000] {dagbag.py:541} INFO - Filling up the DagBag from /home/airflow/.local/lib/python3.7/site-packages/airflow/example_dags/example_python_operator.py
[2024-09-19T14:51:51.686+0000] {processor.py:836} INFO - DAG(s) dict_keys(['example_python_operator']) retrieved from /home/airflow/.local/lib/python3.7/site-packages/airflow/example_dags/example_python_operator.py
[2024-09-19T14:51:51.698+0000] {logging_mixin.py:150} INFO - [2024-09-19T14:51:51.698+0000] {dag.py:2742} INFO - Sync 1 DAGs
[2024-09-19T14:51:51.708+0000] {logging_mixin.py:150} INFO - [2024-09-19T14:51:51.708+0000] {dag.py:3508} INFO - Setting next_dagrun for example_python_operator to None, run_after=None
[2024-09-19T14:51:51.716+0000] {processor.py:179} INFO - Processing /home/airflow/.local/lib/python3.7/site-packages/airflow/example_dags/example_python_operator.py took 0.038 seconds
[2024-09-19T14:52:22.519+0000] {processor.py:157} INFO - Started process (PID=477) to work on /home/airflow/.local/lib/python3.7/site-packages/airflow/example_dags/example_python_operator.py
[2024-09-19T14:52:22.520+0000] {processor.py:826} INFO - Processing file /home/airflow/.local/lib/python3.7/site-packages/airflow/example_dags/example_python_operator.py for tasks to queue
[2024-09-19T14:52:22.520+0000] {logging_mixin.py:150} INFO - [2024-09-19T14:52:22.520+0000] {dagbag.py:541} INFO - Filling up the DagBag from /home/airflow/.local/lib/python3.7/site-packages/airflow/example_dags/example_python_operator.py
[2024-09-19T14:52:22.525+0000] {processor.py:836} INFO - DAG(s) dict_keys(['example_python_operator']) retrieved from /home/airflow/.local/lib/python3.7/site-packages/airflow/example_dags/example_python_operator.py
[2024-09-19T14:52:22.540+0000] {logging_mixin.py:150} INFO - [2024-09-19T14:52:22.539+0000] {dag.py:2742} INFO - Sync 1 DAGs
[2024-09-19T14:52:22.553+0000] {logging_mixin.py:150} INFO - [2024-09-19T14:52:22.553+0000] {dag.py:3508} INFO - Setting next_dagrun for example_python_operator to None, run_after=None
[2024-09-19T14:52:22.561+0000] {processor.py:179} INFO - Processing /home/airflow/.local/lib/python3.7/site-packages/airflow/example_dags/example_python_operator.py took 0.043 seconds
[2024-09-19T14:52:53.356+0000] {processor.py:157} INFO - Started process (PID=538) to work on /home/airflow/.local/lib/python3.7/site-packages/airflow/example_dags/example_python_operator.py
[2024-09-19T14:52:53.356+0000] {processor.py:826} INFO - Processing file /home/airflow/.local/lib/python3.7/site-packages/airflow/example_dags/example_python_operator.py for tasks to queue
[2024-09-19T14:52:53.356+0000] {logging_mixin.py:150} INFO - [2024-09-19T14:52:53.356+0000] {dagbag.py:541} INFO - Filling up the DagBag from /home/airflow/.local/lib/python3.7/site-packages/airflow/example_dags/example_python_operator.py
[2024-09-19T14:52:53.361+0000] {processor.py:836} INFO - DAG(s) dict_keys(['example_python_operator']) retrieved from /home/airflow/.local/lib/python3.7/site-packages/airflow/example_dags/example_python_operator.py
[2024-09-19T14:52:53.373+0000] {logging_mixin.py:150} INFO - [2024-09-19T14:52:53.373+0000] {dag.py:2742} INFO - Sync 1 DAGs
[2024-09-19T14:52:53.384+0000] {logging_mixin.py:150} INFO - [2024-09-19T14:52:53.384+0000] {dag.py:3508} INFO - Setting next_dagrun for example_python_operator to None, run_after=None
[2024-09-19T14:52:53.392+0000] {processor.py:179} INFO - Processing /home/airflow/.local/lib/python3.7/site-packages/airflow/example_dags/example_python_operator.py took 0.038 seconds
[2024-09-19T14:53:24.286+0000] {processor.py:157} INFO - Started process (PID=599) to work on /home/airflow/.local/lib/python3.7/site-packages/airflow/example_dags/example_python_operator.py
[2024-09-19T14:53:24.289+0000] {processor.py:826} INFO - Processing file /home/airflow/.local/lib/python3.7/site-packages/airflow/example_dags/example_python_operator.py for tasks to queue
[2024-09-19T14:53:24.289+0000] {logging_mixin.py:150} INFO - [2024-09-19T14:53:24.289+0000] {dagbag.py:541} INFO - Filling up the DagBag from /home/airflow/.local/lib/python3.7/site-packages/airflow/example_dags/example_python_operator.py
[2024-09-19T14:53:24.295+0000] {processor.py:836} INFO - DAG(s) dict_keys(['example_python_operator']) retrieved from /home/airflow/.local/lib/python3.7/site-packages/airflow/example_dags/example_python_operator.py
[2024-09-19T14:53:24.310+0000] {logging_mixin.py:150} INFO - [2024-09-19T14:53:24.310+0000] {dag.py:2742} INFO - Sync 1 DAGs
[2024-09-19T14:53:24.322+0000] {logging_mixin.py:150} INFO - [2024-09-19T14:53:24.322+0000] {dag.py:3508} INFO - Setting next_dagrun for example_python_operator to None, run_after=None
[2024-09-19T14:53:24.333+0000] {processor.py:179} INFO - Processing /home/airflow/.local/lib/python3.7/site-packages/airflow/example_dags/example_python_operator.py took 0.049 seconds
[2024-09-19T14:53:55.013+0000] {processor.py:157} INFO - Started process (PID=660) to work on /home/airflow/.local/lib/python3.7/site-packages/airflow/example_dags/example_python_operator.py
[2024-09-19T14:53:55.014+0000] {processor.py:826} INFO - Processing file /home/airflow/.local/lib/python3.7/site-packages/airflow/example_dags/example_python_operator.py for tasks to queue
[2024-09-19T14:53:55.014+0000] {logging_mixin.py:150} INFO - [2024-09-19T14:53:55.014+0000] {dagbag.py:541} INFO - Filling up the DagBag from /home/airflow/.local/lib/python3.7/site-packages/airflow/example_dags/example_python_operator.py
[2024-09-19T14:53:55.019+0000] {processor.py:836} INFO - DAG(s) dict_keys(['example_python_operator']) retrieved from /home/airflow/.local/lib/python3.7/site-packages/airflow/example_dags/example_python_operator.py
[2024-09-19T14:53:55.033+0000] {logging_mixin.py:150} INFO - [2024-09-19T14:53:55.033+0000] {dag.py:2742} INFO - Sync 1 DAGs
[2024-09-19T14:53:55.044+0000] {logging_mixin.py:150} INFO - [2024-09-19T14:53:55.044+0000] {dag.py:3508} INFO - Setting next_dagrun for example_python_operator to None, run_after=None
[2024-09-19T14:53:55.054+0000] {processor.py:179} INFO - Processing /home/airflow/.local/lib/python3.7/site-packages/airflow/example_dags/example_python_operator.py took 0.043 seconds
[2024-09-19T14:54:25.788+0000] {processor.py:157} INFO - Started process (PID=721) to work on /home/airflow/.local/lib/python3.7/site-packages/airflow/example_dags/example_python_operator.py
[2024-09-19T14:54:25.789+0000] {processor.py:826} INFO - Processing file /home/airflow/.local/lib/python3.7/site-packages/airflow/example_dags/example_python_operator.py for tasks to queue
[2024-09-19T14:54:25.791+0000] {logging_mixin.py:150} INFO - [2024-09-19T14:54:25.791+0000] {dagbag.py:541} INFO - Filling up the DagBag from /home/airflow/.local/lib/python3.7/site-packages/airflow/example_dags/example_python_operator.py
[2024-09-19T14:54:25.796+0000] {processor.py:836} INFO - DAG(s) dict_keys(['example_python_operator']) retrieved from /home/airflow/.local/lib/python3.7/site-packages/airflow/example_dags/example_python_operator.py
[2024-09-19T14:54:25.814+0000] {logging_mixin.py:150} INFO - [2024-09-19T14:54:25.813+0000] {dag.py:2742} INFO - Sync 1 DAGs
[2024-09-19T14:54:25.826+0000] {logging_mixin.py:150} INFO - [2024-09-19T14:54:25.826+0000] {dag.py:3508} INFO - Setting next_dagrun for example_python_operator to None, run_after=None
[2024-09-19T14:54:25.834+0000] {processor.py:179} INFO - Processing /home/airflow/.local/lib/python3.7/site-packages/airflow/example_dags/example_python_operator.py took 0.048 seconds
[2024-09-19T14:54:56.498+0000] {processor.py:157} INFO - Started process (PID=782) to work on /home/airflow/.local/lib/python3.7/site-packages/airflow/example_dags/example_python_operator.py
[2024-09-19T14:54:56.499+0000] {processor.py:826} INFO - Processing file /home/airflow/.local/lib/python3.7/site-packages/airflow/example_dags/example_python_operator.py for tasks to queue
[2024-09-19T14:54:56.500+0000] {logging_mixin.py:150} INFO - [2024-09-19T14:54:56.499+0000] {dagbag.py:541} INFO - Filling up the DagBag from /home/airflow/.local/lib/python3.7/site-packages/airflow/example_dags/example_python_operator.py
[2024-09-19T14:54:56.505+0000] {processor.py:836} INFO - DAG(s) dict_keys(['example_python_operator']) retrieved from /home/airflow/.local/lib/python3.7/site-packages/airflow/example_dags/example_python_operator.py
[2024-09-19T14:54:56.519+0000] {logging_mixin.py:150} INFO - [2024-09-19T14:54:56.519+0000] {dag.py:2742} INFO - Sync 1 DAGs
[2024-09-19T14:54:56.534+0000] {logging_mixin.py:150} INFO - [2024-09-19T14:54:56.534+0000] {dag.py:3508} INFO - Setting next_dagrun for example_python_operator to None, run_after=None
[2024-09-19T14:54:56.547+0000] {processor.py:179} INFO - Processing /home/airflow/.local/lib/python3.7/site-packages/airflow/example_dags/example_python_operator.py took 0.052 seconds
