[2024-09-19T14:48:49.376+0000] {processor.py:157} INFO - Started process (PID=74) to work on /home/airflow/.local/lib/python3.7/site-packages/airflow/example_dags/example_sensors.py
[2024-09-19T14:48:49.377+0000] {processor.py:826} INFO - Processing file /home/airflow/.local/lib/python3.7/site-packages/airflow/example_dags/example_sensors.py for tasks to queue
[2024-09-19T14:48:49.378+0000] {logging_mixin.py:150} INFO - [2024-09-19T14:48:49.378+0000] {dagbag.py:541} INFO - Filling up the DagBag from /home/airflow/.local/lib/python3.7/site-packages/airflow/example_dags/example_sensors.py
[2024-09-19T14:48:49.391+0000] {processor.py:836} INFO - DAG(s) dict_keys(['example_sensors']) retrieved from /home/airflow/.local/lib/python3.7/site-packages/airflow/example_dags/example_sensors.py
[2024-09-19T14:48:49.401+0000] {logging_mixin.py:150} INFO - [2024-09-19T14:48:49.401+0000] {dag.py:2742} INFO - Sync 1 DAGs
[2024-09-19T14:48:49.421+0000] {logging_mixin.py:150} INFO - [2024-09-19T14:48:49.421+0000] {dag.py:3508} INFO - Setting next_dagrun for example_sensors to None, run_after=None
[2024-09-19T14:48:49.435+0000] {processor.py:179} INFO - Processing /home/airflow/.local/lib/python3.7/site-packages/airflow/example_dags/example_sensors.py took 0.062 seconds
[2024-09-19T14:49:20.440+0000] {processor.py:157} INFO - Started process (PID=135) to work on /home/airflow/.local/lib/python3.7/site-packages/airflow/example_dags/example_sensors.py
[2024-09-19T14:49:20.445+0000] {processor.py:826} INFO - Processing file /home/airflow/.local/lib/python3.7/site-packages/airflow/example_dags/example_sensors.py for tasks to queue
[2024-09-19T14:49:20.446+0000] {logging_mixin.py:150} INFO - [2024-09-19T14:49:20.446+0000] {dagbag.py:541} INFO - Filling up the DagBag from /home/airflow/.local/lib/python3.7/site-packages/airflow/example_dags/example_sensors.py
[2024-09-19T14:49:20.453+0000] {processor.py:836} INFO - DAG(s) dict_keys(['example_sensors']) retrieved from /home/airflow/.local/lib/python3.7/site-packages/airflow/example_dags/example_sensors.py
[2024-09-19T14:49:20.469+0000] {logging_mixin.py:150} INFO - [2024-09-19T14:49:20.469+0000] {dag.py:2742} INFO - Sync 1 DAGs
[2024-09-19T14:49:20.487+0000] {logging_mixin.py:150} INFO - [2024-09-19T14:49:20.487+0000] {dag.py:3508} INFO - Setting next_dagrun for example_sensors to None, run_after=None
[2024-09-19T14:49:20.501+0000] {processor.py:179} INFO - Processing /home/airflow/.local/lib/python3.7/site-packages/airflow/example_dags/example_sensors.py took 0.063 seconds
[2024-09-19T14:49:51.238+0000] {processor.py:157} INFO - Started process (PID=196) to work on /home/airflow/.local/lib/python3.7/site-packages/airflow/example_dags/example_sensors.py
[2024-09-19T14:49:51.238+0000] {processor.py:826} INFO - Processing file /home/airflow/.local/lib/python3.7/site-packages/airflow/example_dags/example_sensors.py for tasks to queue
[2024-09-19T14:49:51.239+0000] {logging_mixin.py:150} INFO - [2024-09-19T14:49:51.239+0000] {dagbag.py:541} INFO - Filling up the DagBag from /home/airflow/.local/lib/python3.7/site-packages/airflow/example_dags/example_sensors.py
[2024-09-19T14:49:51.246+0000] {processor.py:836} INFO - DAG(s) dict_keys(['example_sensors']) retrieved from /home/airflow/.local/lib/python3.7/site-packages/airflow/example_dags/example_sensors.py
[2024-09-19T14:49:51.266+0000] {logging_mixin.py:150} INFO - [2024-09-19T14:49:51.266+0000] {dag.py:2742} INFO - Sync 1 DAGs
[2024-09-19T14:49:51.280+0000] {logging_mixin.py:150} INFO - [2024-09-19T14:49:51.280+0000] {dag.py:3508} INFO - Setting next_dagrun for example_sensors to None, run_after=None
[2024-09-19T14:49:51.289+0000] {processor.py:179} INFO - Processing /home/airflow/.local/lib/python3.7/site-packages/airflow/example_dags/example_sensors.py took 0.053 seconds
[2024-09-19T14:50:22.096+0000] {processor.py:157} INFO - Started process (PID=257) to work on /home/airflow/.local/lib/python3.7/site-packages/airflow/example_dags/example_sensors.py
[2024-09-19T14:50:22.099+0000] {processor.py:826} INFO - Processing file /home/airflow/.local/lib/python3.7/site-packages/airflow/example_dags/example_sensors.py for tasks to queue
[2024-09-19T14:50:22.101+0000] {logging_mixin.py:150} INFO - [2024-09-19T14:50:22.101+0000] {dagbag.py:541} INFO - Filling up the DagBag from /home/airflow/.local/lib/python3.7/site-packages/airflow/example_dags/example_sensors.py
[2024-09-19T14:50:22.131+0000] {processor.py:836} INFO - DAG(s) dict_keys(['example_sensors']) retrieved from /home/airflow/.local/lib/python3.7/site-packages/airflow/example_dags/example_sensors.py
[2024-09-19T14:50:22.149+0000] {logging_mixin.py:150} INFO - [2024-09-19T14:50:22.149+0000] {dag.py:2742} INFO - Sync 1 DAGs
[2024-09-19T14:50:22.165+0000] {logging_mixin.py:150} INFO - [2024-09-19T14:50:22.164+0000] {dag.py:3508} INFO - Setting next_dagrun for example_sensors to None, run_after=None
[2024-09-19T14:50:22.174+0000] {processor.py:179} INFO - Processing /home/airflow/.local/lib/python3.7/site-packages/airflow/example_dags/example_sensors.py took 0.083 seconds
[2024-09-19T14:50:53.121+0000] {processor.py:157} INFO - Started process (PID=318) to work on /home/airflow/.local/lib/python3.7/site-packages/airflow/example_dags/example_sensors.py
[2024-09-19T14:50:53.125+0000] {processor.py:826} INFO - Processing file /home/airflow/.local/lib/python3.7/site-packages/airflow/example_dags/example_sensors.py for tasks to queue
[2024-09-19T14:50:53.125+0000] {logging_mixin.py:150} INFO - [2024-09-19T14:50:53.125+0000] {dagbag.py:541} INFO - Filling up the DagBag from /home/airflow/.local/lib/python3.7/site-packages/airflow/example_dags/example_sensors.py
[2024-09-19T14:50:53.134+0000] {processor.py:836} INFO - DAG(s) dict_keys(['example_sensors']) retrieved from /home/airflow/.local/lib/python3.7/site-packages/airflow/example_dags/example_sensors.py
[2024-09-19T14:50:53.157+0000] {logging_mixin.py:150} INFO - [2024-09-19T14:50:53.157+0000] {dag.py:2742} INFO - Sync 1 DAGs
[2024-09-19T14:50:53.171+0000] {logging_mixin.py:150} INFO - [2024-09-19T14:50:53.171+0000] {dag.py:3508} INFO - Setting next_dagrun for example_sensors to None, run_after=None
[2024-09-19T14:50:53.180+0000] {processor.py:179} INFO - Processing /home/airflow/.local/lib/python3.7/site-packages/airflow/example_dags/example_sensors.py took 0.061 seconds
[2024-09-19T14:51:23.211+0000] {processor.py:157} INFO - Started process (PID=378) to work on /home/airflow/.local/lib/python3.7/site-packages/airflow/example_dags/example_sensors.py
[2024-09-19T14:51:23.212+0000] {processor.py:826} INFO - Processing file /home/airflow/.local/lib/python3.7/site-packages/airflow/example_dags/example_sensors.py for tasks to queue
[2024-09-19T14:51:23.212+0000] {logging_mixin.py:150} INFO - [2024-09-19T14:51:23.212+0000] {dagbag.py:541} INFO - Filling up the DagBag from /home/airflow/.local/lib/python3.7/site-packages/airflow/example_dags/example_sensors.py
[2024-09-19T14:51:23.223+0000] {processor.py:836} INFO - DAG(s) dict_keys(['example_sensors']) retrieved from /home/airflow/.local/lib/python3.7/site-packages/airflow/example_dags/example_sensors.py
[2024-09-19T14:51:23.245+0000] {logging_mixin.py:150} INFO - [2024-09-19T14:51:23.245+0000] {dag.py:2742} INFO - Sync 1 DAGs
[2024-09-19T14:51:23.260+0000] {logging_mixin.py:150} INFO - [2024-09-19T14:51:23.260+0000] {dag.py:3508} INFO - Setting next_dagrun for example_sensors to None, run_after=None
[2024-09-19T14:51:23.269+0000] {processor.py:179} INFO - Processing /home/airflow/.local/lib/python3.7/site-packages/airflow/example_dags/example_sensors.py took 0.064 seconds
[2024-09-19T14:51:53.367+0000] {processor.py:157} INFO - Started process (PID=439) to work on /home/airflow/.local/lib/python3.7/site-packages/airflow/example_dags/example_sensors.py
[2024-09-19T14:51:53.370+0000] {processor.py:826} INFO - Processing file /home/airflow/.local/lib/python3.7/site-packages/airflow/example_dags/example_sensors.py for tasks to queue
[2024-09-19T14:51:53.371+0000] {logging_mixin.py:150} INFO - [2024-09-19T14:51:53.371+0000] {dagbag.py:541} INFO - Filling up the DagBag from /home/airflow/.local/lib/python3.7/site-packages/airflow/example_dags/example_sensors.py
[2024-09-19T14:51:53.382+0000] {processor.py:836} INFO - DAG(s) dict_keys(['example_sensors']) retrieved from /home/airflow/.local/lib/python3.7/site-packages/airflow/example_dags/example_sensors.py
[2024-09-19T14:51:53.404+0000] {logging_mixin.py:150} INFO - [2024-09-19T14:51:53.404+0000] {dag.py:2742} INFO - Sync 1 DAGs
[2024-09-19T14:51:53.422+0000] {logging_mixin.py:150} INFO - [2024-09-19T14:51:53.422+0000] {dag.py:3508} INFO - Setting next_dagrun for example_sensors to None, run_after=None
[2024-09-19T14:51:53.435+0000] {processor.py:179} INFO - Processing /home/airflow/.local/lib/python3.7/site-packages/airflow/example_dags/example_sensors.py took 0.072 seconds
[2024-09-19T14:52:24.271+0000] {processor.py:157} INFO - Started process (PID=501) to work on /home/airflow/.local/lib/python3.7/site-packages/airflow/example_dags/example_sensors.py
[2024-09-19T14:52:24.273+0000] {processor.py:826} INFO - Processing file /home/airflow/.local/lib/python3.7/site-packages/airflow/example_dags/example_sensors.py for tasks to queue
[2024-09-19T14:52:24.274+0000] {logging_mixin.py:150} INFO - [2024-09-19T14:52:24.274+0000] {dagbag.py:541} INFO - Filling up the DagBag from /home/airflow/.local/lib/python3.7/site-packages/airflow/example_dags/example_sensors.py
[2024-09-19T14:52:24.283+0000] {processor.py:836} INFO - DAG(s) dict_keys(['example_sensors']) retrieved from /home/airflow/.local/lib/python3.7/site-packages/airflow/example_dags/example_sensors.py
[2024-09-19T14:52:24.302+0000] {logging_mixin.py:150} INFO - [2024-09-19T14:52:24.302+0000] {dag.py:2742} INFO - Sync 1 DAGs
[2024-09-19T14:52:24.315+0000] {logging_mixin.py:150} INFO - [2024-09-19T14:52:24.315+0000] {dag.py:3508} INFO - Setting next_dagrun for example_sensors to None, run_after=None
[2024-09-19T14:52:24.330+0000] {processor.py:179} INFO - Processing /home/airflow/.local/lib/python3.7/site-packages/airflow/example_dags/example_sensors.py took 0.062 seconds
[2024-09-19T14:52:55.153+0000] {processor.py:157} INFO - Started process (PID=562) to work on /home/airflow/.local/lib/python3.7/site-packages/airflow/example_dags/example_sensors.py
[2024-09-19T14:52:55.154+0000] {processor.py:826} INFO - Processing file /home/airflow/.local/lib/python3.7/site-packages/airflow/example_dags/example_sensors.py for tasks to queue
[2024-09-19T14:52:55.154+0000] {logging_mixin.py:150} INFO - [2024-09-19T14:52:55.154+0000] {dagbag.py:541} INFO - Filling up the DagBag from /home/airflow/.local/lib/python3.7/site-packages/airflow/example_dags/example_sensors.py
[2024-09-19T14:52:55.163+0000] {processor.py:836} INFO - DAG(s) dict_keys(['example_sensors']) retrieved from /home/airflow/.local/lib/python3.7/site-packages/airflow/example_dags/example_sensors.py
[2024-09-19T14:52:55.181+0000] {logging_mixin.py:150} INFO - [2024-09-19T14:52:55.180+0000] {dag.py:2742} INFO - Sync 1 DAGs
[2024-09-19T14:52:55.195+0000] {logging_mixin.py:150} INFO - [2024-09-19T14:52:55.195+0000] {dag.py:3508} INFO - Setting next_dagrun for example_sensors to None, run_after=None
[2024-09-19T14:52:55.204+0000] {processor.py:179} INFO - Processing /home/airflow/.local/lib/python3.7/site-packages/airflow/example_dags/example_sensors.py took 0.054 seconds
[2024-09-19T14:53:26.003+0000] {processor.py:157} INFO - Started process (PID=623) to work on /home/airflow/.local/lib/python3.7/site-packages/airflow/example_dags/example_sensors.py
[2024-09-19T14:53:26.004+0000] {processor.py:826} INFO - Processing file /home/airflow/.local/lib/python3.7/site-packages/airflow/example_dags/example_sensors.py for tasks to queue
[2024-09-19T14:53:26.007+0000] {logging_mixin.py:150} INFO - [2024-09-19T14:53:26.007+0000] {dagbag.py:541} INFO - Filling up the DagBag from /home/airflow/.local/lib/python3.7/site-packages/airflow/example_dags/example_sensors.py
[2024-09-19T14:53:26.017+0000] {processor.py:836} INFO - DAG(s) dict_keys(['example_sensors']) retrieved from /home/airflow/.local/lib/python3.7/site-packages/airflow/example_dags/example_sensors.py
[2024-09-19T14:53:26.037+0000] {logging_mixin.py:150} INFO - [2024-09-19T14:53:26.037+0000] {dag.py:2742} INFO - Sync 1 DAGs
[2024-09-19T14:53:26.053+0000] {logging_mixin.py:150} INFO - [2024-09-19T14:53:26.052+0000] {dag.py:3508} INFO - Setting next_dagrun for example_sensors to None, run_after=None
[2024-09-19T14:53:26.063+0000] {processor.py:179} INFO - Processing /home/airflow/.local/lib/python3.7/site-packages/airflow/example_dags/example_sensors.py took 0.064 seconds
[2024-09-19T14:53:56.723+0000] {processor.py:157} INFO - Started process (PID=684) to work on /home/airflow/.local/lib/python3.7/site-packages/airflow/example_dags/example_sensors.py
[2024-09-19T14:53:56.725+0000] {processor.py:826} INFO - Processing file /home/airflow/.local/lib/python3.7/site-packages/airflow/example_dags/example_sensors.py for tasks to queue
[2024-09-19T14:53:56.726+0000] {logging_mixin.py:150} INFO - [2024-09-19T14:53:56.726+0000] {dagbag.py:541} INFO - Filling up the DagBag from /home/airflow/.local/lib/python3.7/site-packages/airflow/example_dags/example_sensors.py
[2024-09-19T14:53:56.737+0000] {processor.py:836} INFO - DAG(s) dict_keys(['example_sensors']) retrieved from /home/airflow/.local/lib/python3.7/site-packages/airflow/example_dags/example_sensors.py
[2024-09-19T14:53:56.757+0000] {logging_mixin.py:150} INFO - [2024-09-19T14:53:56.756+0000] {dag.py:2742} INFO - Sync 1 DAGs
[2024-09-19T14:53:56.770+0000] {logging_mixin.py:150} INFO - [2024-09-19T14:53:56.770+0000] {dag.py:3508} INFO - Setting next_dagrun for example_sensors to None, run_after=None
[2024-09-19T14:53:56.781+0000] {processor.py:179} INFO - Processing /home/airflow/.local/lib/python3.7/site-packages/airflow/example_dags/example_sensors.py took 0.061 seconds
[2024-09-19T14:54:27.459+0000] {processor.py:157} INFO - Started process (PID=745) to work on /home/airflow/.local/lib/python3.7/site-packages/airflow/example_dags/example_sensors.py
[2024-09-19T14:54:27.460+0000] {processor.py:826} INFO - Processing file /home/airflow/.local/lib/python3.7/site-packages/airflow/example_dags/example_sensors.py for tasks to queue
[2024-09-19T14:54:27.462+0000] {logging_mixin.py:150} INFO - [2024-09-19T14:54:27.462+0000] {dagbag.py:541} INFO - Filling up the DagBag from /home/airflow/.local/lib/python3.7/site-packages/airflow/example_dags/example_sensors.py
[2024-09-19T14:54:27.470+0000] {processor.py:836} INFO - DAG(s) dict_keys(['example_sensors']) retrieved from /home/airflow/.local/lib/python3.7/site-packages/airflow/example_dags/example_sensors.py
[2024-09-19T14:54:27.489+0000] {logging_mixin.py:150} INFO - [2024-09-19T14:54:27.488+0000] {dag.py:2742} INFO - Sync 1 DAGs
[2024-09-19T14:54:27.503+0000] {logging_mixin.py:150} INFO - [2024-09-19T14:54:27.503+0000] {dag.py:3508} INFO - Setting next_dagrun for example_sensors to None, run_after=None
[2024-09-19T14:54:27.513+0000] {processor.py:179} INFO - Processing /home/airflow/.local/lib/python3.7/site-packages/airflow/example_dags/example_sensors.py took 0.057 seconds
[2024-09-19T14:54:58.224+0000] {processor.py:157} INFO - Started process (PID=806) to work on /home/airflow/.local/lib/python3.7/site-packages/airflow/example_dags/example_sensors.py
[2024-09-19T14:54:58.225+0000] {processor.py:826} INFO - Processing file /home/airflow/.local/lib/python3.7/site-packages/airflow/example_dags/example_sensors.py for tasks to queue
[2024-09-19T14:54:58.226+0000] {logging_mixin.py:150} INFO - [2024-09-19T14:54:58.226+0000] {dagbag.py:541} INFO - Filling up the DagBag from /home/airflow/.local/lib/python3.7/site-packages/airflow/example_dags/example_sensors.py
[2024-09-19T14:54:58.233+0000] {processor.py:836} INFO - DAG(s) dict_keys(['example_sensors']) retrieved from /home/airflow/.local/lib/python3.7/site-packages/airflow/example_dags/example_sensors.py
[2024-09-19T14:54:58.248+0000] {logging_mixin.py:150} INFO - [2024-09-19T14:54:58.248+0000] {dag.py:2742} INFO - Sync 1 DAGs
[2024-09-19T14:54:58.261+0000] {logging_mixin.py:150} INFO - [2024-09-19T14:54:58.261+0000] {dag.py:3508} INFO - Setting next_dagrun for example_sensors to None, run_after=None
[2024-09-19T14:54:58.269+0000] {processor.py:179} INFO - Processing /home/airflow/.local/lib/python3.7/site-packages/airflow/example_dags/example_sensors.py took 0.047 seconds
