[2024-09-19T14:48:48.526+0000] {processor.py:157} INFO - Started process (PID=54) to work on /home/airflow/.local/lib/python3.7/site-packages/airflow/example_dags/example_params_trigger_ui.py
[2024-09-19T14:48:48.526+0000] {processor.py:826} INFO - Processing file /home/airflow/.local/lib/python3.7/site-packages/airflow/example_dags/example_params_trigger_ui.py for tasks to queue
[2024-09-19T14:48:48.527+0000] {logging_mixin.py:150} INFO - [2024-09-19T14:48:48.527+0000] {dagbag.py:541} INFO - Filling up the DagBag from /home/airflow/.local/lib/python3.7/site-packages/airflow/example_dags/example_params_trigger_ui.py
[2024-09-19T14:48:48.541+0000] {processor.py:836} INFO - DAG(s) dict_keys(['example_params_trigger_ui']) retrieved from /home/airflow/.local/lib/python3.7/site-packages/airflow/example_dags/example_params_trigger_ui.py
[2024-09-19T14:48:48.556+0000] {logging_mixin.py:150} INFO - [2024-09-19T14:48:48.556+0000] {dag.py:2742} INFO - Sync 1 DAGs
[2024-09-19T14:48:48.573+0000] {logging_mixin.py:150} INFO - [2024-09-19T14:48:48.573+0000] {dag.py:3508} INFO - Setting next_dagrun for example_params_trigger_ui to None, run_after=None
[2024-09-19T14:48:48.587+0000] {processor.py:179} INFO - Processing /home/airflow/.local/lib/python3.7/site-packages/airflow/example_dags/example_params_trigger_ui.py took 0.064 seconds
[2024-09-19T14:49:18.847+0000] {processor.py:157} INFO - Started process (PID=115) to work on /home/airflow/.local/lib/python3.7/site-packages/airflow/example_dags/example_params_trigger_ui.py
[2024-09-19T14:49:18.848+0000] {processor.py:826} INFO - Processing file /home/airflow/.local/lib/python3.7/site-packages/airflow/example_dags/example_params_trigger_ui.py for tasks to queue
[2024-09-19T14:49:18.848+0000] {logging_mixin.py:150} INFO - [2024-09-19T14:49:18.848+0000] {dagbag.py:541} INFO - Filling up the DagBag from /home/airflow/.local/lib/python3.7/site-packages/airflow/example_dags/example_params_trigger_ui.py
[2024-09-19T14:49:18.859+0000] {processor.py:836} INFO - DAG(s) dict_keys(['example_params_trigger_ui']) retrieved from /home/airflow/.local/lib/python3.7/site-packages/airflow/example_dags/example_params_trigger_ui.py
[2024-09-19T14:49:18.901+0000] {logging_mixin.py:150} INFO - [2024-09-19T14:49:18.901+0000] {dag.py:2742} INFO - Sync 1 DAGs
[2024-09-19T14:49:18.914+0000] {logging_mixin.py:150} INFO - [2024-09-19T14:49:18.914+0000] {dag.py:3508} INFO - Setting next_dagrun for example_params_trigger_ui to None, run_after=None
[2024-09-19T14:49:18.927+0000] {processor.py:179} INFO - Processing /home/airflow/.local/lib/python3.7/site-packages/airflow/example_dags/example_params_trigger_ui.py took 0.082 seconds
[2024-09-19T14:49:49.651+0000] {processor.py:157} INFO - Started process (PID=176) to work on /home/airflow/.local/lib/python3.7/site-packages/airflow/example_dags/example_params_trigger_ui.py
[2024-09-19T14:49:49.652+0000] {processor.py:826} INFO - Processing file /home/airflow/.local/lib/python3.7/site-packages/airflow/example_dags/example_params_trigger_ui.py for tasks to queue
[2024-09-19T14:49:49.653+0000] {logging_mixin.py:150} INFO - [2024-09-19T14:49:49.652+0000] {dagbag.py:541} INFO - Filling up the DagBag from /home/airflow/.local/lib/python3.7/site-packages/airflow/example_dags/example_params_trigger_ui.py
[2024-09-19T14:49:49.662+0000] {processor.py:836} INFO - DAG(s) dict_keys(['example_params_trigger_ui']) retrieved from /home/airflow/.local/lib/python3.7/site-packages/airflow/example_dags/example_params_trigger_ui.py
[2024-09-19T14:49:49.706+0000] {logging_mixin.py:150} INFO - [2024-09-19T14:49:49.706+0000] {dag.py:2742} INFO - Sync 1 DAGs
[2024-09-19T14:49:49.724+0000] {logging_mixin.py:150} INFO - [2024-09-19T14:49:49.724+0000] {dag.py:3508} INFO - Setting next_dagrun for example_params_trigger_ui to None, run_after=None
[2024-09-19T14:49:49.736+0000] {processor.py:179} INFO - Processing /home/airflow/.local/lib/python3.7/site-packages/airflow/example_dags/example_params_trigger_ui.py took 0.087 seconds
[2024-09-19T14:50:20.437+0000] {processor.py:157} INFO - Started process (PID=237) to work on /home/airflow/.local/lib/python3.7/site-packages/airflow/example_dags/example_params_trigger_ui.py
[2024-09-19T14:50:20.439+0000] {processor.py:826} INFO - Processing file /home/airflow/.local/lib/python3.7/site-packages/airflow/example_dags/example_params_trigger_ui.py for tasks to queue
[2024-09-19T14:50:20.439+0000] {logging_mixin.py:150} INFO - [2024-09-19T14:50:20.439+0000] {dagbag.py:541} INFO - Filling up the DagBag from /home/airflow/.local/lib/python3.7/site-packages/airflow/example_dags/example_params_trigger_ui.py
[2024-09-19T14:50:20.451+0000] {processor.py:836} INFO - DAG(s) dict_keys(['example_params_trigger_ui']) retrieved from /home/airflow/.local/lib/python3.7/site-packages/airflow/example_dags/example_params_trigger_ui.py
[2024-09-19T14:50:20.494+0000] {logging_mixin.py:150} INFO - [2024-09-19T14:50:20.494+0000] {dag.py:2742} INFO - Sync 1 DAGs
[2024-09-19T14:50:20.509+0000] {logging_mixin.py:150} INFO - [2024-09-19T14:50:20.509+0000] {dag.py:3508} INFO - Setting next_dagrun for example_params_trigger_ui to None, run_after=None
[2024-09-19T14:50:20.520+0000] {processor.py:179} INFO - Processing /home/airflow/.local/lib/python3.7/site-packages/airflow/example_dags/example_params_trigger_ui.py took 0.085 seconds
[2024-09-19T14:50:51.379+0000] {processor.py:157} INFO - Started process (PID=298) to work on /home/airflow/.local/lib/python3.7/site-packages/airflow/example_dags/example_params_trigger_ui.py
[2024-09-19T14:50:51.381+0000] {processor.py:826} INFO - Processing file /home/airflow/.local/lib/python3.7/site-packages/airflow/example_dags/example_params_trigger_ui.py for tasks to queue
[2024-09-19T14:50:51.382+0000] {logging_mixin.py:150} INFO - [2024-09-19T14:50:51.382+0000] {dagbag.py:541} INFO - Filling up the DagBag from /home/airflow/.local/lib/python3.7/site-packages/airflow/example_dags/example_params_trigger_ui.py
[2024-09-19T14:50:51.392+0000] {processor.py:836} INFO - DAG(s) dict_keys(['example_params_trigger_ui']) retrieved from /home/airflow/.local/lib/python3.7/site-packages/airflow/example_dags/example_params_trigger_ui.py
[2024-09-19T14:50:51.433+0000] {logging_mixin.py:150} INFO - [2024-09-19T14:50:51.433+0000] {dag.py:2742} INFO - Sync 1 DAGs
[2024-09-19T14:50:51.448+0000] {logging_mixin.py:150} INFO - [2024-09-19T14:50:51.448+0000] {dag.py:3508} INFO - Setting next_dagrun for example_params_trigger_ui to None, run_after=None
[2024-09-19T14:50:51.458+0000] {processor.py:179} INFO - Processing /home/airflow/.local/lib/python3.7/site-packages/airflow/example_dags/example_params_trigger_ui.py took 0.080 seconds
[2024-09-19T14:51:21.583+0000] {processor.py:157} INFO - Started process (PID=359) to work on /home/airflow/.local/lib/python3.7/site-packages/airflow/example_dags/example_params_trigger_ui.py
[2024-09-19T14:51:21.584+0000] {processor.py:826} INFO - Processing file /home/airflow/.local/lib/python3.7/site-packages/airflow/example_dags/example_params_trigger_ui.py for tasks to queue
[2024-09-19T14:51:21.584+0000] {logging_mixin.py:150} INFO - [2024-09-19T14:51:21.584+0000] {dagbag.py:541} INFO - Filling up the DagBag from /home/airflow/.local/lib/python3.7/site-packages/airflow/example_dags/example_params_trigger_ui.py
[2024-09-19T14:51:21.594+0000] {processor.py:836} INFO - DAG(s) dict_keys(['example_params_trigger_ui']) retrieved from /home/airflow/.local/lib/python3.7/site-packages/airflow/example_dags/example_params_trigger_ui.py
[2024-09-19T14:51:21.634+0000] {logging_mixin.py:150} INFO - [2024-09-19T14:51:21.634+0000] {dag.py:2742} INFO - Sync 1 DAGs
[2024-09-19T14:51:21.649+0000] {logging_mixin.py:150} INFO - [2024-09-19T14:51:21.649+0000] {dag.py:3508} INFO - Setting next_dagrun for example_params_trigger_ui to None, run_after=None
[2024-09-19T14:51:21.660+0000] {processor.py:179} INFO - Processing /home/airflow/.local/lib/python3.7/site-packages/airflow/example_dags/example_params_trigger_ui.py took 0.079 seconds
[2024-09-19T14:51:51.788+0000] {processor.py:157} INFO - Started process (PID=420) to work on /home/airflow/.local/lib/python3.7/site-packages/airflow/example_dags/example_params_trigger_ui.py
[2024-09-19T14:51:51.790+0000] {processor.py:826} INFO - Processing file /home/airflow/.local/lib/python3.7/site-packages/airflow/example_dags/example_params_trigger_ui.py for tasks to queue
[2024-09-19T14:51:51.791+0000] {logging_mixin.py:150} INFO - [2024-09-19T14:51:51.791+0000] {dagbag.py:541} INFO - Filling up the DagBag from /home/airflow/.local/lib/python3.7/site-packages/airflow/example_dags/example_params_trigger_ui.py
[2024-09-19T14:51:51.801+0000] {processor.py:836} INFO - DAG(s) dict_keys(['example_params_trigger_ui']) retrieved from /home/airflow/.local/lib/python3.7/site-packages/airflow/example_dags/example_params_trigger_ui.py
[2024-09-19T14:51:51.839+0000] {logging_mixin.py:150} INFO - [2024-09-19T14:51:51.839+0000] {dag.py:2742} INFO - Sync 1 DAGs
[2024-09-19T14:51:51.853+0000] {logging_mixin.py:150} INFO - [2024-09-19T14:51:51.852+0000] {dag.py:3508} INFO - Setting next_dagrun for example_params_trigger_ui to None, run_after=None
[2024-09-19T14:51:51.864+0000] {processor.py:179} INFO - Processing /home/airflow/.local/lib/python3.7/site-packages/airflow/example_dags/example_params_trigger_ui.py took 0.078 seconds
[2024-09-19T14:52:22.632+0000] {processor.py:157} INFO - Started process (PID=481) to work on /home/airflow/.local/lib/python3.7/site-packages/airflow/example_dags/example_params_trigger_ui.py
[2024-09-19T14:52:22.633+0000] {processor.py:826} INFO - Processing file /home/airflow/.local/lib/python3.7/site-packages/airflow/example_dags/example_params_trigger_ui.py for tasks to queue
[2024-09-19T14:52:22.633+0000] {logging_mixin.py:150} INFO - [2024-09-19T14:52:22.633+0000] {dagbag.py:541} INFO - Filling up the DagBag from /home/airflow/.local/lib/python3.7/site-packages/airflow/example_dags/example_params_trigger_ui.py
[2024-09-19T14:52:22.643+0000] {processor.py:836} INFO - DAG(s) dict_keys(['example_params_trigger_ui']) retrieved from /home/airflow/.local/lib/python3.7/site-packages/airflow/example_dags/example_params_trigger_ui.py
[2024-09-19T14:52:22.681+0000] {logging_mixin.py:150} INFO - [2024-09-19T14:52:22.681+0000] {dag.py:2742} INFO - Sync 1 DAGs
[2024-09-19T14:52:22.695+0000] {logging_mixin.py:150} INFO - [2024-09-19T14:52:22.695+0000] {dag.py:3508} INFO - Setting next_dagrun for example_params_trigger_ui to None, run_after=None
[2024-09-19T14:52:22.707+0000] {processor.py:179} INFO - Processing /home/airflow/.local/lib/python3.7/site-packages/airflow/example_dags/example_params_trigger_ui.py took 0.076 seconds
[2024-09-19T14:52:53.510+0000] {processor.py:157} INFO - Started process (PID=542) to work on /home/airflow/.local/lib/python3.7/site-packages/airflow/example_dags/example_params_trigger_ui.py
[2024-09-19T14:52:53.510+0000] {processor.py:826} INFO - Processing file /home/airflow/.local/lib/python3.7/site-packages/airflow/example_dags/example_params_trigger_ui.py for tasks to queue
[2024-09-19T14:52:53.510+0000] {logging_mixin.py:150} INFO - [2024-09-19T14:52:53.510+0000] {dagbag.py:541} INFO - Filling up the DagBag from /home/airflow/.local/lib/python3.7/site-packages/airflow/example_dags/example_params_trigger_ui.py
[2024-09-19T14:52:53.521+0000] {processor.py:836} INFO - DAG(s) dict_keys(['example_params_trigger_ui']) retrieved from /home/airflow/.local/lib/python3.7/site-packages/airflow/example_dags/example_params_trigger_ui.py
[2024-09-19T14:52:53.563+0000] {logging_mixin.py:150} INFO - [2024-09-19T14:52:53.562+0000] {dag.py:2742} INFO - Sync 1 DAGs
[2024-09-19T14:52:53.579+0000] {logging_mixin.py:150} INFO - [2024-09-19T14:52:53.579+0000] {dag.py:3508} INFO - Setting next_dagrun for example_params_trigger_ui to None, run_after=None
[2024-09-19T14:52:53.590+0000] {processor.py:179} INFO - Processing /home/airflow/.local/lib/python3.7/site-packages/airflow/example_dags/example_params_trigger_ui.py took 0.083 seconds
[2024-09-19T14:53:24.405+0000] {processor.py:157} INFO - Started process (PID=603) to work on /home/airflow/.local/lib/python3.7/site-packages/airflow/example_dags/example_params_trigger_ui.py
[2024-09-19T14:53:24.406+0000] {processor.py:826} INFO - Processing file /home/airflow/.local/lib/python3.7/site-packages/airflow/example_dags/example_params_trigger_ui.py for tasks to queue
[2024-09-19T14:53:24.407+0000] {logging_mixin.py:150} INFO - [2024-09-19T14:53:24.407+0000] {dagbag.py:541} INFO - Filling up the DagBag from /home/airflow/.local/lib/python3.7/site-packages/airflow/example_dags/example_params_trigger_ui.py
[2024-09-19T14:53:24.421+0000] {processor.py:836} INFO - DAG(s) dict_keys(['example_params_trigger_ui']) retrieved from /home/airflow/.local/lib/python3.7/site-packages/airflow/example_dags/example_params_trigger_ui.py
[2024-09-19T14:53:24.458+0000] {logging_mixin.py:150} INFO - [2024-09-19T14:53:24.458+0000] {dag.py:2742} INFO - Sync 1 DAGs
[2024-09-19T14:53:24.470+0000] {logging_mixin.py:150} INFO - [2024-09-19T14:53:24.470+0000] {dag.py:3508} INFO - Setting next_dagrun for example_params_trigger_ui to None, run_after=None
[2024-09-19T14:53:24.482+0000] {processor.py:179} INFO - Processing /home/airflow/.local/lib/python3.7/site-packages/airflow/example_dags/example_params_trigger_ui.py took 0.079 seconds
[2024-09-19T14:53:55.123+0000] {processor.py:157} INFO - Started process (PID=664) to work on /home/airflow/.local/lib/python3.7/site-packages/airflow/example_dags/example_params_trigger_ui.py
[2024-09-19T14:53:55.123+0000] {processor.py:826} INFO - Processing file /home/airflow/.local/lib/python3.7/site-packages/airflow/example_dags/example_params_trigger_ui.py for tasks to queue
[2024-09-19T14:53:55.123+0000] {logging_mixin.py:150} INFO - [2024-09-19T14:53:55.123+0000] {dagbag.py:541} INFO - Filling up the DagBag from /home/airflow/.local/lib/python3.7/site-packages/airflow/example_dags/example_params_trigger_ui.py
[2024-09-19T14:53:55.133+0000] {processor.py:836} INFO - DAG(s) dict_keys(['example_params_trigger_ui']) retrieved from /home/airflow/.local/lib/python3.7/site-packages/airflow/example_dags/example_params_trigger_ui.py
[2024-09-19T14:53:55.172+0000] {logging_mixin.py:150} INFO - [2024-09-19T14:53:55.172+0000] {dag.py:2742} INFO - Sync 1 DAGs
[2024-09-19T14:53:55.186+0000] {logging_mixin.py:150} INFO - [2024-09-19T14:53:55.186+0000] {dag.py:3508} INFO - Setting next_dagrun for example_params_trigger_ui to None, run_after=None
[2024-09-19T14:53:55.196+0000] {processor.py:179} INFO - Processing /home/airflow/.local/lib/python3.7/site-packages/airflow/example_dags/example_params_trigger_ui.py took 0.075 seconds
[2024-09-19T14:54:25.903+0000] {processor.py:157} INFO - Started process (PID=725) to work on /home/airflow/.local/lib/python3.7/site-packages/airflow/example_dags/example_params_trigger_ui.py
[2024-09-19T14:54:25.904+0000] {processor.py:826} INFO - Processing file /home/airflow/.local/lib/python3.7/site-packages/airflow/example_dags/example_params_trigger_ui.py for tasks to queue
[2024-09-19T14:54:25.904+0000] {logging_mixin.py:150} INFO - [2024-09-19T14:54:25.904+0000] {dagbag.py:541} INFO - Filling up the DagBag from /home/airflow/.local/lib/python3.7/site-packages/airflow/example_dags/example_params_trigger_ui.py
[2024-09-19T14:54:25.914+0000] {processor.py:836} INFO - DAG(s) dict_keys(['example_params_trigger_ui']) retrieved from /home/airflow/.local/lib/python3.7/site-packages/airflow/example_dags/example_params_trigger_ui.py
[2024-09-19T14:54:25.953+0000] {logging_mixin.py:150} INFO - [2024-09-19T14:54:25.953+0000] {dag.py:2742} INFO - Sync 1 DAGs
[2024-09-19T14:54:25.965+0000] {logging_mixin.py:150} INFO - [2024-09-19T14:54:25.965+0000] {dag.py:3508} INFO - Setting next_dagrun for example_params_trigger_ui to None, run_after=None
[2024-09-19T14:54:25.976+0000] {processor.py:179} INFO - Processing /home/airflow/.local/lib/python3.7/site-packages/airflow/example_dags/example_params_trigger_ui.py took 0.074 seconds
[2024-09-19T14:54:56.621+0000] {processor.py:157} INFO - Started process (PID=786) to work on /home/airflow/.local/lib/python3.7/site-packages/airflow/example_dags/example_params_trigger_ui.py
[2024-09-19T14:54:56.622+0000] {processor.py:826} INFO - Processing file /home/airflow/.local/lib/python3.7/site-packages/airflow/example_dags/example_params_trigger_ui.py for tasks to queue
[2024-09-19T14:54:56.622+0000] {logging_mixin.py:150} INFO - [2024-09-19T14:54:56.622+0000] {dagbag.py:541} INFO - Filling up the DagBag from /home/airflow/.local/lib/python3.7/site-packages/airflow/example_dags/example_params_trigger_ui.py
[2024-09-19T14:54:56.633+0000] {processor.py:836} INFO - DAG(s) dict_keys(['example_params_trigger_ui']) retrieved from /home/airflow/.local/lib/python3.7/site-packages/airflow/example_dags/example_params_trigger_ui.py
[2024-09-19T14:54:56.672+0000] {logging_mixin.py:150} INFO - [2024-09-19T14:54:56.672+0000] {dag.py:2742} INFO - Sync 1 DAGs
[2024-09-19T14:54:56.685+0000] {logging_mixin.py:150} INFO - [2024-09-19T14:54:56.685+0000] {dag.py:3508} INFO - Setting next_dagrun for example_params_trigger_ui to None, run_after=None
[2024-09-19T14:54:56.694+0000] {processor.py:179} INFO - Processing /home/airflow/.local/lib/python3.7/site-packages/airflow/example_dags/example_params_trigger_ui.py took 0.074 seconds
