[2024-09-19T14:48:48.029+0000] {processor.py:157} INFO - Started process (PID=44) to work on /home/airflow/.local/lib/python3.7/site-packages/airflow/example_dags/example_branch_python_dop_operator_3.py
[2024-09-19T14:48:48.030+0000] {processor.py:826} INFO - Processing file /home/airflow/.local/lib/python3.7/site-packages/airflow/example_dags/example_branch_python_dop_operator_3.py for tasks to queue
[2024-09-19T14:48:48.030+0000] {logging_mixin.py:150} INFO - [2024-09-19T14:48:48.030+0000] {dagbag.py:541} INFO - Filling up the DagBag from /home/airflow/.local/lib/python3.7/site-packages/airflow/example_dags/example_branch_python_dop_operator_3.py
[2024-09-19T14:48:48.043+0000] {processor.py:836} INFO - DAG(s) dict_keys(['example_branch_dop_operator_v3']) retrieved from /home/airflow/.local/lib/python3.7/site-packages/airflow/example_dags/example_branch_python_dop_operator_3.py
[2024-09-19T14:48:48.053+0000] {logging_mixin.py:150} INFO - [2024-09-19T14:48:48.053+0000] {dag.py:2742} INFO - Sync 1 DAGs
[2024-09-19T14:48:48.081+0000] {logging_mixin.py:150} INFO - [2024-09-19T14:48:48.081+0000] {dag.py:3508} INFO - Setting next_dagrun for example_branch_dop_operator_v3 to 2024-09-19T14:47:00+00:00, run_after=2024-09-19T14:48:00+00:00
[2024-09-19T14:48:48.103+0000] {processor.py:179} INFO - Processing /home/airflow/.local/lib/python3.7/site-packages/airflow/example_dags/example_branch_python_dop_operator_3.py took 0.076 seconds
[2024-09-19T14:49:18.462+0000] {processor.py:157} INFO - Started process (PID=105) to work on /home/airflow/.local/lib/python3.7/site-packages/airflow/example_dags/example_branch_python_dop_operator_3.py
[2024-09-19T14:49:18.463+0000] {processor.py:826} INFO - Processing file /home/airflow/.local/lib/python3.7/site-packages/airflow/example_dags/example_branch_python_dop_operator_3.py for tasks to queue
[2024-09-19T14:49:18.464+0000] {logging_mixin.py:150} INFO - [2024-09-19T14:49:18.463+0000] {dagbag.py:541} INFO - Filling up the DagBag from /home/airflow/.local/lib/python3.7/site-packages/airflow/example_dags/example_branch_python_dop_operator_3.py
[2024-09-19T14:49:18.469+0000] {processor.py:836} INFO - DAG(s) dict_keys(['example_branch_dop_operator_v3']) retrieved from /home/airflow/.local/lib/python3.7/site-packages/airflow/example_dags/example_branch_python_dop_operator_3.py
[2024-09-19T14:49:18.484+0000] {logging_mixin.py:150} INFO - [2024-09-19T14:49:18.484+0000] {dag.py:2742} INFO - Sync 1 DAGs
[2024-09-19T14:49:18.499+0000] {logging_mixin.py:150} INFO - [2024-09-19T14:49:18.499+0000] {dag.py:3508} INFO - Setting next_dagrun for example_branch_dop_operator_v3 to 2024-09-19T14:48:00+00:00, run_after=2024-09-19T14:49:00+00:00
[2024-09-19T14:49:18.508+0000] {processor.py:179} INFO - Processing /home/airflow/.local/lib/python3.7/site-packages/airflow/example_dags/example_branch_python_dop_operator_3.py took 0.049 seconds
[2024-09-19T14:49:49.380+0000] {processor.py:157} INFO - Started process (PID=166) to work on /home/airflow/.local/lib/python3.7/site-packages/airflow/example_dags/example_branch_python_dop_operator_3.py
[2024-09-19T14:49:49.381+0000] {processor.py:826} INFO - Processing file /home/airflow/.local/lib/python3.7/site-packages/airflow/example_dags/example_branch_python_dop_operator_3.py for tasks to queue
[2024-09-19T14:49:49.381+0000] {logging_mixin.py:150} INFO - [2024-09-19T14:49:49.381+0000] {dagbag.py:541} INFO - Filling up the DagBag from /home/airflow/.local/lib/python3.7/site-packages/airflow/example_dags/example_branch_python_dop_operator_3.py
[2024-09-19T14:49:49.386+0000] {processor.py:836} INFO - DAG(s) dict_keys(['example_branch_dop_operator_v3']) retrieved from /home/airflow/.local/lib/python3.7/site-packages/airflow/example_dags/example_branch_python_dop_operator_3.py
[2024-09-19T14:49:49.401+0000] {logging_mixin.py:150} INFO - [2024-09-19T14:49:49.401+0000] {dag.py:2742} INFO - Sync 1 DAGs
[2024-09-19T14:49:49.417+0000] {logging_mixin.py:150} INFO - [2024-09-19T14:49:49.417+0000] {dag.py:3508} INFO - Setting next_dagrun for example_branch_dop_operator_v3 to 2024-09-19T14:48:00+00:00, run_after=2024-09-19T14:49:00+00:00
[2024-09-19T14:49:49.429+0000] {processor.py:179} INFO - Processing /home/airflow/.local/lib/python3.7/site-packages/airflow/example_dags/example_branch_python_dop_operator_3.py took 0.051 seconds
[2024-09-19T14:50:20.132+0000] {processor.py:157} INFO - Started process (PID=227) to work on /home/airflow/.local/lib/python3.7/site-packages/airflow/example_dags/example_branch_python_dop_operator_3.py
[2024-09-19T14:50:20.133+0000] {processor.py:826} INFO - Processing file /home/airflow/.local/lib/python3.7/site-packages/airflow/example_dags/example_branch_python_dop_operator_3.py for tasks to queue
[2024-09-19T14:50:20.133+0000] {logging_mixin.py:150} INFO - [2024-09-19T14:50:20.133+0000] {dagbag.py:541} INFO - Filling up the DagBag from /home/airflow/.local/lib/python3.7/site-packages/airflow/example_dags/example_branch_python_dop_operator_3.py
[2024-09-19T14:50:20.138+0000] {processor.py:836} INFO - DAG(s) dict_keys(['example_branch_dop_operator_v3']) retrieved from /home/airflow/.local/lib/python3.7/site-packages/airflow/example_dags/example_branch_python_dop_operator_3.py
[2024-09-19T14:50:20.149+0000] {logging_mixin.py:150} INFO - [2024-09-19T14:50:20.149+0000] {dag.py:2742} INFO - Sync 1 DAGs
[2024-09-19T14:50:20.164+0000] {logging_mixin.py:150} INFO - [2024-09-19T14:50:20.164+0000] {dag.py:3508} INFO - Setting next_dagrun for example_branch_dop_operator_v3 to 2024-09-19T14:49:00+00:00, run_after=2024-09-19T14:50:00+00:00
[2024-09-19T14:50:20.174+0000] {processor.py:179} INFO - Processing /home/airflow/.local/lib/python3.7/site-packages/airflow/example_dags/example_branch_python_dop_operator_3.py took 0.044 seconds
[2024-09-19T14:50:51.015+0000] {processor.py:157} INFO - Started process (PID=288) to work on /home/airflow/.local/lib/python3.7/site-packages/airflow/example_dags/example_branch_python_dop_operator_3.py
[2024-09-19T14:50:51.016+0000] {processor.py:826} INFO - Processing file /home/airflow/.local/lib/python3.7/site-packages/airflow/example_dags/example_branch_python_dop_operator_3.py for tasks to queue
[2024-09-19T14:50:51.017+0000] {logging_mixin.py:150} INFO - [2024-09-19T14:50:51.017+0000] {dagbag.py:541} INFO - Filling up the DagBag from /home/airflow/.local/lib/python3.7/site-packages/airflow/example_dags/example_branch_python_dop_operator_3.py
[2024-09-19T14:50:51.022+0000] {processor.py:836} INFO - DAG(s) dict_keys(['example_branch_dop_operator_v3']) retrieved from /home/airflow/.local/lib/python3.7/site-packages/airflow/example_dags/example_branch_python_dop_operator_3.py
[2024-09-19T14:50:51.039+0000] {logging_mixin.py:150} INFO - [2024-09-19T14:50:51.039+0000] {dag.py:2742} INFO - Sync 1 DAGs
[2024-09-19T14:50:51.060+0000] {logging_mixin.py:150} INFO - [2024-09-19T14:50:51.060+0000] {dag.py:3508} INFO - Setting next_dagrun for example_branch_dop_operator_v3 to 2024-09-19T14:49:00+00:00, run_after=2024-09-19T14:50:00+00:00
[2024-09-19T14:50:51.072+0000] {processor.py:179} INFO - Processing /home/airflow/.local/lib/python3.7/site-packages/airflow/example_dags/example_branch_python_dop_operator_3.py took 0.062 seconds
[2024-09-19T14:51:21.253+0000] {processor.py:157} INFO - Started process (PID=349) to work on /home/airflow/.local/lib/python3.7/site-packages/airflow/example_dags/example_branch_python_dop_operator_3.py
[2024-09-19T14:51:21.254+0000] {processor.py:826} INFO - Processing file /home/airflow/.local/lib/python3.7/site-packages/airflow/example_dags/example_branch_python_dop_operator_3.py for tasks to queue
[2024-09-19T14:51:21.254+0000] {logging_mixin.py:150} INFO - [2024-09-19T14:51:21.254+0000] {dagbag.py:541} INFO - Filling up the DagBag from /home/airflow/.local/lib/python3.7/site-packages/airflow/example_dags/example_branch_python_dop_operator_3.py
[2024-09-19T14:51:21.260+0000] {processor.py:836} INFO - DAG(s) dict_keys(['example_branch_dop_operator_v3']) retrieved from /home/airflow/.local/lib/python3.7/site-packages/airflow/example_dags/example_branch_python_dop_operator_3.py
[2024-09-19T14:51:21.275+0000] {logging_mixin.py:150} INFO - [2024-09-19T14:51:21.275+0000] {dag.py:2742} INFO - Sync 1 DAGs
[2024-09-19T14:51:21.295+0000] {logging_mixin.py:150} INFO - [2024-09-19T14:51:21.295+0000] {dag.py:3508} INFO - Setting next_dagrun for example_branch_dop_operator_v3 to 2024-09-19T14:50:00+00:00, run_after=2024-09-19T14:51:00+00:00
[2024-09-19T14:51:21.307+0000] {processor.py:179} INFO - Processing /home/airflow/.local/lib/python3.7/site-packages/airflow/example_dags/example_branch_python_dop_operator_3.py took 0.056 seconds
[2024-09-19T14:51:51.341+0000] {processor.py:157} INFO - Started process (PID=409) to work on /home/airflow/.local/lib/python3.7/site-packages/airflow/example_dags/example_branch_python_dop_operator_3.py
[2024-09-19T14:51:51.343+0000] {processor.py:826} INFO - Processing file /home/airflow/.local/lib/python3.7/site-packages/airflow/example_dags/example_branch_python_dop_operator_3.py for tasks to queue
[2024-09-19T14:51:51.343+0000] {logging_mixin.py:150} INFO - [2024-09-19T14:51:51.343+0000] {dagbag.py:541} INFO - Filling up the DagBag from /home/airflow/.local/lib/python3.7/site-packages/airflow/example_dags/example_branch_python_dop_operator_3.py
[2024-09-19T14:51:51.348+0000] {processor.py:836} INFO - DAG(s) dict_keys(['example_branch_dop_operator_v3']) retrieved from /home/airflow/.local/lib/python3.7/site-packages/airflow/example_dags/example_branch_python_dop_operator_3.py
[2024-09-19T14:51:51.364+0000] {logging_mixin.py:150} INFO - [2024-09-19T14:51:51.364+0000] {dag.py:2742} INFO - Sync 1 DAGs
[2024-09-19T14:51:51.383+0000] {logging_mixin.py:150} INFO - [2024-09-19T14:51:51.383+0000] {dag.py:3508} INFO - Setting next_dagrun for example_branch_dop_operator_v3 to 2024-09-19T14:50:00+00:00, run_after=2024-09-19T14:51:00+00:00
[2024-09-19T14:51:51.402+0000] {processor.py:179} INFO - Processing /home/airflow/.local/lib/python3.7/site-packages/airflow/example_dags/example_branch_python_dop_operator_3.py took 0.064 seconds
[2024-09-19T14:52:22.328+0000] {processor.py:157} INFO - Started process (PID=471) to work on /home/airflow/.local/lib/python3.7/site-packages/airflow/example_dags/example_branch_python_dop_operator_3.py
[2024-09-19T14:52:22.328+0000] {processor.py:826} INFO - Processing file /home/airflow/.local/lib/python3.7/site-packages/airflow/example_dags/example_branch_python_dop_operator_3.py for tasks to queue
[2024-09-19T14:52:22.328+0000] {logging_mixin.py:150} INFO - [2024-09-19T14:52:22.328+0000] {dagbag.py:541} INFO - Filling up the DagBag from /home/airflow/.local/lib/python3.7/site-packages/airflow/example_dags/example_branch_python_dop_operator_3.py
[2024-09-19T14:52:22.332+0000] {processor.py:836} INFO - DAG(s) dict_keys(['example_branch_dop_operator_v3']) retrieved from /home/airflow/.local/lib/python3.7/site-packages/airflow/example_dags/example_branch_python_dop_operator_3.py
[2024-09-19T14:52:22.344+0000] {logging_mixin.py:150} INFO - [2024-09-19T14:52:22.344+0000] {dag.py:2742} INFO - Sync 1 DAGs
[2024-09-19T14:52:22.357+0000] {logging_mixin.py:150} INFO - [2024-09-19T14:52:22.357+0000] {dag.py:3508} INFO - Setting next_dagrun for example_branch_dop_operator_v3 to 2024-09-19T14:51:00+00:00, run_after=2024-09-19T14:52:00+00:00
[2024-09-19T14:52:22.369+0000] {processor.py:179} INFO - Processing /home/airflow/.local/lib/python3.7/site-packages/airflow/example_dags/example_branch_python_dop_operator_3.py took 0.043 seconds
[2024-09-19T14:52:53.141+0000] {processor.py:157} INFO - Started process (PID=532) to work on /home/airflow/.local/lib/python3.7/site-packages/airflow/example_dags/example_branch_python_dop_operator_3.py
[2024-09-19T14:52:53.142+0000] {processor.py:826} INFO - Processing file /home/airflow/.local/lib/python3.7/site-packages/airflow/example_dags/example_branch_python_dop_operator_3.py for tasks to queue
[2024-09-19T14:52:53.142+0000] {logging_mixin.py:150} INFO - [2024-09-19T14:52:53.142+0000] {dagbag.py:541} INFO - Filling up the DagBag from /home/airflow/.local/lib/python3.7/site-packages/airflow/example_dags/example_branch_python_dop_operator_3.py
[2024-09-19T14:52:53.148+0000] {processor.py:836} INFO - DAG(s) dict_keys(['example_branch_dop_operator_v3']) retrieved from /home/airflow/.local/lib/python3.7/site-packages/airflow/example_dags/example_branch_python_dop_operator_3.py
[2024-09-19T14:52:53.160+0000] {logging_mixin.py:150} INFO - [2024-09-19T14:52:53.160+0000] {dag.py:2742} INFO - Sync 1 DAGs
[2024-09-19T14:52:53.174+0000] {logging_mixin.py:150} INFO - [2024-09-19T14:52:53.174+0000] {dag.py:3508} INFO - Setting next_dagrun for example_branch_dop_operator_v3 to 2024-09-19T14:51:00+00:00, run_after=2024-09-19T14:52:00+00:00
[2024-09-19T14:52:53.183+0000] {processor.py:179} INFO - Processing /home/airflow/.local/lib/python3.7/site-packages/airflow/example_dags/example_branch_python_dop_operator_3.py took 0.044 seconds
[2024-09-19T14:53:24.143+0000] {processor.py:157} INFO - Started process (PID=593) to work on /home/airflow/.local/lib/python3.7/site-packages/airflow/example_dags/example_branch_python_dop_operator_3.py
[2024-09-19T14:53:24.145+0000] {processor.py:826} INFO - Processing file /home/airflow/.local/lib/python3.7/site-packages/airflow/example_dags/example_branch_python_dop_operator_3.py for tasks to queue
[2024-09-19T14:53:24.145+0000] {logging_mixin.py:150} INFO - [2024-09-19T14:53:24.145+0000] {dagbag.py:541} INFO - Filling up the DagBag from /home/airflow/.local/lib/python3.7/site-packages/airflow/example_dags/example_branch_python_dop_operator_3.py
[2024-09-19T14:53:24.149+0000] {processor.py:836} INFO - DAG(s) dict_keys(['example_branch_dop_operator_v3']) retrieved from /home/airflow/.local/lib/python3.7/site-packages/airflow/example_dags/example_branch_python_dop_operator_3.py
[2024-09-19T14:53:24.163+0000] {logging_mixin.py:150} INFO - [2024-09-19T14:53:24.163+0000] {dag.py:2742} INFO - Sync 1 DAGs
[2024-09-19T14:53:24.177+0000] {logging_mixin.py:150} INFO - [2024-09-19T14:53:24.177+0000] {dag.py:3508} INFO - Setting next_dagrun for example_branch_dop_operator_v3 to 2024-09-19T14:52:00+00:00, run_after=2024-09-19T14:53:00+00:00
[2024-09-19T14:53:24.187+0000] {processor.py:179} INFO - Processing /home/airflow/.local/lib/python3.7/site-packages/airflow/example_dags/example_branch_python_dop_operator_3.py took 0.047 seconds
[2024-09-19T14:53:54.825+0000] {processor.py:157} INFO - Started process (PID=654) to work on /home/airflow/.local/lib/python3.7/site-packages/airflow/example_dags/example_branch_python_dop_operator_3.py
[2024-09-19T14:53:54.826+0000] {processor.py:826} INFO - Processing file /home/airflow/.local/lib/python3.7/site-packages/airflow/example_dags/example_branch_python_dop_operator_3.py for tasks to queue
[2024-09-19T14:53:54.826+0000] {logging_mixin.py:150} INFO - [2024-09-19T14:53:54.826+0000] {dagbag.py:541} INFO - Filling up the DagBag from /home/airflow/.local/lib/python3.7/site-packages/airflow/example_dags/example_branch_python_dop_operator_3.py
[2024-09-19T14:53:54.830+0000] {processor.py:836} INFO - DAG(s) dict_keys(['example_branch_dop_operator_v3']) retrieved from /home/airflow/.local/lib/python3.7/site-packages/airflow/example_dags/example_branch_python_dop_operator_3.py
[2024-09-19T14:53:54.841+0000] {logging_mixin.py:150} INFO - [2024-09-19T14:53:54.841+0000] {dag.py:2742} INFO - Sync 1 DAGs
[2024-09-19T14:53:54.858+0000] {logging_mixin.py:150} INFO - [2024-09-19T14:53:54.858+0000] {dag.py:3508} INFO - Setting next_dagrun for example_branch_dop_operator_v3 to 2024-09-19T14:52:00+00:00, run_after=2024-09-19T14:53:00+00:00
[2024-09-19T14:53:54.869+0000] {processor.py:179} INFO - Processing /home/airflow/.local/lib/python3.7/site-packages/airflow/example_dags/example_branch_python_dop_operator_3.py took 0.045 seconds
[2024-09-19T14:54:25.651+0000] {processor.py:157} INFO - Started process (PID=715) to work on /home/airflow/.local/lib/python3.7/site-packages/airflow/example_dags/example_branch_python_dop_operator_3.py
[2024-09-19T14:54:25.653+0000] {processor.py:826} INFO - Processing file /home/airflow/.local/lib/python3.7/site-packages/airflow/example_dags/example_branch_python_dop_operator_3.py for tasks to queue
[2024-09-19T14:54:25.654+0000] {logging_mixin.py:150} INFO - [2024-09-19T14:54:25.654+0000] {dagbag.py:541} INFO - Filling up the DagBag from /home/airflow/.local/lib/python3.7/site-packages/airflow/example_dags/example_branch_python_dop_operator_3.py
[2024-09-19T14:54:25.659+0000] {processor.py:836} INFO - DAG(s) dict_keys(['example_branch_dop_operator_v3']) retrieved from /home/airflow/.local/lib/python3.7/site-packages/airflow/example_dags/example_branch_python_dop_operator_3.py
[2024-09-19T14:54:25.670+0000] {logging_mixin.py:150} INFO - [2024-09-19T14:54:25.670+0000] {dag.py:2742} INFO - Sync 1 DAGs
[2024-09-19T14:54:25.684+0000] {logging_mixin.py:150} INFO - [2024-09-19T14:54:25.684+0000] {dag.py:3508} INFO - Setting next_dagrun for example_branch_dop_operator_v3 to 2024-09-19T14:53:00+00:00, run_after=2024-09-19T14:54:00+00:00
[2024-09-19T14:54:25.698+0000] {processor.py:179} INFO - Processing /home/airflow/.local/lib/python3.7/site-packages/airflow/example_dags/example_branch_python_dop_operator_3.py took 0.048 seconds
[2024-09-19T14:54:56.306+0000] {processor.py:157} INFO - Started process (PID=776) to work on /home/airflow/.local/lib/python3.7/site-packages/airflow/example_dags/example_branch_python_dop_operator_3.py
[2024-09-19T14:54:56.307+0000] {processor.py:826} INFO - Processing file /home/airflow/.local/lib/python3.7/site-packages/airflow/example_dags/example_branch_python_dop_operator_3.py for tasks to queue
[2024-09-19T14:54:56.308+0000] {logging_mixin.py:150} INFO - [2024-09-19T14:54:56.308+0000] {dagbag.py:541} INFO - Filling up the DagBag from /home/airflow/.local/lib/python3.7/site-packages/airflow/example_dags/example_branch_python_dop_operator_3.py
[2024-09-19T14:54:56.314+0000] {processor.py:836} INFO - DAG(s) dict_keys(['example_branch_dop_operator_v3']) retrieved from /home/airflow/.local/lib/python3.7/site-packages/airflow/example_dags/example_branch_python_dop_operator_3.py
[2024-09-19T14:54:56.325+0000] {logging_mixin.py:150} INFO - [2024-09-19T14:54:56.325+0000] {dag.py:2742} INFO - Sync 1 DAGs
[2024-09-19T14:54:56.340+0000] {logging_mixin.py:150} INFO - [2024-09-19T14:54:56.340+0000] {dag.py:3508} INFO - Setting next_dagrun for example_branch_dop_operator_v3 to 2024-09-19T14:53:00+00:00, run_after=2024-09-19T14:54:00+00:00
[2024-09-19T14:54:56.349+0000] {processor.py:179} INFO - Processing /home/airflow/.local/lib/python3.7/site-packages/airflow/example_dags/example_branch_python_dop_operator_3.py took 0.045 seconds
