[2024-09-19T14:48:48.116+0000] {processor.py:157} INFO - Started process (PID=45) to work on /home/airflow/.local/lib/python3.7/site-packages/airflow/example_dags/example_external_task_marker_dag.py
[2024-09-19T14:48:48.116+0000] {processor.py:826} INFO - Processing file /home/airflow/.local/lib/python3.7/site-packages/airflow/example_dags/example_external_task_marker_dag.py for tasks to queue
[2024-09-19T14:48:48.116+0000] {logging_mixin.py:150} INFO - [2024-09-19T14:48:48.116+0000] {dagbag.py:541} INFO - Filling up the DagBag from /home/airflow/.local/lib/python3.7/site-packages/airflow/example_dags/example_external_task_marker_dag.py
[2024-09-19T14:48:48.121+0000] {processor.py:836} INFO - DAG(s) dict_keys(['example_external_task_marker_child', 'example_external_task_marker_parent']) retrieved from /home/airflow/.local/lib/python3.7/site-packages/airflow/example_dags/example_external_task_marker_dag.py
[2024-09-19T14:48:48.131+0000] {logging_mixin.py:150} INFO - [2024-09-19T14:48:48.131+0000] {dag.py:2742} INFO - Sync 2 DAGs
[2024-09-19T14:48:48.145+0000] {logging_mixin.py:150} INFO - [2024-09-19T14:48:48.145+0000] {dag.py:3508} INFO - Setting next_dagrun for example_external_task_marker_child to None, run_after=None
[2024-09-19T14:48:48.147+0000] {logging_mixin.py:150} INFO - [2024-09-19T14:48:48.147+0000] {dag.py:3508} INFO - Setting next_dagrun for example_external_task_marker_parent to None, run_after=None
[2024-09-19T14:48:48.161+0000] {processor.py:179} INFO - Processing /home/airflow/.local/lib/python3.7/site-packages/airflow/example_dags/example_external_task_marker_dag.py took 0.047 seconds
[2024-09-19T14:49:18.518+0000] {processor.py:157} INFO - Started process (PID=106) to work on /home/airflow/.local/lib/python3.7/site-packages/airflow/example_dags/example_external_task_marker_dag.py
[2024-09-19T14:49:18.519+0000] {processor.py:826} INFO - Processing file /home/airflow/.local/lib/python3.7/site-packages/airflow/example_dags/example_external_task_marker_dag.py for tasks to queue
[2024-09-19T14:49:18.519+0000] {logging_mixin.py:150} INFO - [2024-09-19T14:49:18.519+0000] {dagbag.py:541} INFO - Filling up the DagBag from /home/airflow/.local/lib/python3.7/site-packages/airflow/example_dags/example_external_task_marker_dag.py
[2024-09-19T14:49:18.522+0000] {processor.py:836} INFO - DAG(s) dict_keys(['example_external_task_marker_child', 'example_external_task_marker_parent']) retrieved from /home/airflow/.local/lib/python3.7/site-packages/airflow/example_dags/example_external_task_marker_dag.py
[2024-09-19T14:49:18.536+0000] {logging_mixin.py:150} INFO - [2024-09-19T14:49:18.536+0000] {dag.py:2742} INFO - Sync 2 DAGs
[2024-09-19T14:49:18.560+0000] {logging_mixin.py:150} INFO - [2024-09-19T14:49:18.560+0000] {dag.py:3508} INFO - Setting next_dagrun for example_external_task_marker_child to None, run_after=None
[2024-09-19T14:49:18.564+0000] {logging_mixin.py:150} INFO - [2024-09-19T14:49:18.564+0000] {dag.py:3508} INFO - Setting next_dagrun for example_external_task_marker_parent to None, run_after=None
[2024-09-19T14:49:18.571+0000] {processor.py:179} INFO - Processing /home/airflow/.local/lib/python3.7/site-packages/airflow/example_dags/example_external_task_marker_dag.py took 0.055 seconds
[2024-09-19T14:49:49.383+0000] {processor.py:157} INFO - Started process (PID=167) to work on /home/airflow/.local/lib/python3.7/site-packages/airflow/example_dags/example_external_task_marker_dag.py
[2024-09-19T14:49:49.385+0000] {processor.py:826} INFO - Processing file /home/airflow/.local/lib/python3.7/site-packages/airflow/example_dags/example_external_task_marker_dag.py for tasks to queue
[2024-09-19T14:49:49.385+0000] {logging_mixin.py:150} INFO - [2024-09-19T14:49:49.385+0000] {dagbag.py:541} INFO - Filling up the DagBag from /home/airflow/.local/lib/python3.7/site-packages/airflow/example_dags/example_external_task_marker_dag.py
[2024-09-19T14:49:49.388+0000] {processor.py:836} INFO - DAG(s) dict_keys(['example_external_task_marker_child', 'example_external_task_marker_parent']) retrieved from /home/airflow/.local/lib/python3.7/site-packages/airflow/example_dags/example_external_task_marker_dag.py
[2024-09-19T14:49:49.408+0000] {logging_mixin.py:150} INFO - [2024-09-19T14:49:49.408+0000] {dag.py:2742} INFO - Sync 2 DAGs
[2024-09-19T14:49:49.420+0000] {logging_mixin.py:150} INFO - [2024-09-19T14:49:49.420+0000] {dag.py:3508} INFO - Setting next_dagrun for example_external_task_marker_child to None, run_after=None
[2024-09-19T14:49:49.422+0000] {logging_mixin.py:150} INFO - [2024-09-19T14:49:49.422+0000] {dag.py:3508} INFO - Setting next_dagrun for example_external_task_marker_parent to None, run_after=None
[2024-09-19T14:49:49.433+0000] {processor.py:179} INFO - Processing /home/airflow/.local/lib/python3.7/site-packages/airflow/example_dags/example_external_task_marker_dag.py took 0.051 seconds
[2024-09-19T14:50:20.182+0000] {processor.py:157} INFO - Started process (PID=228) to work on /home/airflow/.local/lib/python3.7/site-packages/airflow/example_dags/example_external_task_marker_dag.py
[2024-09-19T14:50:20.183+0000] {processor.py:826} INFO - Processing file /home/airflow/.local/lib/python3.7/site-packages/airflow/example_dags/example_external_task_marker_dag.py for tasks to queue
[2024-09-19T14:50:20.183+0000] {logging_mixin.py:150} INFO - [2024-09-19T14:50:20.183+0000] {dagbag.py:541} INFO - Filling up the DagBag from /home/airflow/.local/lib/python3.7/site-packages/airflow/example_dags/example_external_task_marker_dag.py
[2024-09-19T14:50:20.186+0000] {processor.py:836} INFO - DAG(s) dict_keys(['example_external_task_marker_child', 'example_external_task_marker_parent']) retrieved from /home/airflow/.local/lib/python3.7/site-packages/airflow/example_dags/example_external_task_marker_dag.py
[2024-09-19T14:50:20.203+0000] {logging_mixin.py:150} INFO - [2024-09-19T14:50:20.203+0000] {dag.py:2742} INFO - Sync 2 DAGs
[2024-09-19T14:50:20.216+0000] {logging_mixin.py:150} INFO - [2024-09-19T14:50:20.216+0000] {dag.py:3508} INFO - Setting next_dagrun for example_external_task_marker_child to None, run_after=None
[2024-09-19T14:50:20.218+0000] {logging_mixin.py:150} INFO - [2024-09-19T14:50:20.218+0000] {dag.py:3508} INFO - Setting next_dagrun for example_external_task_marker_parent to None, run_after=None
[2024-09-19T14:50:20.227+0000] {processor.py:179} INFO - Processing /home/airflow/.local/lib/python3.7/site-packages/airflow/example_dags/example_external_task_marker_dag.py took 0.046 seconds
[2024-09-19T14:50:51.086+0000] {processor.py:157} INFO - Started process (PID=289) to work on /home/airflow/.local/lib/python3.7/site-packages/airflow/example_dags/example_external_task_marker_dag.py
[2024-09-19T14:50:51.086+0000] {processor.py:826} INFO - Processing file /home/airflow/.local/lib/python3.7/site-packages/airflow/example_dags/example_external_task_marker_dag.py for tasks to queue
[2024-09-19T14:50:51.087+0000] {logging_mixin.py:150} INFO - [2024-09-19T14:50:51.087+0000] {dagbag.py:541} INFO - Filling up the DagBag from /home/airflow/.local/lib/python3.7/site-packages/airflow/example_dags/example_external_task_marker_dag.py
[2024-09-19T14:50:51.091+0000] {processor.py:836} INFO - DAG(s) dict_keys(['example_external_task_marker_child', 'example_external_task_marker_parent']) retrieved from /home/airflow/.local/lib/python3.7/site-packages/airflow/example_dags/example_external_task_marker_dag.py
[2024-09-19T14:50:51.107+0000] {logging_mixin.py:150} INFO - [2024-09-19T14:50:51.107+0000] {dag.py:2742} INFO - Sync 2 DAGs
[2024-09-19T14:50:51.123+0000] {logging_mixin.py:150} INFO - [2024-09-19T14:50:51.123+0000] {dag.py:3508} INFO - Setting next_dagrun for example_external_task_marker_child to None, run_after=None
[2024-09-19T14:50:51.125+0000] {logging_mixin.py:150} INFO - [2024-09-19T14:50:51.125+0000] {dag.py:3508} INFO - Setting next_dagrun for example_external_task_marker_parent to None, run_after=None
[2024-09-19T14:50:51.137+0000] {processor.py:179} INFO - Processing /home/airflow/.local/lib/python3.7/site-packages/airflow/example_dags/example_external_task_marker_dag.py took 0.053 seconds
[2024-09-19T14:51:21.318+0000] {processor.py:157} INFO - Started process (PID=350) to work on /home/airflow/.local/lib/python3.7/site-packages/airflow/example_dags/example_external_task_marker_dag.py
[2024-09-19T14:51:21.318+0000] {processor.py:826} INFO - Processing file /home/airflow/.local/lib/python3.7/site-packages/airflow/example_dags/example_external_task_marker_dag.py for tasks to queue
[2024-09-19T14:51:21.319+0000] {logging_mixin.py:150} INFO - [2024-09-19T14:51:21.319+0000] {dagbag.py:541} INFO - Filling up the DagBag from /home/airflow/.local/lib/python3.7/site-packages/airflow/example_dags/example_external_task_marker_dag.py
[2024-09-19T14:51:21.322+0000] {processor.py:836} INFO - DAG(s) dict_keys(['example_external_task_marker_child', 'example_external_task_marker_parent']) retrieved from /home/airflow/.local/lib/python3.7/site-packages/airflow/example_dags/example_external_task_marker_dag.py
[2024-09-19T14:51:21.338+0000] {logging_mixin.py:150} INFO - [2024-09-19T14:51:21.338+0000] {dag.py:2742} INFO - Sync 2 DAGs
[2024-09-19T14:51:21.350+0000] {logging_mixin.py:150} INFO - [2024-09-19T14:51:21.350+0000] {dag.py:3508} INFO - Setting next_dagrun for example_external_task_marker_child to None, run_after=None
[2024-09-19T14:51:21.352+0000] {logging_mixin.py:150} INFO - [2024-09-19T14:51:21.352+0000] {dag.py:3508} INFO - Setting next_dagrun for example_external_task_marker_parent to None, run_after=None
[2024-09-19T14:51:21.363+0000] {processor.py:179} INFO - Processing /home/airflow/.local/lib/python3.7/site-packages/airflow/example_dags/example_external_task_marker_dag.py took 0.048 seconds
[2024-09-19T14:51:51.539+0000] {processor.py:157} INFO - Started process (PID=411) to work on /home/airflow/.local/lib/python3.7/site-packages/airflow/example_dags/example_external_task_marker_dag.py
[2024-09-19T14:51:51.539+0000] {processor.py:826} INFO - Processing file /home/airflow/.local/lib/python3.7/site-packages/airflow/example_dags/example_external_task_marker_dag.py for tasks to queue
[2024-09-19T14:51:51.539+0000] {logging_mixin.py:150} INFO - [2024-09-19T14:51:51.539+0000] {dagbag.py:541} INFO - Filling up the DagBag from /home/airflow/.local/lib/python3.7/site-packages/airflow/example_dags/example_external_task_marker_dag.py
[2024-09-19T14:51:51.544+0000] {processor.py:836} INFO - DAG(s) dict_keys(['example_external_task_marker_child', 'example_external_task_marker_parent']) retrieved from /home/airflow/.local/lib/python3.7/site-packages/airflow/example_dags/example_external_task_marker_dag.py
[2024-09-19T14:51:51.561+0000] {logging_mixin.py:150} INFO - [2024-09-19T14:51:51.561+0000] {dag.py:2742} INFO - Sync 2 DAGs
[2024-09-19T14:51:51.575+0000] {logging_mixin.py:150} INFO - [2024-09-19T14:51:51.575+0000] {dag.py:3508} INFO - Setting next_dagrun for example_external_task_marker_child to None, run_after=None
[2024-09-19T14:51:51.577+0000] {logging_mixin.py:150} INFO - [2024-09-19T14:51:51.577+0000] {dag.py:3508} INFO - Setting next_dagrun for example_external_task_marker_parent to None, run_after=None
[2024-09-19T14:51:51.586+0000] {processor.py:179} INFO - Processing /home/airflow/.local/lib/python3.7/site-packages/airflow/example_dags/example_external_task_marker_dag.py took 0.049 seconds
[2024-09-19T14:52:22.378+0000] {processor.py:157} INFO - Started process (PID=472) to work on /home/airflow/.local/lib/python3.7/site-packages/airflow/example_dags/example_external_task_marker_dag.py
[2024-09-19T14:52:22.379+0000] {processor.py:826} INFO - Processing file /home/airflow/.local/lib/python3.7/site-packages/airflow/example_dags/example_external_task_marker_dag.py for tasks to queue
[2024-09-19T14:52:22.379+0000] {logging_mixin.py:150} INFO - [2024-09-19T14:52:22.379+0000] {dagbag.py:541} INFO - Filling up the DagBag from /home/airflow/.local/lib/python3.7/site-packages/airflow/example_dags/example_external_task_marker_dag.py
[2024-09-19T14:52:22.382+0000] {processor.py:836} INFO - DAG(s) dict_keys(['example_external_task_marker_child', 'example_external_task_marker_parent']) retrieved from /home/airflow/.local/lib/python3.7/site-packages/airflow/example_dags/example_external_task_marker_dag.py
[2024-09-19T14:52:22.394+0000] {logging_mixin.py:150} INFO - [2024-09-19T14:52:22.394+0000] {dag.py:2742} INFO - Sync 2 DAGs
[2024-09-19T14:52:22.405+0000] {logging_mixin.py:150} INFO - [2024-09-19T14:52:22.405+0000] {dag.py:3508} INFO - Setting next_dagrun for example_external_task_marker_child to None, run_after=None
[2024-09-19T14:52:22.407+0000] {logging_mixin.py:150} INFO - [2024-09-19T14:52:22.407+0000] {dag.py:3508} INFO - Setting next_dagrun for example_external_task_marker_parent to None, run_after=None
[2024-09-19T14:52:22.413+0000] {processor.py:179} INFO - Processing /home/airflow/.local/lib/python3.7/site-packages/airflow/example_dags/example_external_task_marker_dag.py took 0.037 seconds
[2024-09-19T14:52:53.194+0000] {processor.py:157} INFO - Started process (PID=533) to work on /home/airflow/.local/lib/python3.7/site-packages/airflow/example_dags/example_external_task_marker_dag.py
[2024-09-19T14:52:53.195+0000] {processor.py:826} INFO - Processing file /home/airflow/.local/lib/python3.7/site-packages/airflow/example_dags/example_external_task_marker_dag.py for tasks to queue
[2024-09-19T14:52:53.195+0000] {logging_mixin.py:150} INFO - [2024-09-19T14:52:53.195+0000] {dagbag.py:541} INFO - Filling up the DagBag from /home/airflow/.local/lib/python3.7/site-packages/airflow/example_dags/example_external_task_marker_dag.py
[2024-09-19T14:52:53.198+0000] {processor.py:836} INFO - DAG(s) dict_keys(['example_external_task_marker_child', 'example_external_task_marker_parent']) retrieved from /home/airflow/.local/lib/python3.7/site-packages/airflow/example_dags/example_external_task_marker_dag.py
[2024-09-19T14:52:53.215+0000] {logging_mixin.py:150} INFO - [2024-09-19T14:52:53.215+0000] {dag.py:2742} INFO - Sync 2 DAGs
[2024-09-19T14:52:53.227+0000] {logging_mixin.py:150} INFO - [2024-09-19T14:52:53.227+0000] {dag.py:3508} INFO - Setting next_dagrun for example_external_task_marker_child to None, run_after=None
[2024-09-19T14:52:53.229+0000] {logging_mixin.py:150} INFO - [2024-09-19T14:52:53.229+0000] {dag.py:3508} INFO - Setting next_dagrun for example_external_task_marker_parent to None, run_after=None
[2024-09-19T14:52:53.237+0000] {processor.py:179} INFO - Processing /home/airflow/.local/lib/python3.7/site-packages/airflow/example_dags/example_external_task_marker_dag.py took 0.045 seconds
[2024-09-19T14:53:24.144+0000] {processor.py:157} INFO - Started process (PID=594) to work on /home/airflow/.local/lib/python3.7/site-packages/airflow/example_dags/example_external_task_marker_dag.py
[2024-09-19T14:53:24.145+0000] {processor.py:826} INFO - Processing file /home/airflow/.local/lib/python3.7/site-packages/airflow/example_dags/example_external_task_marker_dag.py for tasks to queue
[2024-09-19T14:53:24.145+0000] {logging_mixin.py:150} INFO - [2024-09-19T14:53:24.145+0000] {dagbag.py:541} INFO - Filling up the DagBag from /home/airflow/.local/lib/python3.7/site-packages/airflow/example_dags/example_external_task_marker_dag.py
[2024-09-19T14:53:24.149+0000] {processor.py:836} INFO - DAG(s) dict_keys(['example_external_task_marker_parent', 'example_external_task_marker_child']) retrieved from /home/airflow/.local/lib/python3.7/site-packages/airflow/example_dags/example_external_task_marker_dag.py
[2024-09-19T14:53:24.165+0000] {logging_mixin.py:150} INFO - [2024-09-19T14:53:24.165+0000] {dag.py:2742} INFO - Sync 2 DAGs
[2024-09-19T14:53:24.178+0000] {logging_mixin.py:150} INFO - [2024-09-19T14:53:24.178+0000] {dag.py:3508} INFO - Setting next_dagrun for example_external_task_marker_child to None, run_after=None
[2024-09-19T14:53:24.180+0000] {logging_mixin.py:150} INFO - [2024-09-19T14:53:24.180+0000] {dag.py:3508} INFO - Setting next_dagrun for example_external_task_marker_parent to None, run_after=None
[2024-09-19T14:53:24.188+0000] {processor.py:179} INFO - Processing /home/airflow/.local/lib/python3.7/site-packages/airflow/example_dags/example_external_task_marker_dag.py took 0.045 seconds
[2024-09-19T14:53:54.880+0000] {processor.py:157} INFO - Started process (PID=655) to work on /home/airflow/.local/lib/python3.7/site-packages/airflow/example_dags/example_external_task_marker_dag.py
[2024-09-19T14:53:54.880+0000] {processor.py:826} INFO - Processing file /home/airflow/.local/lib/python3.7/site-packages/airflow/example_dags/example_external_task_marker_dag.py for tasks to queue
[2024-09-19T14:53:54.881+0000] {logging_mixin.py:150} INFO - [2024-09-19T14:53:54.880+0000] {dagbag.py:541} INFO - Filling up the DagBag from /home/airflow/.local/lib/python3.7/site-packages/airflow/example_dags/example_external_task_marker_dag.py
[2024-09-19T14:53:54.883+0000] {processor.py:836} INFO - DAG(s) dict_keys(['example_external_task_marker_child', 'example_external_task_marker_parent']) retrieved from /home/airflow/.local/lib/python3.7/site-packages/airflow/example_dags/example_external_task_marker_dag.py
[2024-09-19T14:53:54.898+0000] {logging_mixin.py:150} INFO - [2024-09-19T14:53:54.898+0000] {dag.py:2742} INFO - Sync 2 DAGs
[2024-09-19T14:53:54.912+0000] {logging_mixin.py:150} INFO - [2024-09-19T14:53:54.912+0000] {dag.py:3508} INFO - Setting next_dagrun for example_external_task_marker_child to None, run_after=None
[2024-09-19T14:53:54.914+0000] {logging_mixin.py:150} INFO - [2024-09-19T14:53:54.914+0000] {dag.py:3508} INFO - Setting next_dagrun for example_external_task_marker_parent to None, run_after=None
[2024-09-19T14:53:54.925+0000] {processor.py:179} INFO - Processing /home/airflow/.local/lib/python3.7/site-packages/airflow/example_dags/example_external_task_marker_dag.py took 0.046 seconds
[2024-09-19T14:54:25.653+0000] {processor.py:157} INFO - Started process (PID=716) to work on /home/airflow/.local/lib/python3.7/site-packages/airflow/example_dags/example_external_task_marker_dag.py
[2024-09-19T14:54:25.653+0000] {processor.py:826} INFO - Processing file /home/airflow/.local/lib/python3.7/site-packages/airflow/example_dags/example_external_task_marker_dag.py for tasks to queue
[2024-09-19T14:54:25.653+0000] {logging_mixin.py:150} INFO - [2024-09-19T14:54:25.653+0000] {dagbag.py:541} INFO - Filling up the DagBag from /home/airflow/.local/lib/python3.7/site-packages/airflow/example_dags/example_external_task_marker_dag.py
[2024-09-19T14:54:25.657+0000] {processor.py:836} INFO - DAG(s) dict_keys(['example_external_task_marker_parent', 'example_external_task_marker_child']) retrieved from /home/airflow/.local/lib/python3.7/site-packages/airflow/example_dags/example_external_task_marker_dag.py
[2024-09-19T14:54:25.672+0000] {logging_mixin.py:150} INFO - [2024-09-19T14:54:25.672+0000] {dag.py:2742} INFO - Sync 2 DAGs
[2024-09-19T14:54:25.685+0000] {logging_mixin.py:150} INFO - [2024-09-19T14:54:25.685+0000] {dag.py:3508} INFO - Setting next_dagrun for example_external_task_marker_child to None, run_after=None
[2024-09-19T14:54:25.689+0000] {logging_mixin.py:150} INFO - [2024-09-19T14:54:25.689+0000] {dag.py:3508} INFO - Setting next_dagrun for example_external_task_marker_parent to None, run_after=None
[2024-09-19T14:54:25.700+0000] {processor.py:179} INFO - Processing /home/airflow/.local/lib/python3.7/site-packages/airflow/example_dags/example_external_task_marker_dag.py took 0.049 seconds
[2024-09-19T14:54:56.359+0000] {processor.py:157} INFO - Started process (PID=777) to work on /home/airflow/.local/lib/python3.7/site-packages/airflow/example_dags/example_external_task_marker_dag.py
[2024-09-19T14:54:56.360+0000] {processor.py:826} INFO - Processing file /home/airflow/.local/lib/python3.7/site-packages/airflow/example_dags/example_external_task_marker_dag.py for tasks to queue
[2024-09-19T14:54:56.360+0000] {logging_mixin.py:150} INFO - [2024-09-19T14:54:56.360+0000] {dagbag.py:541} INFO - Filling up the DagBag from /home/airflow/.local/lib/python3.7/site-packages/airflow/example_dags/example_external_task_marker_dag.py
[2024-09-19T14:54:56.363+0000] {processor.py:836} INFO - DAG(s) dict_keys(['example_external_task_marker_parent', 'example_external_task_marker_child']) retrieved from /home/airflow/.local/lib/python3.7/site-packages/airflow/example_dags/example_external_task_marker_dag.py
[2024-09-19T14:54:56.377+0000] {logging_mixin.py:150} INFO - [2024-09-19T14:54:56.377+0000] {dag.py:2742} INFO - Sync 2 DAGs
[2024-09-19T14:54:56.390+0000] {logging_mixin.py:150} INFO - [2024-09-19T14:54:56.390+0000] {dag.py:3508} INFO - Setting next_dagrun for example_external_task_marker_child to None, run_after=None
[2024-09-19T14:54:56.391+0000] {logging_mixin.py:150} INFO - [2024-09-19T14:54:56.391+0000] {dag.py:3508} INFO - Setting next_dagrun for example_external_task_marker_parent to None, run_after=None
[2024-09-19T14:54:56.399+0000] {processor.py:179} INFO - Processing /home/airflow/.local/lib/python3.7/site-packages/airflow/example_dags/example_external_task_marker_dag.py took 0.043 seconds
