[2024-09-19T14:48:49.219+0000] {processor.py:157} INFO - Started process (PID=70) to work on /home/airflow/.local/lib/python3.7/site-packages/airflow/example_dags/example_branch_day_of_week_operator.py
[2024-09-19T14:48:49.222+0000] {processor.py:826} INFO - Processing file /home/airflow/.local/lib/python3.7/site-packages/airflow/example_dags/example_branch_day_of_week_operator.py for tasks to queue
[2024-09-19T14:48:49.223+0000] {logging_mixin.py:150} INFO - [2024-09-19T14:48:49.223+0000] {dagbag.py:541} INFO - Filling up the DagBag from /home/airflow/.local/lib/python3.7/site-packages/airflow/example_dags/example_branch_day_of_week_operator.py
[2024-09-19T14:48:49.233+0000] {processor.py:836} INFO - DAG(s) dict_keys(['example_weekday_branch_operator']) retrieved from /home/airflow/.local/lib/python3.7/site-packages/airflow/example_dags/example_branch_day_of_week_operator.py
[2024-09-19T14:48:49.245+0000] {logging_mixin.py:150} INFO - [2024-09-19T14:48:49.244+0000] {dag.py:2742} INFO - Sync 1 DAGs
[2024-09-19T14:48:49.268+0000] {logging_mixin.py:150} INFO - [2024-09-19T14:48:49.267+0000] {dag.py:3508} INFO - Setting next_dagrun for example_weekday_branch_operator to 2024-09-18T00:00:00+00:00, run_after=2024-09-19T00:00:00+00:00
[2024-09-19T14:48:49.280+0000] {processor.py:179} INFO - Processing /home/airflow/.local/lib/python3.7/site-packages/airflow/example_dags/example_branch_day_of_week_operator.py took 0.066 seconds
[2024-09-19T14:49:19.321+0000] {processor.py:157} INFO - Started process (PID=131) to work on /home/airflow/.local/lib/python3.7/site-packages/airflow/example_dags/example_branch_day_of_week_operator.py
[2024-09-19T14:49:19.322+0000] {processor.py:826} INFO - Processing file /home/airflow/.local/lib/python3.7/site-packages/airflow/example_dags/example_branch_day_of_week_operator.py for tasks to queue
[2024-09-19T14:49:19.325+0000] {logging_mixin.py:150} INFO - [2024-09-19T14:49:19.325+0000] {dagbag.py:541} INFO - Filling up the DagBag from /home/airflow/.local/lib/python3.7/site-packages/airflow/example_dags/example_branch_day_of_week_operator.py
[2024-09-19T14:49:19.329+0000] {processor.py:836} INFO - DAG(s) dict_keys(['example_weekday_branch_operator']) retrieved from /home/airflow/.local/lib/python3.7/site-packages/airflow/example_dags/example_branch_day_of_week_operator.py
[2024-09-19T14:49:19.341+0000] {logging_mixin.py:150} INFO - [2024-09-19T14:49:19.341+0000] {dag.py:2742} INFO - Sync 1 DAGs
[2024-09-19T14:49:19.353+0000] {logging_mixin.py:150} INFO - [2024-09-19T14:49:19.353+0000] {dag.py:3508} INFO - Setting next_dagrun for example_weekday_branch_operator to 2024-09-18T00:00:00+00:00, run_after=2024-09-19T00:00:00+00:00
[2024-09-19T14:49:19.363+0000] {processor.py:179} INFO - Processing /home/airflow/.local/lib/python3.7/site-packages/airflow/example_dags/example_branch_day_of_week_operator.py took 0.044 seconds
[2024-09-19T14:49:50.121+0000] {processor.py:157} INFO - Started process (PID=192) to work on /home/airflow/.local/lib/python3.7/site-packages/airflow/example_dags/example_branch_day_of_week_operator.py
[2024-09-19T14:49:50.121+0000] {processor.py:826} INFO - Processing file /home/airflow/.local/lib/python3.7/site-packages/airflow/example_dags/example_branch_day_of_week_operator.py for tasks to queue
[2024-09-19T14:49:50.122+0000] {logging_mixin.py:150} INFO - [2024-09-19T14:49:50.122+0000] {dagbag.py:541} INFO - Filling up the DagBag from /home/airflow/.local/lib/python3.7/site-packages/airflow/example_dags/example_branch_day_of_week_operator.py
[2024-09-19T14:49:50.126+0000] {processor.py:836} INFO - DAG(s) dict_keys(['example_weekday_branch_operator']) retrieved from /home/airflow/.local/lib/python3.7/site-packages/airflow/example_dags/example_branch_day_of_week_operator.py
[2024-09-19T14:49:50.144+0000] {logging_mixin.py:150} INFO - [2024-09-19T14:49:50.144+0000] {dag.py:2742} INFO - Sync 1 DAGs
[2024-09-19T14:49:50.158+0000] {logging_mixin.py:150} INFO - [2024-09-19T14:49:50.157+0000] {dag.py:3508} INFO - Setting next_dagrun for example_weekday_branch_operator to 2024-09-18T00:00:00+00:00, run_after=2024-09-19T00:00:00+00:00
[2024-09-19T14:49:50.171+0000] {processor.py:179} INFO - Processing /home/airflow/.local/lib/python3.7/site-packages/airflow/example_dags/example_branch_day_of_week_operator.py took 0.052 seconds
[2024-09-19T14:50:20.944+0000] {processor.py:157} INFO - Started process (PID=253) to work on /home/airflow/.local/lib/python3.7/site-packages/airflow/example_dags/example_branch_day_of_week_operator.py
[2024-09-19T14:50:20.944+0000] {processor.py:826} INFO - Processing file /home/airflow/.local/lib/python3.7/site-packages/airflow/example_dags/example_branch_day_of_week_operator.py for tasks to queue
[2024-09-19T14:50:20.944+0000] {logging_mixin.py:150} INFO - [2024-09-19T14:50:20.944+0000] {dagbag.py:541} INFO - Filling up the DagBag from /home/airflow/.local/lib/python3.7/site-packages/airflow/example_dags/example_branch_day_of_week_operator.py
[2024-09-19T14:50:20.948+0000] {processor.py:836} INFO - DAG(s) dict_keys(['example_weekday_branch_operator']) retrieved from /home/airflow/.local/lib/python3.7/site-packages/airflow/example_dags/example_branch_day_of_week_operator.py
[2024-09-19T14:50:20.959+0000] {logging_mixin.py:150} INFO - [2024-09-19T14:50:20.959+0000] {dag.py:2742} INFO - Sync 1 DAGs
[2024-09-19T14:50:20.972+0000] {logging_mixin.py:150} INFO - [2024-09-19T14:50:20.972+0000] {dag.py:3508} INFO - Setting next_dagrun for example_weekday_branch_operator to 2024-09-18T00:00:00+00:00, run_after=2024-09-19T00:00:00+00:00
[2024-09-19T14:50:20.981+0000] {processor.py:179} INFO - Processing /home/airflow/.local/lib/python3.7/site-packages/airflow/example_dags/example_branch_day_of_week_operator.py took 0.039 seconds
[2024-09-19T14:50:51.957+0000] {processor.py:157} INFO - Started process (PID=314) to work on /home/airflow/.local/lib/python3.7/site-packages/airflow/example_dags/example_branch_day_of_week_operator.py
[2024-09-19T14:50:51.958+0000] {processor.py:826} INFO - Processing file /home/airflow/.local/lib/python3.7/site-packages/airflow/example_dags/example_branch_day_of_week_operator.py for tasks to queue
[2024-09-19T14:50:51.958+0000] {logging_mixin.py:150} INFO - [2024-09-19T14:50:51.958+0000] {dagbag.py:541} INFO - Filling up the DagBag from /home/airflow/.local/lib/python3.7/site-packages/airflow/example_dags/example_branch_day_of_week_operator.py
[2024-09-19T14:50:51.967+0000] {processor.py:836} INFO - DAG(s) dict_keys(['example_weekday_branch_operator']) retrieved from /home/airflow/.local/lib/python3.7/site-packages/airflow/example_dags/example_branch_day_of_week_operator.py
[2024-09-19T14:50:51.995+0000] {logging_mixin.py:150} INFO - [2024-09-19T14:50:51.995+0000] {dag.py:2742} INFO - Sync 1 DAGs
[2024-09-19T14:50:52.019+0000] {logging_mixin.py:150} INFO - [2024-09-19T14:50:52.019+0000] {dag.py:3508} INFO - Setting next_dagrun for example_weekday_branch_operator to 2024-09-18T00:00:00+00:00, run_after=2024-09-19T00:00:00+00:00
[2024-09-19T14:50:52.031+0000] {processor.py:179} INFO - Processing /home/airflow/.local/lib/python3.7/site-packages/airflow/example_dags/example_branch_day_of_week_operator.py took 0.080 seconds
[2024-09-19T14:51:22.051+0000] {processor.py:157} INFO - Started process (PID=375) to work on /home/airflow/.local/lib/python3.7/site-packages/airflow/example_dags/example_branch_day_of_week_operator.py
[2024-09-19T14:51:22.052+0000] {processor.py:826} INFO - Processing file /home/airflow/.local/lib/python3.7/site-packages/airflow/example_dags/example_branch_day_of_week_operator.py for tasks to queue
[2024-09-19T14:51:22.052+0000] {logging_mixin.py:150} INFO - [2024-09-19T14:51:22.052+0000] {dagbag.py:541} INFO - Filling up the DagBag from /home/airflow/.local/lib/python3.7/site-packages/airflow/example_dags/example_branch_day_of_week_operator.py
[2024-09-19T14:51:22.058+0000] {processor.py:836} INFO - DAG(s) dict_keys(['example_weekday_branch_operator']) retrieved from /home/airflow/.local/lib/python3.7/site-packages/airflow/example_dags/example_branch_day_of_week_operator.py
[2024-09-19T14:51:22.073+0000] {logging_mixin.py:150} INFO - [2024-09-19T14:51:22.073+0000] {dag.py:2742} INFO - Sync 1 DAGs
[2024-09-19T14:51:22.087+0000] {logging_mixin.py:150} INFO - [2024-09-19T14:51:22.087+0000] {dag.py:3508} INFO - Setting next_dagrun for example_weekday_branch_operator to 2024-09-18T00:00:00+00:00, run_after=2024-09-19T00:00:00+00:00
[2024-09-19T14:51:22.095+0000] {processor.py:179} INFO - Processing /home/airflow/.local/lib/python3.7/site-packages/airflow/example_dags/example_branch_day_of_week_operator.py took 0.045 seconds
[2024-09-19T14:51:52.239+0000] {processor.py:157} INFO - Started process (PID=436) to work on /home/airflow/.local/lib/python3.7/site-packages/airflow/example_dags/example_branch_day_of_week_operator.py
[2024-09-19T14:51:52.240+0000] {processor.py:826} INFO - Processing file /home/airflow/.local/lib/python3.7/site-packages/airflow/example_dags/example_branch_day_of_week_operator.py for tasks to queue
[2024-09-19T14:51:52.241+0000] {logging_mixin.py:150} INFO - [2024-09-19T14:51:52.241+0000] {dagbag.py:541} INFO - Filling up the DagBag from /home/airflow/.local/lib/python3.7/site-packages/airflow/example_dags/example_branch_day_of_week_operator.py
[2024-09-19T14:51:52.245+0000] {processor.py:836} INFO - DAG(s) dict_keys(['example_weekday_branch_operator']) retrieved from /home/airflow/.local/lib/python3.7/site-packages/airflow/example_dags/example_branch_day_of_week_operator.py
[2024-09-19T14:51:52.257+0000] {logging_mixin.py:150} INFO - [2024-09-19T14:51:52.257+0000] {dag.py:2742} INFO - Sync 1 DAGs
[2024-09-19T14:51:52.269+0000] {logging_mixin.py:150} INFO - [2024-09-19T14:51:52.269+0000] {dag.py:3508} INFO - Setting next_dagrun for example_weekday_branch_operator to 2024-09-18T00:00:00+00:00, run_after=2024-09-19T00:00:00+00:00
[2024-09-19T14:51:52.280+0000] {processor.py:179} INFO - Processing /home/airflow/.local/lib/python3.7/site-packages/airflow/example_dags/example_branch_day_of_week_operator.py took 0.043 seconds
[2024-09-19T14:52:23.179+0000] {processor.py:157} INFO - Started process (PID=497) to work on /home/airflow/.local/lib/python3.7/site-packages/airflow/example_dags/example_branch_day_of_week_operator.py
[2024-09-19T14:52:23.179+0000] {processor.py:826} INFO - Processing file /home/airflow/.local/lib/python3.7/site-packages/airflow/example_dags/example_branch_day_of_week_operator.py for tasks to queue
[2024-09-19T14:52:23.180+0000] {logging_mixin.py:150} INFO - [2024-09-19T14:52:23.180+0000] {dagbag.py:541} INFO - Filling up the DagBag from /home/airflow/.local/lib/python3.7/site-packages/airflow/example_dags/example_branch_day_of_week_operator.py
[2024-09-19T14:52:23.184+0000] {processor.py:836} INFO - DAG(s) dict_keys(['example_weekday_branch_operator']) retrieved from /home/airflow/.local/lib/python3.7/site-packages/airflow/example_dags/example_branch_day_of_week_operator.py
[2024-09-19T14:52:23.201+0000] {logging_mixin.py:150} INFO - [2024-09-19T14:52:23.201+0000] {dag.py:2742} INFO - Sync 1 DAGs
[2024-09-19T14:52:23.213+0000] {logging_mixin.py:150} INFO - [2024-09-19T14:52:23.213+0000] {dag.py:3508} INFO - Setting next_dagrun for example_weekday_branch_operator to 2024-09-18T00:00:00+00:00, run_after=2024-09-19T00:00:00+00:00
[2024-09-19T14:52:23.226+0000] {processor.py:179} INFO - Processing /home/airflow/.local/lib/python3.7/site-packages/airflow/example_dags/example_branch_day_of_week_operator.py took 0.051 seconds
[2024-09-19T14:52:54.021+0000] {processor.py:157} INFO - Started process (PID=558) to work on /home/airflow/.local/lib/python3.7/site-packages/airflow/example_dags/example_branch_day_of_week_operator.py
[2024-09-19T14:52:54.021+0000] {processor.py:826} INFO - Processing file /home/airflow/.local/lib/python3.7/site-packages/airflow/example_dags/example_branch_day_of_week_operator.py for tasks to queue
[2024-09-19T14:52:54.022+0000] {logging_mixin.py:150} INFO - [2024-09-19T14:52:54.022+0000] {dagbag.py:541} INFO - Filling up the DagBag from /home/airflow/.local/lib/python3.7/site-packages/airflow/example_dags/example_branch_day_of_week_operator.py
[2024-09-19T14:52:54.025+0000] {processor.py:836} INFO - DAG(s) dict_keys(['example_weekday_branch_operator']) retrieved from /home/airflow/.local/lib/python3.7/site-packages/airflow/example_dags/example_branch_day_of_week_operator.py
[2024-09-19T14:52:54.038+0000] {logging_mixin.py:150} INFO - [2024-09-19T14:52:54.038+0000] {dag.py:2742} INFO - Sync 1 DAGs
[2024-09-19T14:52:54.051+0000] {logging_mixin.py:150} INFO - [2024-09-19T14:52:54.051+0000] {dag.py:3508} INFO - Setting next_dagrun for example_weekday_branch_operator to 2024-09-18T00:00:00+00:00, run_after=2024-09-19T00:00:00+00:00
[2024-09-19T14:52:54.059+0000] {processor.py:179} INFO - Processing /home/airflow/.local/lib/python3.7/site-packages/airflow/example_dags/example_branch_day_of_week_operator.py took 0.040 seconds
[2024-09-19T14:53:24.879+0000] {processor.py:157} INFO - Started process (PID=619) to work on /home/airflow/.local/lib/python3.7/site-packages/airflow/example_dags/example_branch_day_of_week_operator.py
[2024-09-19T14:53:24.880+0000] {processor.py:826} INFO - Processing file /home/airflow/.local/lib/python3.7/site-packages/airflow/example_dags/example_branch_day_of_week_operator.py for tasks to queue
[2024-09-19T14:53:24.882+0000] {logging_mixin.py:150} INFO - [2024-09-19T14:53:24.881+0000] {dagbag.py:541} INFO - Filling up the DagBag from /home/airflow/.local/lib/python3.7/site-packages/airflow/example_dags/example_branch_day_of_week_operator.py
[2024-09-19T14:53:24.887+0000] {processor.py:836} INFO - DAG(s) dict_keys(['example_weekday_branch_operator']) retrieved from /home/airflow/.local/lib/python3.7/site-packages/airflow/example_dags/example_branch_day_of_week_operator.py
[2024-09-19T14:53:24.899+0000] {logging_mixin.py:150} INFO - [2024-09-19T14:53:24.899+0000] {dag.py:2742} INFO - Sync 1 DAGs
[2024-09-19T14:53:24.912+0000] {logging_mixin.py:150} INFO - [2024-09-19T14:53:24.912+0000] {dag.py:3508} INFO - Setting next_dagrun for example_weekday_branch_operator to 2024-09-18T00:00:00+00:00, run_after=2024-09-19T00:00:00+00:00
[2024-09-19T14:53:24.920+0000] {processor.py:179} INFO - Processing /home/airflow/.local/lib/python3.7/site-packages/airflow/example_dags/example_branch_day_of_week_operator.py took 0.043 seconds
[2024-09-19T14:53:55.586+0000] {processor.py:157} INFO - Started process (PID=680) to work on /home/airflow/.local/lib/python3.7/site-packages/airflow/example_dags/example_branch_day_of_week_operator.py
[2024-09-19T14:53:55.586+0000] {processor.py:826} INFO - Processing file /home/airflow/.local/lib/python3.7/site-packages/airflow/example_dags/example_branch_day_of_week_operator.py for tasks to queue
[2024-09-19T14:53:55.587+0000] {logging_mixin.py:150} INFO - [2024-09-19T14:53:55.587+0000] {dagbag.py:541} INFO - Filling up the DagBag from /home/airflow/.local/lib/python3.7/site-packages/airflow/example_dags/example_branch_day_of_week_operator.py
[2024-09-19T14:53:55.590+0000] {processor.py:836} INFO - DAG(s) dict_keys(['example_weekday_branch_operator']) retrieved from /home/airflow/.local/lib/python3.7/site-packages/airflow/example_dags/example_branch_day_of_week_operator.py
[2024-09-19T14:53:55.602+0000] {logging_mixin.py:150} INFO - [2024-09-19T14:53:55.602+0000] {dag.py:2742} INFO - Sync 1 DAGs
[2024-09-19T14:53:55.614+0000] {logging_mixin.py:150} INFO - [2024-09-19T14:53:55.614+0000] {dag.py:3508} INFO - Setting next_dagrun for example_weekday_branch_operator to 2024-09-18T00:00:00+00:00, run_after=2024-09-19T00:00:00+00:00
[2024-09-19T14:53:55.624+0000] {processor.py:179} INFO - Processing /home/airflow/.local/lib/python3.7/site-packages/airflow/example_dags/example_branch_day_of_week_operator.py took 0.040 seconds
[2024-09-19T14:54:26.336+0000] {processor.py:157} INFO - Started process (PID=741) to work on /home/airflow/.local/lib/python3.7/site-packages/airflow/example_dags/example_branch_day_of_week_operator.py
[2024-09-19T14:54:26.337+0000] {processor.py:826} INFO - Processing file /home/airflow/.local/lib/python3.7/site-packages/airflow/example_dags/example_branch_day_of_week_operator.py for tasks to queue
[2024-09-19T14:54:26.338+0000] {logging_mixin.py:150} INFO - [2024-09-19T14:54:26.338+0000] {dagbag.py:541} INFO - Filling up the DagBag from /home/airflow/.local/lib/python3.7/site-packages/airflow/example_dags/example_branch_day_of_week_operator.py
[2024-09-19T14:54:26.344+0000] {processor.py:836} INFO - DAG(s) dict_keys(['example_weekday_branch_operator']) retrieved from /home/airflow/.local/lib/python3.7/site-packages/airflow/example_dags/example_branch_day_of_week_operator.py
[2024-09-19T14:54:26.356+0000] {logging_mixin.py:150} INFO - [2024-09-19T14:54:26.356+0000] {dag.py:2742} INFO - Sync 1 DAGs
[2024-09-19T14:54:26.368+0000] {logging_mixin.py:150} INFO - [2024-09-19T14:54:26.368+0000] {dag.py:3508} INFO - Setting next_dagrun for example_weekday_branch_operator to 2024-09-18T00:00:00+00:00, run_after=2024-09-19T00:00:00+00:00
[2024-09-19T14:54:26.378+0000] {processor.py:179} INFO - Processing /home/airflow/.local/lib/python3.7/site-packages/airflow/example_dags/example_branch_day_of_week_operator.py took 0.043 seconds
[2024-09-19T14:54:57.091+0000] {processor.py:157} INFO - Started process (PID=802) to work on /home/airflow/.local/lib/python3.7/site-packages/airflow/example_dags/example_branch_day_of_week_operator.py
[2024-09-19T14:54:57.091+0000] {processor.py:826} INFO - Processing file /home/airflow/.local/lib/python3.7/site-packages/airflow/example_dags/example_branch_day_of_week_operator.py for tasks to queue
[2024-09-19T14:54:57.092+0000] {logging_mixin.py:150} INFO - [2024-09-19T14:54:57.091+0000] {dagbag.py:541} INFO - Filling up the DagBag from /home/airflow/.local/lib/python3.7/site-packages/airflow/example_dags/example_branch_day_of_week_operator.py
[2024-09-19T14:54:57.095+0000] {processor.py:836} INFO - DAG(s) dict_keys(['example_weekday_branch_operator']) retrieved from /home/airflow/.local/lib/python3.7/site-packages/airflow/example_dags/example_branch_day_of_week_operator.py
[2024-09-19T14:54:57.106+0000] {logging_mixin.py:150} INFO - [2024-09-19T14:54:57.106+0000] {dag.py:2742} INFO - Sync 1 DAGs
[2024-09-19T14:54:57.119+0000] {logging_mixin.py:150} INFO - [2024-09-19T14:54:57.119+0000] {dag.py:3508} INFO - Setting next_dagrun for example_weekday_branch_operator to 2024-09-18T00:00:00+00:00, run_after=2024-09-19T00:00:00+00:00
[2024-09-19T14:54:57.130+0000] {processor.py:179} INFO - Processing /home/airflow/.local/lib/python3.7/site-packages/airflow/example_dags/example_branch_day_of_week_operator.py took 0.041 seconds
