[2024-09-19T14:48:48.209+0000] {processor.py:157} INFO - Started process (PID=48) to work on /home/airflow/.local/lib/python3.7/site-packages/airflow/example_dags/example_datasets.py
[2024-09-19T14:48:48.210+0000] {processor.py:826} INFO - Processing file /home/airflow/.local/lib/python3.7/site-packages/airflow/example_dags/example_datasets.py for tasks to queue
[2024-09-19T14:48:48.211+0000] {logging_mixin.py:150} INFO - [2024-09-19T14:48:48.211+0000] {dagbag.py:541} INFO - Filling up the DagBag from /home/airflow/.local/lib/python3.7/site-packages/airflow/example_dags/example_datasets.py
[2024-09-19T14:48:48.219+0000] {processor.py:836} INFO - DAG(s) dict_keys(['dataset_consumes_1_never_scheduled', 'dataset_consumes_unknown_never_scheduled', 'dataset_consumes_1_and_2', 'dataset_consumes_1', 'dataset_produces_2', 'dataset_produces_1']) retrieved from /home/airflow/.local/lib/python3.7/site-packages/airflow/example_dags/example_datasets.py
[2024-09-19T14:48:48.237+0000] {logging_mixin.py:150} INFO - [2024-09-19T14:48:48.236+0000] {dag.py:2742} INFO - Sync 6 DAGs
[2024-09-19T14:48:48.252+0000] {logging_mixin.py:150} INFO - [2024-09-19T14:48:48.252+0000] {dag.py:3508} INFO - Setting next_dagrun for dataset_consumes_1 to None, run_after=None
[2024-09-19T14:48:48.257+0000] {logging_mixin.py:150} INFO - [2024-09-19T14:48:48.257+0000] {dag.py:3508} INFO - Setting next_dagrun for dataset_consumes_1_and_2 to None, run_after=None
[2024-09-19T14:48:48.262+0000] {logging_mixin.py:150} INFO - [2024-09-19T14:48:48.262+0000] {dag.py:3508} INFO - Setting next_dagrun for dataset_consumes_1_never_scheduled to None, run_after=None
[2024-09-19T14:48:48.266+0000] {logging_mixin.py:150} INFO - [2024-09-19T14:48:48.265+0000] {dag.py:3508} INFO - Setting next_dagrun for dataset_consumes_unknown_never_scheduled to None, run_after=None
[2024-09-19T14:48:48.274+0000] {logging_mixin.py:150} INFO - [2024-09-19T14:48:48.274+0000] {dag.py:3508} INFO - Setting next_dagrun for dataset_produces_1 to 2024-09-18T00:00:00+00:00, run_after=2024-09-19T00:00:00+00:00
[2024-09-19T14:48:48.275+0000] {logging_mixin.py:150} INFO - [2024-09-19T14:48:48.275+0000] {dag.py:3508} INFO - Setting next_dagrun for dataset_produces_2 to None, run_after=None
[2024-09-19T14:48:48.307+0000] {processor.py:179} INFO - Processing /home/airflow/.local/lib/python3.7/site-packages/airflow/example_dags/example_datasets.py took 0.102 seconds
[2024-09-19T14:49:18.621+0000] {processor.py:157} INFO - Started process (PID=109) to work on /home/airflow/.local/lib/python3.7/site-packages/airflow/example_dags/example_datasets.py
[2024-09-19T14:49:18.622+0000] {processor.py:826} INFO - Processing file /home/airflow/.local/lib/python3.7/site-packages/airflow/example_dags/example_datasets.py for tasks to queue
[2024-09-19T14:49:18.622+0000] {logging_mixin.py:150} INFO - [2024-09-19T14:49:18.622+0000] {dagbag.py:541} INFO - Filling up the DagBag from /home/airflow/.local/lib/python3.7/site-packages/airflow/example_dags/example_datasets.py
[2024-09-19T14:49:18.627+0000] {processor.py:836} INFO - DAG(s) dict_keys(['dataset_consumes_1', 'dataset_consumes_1_and_2', 'dataset_consumes_1_never_scheduled', 'dataset_produces_1', 'dataset_produces_2', 'dataset_consumes_unknown_never_scheduled']) retrieved from /home/airflow/.local/lib/python3.7/site-packages/airflow/example_dags/example_datasets.py
[2024-09-19T14:49:18.644+0000] {logging_mixin.py:150} INFO - [2024-09-19T14:49:18.644+0000] {dag.py:2742} INFO - Sync 6 DAGs
[2024-09-19T14:49:18.658+0000] {logging_mixin.py:150} INFO - [2024-09-19T14:49:18.658+0000] {dag.py:3508} INFO - Setting next_dagrun for dataset_consumes_1 to None, run_after=None
[2024-09-19T14:49:18.660+0000] {logging_mixin.py:150} INFO - [2024-09-19T14:49:18.660+0000] {dag.py:3508} INFO - Setting next_dagrun for dataset_consumes_1_and_2 to None, run_after=None
[2024-09-19T14:49:18.660+0000] {logging_mixin.py:150} INFO - [2024-09-19T14:49:18.660+0000] {dag.py:3508} INFO - Setting next_dagrun for dataset_consumes_1_never_scheduled to None, run_after=None
[2024-09-19T14:49:18.661+0000] {logging_mixin.py:150} INFO - [2024-09-19T14:49:18.661+0000] {dag.py:3508} INFO - Setting next_dagrun for dataset_consumes_unknown_never_scheduled to None, run_after=None
[2024-09-19T14:49:18.665+0000] {logging_mixin.py:150} INFO - [2024-09-19T14:49:18.665+0000] {dag.py:3508} INFO - Setting next_dagrun for dataset_produces_1 to 2024-09-18T00:00:00+00:00, run_after=2024-09-19T00:00:00+00:00
[2024-09-19T14:49:18.666+0000] {logging_mixin.py:150} INFO - [2024-09-19T14:49:18.666+0000] {dag.py:3508} INFO - Setting next_dagrun for dataset_produces_2 to None, run_after=None
[2024-09-19T14:49:18.692+0000] {processor.py:179} INFO - Processing /home/airflow/.local/lib/python3.7/site-packages/airflow/example_dags/example_datasets.py took 0.073 seconds
[2024-09-19T14:49:49.460+0000] {processor.py:157} INFO - Started process (PID=170) to work on /home/airflow/.local/lib/python3.7/site-packages/airflow/example_dags/example_datasets.py
[2024-09-19T14:49:49.464+0000] {processor.py:826} INFO - Processing file /home/airflow/.local/lib/python3.7/site-packages/airflow/example_dags/example_datasets.py for tasks to queue
[2024-09-19T14:49:49.464+0000] {logging_mixin.py:150} INFO - [2024-09-19T14:49:49.464+0000] {dagbag.py:541} INFO - Filling up the DagBag from /home/airflow/.local/lib/python3.7/site-packages/airflow/example_dags/example_datasets.py
[2024-09-19T14:49:49.470+0000] {processor.py:836} INFO - DAG(s) dict_keys(['dataset_consumes_1_and_2', 'dataset_consumes_1_never_scheduled', 'dataset_consumes_unknown_never_scheduled', 'dataset_produces_1', 'dataset_produces_2', 'dataset_consumes_1']) retrieved from /home/airflow/.local/lib/python3.7/site-packages/airflow/example_dags/example_datasets.py
[2024-09-19T14:49:49.488+0000] {logging_mixin.py:150} INFO - [2024-09-19T14:49:49.488+0000] {dag.py:2742} INFO - Sync 6 DAGs
[2024-09-19T14:49:49.503+0000] {logging_mixin.py:150} INFO - [2024-09-19T14:49:49.503+0000] {dag.py:3508} INFO - Setting next_dagrun for dataset_consumes_1 to None, run_after=None
[2024-09-19T14:49:49.507+0000] {logging_mixin.py:150} INFO - [2024-09-19T14:49:49.507+0000] {dag.py:3508} INFO - Setting next_dagrun for dataset_consumes_1_and_2 to None, run_after=None
[2024-09-19T14:49:49.511+0000] {logging_mixin.py:150} INFO - [2024-09-19T14:49:49.511+0000] {dag.py:3508} INFO - Setting next_dagrun for dataset_consumes_1_never_scheduled to None, run_after=None
[2024-09-19T14:49:49.512+0000] {logging_mixin.py:150} INFO - [2024-09-19T14:49:49.512+0000] {dag.py:3508} INFO - Setting next_dagrun for dataset_consumes_unknown_never_scheduled to None, run_after=None
[2024-09-19T14:49:49.513+0000] {logging_mixin.py:150} INFO - [2024-09-19T14:49:49.513+0000] {dag.py:3508} INFO - Setting next_dagrun for dataset_produces_1 to 2024-09-18T00:00:00+00:00, run_after=2024-09-19T00:00:00+00:00
[2024-09-19T14:49:49.514+0000] {logging_mixin.py:150} INFO - [2024-09-19T14:49:49.514+0000] {dag.py:3508} INFO - Setting next_dagrun for dataset_produces_2 to None, run_after=None
[2024-09-19T14:49:49.536+0000] {processor.py:179} INFO - Processing /home/airflow/.local/lib/python3.7/site-packages/airflow/example_dags/example_datasets.py took 0.077 seconds
[2024-09-19T14:50:20.253+0000] {processor.py:157} INFO - Started process (PID=231) to work on /home/airflow/.local/lib/python3.7/site-packages/airflow/example_dags/example_datasets.py
[2024-09-19T14:50:20.256+0000] {processor.py:826} INFO - Processing file /home/airflow/.local/lib/python3.7/site-packages/airflow/example_dags/example_datasets.py for tasks to queue
[2024-09-19T14:50:20.256+0000] {logging_mixin.py:150} INFO - [2024-09-19T14:50:20.256+0000] {dagbag.py:541} INFO - Filling up the DagBag from /home/airflow/.local/lib/python3.7/site-packages/airflow/example_dags/example_datasets.py
[2024-09-19T14:50:20.261+0000] {processor.py:836} INFO - DAG(s) dict_keys(['dataset_produces_2', 'dataset_consumes_1_and_2', 'dataset_consumes_unknown_never_scheduled', 'dataset_produces_1', 'dataset_consumes_1_never_scheduled', 'dataset_consumes_1']) retrieved from /home/airflow/.local/lib/python3.7/site-packages/airflow/example_dags/example_datasets.py
[2024-09-19T14:50:20.279+0000] {logging_mixin.py:150} INFO - [2024-09-19T14:50:20.279+0000] {dag.py:2742} INFO - Sync 6 DAGs
[2024-09-19T14:50:20.295+0000] {logging_mixin.py:150} INFO - [2024-09-19T14:50:20.295+0000] {dag.py:3508} INFO - Setting next_dagrun for dataset_consumes_1 to None, run_after=None
[2024-09-19T14:50:20.298+0000] {logging_mixin.py:150} INFO - [2024-09-19T14:50:20.298+0000] {dag.py:3508} INFO - Setting next_dagrun for dataset_consumes_1_and_2 to None, run_after=None
[2024-09-19T14:50:20.298+0000] {logging_mixin.py:150} INFO - [2024-09-19T14:50:20.298+0000] {dag.py:3508} INFO - Setting next_dagrun for dataset_consumes_1_never_scheduled to None, run_after=None
[2024-09-19T14:50:20.301+0000] {logging_mixin.py:150} INFO - [2024-09-19T14:50:20.301+0000] {dag.py:3508} INFO - Setting next_dagrun for dataset_consumes_unknown_never_scheduled to None, run_after=None
[2024-09-19T14:50:20.304+0000] {logging_mixin.py:150} INFO - [2024-09-19T14:50:20.304+0000] {dag.py:3508} INFO - Setting next_dagrun for dataset_produces_1 to 2024-09-18T00:00:00+00:00, run_after=2024-09-19T00:00:00+00:00
[2024-09-19T14:50:20.304+0000] {logging_mixin.py:150} INFO - [2024-09-19T14:50:20.304+0000] {dag.py:3508} INFO - Setting next_dagrun for dataset_produces_2 to None, run_after=None
[2024-09-19T14:50:20.322+0000] {processor.py:179} INFO - Processing /home/airflow/.local/lib/python3.7/site-packages/airflow/example_dags/example_datasets.py took 0.071 seconds
[2024-09-19T14:50:51.166+0000] {processor.py:157} INFO - Started process (PID=292) to work on /home/airflow/.local/lib/python3.7/site-packages/airflow/example_dags/example_datasets.py
[2024-09-19T14:50:51.167+0000] {processor.py:826} INFO - Processing file /home/airflow/.local/lib/python3.7/site-packages/airflow/example_dags/example_datasets.py for tasks to queue
[2024-09-19T14:50:51.169+0000] {logging_mixin.py:150} INFO - [2024-09-19T14:50:51.169+0000] {dagbag.py:541} INFO - Filling up the DagBag from /home/airflow/.local/lib/python3.7/site-packages/airflow/example_dags/example_datasets.py
[2024-09-19T14:50:51.175+0000] {processor.py:836} INFO - DAG(s) dict_keys(['dataset_consumes_1_never_scheduled', 'dataset_consumes_unknown_never_scheduled', 'dataset_produces_2', 'dataset_consumes_1', 'dataset_produces_1', 'dataset_consumes_1_and_2']) retrieved from /home/airflow/.local/lib/python3.7/site-packages/airflow/example_dags/example_datasets.py
[2024-09-19T14:50:51.207+0000] {logging_mixin.py:150} INFO - [2024-09-19T14:50:51.207+0000] {dag.py:2742} INFO - Sync 6 DAGs
[2024-09-19T14:50:51.224+0000] {logging_mixin.py:150} INFO - [2024-09-19T14:50:51.224+0000] {dag.py:3508} INFO - Setting next_dagrun for dataset_consumes_1 to None, run_after=None
[2024-09-19T14:50:51.226+0000] {logging_mixin.py:150} INFO - [2024-09-19T14:50:51.226+0000] {dag.py:3508} INFO - Setting next_dagrun for dataset_consumes_1_and_2 to None, run_after=None
[2024-09-19T14:50:51.227+0000] {logging_mixin.py:150} INFO - [2024-09-19T14:50:51.227+0000] {dag.py:3508} INFO - Setting next_dagrun for dataset_consumes_1_never_scheduled to None, run_after=None
[2024-09-19T14:50:51.227+0000] {logging_mixin.py:150} INFO - [2024-09-19T14:50:51.227+0000] {dag.py:3508} INFO - Setting next_dagrun for dataset_consumes_unknown_never_scheduled to None, run_after=None
[2024-09-19T14:50:51.229+0000] {logging_mixin.py:150} INFO - [2024-09-19T14:50:51.228+0000] {dag.py:3508} INFO - Setting next_dagrun for dataset_produces_1 to 2024-09-18T00:00:00+00:00, run_after=2024-09-19T00:00:00+00:00
[2024-09-19T14:50:51.229+0000] {logging_mixin.py:150} INFO - [2024-09-19T14:50:51.229+0000] {dag.py:3508} INFO - Setting next_dagrun for dataset_produces_2 to None, run_after=None
[2024-09-19T14:50:51.246+0000] {processor.py:179} INFO - Processing /home/airflow/.local/lib/python3.7/site-packages/airflow/example_dags/example_datasets.py took 0.082 seconds
[2024-09-19T14:51:21.398+0000] {processor.py:157} INFO - Started process (PID=353) to work on /home/airflow/.local/lib/python3.7/site-packages/airflow/example_dags/example_datasets.py
[2024-09-19T14:51:21.401+0000] {processor.py:826} INFO - Processing file /home/airflow/.local/lib/python3.7/site-packages/airflow/example_dags/example_datasets.py for tasks to queue
[2024-09-19T14:51:21.401+0000] {logging_mixin.py:150} INFO - [2024-09-19T14:51:21.401+0000] {dagbag.py:541} INFO - Filling up the DagBag from /home/airflow/.local/lib/python3.7/site-packages/airflow/example_dags/example_datasets.py
[2024-09-19T14:51:21.406+0000] {processor.py:836} INFO - DAG(s) dict_keys(['dataset_produces_1', 'dataset_produces_2', 'dataset_consumes_1_and_2', 'dataset_consumes_1_never_scheduled', 'dataset_consumes_unknown_never_scheduled', 'dataset_consumes_1']) retrieved from /home/airflow/.local/lib/python3.7/site-packages/airflow/example_dags/example_datasets.py
[2024-09-19T14:51:21.423+0000] {logging_mixin.py:150} INFO - [2024-09-19T14:51:21.423+0000] {dag.py:2742} INFO - Sync 6 DAGs
[2024-09-19T14:51:21.437+0000] {logging_mixin.py:150} INFO - [2024-09-19T14:51:21.437+0000] {dag.py:3508} INFO - Setting next_dagrun for dataset_consumes_1 to None, run_after=None
[2024-09-19T14:51:21.439+0000] {logging_mixin.py:150} INFO - [2024-09-19T14:51:21.439+0000] {dag.py:3508} INFO - Setting next_dagrun for dataset_consumes_1_and_2 to None, run_after=None
[2024-09-19T14:51:21.440+0000] {logging_mixin.py:150} INFO - [2024-09-19T14:51:21.440+0000] {dag.py:3508} INFO - Setting next_dagrun for dataset_consumes_1_never_scheduled to None, run_after=None
[2024-09-19T14:51:21.441+0000] {logging_mixin.py:150} INFO - [2024-09-19T14:51:21.441+0000] {dag.py:3508} INFO - Setting next_dagrun for dataset_consumes_unknown_never_scheduled to None, run_after=None
[2024-09-19T14:51:21.443+0000] {logging_mixin.py:150} INFO - [2024-09-19T14:51:21.443+0000] {dag.py:3508} INFO - Setting next_dagrun for dataset_produces_1 to 2024-09-18T00:00:00+00:00, run_after=2024-09-19T00:00:00+00:00
[2024-09-19T14:51:21.443+0000] {logging_mixin.py:150} INFO - [2024-09-19T14:51:21.443+0000] {dag.py:3508} INFO - Setting next_dagrun for dataset_produces_2 to None, run_after=None
[2024-09-19T14:51:21.467+0000] {processor.py:179} INFO - Processing /home/airflow/.local/lib/python3.7/site-packages/airflow/example_dags/example_datasets.py took 0.071 seconds
[2024-09-19T14:51:51.598+0000] {processor.py:157} INFO - Started process (PID=414) to work on /home/airflow/.local/lib/python3.7/site-packages/airflow/example_dags/example_datasets.py
[2024-09-19T14:51:51.599+0000] {processor.py:826} INFO - Processing file /home/airflow/.local/lib/python3.7/site-packages/airflow/example_dags/example_datasets.py for tasks to queue
[2024-09-19T14:51:51.599+0000] {logging_mixin.py:150} INFO - [2024-09-19T14:51:51.599+0000] {dagbag.py:541} INFO - Filling up the DagBag from /home/airflow/.local/lib/python3.7/site-packages/airflow/example_dags/example_datasets.py
[2024-09-19T14:51:51.604+0000] {processor.py:836} INFO - DAG(s) dict_keys(['dataset_consumes_unknown_never_scheduled', 'dataset_consumes_1', 'dataset_consumes_1_never_scheduled', 'dataset_produces_2', 'dataset_consumes_1_and_2', 'dataset_produces_1']) retrieved from /home/airflow/.local/lib/python3.7/site-packages/airflow/example_dags/example_datasets.py
[2024-09-19T14:51:51.624+0000] {logging_mixin.py:150} INFO - [2024-09-19T14:51:51.624+0000] {dag.py:2742} INFO - Sync 6 DAGs
[2024-09-19T14:51:51.640+0000] {logging_mixin.py:150} INFO - [2024-09-19T14:51:51.640+0000] {dag.py:3508} INFO - Setting next_dagrun for dataset_consumes_1 to None, run_after=None
[2024-09-19T14:51:51.642+0000] {logging_mixin.py:150} INFO - [2024-09-19T14:51:51.642+0000] {dag.py:3508} INFO - Setting next_dagrun for dataset_consumes_1_and_2 to None, run_after=None
[2024-09-19T14:51:51.644+0000] {logging_mixin.py:150} INFO - [2024-09-19T14:51:51.644+0000] {dag.py:3508} INFO - Setting next_dagrun for dataset_consumes_1_never_scheduled to None, run_after=None
[2024-09-19T14:51:51.645+0000] {logging_mixin.py:150} INFO - [2024-09-19T14:51:51.645+0000] {dag.py:3508} INFO - Setting next_dagrun for dataset_consumes_unknown_never_scheduled to None, run_after=None
[2024-09-19T14:51:51.647+0000] {logging_mixin.py:150} INFO - [2024-09-19T14:51:51.647+0000] {dag.py:3508} INFO - Setting next_dagrun for dataset_produces_1 to 2024-09-18T00:00:00+00:00, run_after=2024-09-19T00:00:00+00:00
[2024-09-19T14:51:51.648+0000] {logging_mixin.py:150} INFO - [2024-09-19T14:51:51.648+0000] {dag.py:3508} INFO - Setting next_dagrun for dataset_produces_2 to None, run_after=None
[2024-09-19T14:51:51.669+0000] {processor.py:179} INFO - Processing /home/airflow/.local/lib/python3.7/site-packages/airflow/example_dags/example_datasets.py took 0.073 seconds
[2024-09-19T14:52:22.445+0000] {processor.py:157} INFO - Started process (PID=475) to work on /home/airflow/.local/lib/python3.7/site-packages/airflow/example_dags/example_datasets.py
[2024-09-19T14:52:22.446+0000] {processor.py:826} INFO - Processing file /home/airflow/.local/lib/python3.7/site-packages/airflow/example_dags/example_datasets.py for tasks to queue
[2024-09-19T14:52:22.446+0000] {logging_mixin.py:150} INFO - [2024-09-19T14:52:22.446+0000] {dagbag.py:541} INFO - Filling up the DagBag from /home/airflow/.local/lib/python3.7/site-packages/airflow/example_dags/example_datasets.py
[2024-09-19T14:52:22.451+0000] {processor.py:836} INFO - DAG(s) dict_keys(['dataset_consumes_unknown_never_scheduled', 'dataset_consumes_1_and_2', 'dataset_produces_1', 'dataset_consumes_1', 'dataset_consumes_1_never_scheduled', 'dataset_produces_2']) retrieved from /home/airflow/.local/lib/python3.7/site-packages/airflow/example_dags/example_datasets.py
[2024-09-19T14:52:22.468+0000] {logging_mixin.py:150} INFO - [2024-09-19T14:52:22.468+0000] {dag.py:2742} INFO - Sync 6 DAGs
[2024-09-19T14:52:22.482+0000] {logging_mixin.py:150} INFO - [2024-09-19T14:52:22.482+0000] {dag.py:3508} INFO - Setting next_dagrun for dataset_consumes_1 to None, run_after=None
[2024-09-19T14:52:22.484+0000] {logging_mixin.py:150} INFO - [2024-09-19T14:52:22.484+0000] {dag.py:3508} INFO - Setting next_dagrun for dataset_consumes_1_and_2 to None, run_after=None
[2024-09-19T14:52:22.485+0000] {logging_mixin.py:150} INFO - [2024-09-19T14:52:22.485+0000] {dag.py:3508} INFO - Setting next_dagrun for dataset_consumes_1_never_scheduled to None, run_after=None
[2024-09-19T14:52:22.487+0000] {logging_mixin.py:150} INFO - [2024-09-19T14:52:22.487+0000] {dag.py:3508} INFO - Setting next_dagrun for dataset_consumes_unknown_never_scheduled to None, run_after=None
[2024-09-19T14:52:22.489+0000] {logging_mixin.py:150} INFO - [2024-09-19T14:52:22.489+0000] {dag.py:3508} INFO - Setting next_dagrun for dataset_produces_1 to 2024-09-18T00:00:00+00:00, run_after=2024-09-19T00:00:00+00:00
[2024-09-19T14:52:22.490+0000] {logging_mixin.py:150} INFO - [2024-09-19T14:52:22.490+0000] {dag.py:3508} INFO - Setting next_dagrun for dataset_produces_2 to None, run_after=None
[2024-09-19T14:52:22.510+0000] {processor.py:179} INFO - Processing /home/airflow/.local/lib/python3.7/site-packages/airflow/example_dags/example_datasets.py took 0.067 seconds
[2024-09-19T14:52:53.267+0000] {processor.py:157} INFO - Started process (PID=536) to work on /home/airflow/.local/lib/python3.7/site-packages/airflow/example_dags/example_datasets.py
[2024-09-19T14:52:53.272+0000] {processor.py:826} INFO - Processing file /home/airflow/.local/lib/python3.7/site-packages/airflow/example_dags/example_datasets.py for tasks to queue
[2024-09-19T14:52:53.273+0000] {logging_mixin.py:150} INFO - [2024-09-19T14:52:53.272+0000] {dagbag.py:541} INFO - Filling up the DagBag from /home/airflow/.local/lib/python3.7/site-packages/airflow/example_dags/example_datasets.py
[2024-09-19T14:52:53.277+0000] {processor.py:836} INFO - DAG(s) dict_keys(['dataset_consumes_1', 'dataset_produces_1', 'dataset_consumes_1_never_scheduled', 'dataset_produces_2', 'dataset_consumes_1_and_2', 'dataset_consumes_unknown_never_scheduled']) retrieved from /home/airflow/.local/lib/python3.7/site-packages/airflow/example_dags/example_datasets.py
[2024-09-19T14:52:53.300+0000] {logging_mixin.py:150} INFO - [2024-09-19T14:52:53.300+0000] {dag.py:2742} INFO - Sync 6 DAGs
[2024-09-19T14:52:53.316+0000] {logging_mixin.py:150} INFO - [2024-09-19T14:52:53.316+0000] {dag.py:3508} INFO - Setting next_dagrun for dataset_consumes_1 to None, run_after=None
[2024-09-19T14:52:53.320+0000] {logging_mixin.py:150} INFO - [2024-09-19T14:52:53.320+0000] {dag.py:3508} INFO - Setting next_dagrun for dataset_consumes_1_and_2 to None, run_after=None
[2024-09-19T14:52:53.321+0000] {logging_mixin.py:150} INFO - [2024-09-19T14:52:53.321+0000] {dag.py:3508} INFO - Setting next_dagrun for dataset_consumes_1_never_scheduled to None, run_after=None
[2024-09-19T14:52:53.323+0000] {logging_mixin.py:150} INFO - [2024-09-19T14:52:53.323+0000] {dag.py:3508} INFO - Setting next_dagrun for dataset_consumes_unknown_never_scheduled to None, run_after=None
[2024-09-19T14:52:53.325+0000] {logging_mixin.py:150} INFO - [2024-09-19T14:52:53.325+0000] {dag.py:3508} INFO - Setting next_dagrun for dataset_produces_1 to 2024-09-18T00:00:00+00:00, run_after=2024-09-19T00:00:00+00:00
[2024-09-19T14:52:53.326+0000] {logging_mixin.py:150} INFO - [2024-09-19T14:52:53.326+0000] {dag.py:3508} INFO - Setting next_dagrun for dataset_produces_2 to None, run_after=None
[2024-09-19T14:52:53.346+0000] {processor.py:179} INFO - Processing /home/airflow/.local/lib/python3.7/site-packages/airflow/example_dags/example_datasets.py took 0.080 seconds
[2024-09-19T14:53:24.214+0000] {processor.py:157} INFO - Started process (PID=597) to work on /home/airflow/.local/lib/python3.7/site-packages/airflow/example_dags/example_datasets.py
[2024-09-19T14:53:24.216+0000] {processor.py:826} INFO - Processing file /home/airflow/.local/lib/python3.7/site-packages/airflow/example_dags/example_datasets.py for tasks to queue
[2024-09-19T14:53:24.217+0000] {logging_mixin.py:150} INFO - [2024-09-19T14:53:24.217+0000] {dagbag.py:541} INFO - Filling up the DagBag from /home/airflow/.local/lib/python3.7/site-packages/airflow/example_dags/example_datasets.py
[2024-09-19T14:53:24.222+0000] {processor.py:836} INFO - DAG(s) dict_keys(['dataset_consumes_1', 'dataset_consumes_unknown_never_scheduled', 'dataset_consumes_1_never_scheduled', 'dataset_consumes_1_and_2', 'dataset_produces_2', 'dataset_produces_1']) retrieved from /home/airflow/.local/lib/python3.7/site-packages/airflow/example_dags/example_datasets.py
[2024-09-19T14:53:24.240+0000] {logging_mixin.py:150} INFO - [2024-09-19T14:53:24.240+0000] {dag.py:2742} INFO - Sync 6 DAGs
[2024-09-19T14:53:24.255+0000] {logging_mixin.py:150} INFO - [2024-09-19T14:53:24.255+0000] {dag.py:3508} INFO - Setting next_dagrun for dataset_consumes_1 to None, run_after=None
[2024-09-19T14:53:24.257+0000] {logging_mixin.py:150} INFO - [2024-09-19T14:53:24.257+0000] {dag.py:3508} INFO - Setting next_dagrun for dataset_consumes_1_and_2 to None, run_after=None
[2024-09-19T14:53:24.258+0000] {logging_mixin.py:150} INFO - [2024-09-19T14:53:24.258+0000] {dag.py:3508} INFO - Setting next_dagrun for dataset_consumes_1_never_scheduled to None, run_after=None
[2024-09-19T14:53:24.258+0000] {logging_mixin.py:150} INFO - [2024-09-19T14:53:24.258+0000] {dag.py:3508} INFO - Setting next_dagrun for dataset_consumes_unknown_never_scheduled to None, run_after=None
[2024-09-19T14:53:24.259+0000] {logging_mixin.py:150} INFO - [2024-09-19T14:53:24.259+0000] {dag.py:3508} INFO - Setting next_dagrun for dataset_produces_1 to 2024-09-18T00:00:00+00:00, run_after=2024-09-19T00:00:00+00:00
[2024-09-19T14:53:24.260+0000] {logging_mixin.py:150} INFO - [2024-09-19T14:53:24.260+0000] {dag.py:3508} INFO - Setting next_dagrun for dataset_produces_2 to None, run_after=None
[2024-09-19T14:53:24.276+0000] {processor.py:179} INFO - Processing /home/airflow/.local/lib/python3.7/site-packages/airflow/example_dags/example_datasets.py took 0.064 seconds
[2024-09-19T14:53:54.941+0000] {processor.py:157} INFO - Started process (PID=658) to work on /home/airflow/.local/lib/python3.7/site-packages/airflow/example_dags/example_datasets.py
[2024-09-19T14:53:54.941+0000] {processor.py:826} INFO - Processing file /home/airflow/.local/lib/python3.7/site-packages/airflow/example_dags/example_datasets.py for tasks to queue
[2024-09-19T14:53:54.942+0000] {logging_mixin.py:150} INFO - [2024-09-19T14:53:54.942+0000] {dagbag.py:541} INFO - Filling up the DagBag from /home/airflow/.local/lib/python3.7/site-packages/airflow/example_dags/example_datasets.py
[2024-09-19T14:53:54.947+0000] {processor.py:836} INFO - DAG(s) dict_keys(['dataset_produces_1', 'dataset_consumes_1', 'dataset_consumes_1_and_2', 'dataset_consumes_1_never_scheduled', 'dataset_consumes_unknown_never_scheduled', 'dataset_produces_2']) retrieved from /home/airflow/.local/lib/python3.7/site-packages/airflow/example_dags/example_datasets.py
[2024-09-19T14:53:54.965+0000] {logging_mixin.py:150} INFO - [2024-09-19T14:53:54.965+0000] {dag.py:2742} INFO - Sync 6 DAGs
[2024-09-19T14:53:54.982+0000] {logging_mixin.py:150} INFO - [2024-09-19T14:53:54.982+0000] {dag.py:3508} INFO - Setting next_dagrun for dataset_consumes_1 to None, run_after=None
[2024-09-19T14:53:54.984+0000] {logging_mixin.py:150} INFO - [2024-09-19T14:53:54.984+0000] {dag.py:3508} INFO - Setting next_dagrun for dataset_consumes_1_and_2 to None, run_after=None
[2024-09-19T14:53:54.986+0000] {logging_mixin.py:150} INFO - [2024-09-19T14:53:54.986+0000] {dag.py:3508} INFO - Setting next_dagrun for dataset_consumes_1_never_scheduled to None, run_after=None
[2024-09-19T14:53:54.988+0000] {logging_mixin.py:150} INFO - [2024-09-19T14:53:54.988+0000] {dag.py:3508} INFO - Setting next_dagrun for dataset_consumes_unknown_never_scheduled to None, run_after=None
[2024-09-19T14:53:54.990+0000] {logging_mixin.py:150} INFO - [2024-09-19T14:53:54.990+0000] {dag.py:3508} INFO - Setting next_dagrun for dataset_produces_1 to 2024-09-18T00:00:00+00:00, run_after=2024-09-19T00:00:00+00:00
[2024-09-19T14:53:54.991+0000] {logging_mixin.py:150} INFO - [2024-09-19T14:53:54.991+0000] {dag.py:3508} INFO - Setting next_dagrun for dataset_produces_2 to None, run_after=None
[2024-09-19T14:53:55.009+0000] {processor.py:179} INFO - Processing /home/airflow/.local/lib/python3.7/site-packages/airflow/example_dags/example_datasets.py took 0.070 seconds
[2024-09-19T14:54:25.723+0000] {processor.py:157} INFO - Started process (PID=719) to work on /home/airflow/.local/lib/python3.7/site-packages/airflow/example_dags/example_datasets.py
[2024-09-19T14:54:25.724+0000] {processor.py:826} INFO - Processing file /home/airflow/.local/lib/python3.7/site-packages/airflow/example_dags/example_datasets.py for tasks to queue
[2024-09-19T14:54:25.724+0000] {logging_mixin.py:150} INFO - [2024-09-19T14:54:25.724+0000] {dagbag.py:541} INFO - Filling up the DagBag from /home/airflow/.local/lib/python3.7/site-packages/airflow/example_dags/example_datasets.py
[2024-09-19T14:54:25.728+0000] {processor.py:836} INFO - DAG(s) dict_keys(['dataset_consumes_1_never_scheduled', 'dataset_consumes_1_and_2', 'dataset_consumes_unknown_never_scheduled', 'dataset_consumes_1', 'dataset_produces_2', 'dataset_produces_1']) retrieved from /home/airflow/.local/lib/python3.7/site-packages/airflow/example_dags/example_datasets.py
[2024-09-19T14:54:25.746+0000] {logging_mixin.py:150} INFO - [2024-09-19T14:54:25.746+0000] {dag.py:2742} INFO - Sync 6 DAGs
[2024-09-19T14:54:25.758+0000] {logging_mixin.py:150} INFO - [2024-09-19T14:54:25.758+0000] {dag.py:3508} INFO - Setting next_dagrun for dataset_consumes_1 to None, run_after=None
[2024-09-19T14:54:25.760+0000] {logging_mixin.py:150} INFO - [2024-09-19T14:54:25.760+0000] {dag.py:3508} INFO - Setting next_dagrun for dataset_consumes_1_and_2 to None, run_after=None
[2024-09-19T14:54:25.761+0000] {logging_mixin.py:150} INFO - [2024-09-19T14:54:25.761+0000] {dag.py:3508} INFO - Setting next_dagrun for dataset_consumes_1_never_scheduled to None, run_after=None
[2024-09-19T14:54:25.762+0000] {logging_mixin.py:150} INFO - [2024-09-19T14:54:25.762+0000] {dag.py:3508} INFO - Setting next_dagrun for dataset_consumes_unknown_never_scheduled to None, run_after=None
[2024-09-19T14:54:25.764+0000] {logging_mixin.py:150} INFO - [2024-09-19T14:54:25.763+0000] {dag.py:3508} INFO - Setting next_dagrun for dataset_produces_1 to 2024-09-18T00:00:00+00:00, run_after=2024-09-19T00:00:00+00:00
[2024-09-19T14:54:25.764+0000] {logging_mixin.py:150} INFO - [2024-09-19T14:54:25.764+0000] {dag.py:3508} INFO - Setting next_dagrun for dataset_produces_2 to None, run_after=None
[2024-09-19T14:54:25.778+0000] {processor.py:179} INFO - Processing /home/airflow/.local/lib/python3.7/site-packages/airflow/example_dags/example_datasets.py took 0.056 seconds
[2024-09-19T14:54:56.427+0000] {processor.py:157} INFO - Started process (PID=780) to work on /home/airflow/.local/lib/python3.7/site-packages/airflow/example_dags/example_datasets.py
[2024-09-19T14:54:56.428+0000] {processor.py:826} INFO - Processing file /home/airflow/.local/lib/python3.7/site-packages/airflow/example_dags/example_datasets.py for tasks to queue
[2024-09-19T14:54:56.428+0000] {logging_mixin.py:150} INFO - [2024-09-19T14:54:56.428+0000] {dagbag.py:541} INFO - Filling up the DagBag from /home/airflow/.local/lib/python3.7/site-packages/airflow/example_dags/example_datasets.py
[2024-09-19T14:54:56.435+0000] {processor.py:836} INFO - DAG(s) dict_keys(['dataset_consumes_unknown_never_scheduled', 'dataset_consumes_1', 'dataset_produces_2', 'dataset_consumes_1_and_2', 'dataset_consumes_1_never_scheduled', 'dataset_produces_1']) retrieved from /home/airflow/.local/lib/python3.7/site-packages/airflow/example_dags/example_datasets.py
[2024-09-19T14:54:56.453+0000] {logging_mixin.py:150} INFO - [2024-09-19T14:54:56.453+0000] {dag.py:2742} INFO - Sync 6 DAGs
[2024-09-19T14:54:56.465+0000] {logging_mixin.py:150} INFO - [2024-09-19T14:54:56.465+0000] {dag.py:3508} INFO - Setting next_dagrun for dataset_consumes_1 to None, run_after=None
[2024-09-19T14:54:56.468+0000] {logging_mixin.py:150} INFO - [2024-09-19T14:54:56.468+0000] {dag.py:3508} INFO - Setting next_dagrun for dataset_consumes_1_and_2 to None, run_after=None
[2024-09-19T14:54:56.468+0000] {logging_mixin.py:150} INFO - [2024-09-19T14:54:56.468+0000] {dag.py:3508} INFO - Setting next_dagrun for dataset_consumes_1_never_scheduled to None, run_after=None
[2024-09-19T14:54:56.469+0000] {logging_mixin.py:150} INFO - [2024-09-19T14:54:56.469+0000] {dag.py:3508} INFO - Setting next_dagrun for dataset_consumes_unknown_never_scheduled to None, run_after=None
[2024-09-19T14:54:56.470+0000] {logging_mixin.py:150} INFO - [2024-09-19T14:54:56.470+0000] {dag.py:3508} INFO - Setting next_dagrun for dataset_produces_1 to 2024-09-18T00:00:00+00:00, run_after=2024-09-19T00:00:00+00:00
[2024-09-19T14:54:56.471+0000] {logging_mixin.py:150} INFO - [2024-09-19T14:54:56.471+0000] {dag.py:3508} INFO - Setting next_dagrun for dataset_produces_2 to None, run_after=None
[2024-09-19T14:54:56.485+0000] {processor.py:179} INFO - Processing /home/airflow/.local/lib/python3.7/site-packages/airflow/example_dags/example_datasets.py took 0.059 seconds
