[2024-09-19T14:48:49.701+0000] {processor.py:157} INFO - Started process (PID=78) to work on /home/airflow/.local/lib/python3.7/site-packages/airflow/example_dags/example_branch_labels.py
[2024-09-19T14:48:49.701+0000] {processor.py:826} INFO - Processing file /home/airflow/.local/lib/python3.7/site-packages/airflow/example_dags/example_branch_labels.py for tasks to queue
[2024-09-19T14:48:49.702+0000] {logging_mixin.py:150} INFO - [2024-09-19T14:48:49.702+0000] {dagbag.py:541} INFO - Filling up the DagBag from /home/airflow/.local/lib/python3.7/site-packages/airflow/example_dags/example_branch_labels.py
[2024-09-19T14:48:49.709+0000] {processor.py:836} INFO - DAG(s) dict_keys(['example_branch_labels']) retrieved from /home/airflow/.local/lib/python3.7/site-packages/airflow/example_dags/example_branch_labels.py
[2024-09-19T14:48:49.723+0000] {logging_mixin.py:150} INFO - [2024-09-19T14:48:49.722+0000] {dag.py:2742} INFO - Sync 1 DAGs
[2024-09-19T14:48:49.742+0000] {logging_mixin.py:150} INFO - [2024-09-19T14:48:49.742+0000] {dag.py:3508} INFO - Setting next_dagrun for example_branch_labels to 2024-09-18T00:00:00+00:00, run_after=2024-09-19T00:00:00+00:00
[2024-09-19T14:48:49.753+0000] {processor.py:179} INFO - Processing /home/airflow/.local/lib/python3.7/site-packages/airflow/example_dags/example_branch_labels.py took 0.054 seconds
[2024-09-19T14:49:20.650+0000] {processor.py:157} INFO - Started process (PID=139) to work on /home/airflow/.local/lib/python3.7/site-packages/airflow/example_dags/example_branch_labels.py
[2024-09-19T14:49:20.652+0000] {processor.py:826} INFO - Processing file /home/airflow/.local/lib/python3.7/site-packages/airflow/example_dags/example_branch_labels.py for tasks to queue
[2024-09-19T14:49:20.652+0000] {logging_mixin.py:150} INFO - [2024-09-19T14:49:20.652+0000] {dagbag.py:541} INFO - Filling up the DagBag from /home/airflow/.local/lib/python3.7/site-packages/airflow/example_dags/example_branch_labels.py
[2024-09-19T14:49:20.658+0000] {processor.py:836} INFO - DAG(s) dict_keys(['example_branch_labels']) retrieved from /home/airflow/.local/lib/python3.7/site-packages/airflow/example_dags/example_branch_labels.py
[2024-09-19T14:49:20.674+0000] {logging_mixin.py:150} INFO - [2024-09-19T14:49:20.674+0000] {dag.py:2742} INFO - Sync 1 DAGs
[2024-09-19T14:49:20.688+0000] {logging_mixin.py:150} INFO - [2024-09-19T14:49:20.687+0000] {dag.py:3508} INFO - Setting next_dagrun for example_branch_labels to 2024-09-18T00:00:00+00:00, run_after=2024-09-19T00:00:00+00:00
[2024-09-19T14:49:20.697+0000] {processor.py:179} INFO - Processing /home/airflow/.local/lib/python3.7/site-packages/airflow/example_dags/example_branch_labels.py took 0.048 seconds
[2024-09-19T14:49:51.440+0000] {processor.py:157} INFO - Started process (PID=200) to work on /home/airflow/.local/lib/python3.7/site-packages/airflow/example_dags/example_branch_labels.py
[2024-09-19T14:49:51.440+0000] {processor.py:826} INFO - Processing file /home/airflow/.local/lib/python3.7/site-packages/airflow/example_dags/example_branch_labels.py for tasks to queue
[2024-09-19T14:49:51.441+0000] {logging_mixin.py:150} INFO - [2024-09-19T14:49:51.441+0000] {dagbag.py:541} INFO - Filling up the DagBag from /home/airflow/.local/lib/python3.7/site-packages/airflow/example_dags/example_branch_labels.py
[2024-09-19T14:49:51.446+0000] {processor.py:836} INFO - DAG(s) dict_keys(['example_branch_labels']) retrieved from /home/airflow/.local/lib/python3.7/site-packages/airflow/example_dags/example_branch_labels.py
[2024-09-19T14:49:51.461+0000] {logging_mixin.py:150} INFO - [2024-09-19T14:49:51.461+0000] {dag.py:2742} INFO - Sync 1 DAGs
[2024-09-19T14:49:51.477+0000] {logging_mixin.py:150} INFO - [2024-09-19T14:49:51.477+0000] {dag.py:3508} INFO - Setting next_dagrun for example_branch_labels to 2024-09-18T00:00:00+00:00, run_after=2024-09-19T00:00:00+00:00
[2024-09-19T14:49:51.490+0000] {processor.py:179} INFO - Processing /home/airflow/.local/lib/python3.7/site-packages/airflow/example_dags/example_branch_labels.py took 0.053 seconds
[2024-09-19T14:50:22.327+0000] {processor.py:157} INFO - Started process (PID=261) to work on /home/airflow/.local/lib/python3.7/site-packages/airflow/example_dags/example_branch_labels.py
[2024-09-19T14:50:22.328+0000] {processor.py:826} INFO - Processing file /home/airflow/.local/lib/python3.7/site-packages/airflow/example_dags/example_branch_labels.py for tasks to queue
[2024-09-19T14:50:22.328+0000] {logging_mixin.py:150} INFO - [2024-09-19T14:50:22.328+0000] {dagbag.py:541} INFO - Filling up the DagBag from /home/airflow/.local/lib/python3.7/site-packages/airflow/example_dags/example_branch_labels.py
[2024-09-19T14:50:22.333+0000] {processor.py:836} INFO - DAG(s) dict_keys(['example_branch_labels']) retrieved from /home/airflow/.local/lib/python3.7/site-packages/airflow/example_dags/example_branch_labels.py
[2024-09-19T14:50:22.346+0000] {logging_mixin.py:150} INFO - [2024-09-19T14:50:22.346+0000] {dag.py:2742} INFO - Sync 1 DAGs
[2024-09-19T14:50:22.361+0000] {logging_mixin.py:150} INFO - [2024-09-19T14:50:22.360+0000] {dag.py:3508} INFO - Setting next_dagrun for example_branch_labels to 2024-09-18T00:00:00+00:00, run_after=2024-09-19T00:00:00+00:00
[2024-09-19T14:50:22.371+0000] {processor.py:179} INFO - Processing /home/airflow/.local/lib/python3.7/site-packages/airflow/example_dags/example_branch_labels.py took 0.045 seconds
[2024-09-19T14:50:53.322+0000] {processor.py:157} INFO - Started process (PID=322) to work on /home/airflow/.local/lib/python3.7/site-packages/airflow/example_dags/example_branch_labels.py
[2024-09-19T14:50:53.325+0000] {processor.py:826} INFO - Processing file /home/airflow/.local/lib/python3.7/site-packages/airflow/example_dags/example_branch_labels.py for tasks to queue
[2024-09-19T14:50:53.327+0000] {logging_mixin.py:150} INFO - [2024-09-19T14:50:53.327+0000] {dagbag.py:541} INFO - Filling up the DagBag from /home/airflow/.local/lib/python3.7/site-packages/airflow/example_dags/example_branch_labels.py
[2024-09-19T14:50:53.331+0000] {processor.py:836} INFO - DAG(s) dict_keys(['example_branch_labels']) retrieved from /home/airflow/.local/lib/python3.7/site-packages/airflow/example_dags/example_branch_labels.py
[2024-09-19T14:50:53.349+0000] {logging_mixin.py:150} INFO - [2024-09-19T14:50:53.349+0000] {dag.py:2742} INFO - Sync 1 DAGs
[2024-09-19T14:50:53.363+0000] {logging_mixin.py:150} INFO - [2024-09-19T14:50:53.363+0000] {dag.py:3508} INFO - Setting next_dagrun for example_branch_labels to 2024-09-18T00:00:00+00:00, run_after=2024-09-19T00:00:00+00:00
[2024-09-19T14:50:53.372+0000] {processor.py:179} INFO - Processing /home/airflow/.local/lib/python3.7/site-packages/airflow/example_dags/example_branch_labels.py took 0.051 seconds
[2024-09-19T14:51:23.456+0000] {processor.py:157} INFO - Started process (PID=383) to work on /home/airflow/.local/lib/python3.7/site-packages/airflow/example_dags/example_branch_labels.py
[2024-09-19T14:51:23.458+0000] {processor.py:826} INFO - Processing file /home/airflow/.local/lib/python3.7/site-packages/airflow/example_dags/example_branch_labels.py for tasks to queue
[2024-09-19T14:51:23.458+0000] {logging_mixin.py:150} INFO - [2024-09-19T14:51:23.458+0000] {dagbag.py:541} INFO - Filling up the DagBag from /home/airflow/.local/lib/python3.7/site-packages/airflow/example_dags/example_branch_labels.py
[2024-09-19T14:51:23.462+0000] {processor.py:836} INFO - DAG(s) dict_keys(['example_branch_labels']) retrieved from /home/airflow/.local/lib/python3.7/site-packages/airflow/example_dags/example_branch_labels.py
[2024-09-19T14:51:23.477+0000] {logging_mixin.py:150} INFO - [2024-09-19T14:51:23.477+0000] {dag.py:2742} INFO - Sync 1 DAGs
[2024-09-19T14:51:23.495+0000] {logging_mixin.py:150} INFO - [2024-09-19T14:51:23.495+0000] {dag.py:3508} INFO - Setting next_dagrun for example_branch_labels to 2024-09-18T00:00:00+00:00, run_after=2024-09-19T00:00:00+00:00
[2024-09-19T14:51:23.503+0000] {processor.py:179} INFO - Processing /home/airflow/.local/lib/python3.7/site-packages/airflow/example_dags/example_branch_labels.py took 0.048 seconds
[2024-09-19T14:51:53.515+0000] {processor.py:157} INFO - Started process (PID=444) to work on /home/airflow/.local/lib/python3.7/site-packages/airflow/example_dags/example_branch_labels.py
[2024-09-19T14:51:53.516+0000] {processor.py:826} INFO - Processing file /home/airflow/.local/lib/python3.7/site-packages/airflow/example_dags/example_branch_labels.py for tasks to queue
[2024-09-19T14:51:53.516+0000] {logging_mixin.py:150} INFO - [2024-09-19T14:51:53.516+0000] {dagbag.py:541} INFO - Filling up the DagBag from /home/airflow/.local/lib/python3.7/site-packages/airflow/example_dags/example_branch_labels.py
[2024-09-19T14:51:53.521+0000] {processor.py:836} INFO - DAG(s) dict_keys(['example_branch_labels']) retrieved from /home/airflow/.local/lib/python3.7/site-packages/airflow/example_dags/example_branch_labels.py
[2024-09-19T14:51:53.540+0000] {logging_mixin.py:150} INFO - [2024-09-19T14:51:53.540+0000] {dag.py:2742} INFO - Sync 1 DAGs
[2024-09-19T14:51:53.556+0000] {logging_mixin.py:150} INFO - [2024-09-19T14:51:53.556+0000] {dag.py:3508} INFO - Setting next_dagrun for example_branch_labels to 2024-09-18T00:00:00+00:00, run_after=2024-09-19T00:00:00+00:00
[2024-09-19T14:51:53.567+0000] {processor.py:179} INFO - Processing /home/airflow/.local/lib/python3.7/site-packages/airflow/example_dags/example_branch_labels.py took 0.053 seconds
[2024-09-19T14:52:24.465+0000] {processor.py:157} INFO - Started process (PID=505) to work on /home/airflow/.local/lib/python3.7/site-packages/airflow/example_dags/example_branch_labels.py
[2024-09-19T14:52:24.465+0000] {processor.py:826} INFO - Processing file /home/airflow/.local/lib/python3.7/site-packages/airflow/example_dags/example_branch_labels.py for tasks to queue
[2024-09-19T14:52:24.466+0000] {logging_mixin.py:150} INFO - [2024-09-19T14:52:24.466+0000] {dagbag.py:541} INFO - Filling up the DagBag from /home/airflow/.local/lib/python3.7/site-packages/airflow/example_dags/example_branch_labels.py
[2024-09-19T14:52:24.470+0000] {processor.py:836} INFO - DAG(s) dict_keys(['example_branch_labels']) retrieved from /home/airflow/.local/lib/python3.7/site-packages/airflow/example_dags/example_branch_labels.py
[2024-09-19T14:52:24.482+0000] {logging_mixin.py:150} INFO - [2024-09-19T14:52:24.482+0000] {dag.py:2742} INFO - Sync 1 DAGs
[2024-09-19T14:52:24.496+0000] {logging_mixin.py:150} INFO - [2024-09-19T14:52:24.496+0000] {dag.py:3508} INFO - Setting next_dagrun for example_branch_labels to 2024-09-18T00:00:00+00:00, run_after=2024-09-19T00:00:00+00:00
[2024-09-19T14:52:24.504+0000] {processor.py:179} INFO - Processing /home/airflow/.local/lib/python3.7/site-packages/airflow/example_dags/example_branch_labels.py took 0.041 seconds
[2024-09-19T14:52:55.334+0000] {processor.py:157} INFO - Started process (PID=566) to work on /home/airflow/.local/lib/python3.7/site-packages/airflow/example_dags/example_branch_labels.py
[2024-09-19T14:52:55.334+0000] {processor.py:826} INFO - Processing file /home/airflow/.local/lib/python3.7/site-packages/airflow/example_dags/example_branch_labels.py for tasks to queue
[2024-09-19T14:52:55.336+0000] {logging_mixin.py:150} INFO - [2024-09-19T14:52:55.335+0000] {dagbag.py:541} INFO - Filling up the DagBag from /home/airflow/.local/lib/python3.7/site-packages/airflow/example_dags/example_branch_labels.py
[2024-09-19T14:52:55.340+0000] {processor.py:836} INFO - DAG(s) dict_keys(['example_branch_labels']) retrieved from /home/airflow/.local/lib/python3.7/site-packages/airflow/example_dags/example_branch_labels.py
[2024-09-19T14:52:55.353+0000] {logging_mixin.py:150} INFO - [2024-09-19T14:52:55.353+0000] {dag.py:2742} INFO - Sync 1 DAGs
[2024-09-19T14:52:55.366+0000] {logging_mixin.py:150} INFO - [2024-09-19T14:52:55.366+0000] {dag.py:3508} INFO - Setting next_dagrun for example_branch_labels to 2024-09-18T00:00:00+00:00, run_after=2024-09-19T00:00:00+00:00
[2024-09-19T14:52:55.378+0000] {processor.py:179} INFO - Processing /home/airflow/.local/lib/python3.7/site-packages/airflow/example_dags/example_branch_labels.py took 0.046 seconds
[2024-09-19T14:53:26.183+0000] {processor.py:157} INFO - Started process (PID=627) to work on /home/airflow/.local/lib/python3.7/site-packages/airflow/example_dags/example_branch_labels.py
[2024-09-19T14:53:26.184+0000] {processor.py:826} INFO - Processing file /home/airflow/.local/lib/python3.7/site-packages/airflow/example_dags/example_branch_labels.py for tasks to queue
[2024-09-19T14:53:26.184+0000] {logging_mixin.py:150} INFO - [2024-09-19T14:53:26.184+0000] {dagbag.py:541} INFO - Filling up the DagBag from /home/airflow/.local/lib/python3.7/site-packages/airflow/example_dags/example_branch_labels.py
[2024-09-19T14:53:26.188+0000] {processor.py:836} INFO - DAG(s) dict_keys(['example_branch_labels']) retrieved from /home/airflow/.local/lib/python3.7/site-packages/airflow/example_dags/example_branch_labels.py
[2024-09-19T14:53:26.200+0000] {logging_mixin.py:150} INFO - [2024-09-19T14:53:26.200+0000] {dag.py:2742} INFO - Sync 1 DAGs
[2024-09-19T14:53:26.213+0000] {logging_mixin.py:150} INFO - [2024-09-19T14:53:26.213+0000] {dag.py:3508} INFO - Setting next_dagrun for example_branch_labels to 2024-09-18T00:00:00+00:00, run_after=2024-09-19T00:00:00+00:00
[2024-09-19T14:53:26.222+0000] {processor.py:179} INFO - Processing /home/airflow/.local/lib/python3.7/site-packages/airflow/example_dags/example_branch_labels.py took 0.041 seconds
[2024-09-19T14:53:56.913+0000] {processor.py:157} INFO - Started process (PID=688) to work on /home/airflow/.local/lib/python3.7/site-packages/airflow/example_dags/example_branch_labels.py
[2024-09-19T14:53:56.914+0000] {processor.py:826} INFO - Processing file /home/airflow/.local/lib/python3.7/site-packages/airflow/example_dags/example_branch_labels.py for tasks to queue
[2024-09-19T14:53:56.915+0000] {logging_mixin.py:150} INFO - [2024-09-19T14:53:56.914+0000] {dagbag.py:541} INFO - Filling up the DagBag from /home/airflow/.local/lib/python3.7/site-packages/airflow/example_dags/example_branch_labels.py
[2024-09-19T14:53:56.919+0000] {processor.py:836} INFO - DAG(s) dict_keys(['example_branch_labels']) retrieved from /home/airflow/.local/lib/python3.7/site-packages/airflow/example_dags/example_branch_labels.py
[2024-09-19T14:53:56.933+0000] {logging_mixin.py:150} INFO - [2024-09-19T14:53:56.933+0000] {dag.py:2742} INFO - Sync 1 DAGs
[2024-09-19T14:53:56.946+0000] {logging_mixin.py:150} INFO - [2024-09-19T14:53:56.946+0000] {dag.py:3508} INFO - Setting next_dagrun for example_branch_labels to 2024-09-18T00:00:00+00:00, run_after=2024-09-19T00:00:00+00:00
[2024-09-19T14:53:56.954+0000] {processor.py:179} INFO - Processing /home/airflow/.local/lib/python3.7/site-packages/airflow/example_dags/example_branch_labels.py took 0.043 seconds
[2024-09-19T14:54:27.637+0000] {processor.py:157} INFO - Started process (PID=749) to work on /home/airflow/.local/lib/python3.7/site-packages/airflow/example_dags/example_branch_labels.py
[2024-09-19T14:54:27.637+0000] {processor.py:826} INFO - Processing file /home/airflow/.local/lib/python3.7/site-packages/airflow/example_dags/example_branch_labels.py for tasks to queue
[2024-09-19T14:54:27.637+0000] {logging_mixin.py:150} INFO - [2024-09-19T14:54:27.637+0000] {dagbag.py:541} INFO - Filling up the DagBag from /home/airflow/.local/lib/python3.7/site-packages/airflow/example_dags/example_branch_labels.py
[2024-09-19T14:54:27.641+0000] {processor.py:836} INFO - DAG(s) dict_keys(['example_branch_labels']) retrieved from /home/airflow/.local/lib/python3.7/site-packages/airflow/example_dags/example_branch_labels.py
[2024-09-19T14:54:27.653+0000] {logging_mixin.py:150} INFO - [2024-09-19T14:54:27.653+0000] {dag.py:2742} INFO - Sync 1 DAGs
[2024-09-19T14:54:27.666+0000] {logging_mixin.py:150} INFO - [2024-09-19T14:54:27.666+0000] {dag.py:3508} INFO - Setting next_dagrun for example_branch_labels to 2024-09-18T00:00:00+00:00, run_after=2024-09-19T00:00:00+00:00
[2024-09-19T14:54:27.678+0000] {processor.py:179} INFO - Processing /home/airflow/.local/lib/python3.7/site-packages/airflow/example_dags/example_branch_labels.py took 0.043 seconds
[2024-09-19T14:54:58.391+0000] {processor.py:157} INFO - Started process (PID=810) to work on /home/airflow/.local/lib/python3.7/site-packages/airflow/example_dags/example_branch_labels.py
[2024-09-19T14:54:58.391+0000] {processor.py:826} INFO - Processing file /home/airflow/.local/lib/python3.7/site-packages/airflow/example_dags/example_branch_labels.py for tasks to queue
[2024-09-19T14:54:58.392+0000] {logging_mixin.py:150} INFO - [2024-09-19T14:54:58.391+0000] {dagbag.py:541} INFO - Filling up the DagBag from /home/airflow/.local/lib/python3.7/site-packages/airflow/example_dags/example_branch_labels.py
[2024-09-19T14:54:58.395+0000] {processor.py:836} INFO - DAG(s) dict_keys(['example_branch_labels']) retrieved from /home/airflow/.local/lib/python3.7/site-packages/airflow/example_dags/example_branch_labels.py
[2024-09-19T14:54:58.407+0000] {logging_mixin.py:150} INFO - [2024-09-19T14:54:58.407+0000] {dag.py:2742} INFO - Sync 1 DAGs
[2024-09-19T14:54:58.419+0000] {logging_mixin.py:150} INFO - [2024-09-19T14:54:58.419+0000] {dag.py:3508} INFO - Setting next_dagrun for example_branch_labels to 2024-09-18T00:00:00+00:00, run_after=2024-09-19T00:00:00+00:00
[2024-09-19T14:54:58.429+0000] {processor.py:179} INFO - Processing /home/airflow/.local/lib/python3.7/site-packages/airflow/example_dags/example_branch_labels.py took 0.040 seconds
