[2024-09-19T14:48:48.025+0000] {processor.py:157} INFO - Started process (PID=43) to work on /home/airflow/.local/lib/python3.7/site-packages/airflow/example_dags/example_dag_decorator.py
[2024-09-19T14:48:48.026+0000] {processor.py:826} INFO - Processing file /home/airflow/.local/lib/python3.7/site-packages/airflow/example_dags/example_dag_decorator.py for tasks to queue
[2024-09-19T14:48:48.027+0000] {logging_mixin.py:150} INFO - [2024-09-19T14:48:48.027+0000] {dagbag.py:541} INFO - Filling up the DagBag from /home/airflow/.local/lib/python3.7/site-packages/airflow/example_dags/example_dag_decorator.py
[2024-09-19T14:48:48.040+0000] {processor.py:836} INFO - DAG(s) dict_keys(['example_dag_decorator']) retrieved from /home/airflow/.local/lib/python3.7/site-packages/airflow/example_dags/example_dag_decorator.py
[2024-09-19T14:48:48.053+0000] {logging_mixin.py:150} INFO - [2024-09-19T14:48:48.052+0000] {dag.py:2742} INFO - Sync 1 DAGs
[2024-09-19T14:48:48.068+0000] {logging_mixin.py:150} INFO - [2024-09-19T14:48:48.068+0000] {dag.py:3508} INFO - Setting next_dagrun for example_dag_decorator to None, run_after=None
[2024-09-19T14:48:48.097+0000] {processor.py:179} INFO - Processing /home/airflow/.local/lib/python3.7/site-packages/airflow/example_dags/example_dag_decorator.py took 0.074 seconds
[2024-09-19T14:49:18.454+0000] {processor.py:157} INFO - Started process (PID=104) to work on /home/airflow/.local/lib/python3.7/site-packages/airflow/example_dags/example_dag_decorator.py
[2024-09-19T14:49:18.455+0000] {processor.py:826} INFO - Processing file /home/airflow/.local/lib/python3.7/site-packages/airflow/example_dags/example_dag_decorator.py for tasks to queue
[2024-09-19T14:49:18.455+0000] {logging_mixin.py:150} INFO - [2024-09-19T14:49:18.455+0000] {dagbag.py:541} INFO - Filling up the DagBag from /home/airflow/.local/lib/python3.7/site-packages/airflow/example_dags/example_dag_decorator.py
[2024-09-19T14:49:18.463+0000] {processor.py:836} INFO - DAG(s) dict_keys(['example_dag_decorator']) retrieved from /home/airflow/.local/lib/python3.7/site-packages/airflow/example_dags/example_dag_decorator.py
[2024-09-19T14:49:18.586+0000] {logging_mixin.py:150} INFO - [2024-09-19T14:49:18.586+0000] {dag.py:2742} INFO - Sync 1 DAGs
[2024-09-19T14:49:18.599+0000] {logging_mixin.py:150} INFO - [2024-09-19T14:49:18.599+0000] {dag.py:3508} INFO - Setting next_dagrun for example_dag_decorator to None, run_after=None
[2024-09-19T14:49:18.609+0000] {processor.py:179} INFO - Processing /home/airflow/.local/lib/python3.7/site-packages/airflow/example_dags/example_dag_decorator.py took 0.157 seconds
[2024-09-19T14:49:49.295+0000] {processor.py:157} INFO - Started process (PID=165) to work on /home/airflow/.local/lib/python3.7/site-packages/airflow/example_dags/example_dag_decorator.py
[2024-09-19T14:49:49.296+0000] {processor.py:826} INFO - Processing file /home/airflow/.local/lib/python3.7/site-packages/airflow/example_dags/example_dag_decorator.py for tasks to queue
[2024-09-19T14:49:49.296+0000] {logging_mixin.py:150} INFO - [2024-09-19T14:49:49.296+0000] {dagbag.py:541} INFO - Filling up the DagBag from /home/airflow/.local/lib/python3.7/site-packages/airflow/example_dags/example_dag_decorator.py
[2024-09-19T14:49:49.302+0000] {processor.py:836} INFO - DAG(s) dict_keys(['example_dag_decorator']) retrieved from /home/airflow/.local/lib/python3.7/site-packages/airflow/example_dags/example_dag_decorator.py
[2024-09-19T14:49:49.354+0000] {logging_mixin.py:150} INFO - [2024-09-19T14:49:49.354+0000] {dag.py:2742} INFO - Sync 1 DAGs
[2024-09-19T14:49:49.364+0000] {logging_mixin.py:150} INFO - [2024-09-19T14:49:49.364+0000] {dag.py:3508} INFO - Setting next_dagrun for example_dag_decorator to None, run_after=None
[2024-09-19T14:49:49.372+0000] {processor.py:179} INFO - Processing /home/airflow/.local/lib/python3.7/site-packages/airflow/example_dags/example_dag_decorator.py took 0.078 seconds
[2024-09-19T14:50:20.123+0000] {processor.py:157} INFO - Started process (PID=226) to work on /home/airflow/.local/lib/python3.7/site-packages/airflow/example_dags/example_dag_decorator.py
[2024-09-19T14:50:20.125+0000] {processor.py:826} INFO - Processing file /home/airflow/.local/lib/python3.7/site-packages/airflow/example_dags/example_dag_decorator.py for tasks to queue
[2024-09-19T14:50:20.125+0000] {logging_mixin.py:150} INFO - [2024-09-19T14:50:20.125+0000] {dagbag.py:541} INFO - Filling up the DagBag from /home/airflow/.local/lib/python3.7/site-packages/airflow/example_dags/example_dag_decorator.py
[2024-09-19T14:50:20.133+0000] {processor.py:836} INFO - DAG(s) dict_keys(['example_dag_decorator']) retrieved from /home/airflow/.local/lib/python3.7/site-packages/airflow/example_dags/example_dag_decorator.py
[2024-09-19T14:50:20.199+0000] {logging_mixin.py:150} INFO - [2024-09-19T14:50:20.198+0000] {dag.py:2742} INFO - Sync 1 DAGs
[2024-09-19T14:50:20.212+0000] {logging_mixin.py:150} INFO - [2024-09-19T14:50:20.212+0000] {dag.py:3508} INFO - Setting next_dagrun for example_dag_decorator to None, run_after=None
[2024-09-19T14:50:20.222+0000] {processor.py:179} INFO - Processing /home/airflow/.local/lib/python3.7/site-packages/airflow/example_dags/example_dag_decorator.py took 0.100 seconds
[2024-09-19T14:50:51.001+0000] {processor.py:157} INFO - Started process (PID=287) to work on /home/airflow/.local/lib/python3.7/site-packages/airflow/example_dags/example_dag_decorator.py
[2024-09-19T14:50:51.001+0000] {processor.py:826} INFO - Processing file /home/airflow/.local/lib/python3.7/site-packages/airflow/example_dags/example_dag_decorator.py for tasks to queue
[2024-09-19T14:50:51.002+0000] {logging_mixin.py:150} INFO - [2024-09-19T14:50:51.002+0000] {dagbag.py:541} INFO - Filling up the DagBag from /home/airflow/.local/lib/python3.7/site-packages/airflow/example_dags/example_dag_decorator.py
[2024-09-19T14:50:51.015+0000] {processor.py:836} INFO - DAG(s) dict_keys(['example_dag_decorator']) retrieved from /home/airflow/.local/lib/python3.7/site-packages/airflow/example_dags/example_dag_decorator.py
[2024-09-19T14:50:51.103+0000] {logging_mixin.py:150} INFO - [2024-09-19T14:50:51.102+0000] {dag.py:2742} INFO - Sync 1 DAGs
[2024-09-19T14:50:51.120+0000] {logging_mixin.py:150} INFO - [2024-09-19T14:50:51.120+0000] {dag.py:3508} INFO - Setting next_dagrun for example_dag_decorator to None, run_after=None
[2024-09-19T14:50:51.134+0000] {processor.py:179} INFO - Processing /home/airflow/.local/lib/python3.7/site-packages/airflow/example_dags/example_dag_decorator.py took 0.136 seconds
[2024-09-19T14:51:21.252+0000] {processor.py:157} INFO - Started process (PID=348) to work on /home/airflow/.local/lib/python3.7/site-packages/airflow/example_dags/example_dag_decorator.py
[2024-09-19T14:51:21.253+0000] {processor.py:826} INFO - Processing file /home/airflow/.local/lib/python3.7/site-packages/airflow/example_dags/example_dag_decorator.py for tasks to queue
[2024-09-19T14:51:21.254+0000] {logging_mixin.py:150} INFO - [2024-09-19T14:51:21.254+0000] {dagbag.py:541} INFO - Filling up the DagBag from /home/airflow/.local/lib/python3.7/site-packages/airflow/example_dags/example_dag_decorator.py
[2024-09-19T14:51:21.266+0000] {processor.py:836} INFO - DAG(s) dict_keys(['example_dag_decorator']) retrieved from /home/airflow/.local/lib/python3.7/site-packages/airflow/example_dags/example_dag_decorator.py
[2024-09-19T14:51:21.344+0000] {logging_mixin.py:150} INFO - [2024-09-19T14:51:21.344+0000] {dag.py:2742} INFO - Sync 1 DAGs
[2024-09-19T14:51:21.357+0000] {logging_mixin.py:150} INFO - [2024-09-19T14:51:21.356+0000] {dag.py:3508} INFO - Setting next_dagrun for example_dag_decorator to None, run_after=None
[2024-09-19T14:51:21.369+0000] {processor.py:179} INFO - Processing /home/airflow/.local/lib/python3.7/site-packages/airflow/example_dags/example_dag_decorator.py took 0.124 seconds
[2024-09-19T14:51:51.424+0000] {processor.py:157} INFO - Started process (PID=410) to work on /home/airflow/.local/lib/python3.7/site-packages/airflow/example_dags/example_dag_decorator.py
[2024-09-19T14:51:51.424+0000] {processor.py:826} INFO - Processing file /home/airflow/.local/lib/python3.7/site-packages/airflow/example_dags/example_dag_decorator.py for tasks to queue
[2024-09-19T14:51:51.425+0000] {logging_mixin.py:150} INFO - [2024-09-19T14:51:51.425+0000] {dagbag.py:541} INFO - Filling up the DagBag from /home/airflow/.local/lib/python3.7/site-packages/airflow/example_dags/example_dag_decorator.py
[2024-09-19T14:51:51.446+0000] {processor.py:836} INFO - DAG(s) dict_keys(['example_dag_decorator']) retrieved from /home/airflow/.local/lib/python3.7/site-packages/airflow/example_dags/example_dag_decorator.py
[2024-09-19T14:51:51.510+0000] {logging_mixin.py:150} INFO - [2024-09-19T14:51:51.510+0000] {dag.py:2742} INFO - Sync 1 DAGs
[2024-09-19T14:51:51.521+0000] {logging_mixin.py:150} INFO - [2024-09-19T14:51:51.521+0000] {dag.py:3508} INFO - Setting next_dagrun for example_dag_decorator to None, run_after=None
[2024-09-19T14:51:51.530+0000] {processor.py:179} INFO - Processing /home/airflow/.local/lib/python3.7/site-packages/airflow/example_dags/example_dag_decorator.py took 0.109 seconds
[2024-09-19T14:52:22.247+0000] {processor.py:157} INFO - Started process (PID=470) to work on /home/airflow/.local/lib/python3.7/site-packages/airflow/example_dags/example_dag_decorator.py
[2024-09-19T14:52:22.247+0000] {processor.py:826} INFO - Processing file /home/airflow/.local/lib/python3.7/site-packages/airflow/example_dags/example_dag_decorator.py for tasks to queue
[2024-09-19T14:52:22.248+0000] {logging_mixin.py:150} INFO - [2024-09-19T14:52:22.248+0000] {dagbag.py:541} INFO - Filling up the DagBag from /home/airflow/.local/lib/python3.7/site-packages/airflow/example_dags/example_dag_decorator.py
[2024-09-19T14:52:22.254+0000] {processor.py:836} INFO - DAG(s) dict_keys(['example_dag_decorator']) retrieved from /home/airflow/.local/lib/python3.7/site-packages/airflow/example_dags/example_dag_decorator.py
[2024-09-19T14:52:22.344+0000] {logging_mixin.py:150} INFO - [2024-09-19T14:52:22.344+0000] {dag.py:2742} INFO - Sync 1 DAGs
[2024-09-19T14:52:22.359+0000] {logging_mixin.py:150} INFO - [2024-09-19T14:52:22.359+0000] {dag.py:3508} INFO - Setting next_dagrun for example_dag_decorator to None, run_after=None
[2024-09-19T14:52:22.371+0000] {processor.py:179} INFO - Processing /home/airflow/.local/lib/python3.7/site-packages/airflow/example_dags/example_dag_decorator.py took 0.127 seconds
[2024-09-19T14:52:53.134+0000] {processor.py:157} INFO - Started process (PID=531) to work on /home/airflow/.local/lib/python3.7/site-packages/airflow/example_dags/example_dag_decorator.py
[2024-09-19T14:52:53.134+0000] {processor.py:826} INFO - Processing file /home/airflow/.local/lib/python3.7/site-packages/airflow/example_dags/example_dag_decorator.py for tasks to queue
[2024-09-19T14:52:53.134+0000] {logging_mixin.py:150} INFO - [2024-09-19T14:52:53.134+0000] {dagbag.py:541} INFO - Filling up the DagBag from /home/airflow/.local/lib/python3.7/site-packages/airflow/example_dags/example_dag_decorator.py
[2024-09-19T14:52:53.142+0000] {processor.py:836} INFO - DAG(s) dict_keys(['example_dag_decorator']) retrieved from /home/airflow/.local/lib/python3.7/site-packages/airflow/example_dags/example_dag_decorator.py
[2024-09-19T14:52:53.208+0000] {logging_mixin.py:150} INFO - [2024-09-19T14:52:53.208+0000] {dag.py:2742} INFO - Sync 1 DAGs
[2024-09-19T14:52:53.220+0000] {logging_mixin.py:150} INFO - [2024-09-19T14:52:53.220+0000] {dag.py:3508} INFO - Setting next_dagrun for example_dag_decorator to None, run_after=None
[2024-09-19T14:52:53.231+0000] {processor.py:179} INFO - Processing /home/airflow/.local/lib/python3.7/site-packages/airflow/example_dags/example_dag_decorator.py took 0.099 seconds
[2024-09-19T14:53:24.045+0000] {processor.py:157} INFO - Started process (PID=592) to work on /home/airflow/.local/lib/python3.7/site-packages/airflow/example_dags/example_dag_decorator.py
[2024-09-19T14:53:24.045+0000] {processor.py:826} INFO - Processing file /home/airflow/.local/lib/python3.7/site-packages/airflow/example_dags/example_dag_decorator.py for tasks to queue
[2024-09-19T14:53:24.046+0000] {logging_mixin.py:150} INFO - [2024-09-19T14:53:24.046+0000] {dagbag.py:541} INFO - Filling up the DagBag from /home/airflow/.local/lib/python3.7/site-packages/airflow/example_dags/example_dag_decorator.py
[2024-09-19T14:53:24.053+0000] {processor.py:836} INFO - DAG(s) dict_keys(['example_dag_decorator']) retrieved from /home/airflow/.local/lib/python3.7/site-packages/airflow/example_dags/example_dag_decorator.py
[2024-09-19T14:53:24.113+0000] {logging_mixin.py:150} INFO - [2024-09-19T14:53:24.113+0000] {dag.py:2742} INFO - Sync 1 DAGs
[2024-09-19T14:53:24.124+0000] {logging_mixin.py:150} INFO - [2024-09-19T14:53:24.124+0000] {dag.py:3508} INFO - Setting next_dagrun for example_dag_decorator to None, run_after=None
[2024-09-19T14:53:24.133+0000] {processor.py:179} INFO - Processing /home/airflow/.local/lib/python3.7/site-packages/airflow/example_dags/example_dag_decorator.py took 0.090 seconds
[2024-09-19T14:53:54.782+0000] {processor.py:157} INFO - Started process (PID=653) to work on /home/airflow/.local/lib/python3.7/site-packages/airflow/example_dags/example_dag_decorator.py
[2024-09-19T14:53:54.782+0000] {processor.py:826} INFO - Processing file /home/airflow/.local/lib/python3.7/site-packages/airflow/example_dags/example_dag_decorator.py for tasks to queue
[2024-09-19T14:53:54.783+0000] {logging_mixin.py:150} INFO - [2024-09-19T14:53:54.782+0000] {dagbag.py:541} INFO - Filling up the DagBag from /home/airflow/.local/lib/python3.7/site-packages/airflow/example_dags/example_dag_decorator.py
[2024-09-19T14:53:54.792+0000] {processor.py:836} INFO - DAG(s) dict_keys(['example_dag_decorator']) retrieved from /home/airflow/.local/lib/python3.7/site-packages/airflow/example_dags/example_dag_decorator.py
[2024-09-19T14:53:54.852+0000] {logging_mixin.py:150} INFO - [2024-09-19T14:53:54.852+0000] {dag.py:2742} INFO - Sync 1 DAGs
[2024-09-19T14:53:54.865+0000] {logging_mixin.py:150} INFO - [2024-09-19T14:53:54.864+0000] {dag.py:3508} INFO - Setting next_dagrun for example_dag_decorator to None, run_after=None
[2024-09-19T14:53:54.875+0000] {processor.py:179} INFO - Processing /home/airflow/.local/lib/python3.7/site-packages/airflow/example_dags/example_dag_decorator.py took 0.095 seconds
[2024-09-19T14:54:25.565+0000] {processor.py:157} INFO - Started process (PID=714) to work on /home/airflow/.local/lib/python3.7/site-packages/airflow/example_dags/example_dag_decorator.py
[2024-09-19T14:54:25.566+0000] {processor.py:826} INFO - Processing file /home/airflow/.local/lib/python3.7/site-packages/airflow/example_dags/example_dag_decorator.py for tasks to queue
[2024-09-19T14:54:25.566+0000] {logging_mixin.py:150} INFO - [2024-09-19T14:54:25.566+0000] {dagbag.py:541} INFO - Filling up the DagBag from /home/airflow/.local/lib/python3.7/site-packages/airflow/example_dags/example_dag_decorator.py
[2024-09-19T14:54:25.572+0000] {processor.py:836} INFO - DAG(s) dict_keys(['example_dag_decorator']) retrieved from /home/airflow/.local/lib/python3.7/site-packages/airflow/example_dags/example_dag_decorator.py
[2024-09-19T14:54:25.624+0000] {logging_mixin.py:150} INFO - [2024-09-19T14:54:25.624+0000] {dag.py:2742} INFO - Sync 1 DAGs
[2024-09-19T14:54:25.634+0000] {logging_mixin.py:150} INFO - [2024-09-19T14:54:25.634+0000] {dag.py:3508} INFO - Setting next_dagrun for example_dag_decorator to None, run_after=None
[2024-09-19T14:54:25.643+0000] {processor.py:179} INFO - Processing /home/airflow/.local/lib/python3.7/site-packages/airflow/example_dags/example_dag_decorator.py took 0.079 seconds
[2024-09-19T14:54:56.298+0000] {processor.py:157} INFO - Started process (PID=775) to work on /home/airflow/.local/lib/python3.7/site-packages/airflow/example_dags/example_dag_decorator.py
[2024-09-19T14:54:56.298+0000] {processor.py:826} INFO - Processing file /home/airflow/.local/lib/python3.7/site-packages/airflow/example_dags/example_dag_decorator.py for tasks to queue
[2024-09-19T14:54:56.299+0000] {logging_mixin.py:150} INFO - [2024-09-19T14:54:56.299+0000] {dagbag.py:541} INFO - Filling up the DagBag from /home/airflow/.local/lib/python3.7/site-packages/airflow/example_dags/example_dag_decorator.py
[2024-09-19T14:54:56.308+0000] {processor.py:836} INFO - DAG(s) dict_keys(['example_dag_decorator']) retrieved from /home/airflow/.local/lib/python3.7/site-packages/airflow/example_dags/example_dag_decorator.py
[2024-09-19T14:54:56.378+0000] {logging_mixin.py:150} INFO - [2024-09-19T14:54:56.378+0000] {dag.py:2742} INFO - Sync 1 DAGs
[2024-09-19T14:54:56.392+0000] {logging_mixin.py:150} INFO - [2024-09-19T14:54:56.392+0000] {dag.py:3508} INFO - Setting next_dagrun for example_dag_decorator to None, run_after=None
[2024-09-19T14:54:56.403+0000] {processor.py:179} INFO - Processing /home/airflow/.local/lib/python3.7/site-packages/airflow/example_dags/example_dag_decorator.py took 0.107 seconds
