[2024-09-19T14:48:49.542+0000] {processor.py:157} INFO - Started process (PID=76) to work on /home/airflow/.local/lib/python3.7/site-packages/airflow/example_dags/example_skip_dag.py
[2024-09-19T14:48:49.543+0000] {processor.py:826} INFO - Processing file /home/airflow/.local/lib/python3.7/site-packages/airflow/example_dags/example_skip_dag.py for tasks to queue
[2024-09-19T14:48:49.545+0000] {logging_mixin.py:150} INFO - [2024-09-19T14:48:49.544+0000] {dagbag.py:541} INFO - Filling up the DagBag from /home/airflow/.local/lib/python3.7/site-packages/airflow/example_dags/example_skip_dag.py
[2024-09-19T14:48:49.551+0000] {processor.py:836} INFO - DAG(s) dict_keys(['example_skip_dag']) retrieved from /home/airflow/.local/lib/python3.7/site-packages/airflow/example_dags/example_skip_dag.py
[2024-09-19T14:48:49.572+0000] {logging_mixin.py:150} INFO - [2024-09-19T14:48:49.572+0000] {dag.py:2742} INFO - Sync 1 DAGs
[2024-09-19T14:48:49.598+0000] {logging_mixin.py:150} INFO - [2024-09-19T14:48:49.598+0000] {dag.py:3508} INFO - Setting next_dagrun for example_skip_dag to 2024-09-18T14:48:49.597929+00:00, run_after=2024-09-19T14:48:49.597929+00:00
[2024-09-19T14:48:49.615+0000] {processor.py:179} INFO - Processing /home/airflow/.local/lib/python3.7/site-packages/airflow/example_dags/example_skip_dag.py took 0.075 seconds
[2024-09-19T14:49:20.584+0000] {processor.py:157} INFO - Started process (PID=137) to work on /home/airflow/.local/lib/python3.7/site-packages/airflow/example_dags/example_skip_dag.py
[2024-09-19T14:49:20.586+0000] {processor.py:826} INFO - Processing file /home/airflow/.local/lib/python3.7/site-packages/airflow/example_dags/example_skip_dag.py for tasks to queue
[2024-09-19T14:49:20.586+0000] {logging_mixin.py:150} INFO - [2024-09-19T14:49:20.586+0000] {dagbag.py:541} INFO - Filling up the DagBag from /home/airflow/.local/lib/python3.7/site-packages/airflow/example_dags/example_skip_dag.py
[2024-09-19T14:49:20.590+0000] {processor.py:836} INFO - DAG(s) dict_keys(['example_skip_dag']) retrieved from /home/airflow/.local/lib/python3.7/site-packages/airflow/example_dags/example_skip_dag.py
[2024-09-19T14:49:20.606+0000] {logging_mixin.py:150} INFO - [2024-09-19T14:49:20.606+0000] {dag.py:2742} INFO - Sync 1 DAGs
[2024-09-19T14:49:20.625+0000] {logging_mixin.py:150} INFO - [2024-09-19T14:49:20.625+0000] {dag.py:3508} INFO - Setting next_dagrun for example_skip_dag to 2024-09-18T14:49:20.625353+00:00, run_after=2024-09-19T14:49:20.625353+00:00
[2024-09-19T14:49:20.638+0000] {processor.py:179} INFO - Processing /home/airflow/.local/lib/python3.7/site-packages/airflow/example_dags/example_skip_dag.py took 0.055 seconds
[2024-09-19T14:49:51.375+0000] {processor.py:157} INFO - Started process (PID=198) to work on /home/airflow/.local/lib/python3.7/site-packages/airflow/example_dags/example_skip_dag.py
[2024-09-19T14:49:51.378+0000] {processor.py:826} INFO - Processing file /home/airflow/.local/lib/python3.7/site-packages/airflow/example_dags/example_skip_dag.py for tasks to queue
[2024-09-19T14:49:51.379+0000] {logging_mixin.py:150} INFO - [2024-09-19T14:49:51.378+0000] {dagbag.py:541} INFO - Filling up the DagBag from /home/airflow/.local/lib/python3.7/site-packages/airflow/example_dags/example_skip_dag.py
[2024-09-19T14:49:51.383+0000] {processor.py:836} INFO - DAG(s) dict_keys(['example_skip_dag']) retrieved from /home/airflow/.local/lib/python3.7/site-packages/airflow/example_dags/example_skip_dag.py
[2024-09-19T14:49:51.403+0000] {logging_mixin.py:150} INFO - [2024-09-19T14:49:51.403+0000] {dag.py:2742} INFO - Sync 1 DAGs
[2024-09-19T14:49:51.417+0000] {logging_mixin.py:150} INFO - [2024-09-19T14:49:51.417+0000] {dag.py:3508} INFO - Setting next_dagrun for example_skip_dag to 2024-09-18T14:49:51.417076+00:00, run_after=2024-09-19T14:49:51.417076+00:00
[2024-09-19T14:49:51.426+0000] {processor.py:179} INFO - Processing /home/airflow/.local/lib/python3.7/site-packages/airflow/example_dags/example_skip_dag.py took 0.054 seconds
[2024-09-19T14:50:22.264+0000] {processor.py:157} INFO - Started process (PID=259) to work on /home/airflow/.local/lib/python3.7/site-packages/airflow/example_dags/example_skip_dag.py
[2024-09-19T14:50:22.265+0000] {processor.py:826} INFO - Processing file /home/airflow/.local/lib/python3.7/site-packages/airflow/example_dags/example_skip_dag.py for tasks to queue
[2024-09-19T14:50:22.266+0000] {logging_mixin.py:150} INFO - [2024-09-19T14:50:22.266+0000] {dagbag.py:541} INFO - Filling up the DagBag from /home/airflow/.local/lib/python3.7/site-packages/airflow/example_dags/example_skip_dag.py
[2024-09-19T14:50:22.271+0000] {processor.py:836} INFO - DAG(s) dict_keys(['example_skip_dag']) retrieved from /home/airflow/.local/lib/python3.7/site-packages/airflow/example_dags/example_skip_dag.py
[2024-09-19T14:50:22.287+0000] {logging_mixin.py:150} INFO - [2024-09-19T14:50:22.287+0000] {dag.py:2742} INFO - Sync 1 DAGs
[2024-09-19T14:50:22.307+0000] {logging_mixin.py:150} INFO - [2024-09-19T14:50:22.307+0000] {dag.py:3508} INFO - Setting next_dagrun for example_skip_dag to 2024-09-18T14:50:22.306901+00:00, run_after=2024-09-19T14:50:22.306901+00:00
[2024-09-19T14:50:22.316+0000] {processor.py:179} INFO - Processing /home/airflow/.local/lib/python3.7/site-packages/airflow/example_dags/example_skip_dag.py took 0.056 seconds
[2024-09-19T14:50:53.253+0000] {processor.py:157} INFO - Started process (PID=320) to work on /home/airflow/.local/lib/python3.7/site-packages/airflow/example_dags/example_skip_dag.py
[2024-09-19T14:50:53.254+0000] {processor.py:826} INFO - Processing file /home/airflow/.local/lib/python3.7/site-packages/airflow/example_dags/example_skip_dag.py for tasks to queue
[2024-09-19T14:50:53.257+0000] {logging_mixin.py:150} INFO - [2024-09-19T14:50:53.257+0000] {dagbag.py:541} INFO - Filling up the DagBag from /home/airflow/.local/lib/python3.7/site-packages/airflow/example_dags/example_skip_dag.py
[2024-09-19T14:50:53.262+0000] {processor.py:836} INFO - DAG(s) dict_keys(['example_skip_dag']) retrieved from /home/airflow/.local/lib/python3.7/site-packages/airflow/example_dags/example_skip_dag.py
[2024-09-19T14:50:53.280+0000] {logging_mixin.py:150} INFO - [2024-09-19T14:50:53.280+0000] {dag.py:2742} INFO - Sync 1 DAGs
[2024-09-19T14:50:53.297+0000] {logging_mixin.py:150} INFO - [2024-09-19T14:50:53.297+0000] {dag.py:3508} INFO - Setting next_dagrun for example_skip_dag to 2024-09-18T14:50:53.297234+00:00, run_after=2024-09-19T14:50:53.297234+00:00
[2024-09-19T14:50:53.306+0000] {processor.py:179} INFO - Processing /home/airflow/.local/lib/python3.7/site-packages/airflow/example_dags/example_skip_dag.py took 0.054 seconds
[2024-09-19T14:51:23.337+0000] {processor.py:157} INFO - Started process (PID=381) to work on /home/airflow/.local/lib/python3.7/site-packages/airflow/example_dags/example_skip_dag.py
[2024-09-19T14:51:23.339+0000] {processor.py:826} INFO - Processing file /home/airflow/.local/lib/python3.7/site-packages/airflow/example_dags/example_skip_dag.py for tasks to queue
[2024-09-19T14:51:23.340+0000] {logging_mixin.py:150} INFO - [2024-09-19T14:51:23.340+0000] {dagbag.py:541} INFO - Filling up the DagBag from /home/airflow/.local/lib/python3.7/site-packages/airflow/example_dags/example_skip_dag.py
[2024-09-19T14:51:23.345+0000] {processor.py:836} INFO - DAG(s) dict_keys(['example_skip_dag']) retrieved from /home/airflow/.local/lib/python3.7/site-packages/airflow/example_dags/example_skip_dag.py
[2024-09-19T14:51:23.357+0000] {logging_mixin.py:150} INFO - [2024-09-19T14:51:23.357+0000] {dag.py:2742} INFO - Sync 1 DAGs
[2024-09-19T14:51:23.372+0000] {logging_mixin.py:150} INFO - [2024-09-19T14:51:23.371+0000] {dag.py:3508} INFO - Setting next_dagrun for example_skip_dag to 2024-09-18T14:51:23.371758+00:00, run_after=2024-09-19T14:51:23.371758+00:00
[2024-09-19T14:51:23.382+0000] {processor.py:179} INFO - Processing /home/airflow/.local/lib/python3.7/site-packages/airflow/example_dags/example_skip_dag.py took 0.047 seconds
[2024-09-19T14:51:53.447+0000] {processor.py:157} INFO - Started process (PID=441) to work on /home/airflow/.local/lib/python3.7/site-packages/airflow/example_dags/example_skip_dag.py
[2024-09-19T14:51:53.448+0000] {processor.py:826} INFO - Processing file /home/airflow/.local/lib/python3.7/site-packages/airflow/example_dags/example_skip_dag.py for tasks to queue
[2024-09-19T14:51:53.448+0000] {logging_mixin.py:150} INFO - [2024-09-19T14:51:53.448+0000] {dagbag.py:541} INFO - Filling up the DagBag from /home/airflow/.local/lib/python3.7/site-packages/airflow/example_dags/example_skip_dag.py
[2024-09-19T14:51:53.452+0000] {processor.py:836} INFO - DAG(s) dict_keys(['example_skip_dag']) retrieved from /home/airflow/.local/lib/python3.7/site-packages/airflow/example_dags/example_skip_dag.py
[2024-09-19T14:51:53.463+0000] {logging_mixin.py:150} INFO - [2024-09-19T14:51:53.463+0000] {dag.py:2742} INFO - Sync 1 DAGs
[2024-09-19T14:51:53.476+0000] {logging_mixin.py:150} INFO - [2024-09-19T14:51:53.476+0000] {dag.py:3508} INFO - Setting next_dagrun for example_skip_dag to 2024-09-18T14:51:53.476544+00:00, run_after=2024-09-19T14:51:53.476544+00:00
[2024-09-19T14:51:53.487+0000] {processor.py:179} INFO - Processing /home/airflow/.local/lib/python3.7/site-packages/airflow/example_dags/example_skip_dag.py took 0.042 seconds
[2024-09-19T14:52:24.407+0000] {processor.py:157} INFO - Started process (PID=503) to work on /home/airflow/.local/lib/python3.7/site-packages/airflow/example_dags/example_skip_dag.py
[2024-09-19T14:52:24.408+0000] {processor.py:826} INFO - Processing file /home/airflow/.local/lib/python3.7/site-packages/airflow/example_dags/example_skip_dag.py for tasks to queue
[2024-09-19T14:52:24.410+0000] {logging_mixin.py:150} INFO - [2024-09-19T14:52:24.409+0000] {dagbag.py:541} INFO - Filling up the DagBag from /home/airflow/.local/lib/python3.7/site-packages/airflow/example_dags/example_skip_dag.py
[2024-09-19T14:52:24.413+0000] {processor.py:836} INFO - DAG(s) dict_keys(['example_skip_dag']) retrieved from /home/airflow/.local/lib/python3.7/site-packages/airflow/example_dags/example_skip_dag.py
[2024-09-19T14:52:24.427+0000] {logging_mixin.py:150} INFO - [2024-09-19T14:52:24.427+0000] {dag.py:2742} INFO - Sync 1 DAGs
[2024-09-19T14:52:24.441+0000] {logging_mixin.py:150} INFO - [2024-09-19T14:52:24.441+0000] {dag.py:3508} INFO - Setting next_dagrun for example_skip_dag to 2024-09-18T14:52:24.441066+00:00, run_after=2024-09-19T14:52:24.441066+00:00
[2024-09-19T14:52:24.452+0000] {processor.py:179} INFO - Processing /home/airflow/.local/lib/python3.7/site-packages/airflow/example_dags/example_skip_dag.py took 0.046 seconds
[2024-09-19T14:52:55.277+0000] {processor.py:157} INFO - Started process (PID=564) to work on /home/airflow/.local/lib/python3.7/site-packages/airflow/example_dags/example_skip_dag.py
[2024-09-19T14:52:55.278+0000] {processor.py:826} INFO - Processing file /home/airflow/.local/lib/python3.7/site-packages/airflow/example_dags/example_skip_dag.py for tasks to queue
[2024-09-19T14:52:55.279+0000] {logging_mixin.py:150} INFO - [2024-09-19T14:52:55.279+0000] {dagbag.py:541} INFO - Filling up the DagBag from /home/airflow/.local/lib/python3.7/site-packages/airflow/example_dags/example_skip_dag.py
[2024-09-19T14:52:55.284+0000] {processor.py:836} INFO - DAG(s) dict_keys(['example_skip_dag']) retrieved from /home/airflow/.local/lib/python3.7/site-packages/airflow/example_dags/example_skip_dag.py
[2024-09-19T14:52:55.297+0000] {logging_mixin.py:150} INFO - [2024-09-19T14:52:55.297+0000] {dag.py:2742} INFO - Sync 1 DAGs
[2024-09-19T14:52:55.313+0000] {logging_mixin.py:150} INFO - [2024-09-19T14:52:55.312+0000] {dag.py:3508} INFO - Setting next_dagrun for example_skip_dag to 2024-09-18T14:52:55.312790+00:00, run_after=2024-09-19T14:52:55.312790+00:00
[2024-09-19T14:52:55.324+0000] {processor.py:179} INFO - Processing /home/airflow/.local/lib/python3.7/site-packages/airflow/example_dags/example_skip_dag.py took 0.049 seconds
[2024-09-19T14:53:26.132+0000] {processor.py:157} INFO - Started process (PID=625) to work on /home/airflow/.local/lib/python3.7/site-packages/airflow/example_dags/example_skip_dag.py
[2024-09-19T14:53:26.134+0000] {processor.py:826} INFO - Processing file /home/airflow/.local/lib/python3.7/site-packages/airflow/example_dags/example_skip_dag.py for tasks to queue
[2024-09-19T14:53:26.135+0000] {logging_mixin.py:150} INFO - [2024-09-19T14:53:26.135+0000] {dagbag.py:541} INFO - Filling up the DagBag from /home/airflow/.local/lib/python3.7/site-packages/airflow/example_dags/example_skip_dag.py
[2024-09-19T14:53:26.139+0000] {processor.py:836} INFO - DAG(s) dict_keys(['example_skip_dag']) retrieved from /home/airflow/.local/lib/python3.7/site-packages/airflow/example_dags/example_skip_dag.py
[2024-09-19T14:53:26.152+0000] {logging_mixin.py:150} INFO - [2024-09-19T14:53:26.152+0000] {dag.py:2742} INFO - Sync 1 DAGs
[2024-09-19T14:53:26.164+0000] {logging_mixin.py:150} INFO - [2024-09-19T14:53:26.164+0000] {dag.py:3508} INFO - Setting next_dagrun for example_skip_dag to 2024-09-18T14:53:26.164062+00:00, run_after=2024-09-19T14:53:26.164062+00:00
[2024-09-19T14:53:26.173+0000] {processor.py:179} INFO - Processing /home/airflow/.local/lib/python3.7/site-packages/airflow/example_dags/example_skip_dag.py took 0.043 seconds
[2024-09-19T14:53:56.861+0000] {processor.py:157} INFO - Started process (PID=686) to work on /home/airflow/.local/lib/python3.7/site-packages/airflow/example_dags/example_skip_dag.py
[2024-09-19T14:53:56.861+0000] {processor.py:826} INFO - Processing file /home/airflow/.local/lib/python3.7/site-packages/airflow/example_dags/example_skip_dag.py for tasks to queue
[2024-09-19T14:53:56.862+0000] {logging_mixin.py:150} INFO - [2024-09-19T14:53:56.862+0000] {dagbag.py:541} INFO - Filling up the DagBag from /home/airflow/.local/lib/python3.7/site-packages/airflow/example_dags/example_skip_dag.py
[2024-09-19T14:53:56.867+0000] {processor.py:836} INFO - DAG(s) dict_keys(['example_skip_dag']) retrieved from /home/airflow/.local/lib/python3.7/site-packages/airflow/example_dags/example_skip_dag.py
[2024-09-19T14:53:56.879+0000] {logging_mixin.py:150} INFO - [2024-09-19T14:53:56.879+0000] {dag.py:2742} INFO - Sync 1 DAGs
[2024-09-19T14:53:56.891+0000] {logging_mixin.py:150} INFO - [2024-09-19T14:53:56.891+0000] {dag.py:3508} INFO - Setting next_dagrun for example_skip_dag to 2024-09-18T14:53:56.891272+00:00, run_after=2024-09-19T14:53:56.891272+00:00
[2024-09-19T14:53:56.901+0000] {processor.py:179} INFO - Processing /home/airflow/.local/lib/python3.7/site-packages/airflow/example_dags/example_skip_dag.py took 0.042 seconds
[2024-09-19T14:54:27.590+0000] {processor.py:157} INFO - Started process (PID=747) to work on /home/airflow/.local/lib/python3.7/site-packages/airflow/example_dags/example_skip_dag.py
[2024-09-19T14:54:27.591+0000] {processor.py:826} INFO - Processing file /home/airflow/.local/lib/python3.7/site-packages/airflow/example_dags/example_skip_dag.py for tasks to queue
[2024-09-19T14:54:27.591+0000] {logging_mixin.py:150} INFO - [2024-09-19T14:54:27.591+0000] {dagbag.py:541} INFO - Filling up the DagBag from /home/airflow/.local/lib/python3.7/site-packages/airflow/example_dags/example_skip_dag.py
[2024-09-19T14:54:27.595+0000] {processor.py:836} INFO - DAG(s) dict_keys(['example_skip_dag']) retrieved from /home/airflow/.local/lib/python3.7/site-packages/airflow/example_dags/example_skip_dag.py
[2024-09-19T14:54:27.607+0000] {logging_mixin.py:150} INFO - [2024-09-19T14:54:27.607+0000] {dag.py:2742} INFO - Sync 1 DAGs
[2024-09-19T14:54:27.620+0000] {logging_mixin.py:150} INFO - [2024-09-19T14:54:27.620+0000] {dag.py:3508} INFO - Setting next_dagrun for example_skip_dag to 2024-09-18T14:54:27.620022+00:00, run_after=2024-09-19T14:54:27.620022+00:00
[2024-09-19T14:54:27.628+0000] {processor.py:179} INFO - Processing /home/airflow/.local/lib/python3.7/site-packages/airflow/example_dags/example_skip_dag.py took 0.040 seconds
[2024-09-19T14:54:58.337+0000] {processor.py:157} INFO - Started process (PID=808) to work on /home/airflow/.local/lib/python3.7/site-packages/airflow/example_dags/example_skip_dag.py
[2024-09-19T14:54:58.340+0000] {processor.py:826} INFO - Processing file /home/airflow/.local/lib/python3.7/site-packages/airflow/example_dags/example_skip_dag.py for tasks to queue
[2024-09-19T14:54:58.342+0000] {logging_mixin.py:150} INFO - [2024-09-19T14:54:58.342+0000] {dagbag.py:541} INFO - Filling up the DagBag from /home/airflow/.local/lib/python3.7/site-packages/airflow/example_dags/example_skip_dag.py
[2024-09-19T14:54:58.345+0000] {processor.py:836} INFO - DAG(s) dict_keys(['example_skip_dag']) retrieved from /home/airflow/.local/lib/python3.7/site-packages/airflow/example_dags/example_skip_dag.py
[2024-09-19T14:54:58.358+0000] {logging_mixin.py:150} INFO - [2024-09-19T14:54:58.358+0000] {dag.py:2742} INFO - Sync 1 DAGs
[2024-09-19T14:54:58.370+0000] {logging_mixin.py:150} INFO - [2024-09-19T14:54:58.370+0000] {dag.py:3508} INFO - Setting next_dagrun for example_skip_dag to 2024-09-18T14:54:58.370543+00:00, run_after=2024-09-19T14:54:58.370543+00:00
[2024-09-19T14:54:58.380+0000] {processor.py:179} INFO - Processing /home/airflow/.local/lib/python3.7/site-packages/airflow/example_dags/example_skip_dag.py took 0.045 seconds
