[2024-09-19T14:48:48.182+0000] {processor.py:157} INFO - Started process (PID=47) to work on /home/airflow/.local/lib/python3.7/site-packages/airflow/example_dags/tutorial_dag.py
[2024-09-19T14:48:48.183+0000] {processor.py:826} INFO - Processing file /home/airflow/.local/lib/python3.7/site-packages/airflow/example_dags/tutorial_dag.py for tasks to queue
[2024-09-19T14:48:48.183+0000] {logging_mixin.py:150} INFO - [2024-09-19T14:48:48.183+0000] {dagbag.py:541} INFO - Filling up the DagBag from /home/airflow/.local/lib/python3.7/site-packages/airflow/example_dags/tutorial_dag.py
[2024-09-19T14:48:48.188+0000] {processor.py:836} INFO - DAG(s) dict_keys(['tutorial_dag']) retrieved from /home/airflow/.local/lib/python3.7/site-packages/airflow/example_dags/tutorial_dag.py
[2024-09-19T14:48:48.202+0000] {logging_mixin.py:150} INFO - [2024-09-19T14:48:48.202+0000] {dag.py:2742} INFO - Sync 1 DAGs
[2024-09-19T14:48:48.221+0000] {logging_mixin.py:150} INFO - [2024-09-19T14:48:48.220+0000] {dag.py:3508} INFO - Setting next_dagrun for tutorial_dag to None, run_after=None
[2024-09-19T14:48:48.239+0000] {processor.py:179} INFO - Processing /home/airflow/.local/lib/python3.7/site-packages/airflow/example_dags/tutorial_dag.py took 0.060 seconds
[2024-09-19T14:49:18.611+0000] {processor.py:157} INFO - Started process (PID=108) to work on /home/airflow/.local/lib/python3.7/site-packages/airflow/example_dags/tutorial_dag.py
[2024-09-19T14:49:18.612+0000] {processor.py:826} INFO - Processing file /home/airflow/.local/lib/python3.7/site-packages/airflow/example_dags/tutorial_dag.py for tasks to queue
[2024-09-19T14:49:18.613+0000] {logging_mixin.py:150} INFO - [2024-09-19T14:49:18.612+0000] {dagbag.py:541} INFO - Filling up the DagBag from /home/airflow/.local/lib/python3.7/site-packages/airflow/example_dags/tutorial_dag.py
[2024-09-19T14:49:18.616+0000] {processor.py:836} INFO - DAG(s) dict_keys(['tutorial_dag']) retrieved from /home/airflow/.local/lib/python3.7/site-packages/airflow/example_dags/tutorial_dag.py
[2024-09-19T14:49:18.627+0000] {logging_mixin.py:150} INFO - [2024-09-19T14:49:18.627+0000] {dag.py:2742} INFO - Sync 1 DAGs
[2024-09-19T14:49:18.640+0000] {logging_mixin.py:150} INFO - [2024-09-19T14:49:18.640+0000] {dag.py:3508} INFO - Setting next_dagrun for tutorial_dag to None, run_after=None
[2024-09-19T14:49:18.649+0000] {processor.py:179} INFO - Processing /home/airflow/.local/lib/python3.7/site-packages/airflow/example_dags/tutorial_dag.py took 0.041 seconds
[2024-09-19T14:49:49.444+0000] {processor.py:157} INFO - Started process (PID=169) to work on /home/airflow/.local/lib/python3.7/site-packages/airflow/example_dags/tutorial_dag.py
[2024-09-19T14:49:49.444+0000] {processor.py:826} INFO - Processing file /home/airflow/.local/lib/python3.7/site-packages/airflow/example_dags/tutorial_dag.py for tasks to queue
[2024-09-19T14:49:49.446+0000] {logging_mixin.py:150} INFO - [2024-09-19T14:49:49.445+0000] {dagbag.py:541} INFO - Filling up the DagBag from /home/airflow/.local/lib/python3.7/site-packages/airflow/example_dags/tutorial_dag.py
[2024-09-19T14:49:49.449+0000] {processor.py:836} INFO - DAG(s) dict_keys(['tutorial_dag']) retrieved from /home/airflow/.local/lib/python3.7/site-packages/airflow/example_dags/tutorial_dag.py
[2024-09-19T14:49:49.460+0000] {logging_mixin.py:150} INFO - [2024-09-19T14:49:49.460+0000] {dag.py:2742} INFO - Sync 1 DAGs
[2024-09-19T14:49:49.472+0000] {logging_mixin.py:150} INFO - [2024-09-19T14:49:49.472+0000] {dag.py:3508} INFO - Setting next_dagrun for tutorial_dag to None, run_after=None
[2024-09-19T14:49:49.480+0000] {processor.py:179} INFO - Processing /home/airflow/.local/lib/python3.7/site-packages/airflow/example_dags/tutorial_dag.py took 0.038 seconds
[2024-09-19T14:50:20.237+0000] {processor.py:157} INFO - Started process (PID=230) to work on /home/airflow/.local/lib/python3.7/site-packages/airflow/example_dags/tutorial_dag.py
[2024-09-19T14:50:20.237+0000] {processor.py:826} INFO - Processing file /home/airflow/.local/lib/python3.7/site-packages/airflow/example_dags/tutorial_dag.py for tasks to queue
[2024-09-19T14:50:20.238+0000] {logging_mixin.py:150} INFO - [2024-09-19T14:50:20.238+0000] {dagbag.py:541} INFO - Filling up the DagBag from /home/airflow/.local/lib/python3.7/site-packages/airflow/example_dags/tutorial_dag.py
[2024-09-19T14:50:20.241+0000] {processor.py:836} INFO - DAG(s) dict_keys(['tutorial_dag']) retrieved from /home/airflow/.local/lib/python3.7/site-packages/airflow/example_dags/tutorial_dag.py
[2024-09-19T14:50:20.252+0000] {logging_mixin.py:150} INFO - [2024-09-19T14:50:20.252+0000] {dag.py:2742} INFO - Sync 1 DAGs
[2024-09-19T14:50:20.264+0000] {logging_mixin.py:150} INFO - [2024-09-19T14:50:20.264+0000] {dag.py:3508} INFO - Setting next_dagrun for tutorial_dag to None, run_after=None
[2024-09-19T14:50:20.273+0000] {processor.py:179} INFO - Processing /home/airflow/.local/lib/python3.7/site-packages/airflow/example_dags/tutorial_dag.py took 0.037 seconds
[2024-09-19T14:50:51.163+0000] {processor.py:157} INFO - Started process (PID=291) to work on /home/airflow/.local/lib/python3.7/site-packages/airflow/example_dags/tutorial_dag.py
[2024-09-19T14:50:51.163+0000] {processor.py:826} INFO - Processing file /home/airflow/.local/lib/python3.7/site-packages/airflow/example_dags/tutorial_dag.py for tasks to queue
[2024-09-19T14:50:51.163+0000] {logging_mixin.py:150} INFO - [2024-09-19T14:50:51.163+0000] {dagbag.py:541} INFO - Filling up the DagBag from /home/airflow/.local/lib/python3.7/site-packages/airflow/example_dags/tutorial_dag.py
[2024-09-19T14:50:51.166+0000] {processor.py:836} INFO - DAG(s) dict_keys(['tutorial_dag']) retrieved from /home/airflow/.local/lib/python3.7/site-packages/airflow/example_dags/tutorial_dag.py
[2024-09-19T14:50:51.187+0000] {logging_mixin.py:150} INFO - [2024-09-19T14:50:51.187+0000] {dag.py:2742} INFO - Sync 1 DAGs
[2024-09-19T14:50:51.205+0000] {logging_mixin.py:150} INFO - [2024-09-19T14:50:51.205+0000] {dag.py:3508} INFO - Setting next_dagrun for tutorial_dag to None, run_after=None
[2024-09-19T14:50:51.222+0000] {processor.py:179} INFO - Processing /home/airflow/.local/lib/python3.7/site-packages/airflow/example_dags/tutorial_dag.py took 0.061 seconds
[2024-09-19T14:51:21.381+0000] {processor.py:157} INFO - Started process (PID=352) to work on /home/airflow/.local/lib/python3.7/site-packages/airflow/example_dags/tutorial_dag.py
[2024-09-19T14:51:21.382+0000] {processor.py:826} INFO - Processing file /home/airflow/.local/lib/python3.7/site-packages/airflow/example_dags/tutorial_dag.py for tasks to queue
[2024-09-19T14:51:21.383+0000] {logging_mixin.py:150} INFO - [2024-09-19T14:51:21.383+0000] {dagbag.py:541} INFO - Filling up the DagBag from /home/airflow/.local/lib/python3.7/site-packages/airflow/example_dags/tutorial_dag.py
[2024-09-19T14:51:21.386+0000] {processor.py:836} INFO - DAG(s) dict_keys(['tutorial_dag']) retrieved from /home/airflow/.local/lib/python3.7/site-packages/airflow/example_dags/tutorial_dag.py
[2024-09-19T14:51:21.397+0000] {logging_mixin.py:150} INFO - [2024-09-19T14:51:21.397+0000] {dag.py:2742} INFO - Sync 1 DAGs
[2024-09-19T14:51:21.410+0000] {logging_mixin.py:150} INFO - [2024-09-19T14:51:21.409+0000] {dag.py:3508} INFO - Setting next_dagrun for tutorial_dag to None, run_after=None
[2024-09-19T14:51:21.417+0000] {processor.py:179} INFO - Processing /home/airflow/.local/lib/python3.7/site-packages/airflow/example_dags/tutorial_dag.py took 0.038 seconds
[2024-09-19T14:51:51.568+0000] {processor.py:157} INFO - Started process (PID=413) to work on /home/airflow/.local/lib/python3.7/site-packages/airflow/example_dags/tutorial_dag.py
[2024-09-19T14:51:51.569+0000] {processor.py:826} INFO - Processing file /home/airflow/.local/lib/python3.7/site-packages/airflow/example_dags/tutorial_dag.py for tasks to queue
[2024-09-19T14:51:51.569+0000] {logging_mixin.py:150} INFO - [2024-09-19T14:51:51.569+0000] {dagbag.py:541} INFO - Filling up the DagBag from /home/airflow/.local/lib/python3.7/site-packages/airflow/example_dags/tutorial_dag.py
[2024-09-19T14:51:51.573+0000] {processor.py:836} INFO - DAG(s) dict_keys(['tutorial_dag']) retrieved from /home/airflow/.local/lib/python3.7/site-packages/airflow/example_dags/tutorial_dag.py
[2024-09-19T14:51:51.588+0000] {logging_mixin.py:150} INFO - [2024-09-19T14:51:51.588+0000] {dag.py:2742} INFO - Sync 1 DAGs
[2024-09-19T14:51:51.601+0000] {logging_mixin.py:150} INFO - [2024-09-19T14:51:51.601+0000] {dag.py:3508} INFO - Setting next_dagrun for tutorial_dag to None, run_after=None
[2024-09-19T14:51:51.614+0000] {processor.py:179} INFO - Processing /home/airflow/.local/lib/python3.7/site-packages/airflow/example_dags/tutorial_dag.py took 0.049 seconds
[2024-09-19T14:52:22.424+0000] {processor.py:157} INFO - Started process (PID=474) to work on /home/airflow/.local/lib/python3.7/site-packages/airflow/example_dags/tutorial_dag.py
[2024-09-19T14:52:22.424+0000] {processor.py:826} INFO - Processing file /home/airflow/.local/lib/python3.7/site-packages/airflow/example_dags/tutorial_dag.py for tasks to queue
[2024-09-19T14:52:22.425+0000] {logging_mixin.py:150} INFO - [2024-09-19T14:52:22.424+0000] {dagbag.py:541} INFO - Filling up the DagBag from /home/airflow/.local/lib/python3.7/site-packages/airflow/example_dags/tutorial_dag.py
[2024-09-19T14:52:22.430+0000] {processor.py:836} INFO - DAG(s) dict_keys(['tutorial_dag']) retrieved from /home/airflow/.local/lib/python3.7/site-packages/airflow/example_dags/tutorial_dag.py
[2024-09-19T14:52:22.442+0000] {logging_mixin.py:150} INFO - [2024-09-19T14:52:22.442+0000] {dag.py:2742} INFO - Sync 1 DAGs
[2024-09-19T14:52:22.456+0000] {logging_mixin.py:150} INFO - [2024-09-19T14:52:22.456+0000] {dag.py:3508} INFO - Setting next_dagrun for tutorial_dag to None, run_after=None
[2024-09-19T14:52:22.464+0000] {processor.py:179} INFO - Processing /home/airflow/.local/lib/python3.7/site-packages/airflow/example_dags/tutorial_dag.py took 0.042 seconds
[2024-09-19T14:52:53.248+0000] {processor.py:157} INFO - Started process (PID=535) to work on /home/airflow/.local/lib/python3.7/site-packages/airflow/example_dags/tutorial_dag.py
[2024-09-19T14:52:53.248+0000] {processor.py:826} INFO - Processing file /home/airflow/.local/lib/python3.7/site-packages/airflow/example_dags/tutorial_dag.py for tasks to queue
[2024-09-19T14:52:53.249+0000] {logging_mixin.py:150} INFO - [2024-09-19T14:52:53.249+0000] {dagbag.py:541} INFO - Filling up the DagBag from /home/airflow/.local/lib/python3.7/site-packages/airflow/example_dags/tutorial_dag.py
[2024-09-19T14:52:53.251+0000] {processor.py:836} INFO - DAG(s) dict_keys(['tutorial_dag']) retrieved from /home/airflow/.local/lib/python3.7/site-packages/airflow/example_dags/tutorial_dag.py
[2024-09-19T14:52:53.267+0000] {logging_mixin.py:150} INFO - [2024-09-19T14:52:53.267+0000] {dag.py:2742} INFO - Sync 1 DAGs
[2024-09-19T14:52:53.280+0000] {logging_mixin.py:150} INFO - [2024-09-19T14:52:53.279+0000] {dag.py:3508} INFO - Setting next_dagrun for tutorial_dag to None, run_after=None
[2024-09-19T14:52:53.289+0000] {processor.py:179} INFO - Processing /home/airflow/.local/lib/python3.7/site-packages/airflow/example_dags/tutorial_dag.py took 0.043 seconds
[2024-09-19T14:53:24.211+0000] {processor.py:157} INFO - Started process (PID=596) to work on /home/airflow/.local/lib/python3.7/site-packages/airflow/example_dags/tutorial_dag.py
[2024-09-19T14:53:24.211+0000] {processor.py:826} INFO - Processing file /home/airflow/.local/lib/python3.7/site-packages/airflow/example_dags/tutorial_dag.py for tasks to queue
[2024-09-19T14:53:24.212+0000] {logging_mixin.py:150} INFO - [2024-09-19T14:53:24.212+0000] {dagbag.py:541} INFO - Filling up the DagBag from /home/airflow/.local/lib/python3.7/site-packages/airflow/example_dags/tutorial_dag.py
[2024-09-19T14:53:24.214+0000] {processor.py:836} INFO - DAG(s) dict_keys(['tutorial_dag']) retrieved from /home/airflow/.local/lib/python3.7/site-packages/airflow/example_dags/tutorial_dag.py
[2024-09-19T14:53:24.229+0000] {logging_mixin.py:150} INFO - [2024-09-19T14:53:24.229+0000] {dag.py:2742} INFO - Sync 1 DAGs
[2024-09-19T14:53:24.245+0000] {logging_mixin.py:150} INFO - [2024-09-19T14:53:24.245+0000] {dag.py:3508} INFO - Setting next_dagrun for tutorial_dag to None, run_after=None
[2024-09-19T14:53:24.254+0000] {processor.py:179} INFO - Processing /home/airflow/.local/lib/python3.7/site-packages/airflow/example_dags/tutorial_dag.py took 0.044 seconds
[2024-09-19T14:53:54.907+0000] {processor.py:157} INFO - Started process (PID=657) to work on /home/airflow/.local/lib/python3.7/site-packages/airflow/example_dags/tutorial_dag.py
[2024-09-19T14:53:54.908+0000] {processor.py:826} INFO - Processing file /home/airflow/.local/lib/python3.7/site-packages/airflow/example_dags/tutorial_dag.py for tasks to queue
[2024-09-19T14:53:54.909+0000] {logging_mixin.py:150} INFO - [2024-09-19T14:53:54.909+0000] {dagbag.py:541} INFO - Filling up the DagBag from /home/airflow/.local/lib/python3.7/site-packages/airflow/example_dags/tutorial_dag.py
[2024-09-19T14:53:54.912+0000] {processor.py:836} INFO - DAG(s) dict_keys(['tutorial_dag']) retrieved from /home/airflow/.local/lib/python3.7/site-packages/airflow/example_dags/tutorial_dag.py
[2024-09-19T14:53:54.928+0000] {logging_mixin.py:150} INFO - [2024-09-19T14:53:54.927+0000] {dag.py:2742} INFO - Sync 1 DAGs
[2024-09-19T14:53:54.940+0000] {logging_mixin.py:150} INFO - [2024-09-19T14:53:54.940+0000] {dag.py:3508} INFO - Setting next_dagrun for tutorial_dag to None, run_after=None
[2024-09-19T14:53:54.949+0000] {processor.py:179} INFO - Processing /home/airflow/.local/lib/python3.7/site-packages/airflow/example_dags/tutorial_dag.py took 0.044 seconds
[2024-09-19T14:54:25.721+0000] {processor.py:157} INFO - Started process (PID=718) to work on /home/airflow/.local/lib/python3.7/site-packages/airflow/example_dags/tutorial_dag.py
[2024-09-19T14:54:25.721+0000] {processor.py:826} INFO - Processing file /home/airflow/.local/lib/python3.7/site-packages/airflow/example_dags/tutorial_dag.py for tasks to queue
[2024-09-19T14:54:25.721+0000] {logging_mixin.py:150} INFO - [2024-09-19T14:54:25.721+0000] {dagbag.py:541} INFO - Filling up the DagBag from /home/airflow/.local/lib/python3.7/site-packages/airflow/example_dags/tutorial_dag.py
[2024-09-19T14:54:25.726+0000] {processor.py:836} INFO - DAG(s) dict_keys(['tutorial_dag']) retrieved from /home/airflow/.local/lib/python3.7/site-packages/airflow/example_dags/tutorial_dag.py
[2024-09-19T14:54:25.739+0000] {logging_mixin.py:150} INFO - [2024-09-19T14:54:25.739+0000] {dag.py:2742} INFO - Sync 1 DAGs
[2024-09-19T14:54:25.751+0000] {logging_mixin.py:150} INFO - [2024-09-19T14:54:25.750+0000] {dag.py:3508} INFO - Setting next_dagrun for tutorial_dag to None, run_after=None
[2024-09-19T14:54:25.760+0000] {processor.py:179} INFO - Processing /home/airflow/.local/lib/python3.7/site-packages/airflow/example_dags/tutorial_dag.py took 0.041 seconds
[2024-09-19T14:54:56.426+0000] {processor.py:157} INFO - Started process (PID=779) to work on /home/airflow/.local/lib/python3.7/site-packages/airflow/example_dags/tutorial_dag.py
[2024-09-19T14:54:56.428+0000] {processor.py:826} INFO - Processing file /home/airflow/.local/lib/python3.7/site-packages/airflow/example_dags/tutorial_dag.py for tasks to queue
[2024-09-19T14:54:56.429+0000] {logging_mixin.py:150} INFO - [2024-09-19T14:54:56.428+0000] {dagbag.py:541} INFO - Filling up the DagBag from /home/airflow/.local/lib/python3.7/site-packages/airflow/example_dags/tutorial_dag.py
[2024-09-19T14:54:56.432+0000] {processor.py:836} INFO - DAG(s) dict_keys(['tutorial_dag']) retrieved from /home/airflow/.local/lib/python3.7/site-packages/airflow/example_dags/tutorial_dag.py
[2024-09-19T14:54:56.444+0000] {logging_mixin.py:150} INFO - [2024-09-19T14:54:56.444+0000] {dag.py:2742} INFO - Sync 1 DAGs
[2024-09-19T14:54:56.456+0000] {logging_mixin.py:150} INFO - [2024-09-19T14:54:56.456+0000] {dag.py:3508} INFO - Setting next_dagrun for tutorial_dag to None, run_after=None
[2024-09-19T14:54:56.464+0000] {processor.py:179} INFO - Processing /home/airflow/.local/lib/python3.7/site-packages/airflow/example_dags/tutorial_dag.py took 0.040 seconds
