[2024-10-02T02:00:40.434+0000] {taskinstance.py:1103} INFO - Dependencies all met for dep_context=non-requeueable deps ti=<TaskInstance: Batch_api_to_csv_with_dynamic_dates.send_notification_task_email scheduled__2024-09-30T18:00:00+00:00 [queued]>
[2024-10-02T02:00:40.444+0000] {taskinstance.py:1103} INFO - Dependencies all met for dep_context=requeueable deps ti=<TaskInstance: Batch_api_to_csv_with_dynamic_dates.send_notification_task_email scheduled__2024-09-30T18:00:00+00:00 [queued]>
[2024-10-02T02:00:40.446+0000] {taskinstance.py:1308} INFO - Starting attempt 1 of 4
[2024-10-02T02:00:40.458+0000] {taskinstance.py:1327} INFO - Executing <Task(PythonOperator): send_notification_task_email> on 2024-09-30 18:00:00+00:00
[2024-10-02T02:00:40.467+0000] {standard_task_runner.py:57} INFO - Started process 73 to run task
[2024-10-02T02:00:40.469+0000] {standard_task_runner.py:84} INFO - Running: ['***', 'tasks', 'run', 'Batch_api_to_csv_with_dynamic_dates', 'send_notification_task_email', 'scheduled__2024-09-30T18:00:00+00:00', '--job-id', '189', '--raw', '--subdir', 'DAGS_FOLDER/common_authentication_data_pipeline.py', '--cfg-path', '/tmp/tmpvynm98eh']
[2024-10-02T02:00:40.471+0000] {standard_task_runner.py:85} INFO - Job 189: Subtask send_notification_task_email
[2024-10-02T02:00:40.517+0000] {task_command.py:410} INFO - Running <TaskInstance: Batch_api_to_csv_with_dynamic_dates.send_notification_task_email scheduled__2024-09-30T18:00:00+00:00 [running]> on host 384784ae5431
[2024-10-02T02:00:40.779+0000] {taskinstance.py:1547} INFO - Exporting env vars: AIRFLOW_CTX_DAG_EMAIL='phurinatkantapayao@gmail.com' AIRFLOW_CTX_DAG_OWNER='***' AIRFLOW_CTX_DAG_ID='Batch_api_to_csv_with_dynamic_dates' AIRFLOW_CTX_TASK_ID='send_notification_task_email' AIRFLOW_CTX_EXECUTION_DATE='2024-09-30T18:00:00+00:00' AIRFLOW_CTX_TRY_NUMBER='1' AIRFLOW_CTX_DAG_RUN_ID='scheduled__2024-09-30T18:00:00+00:00'
[2024-10-02T02:00:40.788+0000] {warnings.py:110} WARNING - /home/***/.local/lib/python3.7/site-packages/***/utils/context.py:313: AirflowContextDeprecationWarning: Accessing 'execution_date' from the template is deprecated and will be removed in a future version. Please use 'data_interval_start' or 'logical_date' instead.
  warnings.warn(_create_deprecation_warning(k, replacements))

[2024-10-02T02:00:40.797+0000] {warnings.py:110} WARNING - /home/***/.local/lib/python3.7/site-packages/***/utils/email.py:153: RemovedInAirflow3Warning: Fetching SMTP credentials from configuration variables will be deprecated in a future release. Please set credentials using a connection instead.
  send_mime_email(e_from=mail_from, e_to=recipients, mime_msg=msg, conn_id=conn_id, dryrun=dryrun)

[2024-10-02T02:00:40.797+0000] {email.py:269} INFO - Email alerting: attempt 1
[2024-10-02T02:00:42.187+0000] {email.py:281} INFO - Sent an alert email to ['phurinatkantapayao@gmail.com']
[2024-10-02T02:00:43.596+0000] {logging_mixin.py:150} INFO - Notification sent successfully via email
[2024-10-02T02:00:43.597+0000] {python.py:183} INFO - Done. Returned value was: None
[2024-10-02T02:00:43.605+0000] {taskinstance.py:1350} INFO - Marking task as SUCCESS. dag_id=Batch_api_to_csv_with_dynamic_dates, task_id=send_notification_task_email, execution_date=20240930T180000, start_date=20241002T020040, end_date=20241002T020043
[2024-10-02T02:00:43.653+0000] {local_task_job_runner.py:225} INFO - Task exited with return code 0
[2024-10-02T02:00:43.670+0000] {taskinstance.py:2653} INFO - 0 downstream tasks scheduled from follow-on schedule check
