[2024-10-01T09:44:10.820+0000] {taskinstance.py:1103} INFO - Dependencies all met for dep_context=non-requeueable deps ti=<TaskInstance: Batch_api_to_csv_with_dynamic_dates.send_notification manual__2024-10-01T09:43:58+00:00 [queued]>
[2024-10-01T09:44:10.836+0000] {taskinstance.py:1103} INFO - Dependencies all met for dep_context=requeueable deps ti=<TaskInstance: Batch_api_to_csv_with_dynamic_dates.send_notification manual__2024-10-01T09:43:58+00:00 [queued]>
[2024-10-01T09:44:10.837+0000] {taskinstance.py:1308} INFO - Starting attempt 1 of 4
[2024-10-01T09:44:10.865+0000] {taskinstance.py:1327} INFO - Executing <Task(PythonOperator): send_notification> on 2024-10-01 09:43:58+00:00
[2024-10-01T09:44:10.889+0000] {standard_task_runner.py:57} INFO - Started process 1133 to run task
[2024-10-01T09:44:10.896+0000] {standard_task_runner.py:84} INFO - Running: ['***', 'tasks', 'run', 'Batch_api_to_csv_with_dynamic_dates', 'send_notification', 'manual__2024-10-01T09:43:58+00:00', '--job-id', '166', '--raw', '--subdir', 'DAGS_FOLDER/common_authentication_data_pipeline.py', '--cfg-path', '/tmp/tmpqdv4lbju']
[2024-10-01T09:44:10.902+0000] {standard_task_runner.py:85} INFO - Job 166: Subtask send_notification
[2024-10-01T09:44:11.010+0000] {task_command.py:410} INFO - Running <TaskInstance: Batch_api_to_csv_with_dynamic_dates.send_notification manual__2024-10-01T09:43:58+00:00 [running]> on host def01ecb6b66
[2024-10-01T09:44:11.170+0000] {taskinstance.py:1547} INFO - Exporting env vars: AIRFLOW_CTX_DAG_EMAIL='phurinatkantapayao@gmail.com' AIRFLOW_CTX_DAG_OWNER='***' AIRFLOW_CTX_DAG_ID='Batch_api_to_csv_with_dynamic_dates' AIRFLOW_CTX_TASK_ID='send_notification' AIRFLOW_CTX_EXECUTION_DATE='2024-10-01T09:43:58+00:00' AIRFLOW_CTX_TRY_NUMBER='1' AIRFLOW_CTX_DAG_RUN_ID='manual__2024-10-01T09:43:58+00:00'
[2024-10-01T09:44:11.191+0000] {warnings.py:110} WARNING - /home/***/.local/lib/python3.7/site-packages/***/utils/context.py:313: AirflowContextDeprecationWarning: Accessing 'execution_date' from the template is deprecated and will be removed in a future version. Please use 'data_interval_start' or 'logical_date' instead.
  warnings.warn(_create_deprecation_warning(k, replacements))

[2024-10-01T09:44:11.642+0000] {logging_mixin.py:150} INFO - Notification sent successfully to Line
[2024-10-01T09:44:11.667+0000] {warnings.py:110} WARNING - /home/***/.local/lib/python3.7/site-packages/***/utils/email.py:153: RemovedInAirflow3Warning: Fetching SMTP credentials from configuration variables will be deprecated in a future release. Please set credentials using a connection instead.
  send_mime_email(e_from=mail_from, e_to=recipients, mime_msg=msg, conn_id=conn_id, dryrun=dryrun)

[2024-10-01T09:44:11.668+0000] {email.py:269} INFO - Email alerting: attempt 1
[2024-10-01T09:44:12.983+0000] {email.py:281} INFO - Sent an alert email to ['phurinatkantapayao@gmail.com']
[2024-10-01T09:44:15.070+0000] {logging_mixin.py:150} INFO - Notification sent successfully via email
[2024-10-01T09:44:15.083+0000] {python.py:183} INFO - Done. Returned value was: None
[2024-10-01T09:44:15.103+0000] {taskinstance.py:1350} INFO - Marking task as SUCCESS. dag_id=Batch_api_to_csv_with_dynamic_dates, task_id=send_notification, execution_date=20241001T094358, start_date=20241001T094410, end_date=20241001T094415
[2024-10-01T09:44:15.168+0000] {local_task_job_runner.py:225} INFO - Task exited with return code 0
[2024-10-01T09:44:15.200+0000] {taskinstance.py:2653} INFO - 0 downstream tasks scheduled from follow-on schedule check
