[2024-10-01T10:05:36.378+0000] {taskinstance.py:1103} INFO - Dependencies all met for dep_context=non-requeueable deps ti=<TaskInstance: Batch_api_to_csv_with_dynamic_dates.fetch_paginated_api_data manual__2024-10-01T10:05:24+00:00 [queued]>
[2024-10-01T10:05:36.390+0000] {taskinstance.py:1103} INFO - Dependencies all met for dep_context=requeueable deps ti=<TaskInstance: Batch_api_to_csv_with_dynamic_dates.fetch_paginated_api_data manual__2024-10-01T10:05:24+00:00 [queued]>
[2024-10-01T10:05:36.390+0000] {taskinstance.py:1308} INFO - Starting attempt 1 of 4
[2024-10-01T10:05:36.409+0000] {taskinstance.py:1327} INFO - Executing <Task(PythonOperator): fetch_paginated_api_data> on 2024-10-01 10:05:24+00:00
[2024-10-01T10:05:36.419+0000] {standard_task_runner.py:57} INFO - Started process 119 to run task
[2024-10-01T10:05:36.421+0000] {standard_task_runner.py:84} INFO - Running: ['***', 'tasks', 'run', 'Batch_api_to_csv_with_dynamic_dates', 'fetch_paginated_api_data', 'manual__2024-10-01T10:05:24+00:00', '--job-id', '175', '--raw', '--subdir', 'DAGS_FOLDER/common_authentication_data_pipeline.py', '--cfg-path', '/tmp/tmptnivkl61']
[2024-10-01T10:05:36.423+0000] {standard_task_runner.py:85} INFO - Job 175: Subtask fetch_paginated_api_data
[2024-10-01T10:05:36.471+0000] {task_command.py:410} INFO - Running <TaskInstance: Batch_api_to_csv_with_dynamic_dates.fetch_paginated_api_data manual__2024-10-01T10:05:24+00:00 [running]> on host 384784ae5431
[2024-10-01T10:05:36.563+0000] {taskinstance.py:1547} INFO - Exporting env vars: AIRFLOW_CTX_DAG_EMAIL='phurinatkantapayao@gmail.com' AIRFLOW_CTX_DAG_OWNER='***' AIRFLOW_CTX_DAG_ID='Batch_api_to_csv_with_dynamic_dates' AIRFLOW_CTX_TASK_ID='fetch_paginated_api_data' AIRFLOW_CTX_EXECUTION_DATE='2024-10-01T10:05:24+00:00' AIRFLOW_CTX_TRY_NUMBER='1' AIRFLOW_CTX_DAG_RUN_ID='manual__2024-10-01T10:05:24+00:00'
[2024-10-01T10:05:36.566+0000] {logging_mixin.py:150} INFO - Start Date: 2023-09-01 00:00:00.000, End Date: 2025-09-23 23:59:59.999
[2024-10-01T10:05:38.352+0000] {logging_mixin.py:150} INFO - Total records to fetch: 42045
[2024-10-01T10:05:38.372+0000] {logging_mixin.py:150} INFO - Total requests required: 5
[2024-10-01T10:05:40.185+0000] {logging_mixin.py:150} INFO - Batch 1 saved to /opt/***/output/batch_api_common_authentication_2024-10-01_17.05.36.csv
[2024-10-01T10:05:42.086+0000] {logging_mixin.py:150} INFO - Batch 2 saved to /opt/***/output/batch_api_common_authentication_2024-10-01_17.05.36.csv
[2024-10-01T10:05:43.707+0000] {logging_mixin.py:150} INFO - Batch 3 saved to /opt/***/output/batch_api_common_authentication_2024-10-01_17.05.36.csv
[2024-10-01T10:05:45.354+0000] {logging_mixin.py:150} INFO - Batch 4 saved to /opt/***/output/batch_api_common_authentication_2024-10-01_17.05.36.csv
[2024-10-01T10:05:45.830+0000] {logging_mixin.py:150} INFO - Batch 5 saved to /opt/***/output/batch_api_common_authentication_2024-10-01_17.05.36.csv
[2024-10-01T10:05:45.834+0000] {python.py:183} INFO - Done. Returned value was: None
[2024-10-01T10:05:45.846+0000] {taskinstance.py:1350} INFO - Marking task as SUCCESS. dag_id=Batch_api_to_csv_with_dynamic_dates, task_id=fetch_paginated_api_data, execution_date=20241001T100524, start_date=20241001T100536, end_date=20241001T100545
[2024-10-01T10:05:45.875+0000] {local_task_job_runner.py:225} INFO - Task exited with return code 0
[2024-10-01T10:05:45.909+0000] {taskinstance.py:2653} INFO - 1 downstream tasks scheduled from follow-on schedule check
